#
# There is insufficient memory for the Java Runtime Environment to continue.
# Native memory allocation (malloc) failed to allocate 1258896 bytes for Chunk::new
# Possible reasons:
#   The system is out of physical RAM or swap space
#   The process is running with CompressedOops enabled, and the Java Heap may be blocking the growth of the native heap
# Possible solutions:
#   Reduce memory load on the system
#   Increase physical memory or swap space
#   Check if swap backing store is full
#   Decrease Java heap size (-Xmx/-Xms)
#   Decrease number of Java threads
#   Decrease Java thread stack sizes (-Xss)
#   Set larger code cache with -XX:ReservedCodeCacheSize=
#   JVM is running with Zero Based Compressed Oops mode in which the Java heap is
#     placed in the first 32GB address space. The Java Heap base address is the
#     maximum limit for the native heap growth. Please use -XX:HeapBaseMinAddress
#     to set the Java Heap base and to place the Java Heap above 32GB virtual address.
# This output file may be truncated or incomplete.
#
#  Out of Memory Error (./src/hotspot/share/memory/arena.cpp:197), pid=9032, tid=3004
#
# JRE version: OpenJDK Runtime Environment (11.0.12+7) (build 11.0.12+7-b1504.28-7817840)
# Java VM: OpenJDK 64-Bit Server VM (11.0.12+7-b1504.28-7817840, mixed mode, tiered, compressed oops, g1 gc, windows-amd64)
# No core dump will be written. Minidumps are not enabled by default on client versions of Windows
#

---------------  S U M M A R Y ------------

Command Line: org.jetbrains.kotlin.cli.jvm.K2JVMCompiler @C:\Projects\Andriod\NMedia\app\build\20220730_3287756549256402120.compiler.options

Host: Intel(R) Core(TM) i3-7020U CPU @ 2.30GHz, 4 cores, 11G,  Windows 10 , 64 bit Build 19041 (10.0.19041.1200)
Time: Sat Jul 30 16:46:42 2022 RTZ 2 (зима) elapsed time: 4.733648 seconds (0d 0h 0m 4s)

---------------  T H R E A D  ---------------

Current thread (0x00000263d1f44000):  JavaThread "C2 CompilerThread1" daemon [_thread_in_native, id=3004, stack(0x0000006f84600000,0x0000006f84700000)]


Current CompileTask:
C2:   4733 3479       4       jdk.internal.loader.BuiltinClassLoader::defineClass (121 bytes)

Stack: [0x0000006f84600000,0x0000006f84700000]
Native frames: (J=compiled Java code, j=interpreted, Vv=VM code, C=native code)
V  [jvm.dll+0x5fbcea]
V  [jvm.dll+0x731905]
V  [jvm.dll+0x732f1d]
V  [jvm.dll+0x7335d3]
V  [jvm.dll+0x247bf8]
V  [jvm.dll+0xc018c]
V  [jvm.dll+0xc06cc]
V  [jvm.dll+0x35b31d]
V  [jvm.dll+0x19cebc]
V  [jvm.dll+0x20070e]
V  [jvm.dll+0x1ff794]
V  [jvm.dll+0x18868c]
V  [jvm.dll+0x20e0d7]
V  [jvm.dll+0x20c901]
V  [jvm.dll+0x6f9b7f]
V  [jvm.dll+0x6f26a5]
V  [jvm.dll+0x5fabf6]
C  [ucrtbase.dll+0x21bb2]
C  [KERNEL32.DLL+0x17034]
C  [ntdll.dll+0x52651]


---------------  P R O C E S S  ---------------

Threads class SMR info:
_java_thread_list=0x00000263d1f77dc0, length=11, elements={
0x00000263b3498800, 0x00000263d154e800, 0x00000263d154f800, 0x00000263d1dda000,
0x00000263d1ddd000, 0x00000263d1dde000, 0x00000263d1de9800, 0x00000263d1df1000,
0x00000263d1df3000, 0x00000263d1f4e000, 0x00000263d1f44000
}

Java Threads: ( => current thread )
  0x00000263b3498800 JavaThread "main" [_thread_in_vm, id=9188, stack(0x0000006f83500000,0x0000006f83600000)]
  0x00000263d154e800 JavaThread "Reference Handler" daemon [_thread_blocked, id=8940, stack(0x0000006f83c00000,0x0000006f83d00000)]
  0x00000263d154f800 JavaThread "Finalizer" daemon [_thread_blocked, id=4216, stack(0x0000006f83d00000,0x0000006f83e00000)]
  0x00000263d1dda000 JavaThread "Signal Dispatcher" daemon [_thread_blocked, id=9248, stack(0x0000006f83e00000,0x0000006f83f00000)]
  0x00000263d1ddd000 JavaThread "Attach Listener" daemon [_thread_blocked, id=9252, stack(0x0000006f83f00000,0x0000006f84000000)]
  0x00000263d1dde000 JavaThread "Service Thread" daemon [_thread_blocked, id=8492, stack(0x0000006f84000000,0x0000006f84100000)]
  0x00000263d1de9800 JavaThread "C2 CompilerThread0" daemon [_thread_in_native, id=568, stack(0x0000006f84100000,0x0000006f84200000)]
  0x00000263d1df1000 JavaThread "C1 CompilerThread0" daemon [_thread_blocked, id=3912, stack(0x0000006f84200000,0x0000006f84300000)]
  0x00000263d1df3000 JavaThread "Sweeper thread" daemon [_thread_blocked, id=9624, stack(0x0000006f84300000,0x0000006f84400000)]
  0x00000263d1f4e000 JavaThread "Common-Cleaner" daemon [_thread_blocked, id=4144, stack(0x0000006f84500000,0x0000006f84600000)]
=>0x00000263d1f44000 JavaThread "C2 CompilerThread1" daemon [_thread_in_native, id=3004, stack(0x0000006f84600000,0x0000006f84700000)]

Other Threads:
  0x00000263d1546800 VMThread "VM Thread" [stack: 0x0000006f83b00000,0x0000006f83c00000] [id=7352]
  0x00000263d1f3f800 WatcherThread [stack: 0x0000006f84400000,0x0000006f84500000] [id=8648]
  0x00000263b34b2000 GCTaskThread "GC Thread#0" [stack: 0x0000006f83600000,0x0000006f83700000] [id=8012]
  0x00000263d24ff800 GCTaskThread "GC Thread#1" [stack: 0x0000006f84700000,0x0000006f84800000] [id=8316]
  0x00000263d23f8800 GCTaskThread "GC Thread#2" [stack: 0x0000006f84800000,0x0000006f84900000] [id=2812]
  0x00000263d23a4800 GCTaskThread "GC Thread#3" [stack: 0x0000006f84900000,0x0000006f84a00000] [id=9080]
  0x00000263b34fd000 ConcurrentGCThread "G1 Main Marker" [stack: 0x0000006f83700000,0x0000006f83800000] [id=8528]
  0x00000263b34fe800 ConcurrentGCThread "G1 Conc#0" [stack: 0x0000006f83800000,0x0000006f83900000] [id=5756]
  0x00000263d13b0800 ConcurrentGCThread "G1 Refine#0" [stack: 0x0000006f83900000,0x0000006f83a00000] [id=8180]
  0x00000263d13b2000 ConcurrentGCThread "G1 Young RemSet Sampling" [stack: 0x0000006f83a00000,0x0000006f83b00000] [id=5072]

Threads with active compile tasks:
C2 CompilerThread0   4747 3704       4       org.jetbrains.kotlin.load.java.structure.impl.classFiles.BinaryClassSignatureParser::parseParameterizedClassRefSignature (262 bytes)
C2 CompilerThread1   4747 3479       4       jdk.internal.loader.BuiltinClassLoader::defineClass (121 bytes)

VM state:not at safepoint (normal execution)

VM Mutex/Monitor currently owned by a thread: None

Heap address: 0x0000000741600000, size: 3050 MB, Compressed Oops mode: Zero based, Oop shift amount: 3
Narrow klass base: 0x0000000800000000, Narrow klass shift: 0
Compressed class space size: 1073741824 Address: 0x0000000800000000

Heap:
 garbage-first heap   total 236544K, used 46296K [0x0000000741600000, 0x0000000800000000)
  region size 1024K, 27 young (27648K), 7 survivors (7168K)
 Metaspace       used 48828K, capacity 49461K, committed 49656K, reserved 1093632K
  class space    used 5810K, capacity 6060K, committed 6144K, reserved 1048576K
Heap Regions: E=young(eden), S=young(survivor), O=old, HS=humongous(starts), HC=humongous(continues), CS=collection set, F=free, A=archive, TAMS=top-at-mark-start (previous, next)
|   0|0x0000000741600000, 0x0000000741700000, 0x0000000741700000|100%|HS|  |TAMS 0x0000000741700000, 0x0000000741600000| Complete 
|   1|0x0000000741700000, 0x0000000741800000, 0x0000000741800000|100%|HC|  |TAMS 0x0000000741800000, 0x0000000741700000| Complete 
|   2|0x0000000741800000, 0x0000000741900000, 0x0000000741900000|100%|HC|  |TAMS 0x0000000741900000, 0x0000000741800000| Complete 
|   3|0x0000000741900000, 0x0000000741a00000, 0x0000000741a00000|100%| O|  |TAMS 0x0000000741a00000, 0x0000000741900000| Untracked 
|   4|0x0000000741a00000, 0x0000000741b00000, 0x0000000741b00000|100%| O|  |TAMS 0x0000000741b00000, 0x0000000741a00000| Untracked 
|   5|0x0000000741b00000, 0x0000000741c00000, 0x0000000741c00000|100%|HS|  |TAMS 0x0000000741c00000, 0x0000000741b00000| Complete 
|   6|0x0000000741c00000, 0x0000000741d00000, 0x0000000741d00000|100%|HC|  |TAMS 0x0000000741d00000, 0x0000000741c00000| Complete 
|   7|0x0000000741d00000, 0x0000000741e00000, 0x0000000741e00000|100%|HC|  |TAMS 0x0000000741e00000, 0x0000000741d00000| Complete 
|   8|0x0000000741e00000, 0x0000000741f00000, 0x0000000741f00000|100%|HS|  |TAMS 0x0000000741e00000, 0x0000000741e00000| Complete 
|   9|0x0000000741f00000, 0x0000000742000000, 0x0000000742000000|100%|HC|  |TAMS 0x0000000741f00000, 0x0000000741f00000| Complete 
|  10|0x0000000742000000, 0x0000000742100000, 0x0000000742100000|100%| O|  |TAMS 0x0000000742100000, 0x0000000742000000| Untracked 
|  11|0x0000000742100000, 0x0000000742200000, 0x0000000742200000|100%| O|  |TAMS 0x0000000742200000, 0x0000000742100000| Untracked 
|  12|0x0000000742200000, 0x0000000742300000, 0x0000000742300000|100%| O|  |TAMS 0x0000000742300000, 0x0000000742200000| Untracked 
|  13|0x0000000742300000, 0x0000000742400000, 0x0000000742400000|100%| O|  |TAMS 0x0000000742400000, 0x0000000742300000| Untracked 
|  14|0x0000000742400000, 0x0000000742500000, 0x0000000742500000|100%| O|  |TAMS 0x0000000742500000, 0x0000000742400000| Untracked 
|  15|0x0000000742500000, 0x0000000742600000, 0x0000000742600000|100%| O|  |TAMS 0x0000000742600000, 0x0000000742500000| Untracked 
|  16|0x0000000742600000, 0x0000000742700000, 0x0000000742700000|100%| O|  |TAMS 0x0000000742700000, 0x0000000742600000| Untracked 
|  17|0x0000000742700000, 0x0000000742800000, 0x0000000742800000|100%| O|  |TAMS 0x0000000742800000, 0x0000000742700000| Untracked 
|  18|0x0000000742800000, 0x0000000742900000, 0x0000000742900000|100%| O|  |TAMS 0x0000000742900000, 0x0000000742800000| Untracked 
|  19|0x0000000742900000, 0x00000007429e2800, 0x0000000742a00000| 88%| O|  |TAMS 0x00000007429e2800, 0x0000000742900000| Untracked 
|  20|0x0000000742a00000, 0x0000000742a00000, 0x0000000742b00000|  0%| F|  |TAMS 0x0000000742a00000, 0x0000000742a00000| Untracked 
|  21|0x0000000742b00000, 0x0000000742b00000, 0x0000000742c00000|  0%| F|  |TAMS 0x0000000742b00000, 0x0000000742b00000| Untracked 
|  22|0x0000000742c00000, 0x0000000742c00000, 0x0000000742d00000|  0%| F|  |TAMS 0x0000000742c00000, 0x0000000742c00000| Untracked 
|  23|0x0000000742d00000, 0x0000000742d00000, 0x0000000742e00000|  0%| F|  |TAMS 0x0000000742d00000, 0x0000000742d00000| Untracked 
|  24|0x0000000742e00000, 0x0000000742e00000, 0x0000000742f00000|  0%| F|  |TAMS 0x0000000742e00000, 0x0000000742e00000| Untracked 
|  25|0x0000000742f00000, 0x0000000742f00000, 0x0000000743000000|  0%| F|  |TAMS 0x0000000742f00000, 0x0000000742f00000| Untracked 
|  26|0x0000000743000000, 0x0000000743000000, 0x0000000743100000|  0%| F|  |TAMS 0x0000000743000000, 0x0000000743000000| Untracked 
|  27|0x0000000743100000, 0x0000000743100000, 0x0000000743200000|  0%| F|  |TAMS 0x0000000743100000, 0x0000000743100000| Untracked 
|  28|0x0000000743200000, 0x0000000743200000, 0x0000000743300000|  0%| F|  |TAMS 0x0000000743200000, 0x0000000743200000| Untracked 
|  29|0x0000000743300000, 0x0000000743300000, 0x0000000743400000|  0%| F|  |TAMS 0x0000000743300000, 0x0000000743300000| Untracked 
|  30|0x0000000743400000, 0x0000000743400000, 0x0000000743500000|  0%| F|  |TAMS 0x0000000743400000, 0x0000000743400000| Untracked 
|  31|0x0000000743500000, 0x0000000743500000, 0x0000000743600000|  0%| F|  |TAMS 0x0000000743500000, 0x0000000743500000| Untracked 
|  32|0x0000000743600000, 0x0000000743600000, 0x0000000743700000|  0%| F|  |TAMS 0x0000000743600000, 0x0000000743600000| Untracked 
|  33|0x0000000743700000, 0x0000000743700000, 0x0000000743800000|  0%| F|  |TAMS 0x0000000743700000, 0x0000000743700000| Untracked 
|  34|0x0000000743800000, 0x0000000743800000, 0x0000000743900000|  0%| F|  |TAMS 0x0000000743800000, 0x0000000743800000| Untracked 
|  35|0x0000000743900000, 0x0000000743900000, 0x0000000743a00000|  0%| F|  |TAMS 0x0000000743900000, 0x0000000743900000| Untracked 
|  36|0x0000000743a00000, 0x0000000743a00000, 0x0000000743b00000|  0%| F|  |TAMS 0x0000000743a00000, 0x0000000743a00000| Untracked 
|  37|0x0000000743b00000, 0x0000000743b00000, 0x0000000743c00000|  0%| F|  |TAMS 0x0000000743b00000, 0x0000000743b00000| Untracked 
|  38|0x0000000743c00000, 0x0000000743c00000, 0x0000000743d00000|  0%| F|  |TAMS 0x0000000743c00000, 0x0000000743c00000| Untracked 
|  39|0x0000000743d00000, 0x0000000743d00000, 0x0000000743e00000|  0%| F|  |TAMS 0x0000000743d00000, 0x0000000743d00000| Untracked 
|  40|0x0000000743e00000, 0x0000000743e00000, 0x0000000743f00000|  0%| F|  |TAMS 0x0000000743e00000, 0x0000000743e00000| Untracked 
|  41|0x0000000743f00000, 0x0000000743f00000, 0x0000000744000000|  0%| F|  |TAMS 0x0000000743f00000, 0x0000000743f00000| Untracked 
|  42|0x0000000744000000, 0x0000000744000000, 0x0000000744100000|  0%| F|  |TAMS 0x0000000744000000, 0x0000000744000000| Untracked 
|  43|0x0000000744100000, 0x0000000744100000, 0x0000000744200000|  0%| F|  |TAMS 0x0000000744100000, 0x0000000744100000| Untracked 
|  44|0x0000000744200000, 0x0000000744200000, 0x0000000744300000|  0%| F|  |TAMS 0x0000000744200000, 0x0000000744200000| Untracked 
|  45|0x0000000744300000, 0x0000000744300000, 0x0000000744400000|  0%| F|  |TAMS 0x0000000744300000, 0x0000000744300000| Untracked 
|  46|0x0000000744400000, 0x0000000744400000, 0x0000000744500000|  0%| F|  |TAMS 0x0000000744400000, 0x0000000744400000| Untracked 
|  47|0x0000000744500000, 0x0000000744500000, 0x0000000744600000|  0%| F|  |TAMS 0x0000000744500000, 0x0000000744500000| Untracked 
|  48|0x0000000744600000, 0x0000000744600000, 0x0000000744700000|  0%| F|  |TAMS 0x0000000744600000, 0x0000000744600000| Untracked 
|  49|0x0000000744700000, 0x0000000744700000, 0x0000000744800000|  0%| F|  |TAMS 0x0000000744700000, 0x0000000744700000| Untracked 
|  50|0x0000000744800000, 0x0000000744800000, 0x0000000744900000|  0%| F|  |TAMS 0x0000000744800000, 0x0000000744800000| Untracked 
|  51|0x0000000744900000, 0x0000000744900000, 0x0000000744a00000|  0%| F|  |TAMS 0x0000000744900000, 0x0000000744900000| Untracked 
|  52|0x0000000744a00000, 0x0000000744a00000, 0x0000000744b00000|  0%| F|  |TAMS 0x0000000744a00000, 0x0000000744a00000| Untracked 
|  53|0x0000000744b00000, 0x0000000744b00000, 0x0000000744c00000|  0%| F|  |TAMS 0x0000000744b00000, 0x0000000744b00000| Untracked 
|  54|0x0000000744c00000, 0x0000000744c00000, 0x0000000744d00000|  0%| F|  |TAMS 0x0000000744c00000, 0x0000000744c00000| Untracked 
|  55|0x0000000744d00000, 0x0000000744d00000, 0x0000000744e00000|  0%| F|  |TAMS 0x0000000744d00000, 0x0000000744d00000| Untracked 
|  56|0x0000000744e00000, 0x0000000744e00000, 0x0000000744f00000|  0%| F|  |TAMS 0x0000000744e00000, 0x0000000744e00000| Untracked 
|  57|0x0000000744f00000, 0x0000000744f00000, 0x0000000745000000|  0%| F|  |TAMS 0x0000000744f00000, 0x0000000744f00000| Untracked 
|  58|0x0000000745000000, 0x0000000745000000, 0x0000000745100000|  0%| F|  |TAMS 0x0000000745000000, 0x0000000745000000| Untracked 
|  59|0x0000000745100000, 0x0000000745100000, 0x0000000745200000|  0%| F|  |TAMS 0x0000000745100000, 0x0000000745100000| Untracked 
|  60|0x0000000745200000, 0x0000000745200000, 0x0000000745300000|  0%| F|  |TAMS 0x0000000745200000, 0x0000000745200000| Untracked 
|  61|0x0000000745300000, 0x0000000745300000, 0x0000000745400000|  0%| F|  |TAMS 0x0000000745300000, 0x0000000745300000| Untracked 
|  62|0x0000000745400000, 0x0000000745400000, 0x0000000745500000|  0%| F|  |TAMS 0x0000000745400000, 0x0000000745400000| Untracked 
|  63|0x0000000745500000, 0x0000000745500000, 0x0000000745600000|  0%| F|  |TAMS 0x0000000745500000, 0x0000000745500000| Untracked 
|  64|0x0000000745600000, 0x0000000745600000, 0x0000000745700000|  0%| F|  |TAMS 0x0000000745600000, 0x0000000745600000| Untracked 
|  65|0x0000000745700000, 0x0000000745700000, 0x0000000745800000|  0%| F|  |TAMS 0x0000000745700000, 0x0000000745700000| Untracked 
|  66|0x0000000745800000, 0x0000000745800000, 0x0000000745900000|  0%| F|  |TAMS 0x0000000745800000, 0x0000000745800000| Untracked 
|  67|0x0000000745900000, 0x0000000745900000, 0x0000000745a00000|  0%| F|  |TAMS 0x0000000745900000, 0x0000000745900000| Untracked 
|  68|0x0000000745a00000, 0x0000000745a00000, 0x0000000745b00000|  0%| F|  |TAMS 0x0000000745a00000, 0x0000000745a00000| Untracked 
|  69|0x0000000745b00000, 0x0000000745b00000, 0x0000000745c00000|  0%| F|  |TAMS 0x0000000745b00000, 0x0000000745b00000| Untracked 
|  70|0x0000000745c00000, 0x0000000745c00000, 0x0000000745d00000|  0%| F|  |TAMS 0x0000000745c00000, 0x0000000745c00000| Untracked 
|  71|0x0000000745d00000, 0x0000000745d00000, 0x0000000745e00000|  0%| F|  |TAMS 0x0000000745d00000, 0x0000000745d00000| Untracked 
|  72|0x0000000745e00000, 0x0000000745e00000, 0x0000000745f00000|  0%| F|  |TAMS 0x0000000745e00000, 0x0000000745e00000| Untracked 
|  73|0x0000000745f00000, 0x0000000745f00000, 0x0000000746000000|  0%| F|  |TAMS 0x0000000745f00000, 0x0000000745f00000| Untracked 
|  74|0x0000000746000000, 0x0000000746000000, 0x0000000746100000|  0%| F|  |TAMS 0x0000000746000000, 0x0000000746000000| Untracked 
|  75|0x0000000746100000, 0x0000000746100000, 0x0000000746200000|  0%| F|  |TAMS 0x0000000746100000, 0x0000000746100000| Untracked 
|  76|0x0000000746200000, 0x0000000746200000, 0x0000000746300000|  0%| F|  |TAMS 0x0000000746200000, 0x0000000746200000| Untracked 
|  77|0x0000000746300000, 0x0000000746300000, 0x0000000746400000|  0%| F|  |TAMS 0x0000000746300000, 0x0000000746300000| Untracked 
|  78|0x0000000746400000, 0x0000000746400000, 0x0000000746500000|  0%| F|  |TAMS 0x0000000746400000, 0x0000000746400000| Untracked 
|  79|0x0000000746500000, 0x0000000746500000, 0x0000000746600000|  0%| F|  |TAMS 0x0000000746500000, 0x0000000746500000| Untracked 
|  80|0x0000000746600000, 0x0000000746600000, 0x0000000746700000|  0%| F|  |TAMS 0x0000000746600000, 0x0000000746600000| Untracked 
|  81|0x0000000746700000, 0x0000000746700000, 0x0000000746800000|  0%| F|  |TAMS 0x0000000746700000, 0x0000000746700000| Untracked 
|  82|0x0000000746800000, 0x0000000746800000, 0x0000000746900000|  0%| F|  |TAMS 0x0000000746800000, 0x0000000746800000| Untracked 
|  83|0x0000000746900000, 0x0000000746900000, 0x0000000746a00000|  0%| F|  |TAMS 0x0000000746900000, 0x0000000746900000| Untracked 
|  84|0x0000000746a00000, 0x0000000746a00000, 0x0000000746b00000|  0%| F|  |TAMS 0x0000000746a00000, 0x0000000746a00000| Untracked 
|  85|0x0000000746b00000, 0x0000000746b00000, 0x0000000746c00000|  0%| F|  |TAMS 0x0000000746b00000, 0x0000000746b00000| Untracked 
|  86|0x0000000746c00000, 0x0000000746c00000, 0x0000000746d00000|  0%| F|  |TAMS 0x0000000746c00000, 0x0000000746c00000| Untracked 
|  87|0x0000000746d00000, 0x0000000746d00000, 0x0000000746e00000|  0%| F|  |TAMS 0x0000000746d00000, 0x0000000746d00000| Untracked 
|  88|0x0000000746e00000, 0x0000000746e00000, 0x0000000746f00000|  0%| F|  |TAMS 0x0000000746e00000, 0x0000000746e00000| Untracked 
|  89|0x0000000746f00000, 0x0000000746f00000, 0x0000000747000000|  0%| F|  |TAMS 0x0000000746f00000, 0x0000000746f00000| Untracked 
|  90|0x0000000747000000, 0x0000000747000000, 0x0000000747100000|  0%| F|  |TAMS 0x0000000747000000, 0x0000000747000000| Untracked 
|  91|0x0000000747100000, 0x0000000747100000, 0x0000000747200000|  0%| F|  |TAMS 0x0000000747100000, 0x0000000747100000| Untracked 
|  92|0x0000000747200000, 0x0000000747200000, 0x0000000747300000|  0%| F|  |TAMS 0x0000000747200000, 0x0000000747200000| Untracked 
|  93|0x0000000747300000, 0x0000000747300000, 0x0000000747400000|  0%| F|  |TAMS 0x0000000747300000, 0x0000000747300000| Untracked 
|  94|0x0000000747400000, 0x0000000747400000, 0x0000000747500000|  0%| F|  |TAMS 0x0000000747400000, 0x0000000747400000| Untracked 
|  95|0x0000000747500000, 0x0000000747500000, 0x0000000747600000|  0%| F|  |TAMS 0x0000000747500000, 0x0000000747500000| Untracked 
|  96|0x0000000747600000, 0x0000000747600000, 0x0000000747700000|  0%| F|  |TAMS 0x0000000747600000, 0x0000000747600000| Untracked 
|  97|0x0000000747700000, 0x0000000747700000, 0x0000000747800000|  0%| F|  |TAMS 0x0000000747700000, 0x0000000747700000| Untracked 
|  98|0x0000000747800000, 0x0000000747800000, 0x0000000747900000|  0%| F|  |TAMS 0x0000000747800000, 0x0000000747800000| Untracked 
|  99|0x0000000747900000, 0x0000000747900000, 0x0000000747a00000|  0%| F|  |TAMS 0x0000000747900000, 0x0000000747900000| Untracked 
| 100|0x0000000747a00000, 0x0000000747a00000, 0x0000000747b00000|  0%| F|  |TAMS 0x0000000747a00000, 0x0000000747a00000| Untracked 
| 101|0x0000000747b00000, 0x0000000747b00000, 0x0000000747c00000|  0%| F|  |TAMS 0x0000000747b00000, 0x0000000747b00000| Untracked 
| 102|0x0000000747c00000, 0x0000000747c00000, 0x0000000747d00000|  0%| F|  |TAMS 0x0000000747c00000, 0x0000000747c00000| Untracked 
| 103|0x0000000747d00000, 0x0000000747d00000, 0x0000000747e00000|  0%| F|  |TAMS 0x0000000747d00000, 0x0000000747d00000| Untracked 
| 104|0x0000000747e00000, 0x0000000747e00000, 0x0000000747f00000|  0%| F|  |TAMS 0x0000000747e00000, 0x0000000747e00000| Untracked 
| 105|0x0000000747f00000, 0x0000000747f00000, 0x0000000748000000|  0%| F|  |TAMS 0x0000000747f00000, 0x0000000747f00000| Untracked 
| 106|0x0000000748000000, 0x0000000748000000, 0x0000000748100000|  0%| F|  |TAMS 0x0000000748000000, 0x0000000748000000| Untracked 
| 107|0x0000000748100000, 0x0000000748100000, 0x0000000748200000|  0%| F|  |TAMS 0x0000000748100000, 0x0000000748100000| Untracked 
| 108|0x0000000748200000, 0x0000000748200000, 0x0000000748300000|  0%| F|  |TAMS 0x0000000748200000, 0x0000000748200000| Untracked 
| 109|0x0000000748300000, 0x0000000748300000, 0x0000000748400000|  0%| F|  |TAMS 0x0000000748300000, 0x0000000748300000| Untracked 
| 110|0x0000000748400000, 0x0000000748400000, 0x0000000748500000|  0%| F|  |TAMS 0x0000000748400000, 0x0000000748400000| Untracked 
| 111|0x0000000748500000, 0x0000000748500000, 0x0000000748600000|  0%| F|  |TAMS 0x0000000748500000, 0x0000000748500000| Untracked 
| 112|0x0000000748600000, 0x0000000748600000, 0x0000000748700000|  0%| F|  |TAMS 0x0000000748600000, 0x0000000748600000| Untracked 
| 113|0x0000000748700000, 0x0000000748700000, 0x0000000748800000|  0%| F|  |TAMS 0x0000000748700000, 0x0000000748700000| Untracked 
| 114|0x0000000748800000, 0x0000000748800000, 0x0000000748900000|  0%| F|  |TAMS 0x0000000748800000, 0x0000000748800000| Untracked 
| 115|0x0000000748900000, 0x0000000748900000, 0x0000000748a00000|  0%| F|  |TAMS 0x0000000748900000, 0x0000000748900000| Untracked 
| 116|0x0000000748a00000, 0x0000000748a00000, 0x0000000748b00000|  0%| F|  |TAMS 0x0000000748a00000, 0x0000000748a00000| Untracked 
| 117|0x0000000748b00000, 0x0000000748b00000, 0x0000000748c00000|  0%| F|  |TAMS 0x0000000748b00000, 0x0000000748b00000| Untracked 
| 118|0x0000000748c00000, 0x0000000748c00000, 0x0000000748d00000|  0%| F|  |TAMS 0x0000000748c00000, 0x0000000748c00000| Untracked 
| 119|0x0000000748d00000, 0x0000000748d00000, 0x0000000748e00000|  0%| F|  |TAMS 0x0000000748d00000, 0x0000000748d00000| Untracked 
| 120|0x0000000748e00000, 0x0000000748e00000, 0x0000000748f00000|  0%| F|  |TAMS 0x0000000748e00000, 0x0000000748e00000| Untracked 
| 121|0x0000000748f00000, 0x0000000748f00000, 0x0000000749000000|  0%| F|  |TAMS 0x0000000748f00000, 0x0000000748f00000| Untracked 
| 122|0x0000000749000000, 0x0000000749000000, 0x0000000749100000|  0%| F|  |TAMS 0x0000000749000000, 0x0000000749000000| Untracked 
| 123|0x0000000749100000, 0x0000000749100000, 0x0000000749200000|  0%| F|  |TAMS 0x0000000749100000, 0x0000000749100000| Untracked 
| 124|0x0000000749200000, 0x0000000749200000, 0x0000000749300000|  0%| F|  |TAMS 0x0000000749200000, 0x0000000749200000| Untracked 
| 125|0x0000000749300000, 0x0000000749300000, 0x0000000749400000|  0%| F|  |TAMS 0x0000000749300000, 0x0000000749300000| Untracked 
| 126|0x0000000749400000, 0x0000000749400000, 0x0000000749500000|  0%| F|  |TAMS 0x0000000749400000, 0x0000000749400000| Untracked 
| 127|0x0000000749500000, 0x0000000749500000, 0x0000000749600000|  0%| F|  |TAMS 0x0000000749500000, 0x0000000749500000| Untracked 
| 128|0x0000000749600000, 0x0000000749600000, 0x0000000749700000|  0%| F|  |TAMS 0x0000000749600000, 0x0000000749600000| Untracked 
| 129|0x0000000749700000, 0x0000000749700000, 0x0000000749800000|  0%| F|  |TAMS 0x0000000749700000, 0x0000000749700000| Untracked 
| 130|0x0000000749800000, 0x0000000749800000, 0x0000000749900000|  0%| F|  |TAMS 0x0000000749800000, 0x0000000749800000| Untracked 
| 131|0x0000000749900000, 0x0000000749900000, 0x0000000749a00000|  0%| F|  |TAMS 0x0000000749900000, 0x0000000749900000| Untracked 
| 132|0x0000000749a00000, 0x0000000749a53898, 0x0000000749b00000| 32%| S|CS|TAMS 0x0000000749a00000, 0x0000000749a00000| Complete 
| 133|0x0000000749b00000, 0x0000000749c00000, 0x0000000749c00000|100%| S|CS|TAMS 0x0000000749b00000, 0x0000000749b00000| Complete 
| 134|0x0000000749c00000, 0x0000000749d00000, 0x0000000749d00000|100%| S|CS|TAMS 0x0000000749c00000, 0x0000000749c00000| Complete 
| 135|0x0000000749d00000, 0x0000000749e00000, 0x0000000749e00000|100%| S|CS|TAMS 0x0000000749d00000, 0x0000000749d00000| Complete 
| 136|0x0000000749e00000, 0x0000000749f00000, 0x0000000749f00000|100%| S|CS|TAMS 0x0000000749e00000, 0x0000000749e00000| Complete 
| 137|0x0000000749f00000, 0x000000074a000000, 0x000000074a000000|100%| S|CS|TAMS 0x0000000749f00000, 0x0000000749f00000| Complete 
| 138|0x000000074a000000, 0x000000074a100000, 0x000000074a100000|100%| S|CS|TAMS 0x000000074a000000, 0x000000074a000000| Complete 
| 139|0x000000074a100000, 0x000000074a100000, 0x000000074a200000|  0%| F|  |TAMS 0x000000074a100000, 0x000000074a100000| Untracked 
| 140|0x000000074a200000, 0x000000074a200000, 0x000000074a300000|  0%| F|  |TAMS 0x000000074a200000, 0x000000074a200000| Untracked 
| 141|0x000000074a300000, 0x000000074a300000, 0x000000074a400000|  0%| F|  |TAMS 0x000000074a300000, 0x000000074a300000| Untracked 
| 142|0x000000074a400000, 0x000000074a400000, 0x000000074a500000|  0%| F|  |TAMS 0x000000074a400000, 0x000000074a400000| Untracked 
| 143|0x000000074a500000, 0x000000074a500000, 0x000000074a600000|  0%| F|  |TAMS 0x000000074a500000, 0x000000074a500000| Untracked 
| 144|0x000000074a600000, 0x000000074a600000, 0x000000074a700000|  0%| F|  |TAMS 0x000000074a600000, 0x000000074a600000| Untracked 
| 145|0x000000074a700000, 0x000000074a700000, 0x000000074a800000|  0%| F|  |TAMS 0x000000074a700000, 0x000000074a700000| Untracked 
| 146|0x000000074a800000, 0x000000074a800000, 0x000000074a900000|  0%| F|  |TAMS 0x000000074a800000, 0x000000074a800000| Untracked 
| 147|0x000000074a900000, 0x000000074a900000, 0x000000074aa00000|  0%| F|  |TAMS 0x000000074a900000, 0x000000074a900000| Untracked 
| 148|0x000000074aa00000, 0x000000074aa00000, 0x000000074ab00000|  0%| F|  |TAMS 0x000000074aa00000, 0x000000074aa00000| Untracked 
| 149|0x000000074ab00000, 0x000000074ab00000, 0x000000074ac00000|  0%| F|  |TAMS 0x000000074ab00000, 0x000000074ab00000| Untracked 
| 150|0x000000074ac00000, 0x000000074ac00000, 0x000000074ad00000|  0%| F|  |TAMS 0x000000074ac00000, 0x000000074ac00000| Untracked 
| 151|0x000000074ad00000, 0x000000074ad00000, 0x000000074ae00000|  0%| F|  |TAMS 0x000000074ad00000, 0x000000074ad00000| Untracked 
| 152|0x000000074ae00000, 0x000000074ae00000, 0x000000074af00000|  0%| F|  |TAMS 0x000000074ae00000, 0x000000074ae00000| Untracked 
| 153|0x000000074af00000, 0x000000074af00000, 0x000000074b000000|  0%| F|  |TAMS 0x000000074af00000, 0x000000074af00000| Untracked 
| 154|0x000000074b000000, 0x000000074b000000, 0x000000074b100000|  0%| F|  |TAMS 0x000000074b000000, 0x000000074b000000| Untracked 
| 155|0x000000074b100000, 0x000000074b100000, 0x000000074b200000|  0%| F|  |TAMS 0x000000074b100000, 0x000000074b100000| Untracked 
| 156|0x000000074b200000, 0x000000074b200000, 0x000000074b300000|  0%| F|  |TAMS 0x000000074b200000, 0x000000074b200000| Untracked 
| 157|0x000000074b300000, 0x000000074b300000, 0x000000074b400000|  0%| F|  |TAMS 0x000000074b300000, 0x000000074b300000| Untracked 
| 158|0x000000074b400000, 0x000000074b400000, 0x000000074b500000|  0%| F|  |TAMS 0x000000074b400000, 0x000000074b400000| Untracked 
| 159|0x000000074b500000, 0x000000074b500000, 0x000000074b600000|  0%| F|  |TAMS 0x000000074b500000, 0x000000074b500000| Untracked 
| 160|0x000000074b600000, 0x000000074b600000, 0x000000074b700000|  0%| F|  |TAMS 0x000000074b600000, 0x000000074b600000| Untracked 
| 161|0x000000074b700000, 0x000000074b700000, 0x000000074b800000|  0%| F|  |TAMS 0x000000074b700000, 0x000000074b700000| Untracked 
| 162|0x000000074b800000, 0x000000074b800000, 0x000000074b900000|  0%| F|  |TAMS 0x000000074b800000, 0x000000074b800000| Untracked 
| 163|0x000000074b900000, 0x000000074b900000, 0x000000074ba00000|  0%| F|  |TAMS 0x000000074b900000, 0x000000074b900000| Untracked 
| 164|0x000000074ba00000, 0x000000074ba00000, 0x000000074bb00000|  0%| F|  |TAMS 0x000000074ba00000, 0x000000074ba00000| Untracked 
| 165|0x000000074bb00000, 0x000000074bb00000, 0x000000074bc00000|  0%| F|  |TAMS 0x000000074bb00000, 0x000000074bb00000| Untracked 
| 166|0x000000074bc00000, 0x000000074bc00000, 0x000000074bd00000|  0%| F|  |TAMS 0x000000074bc00000, 0x000000074bc00000| Untracked 
| 167|0x000000074bd00000, 0x000000074bd00000, 0x000000074be00000|  0%| F|  |TAMS 0x000000074bd00000, 0x000000074bd00000| Untracked 
| 168|0x000000074be00000, 0x000000074be00000, 0x000000074bf00000|  0%| F|  |TAMS 0x000000074be00000, 0x000000074be00000| Untracked 
| 169|0x000000074bf00000, 0x000000074bf00000, 0x000000074c000000|  0%| F|  |TAMS 0x000000074bf00000, 0x000000074bf00000| Untracked 
| 170|0x000000074c000000, 0x000000074c000000, 0x000000074c100000|  0%| F|  |TAMS 0x000000074c000000, 0x000000074c000000| Untracked 
| 171|0x000000074c100000, 0x000000074c100000, 0x000000074c200000|  0%| F|  |TAMS 0x000000074c100000, 0x000000074c100000| Untracked 
| 172|0x000000074c200000, 0x000000074c200000, 0x000000074c300000|  0%| F|  |TAMS 0x000000074c200000, 0x000000074c200000| Untracked 
| 173|0x000000074c300000, 0x000000074c300000, 0x000000074c400000|  0%| F|  |TAMS 0x000000074c300000, 0x000000074c300000| Untracked 
| 174|0x000000074c400000, 0x000000074c400000, 0x000000074c500000|  0%| F|  |TAMS 0x000000074c400000, 0x000000074c400000| Untracked 
| 175|0x000000074c500000, 0x000000074c500000, 0x000000074c600000|  0%| F|  |TAMS 0x000000074c500000, 0x000000074c500000| Untracked 
| 176|0x000000074c600000, 0x000000074c600000, 0x000000074c700000|  0%| F|  |TAMS 0x000000074c600000, 0x000000074c600000| Untracked 
| 177|0x000000074c700000, 0x000000074c700000, 0x000000074c800000|  0%| F|  |TAMS 0x000000074c700000, 0x000000074c700000| Untracked 
| 178|0x000000074c800000, 0x000000074c800000, 0x000000074c900000|  0%| F|  |TAMS 0x000000074c800000, 0x000000074c800000| Untracked 
| 179|0x000000074c900000, 0x000000074c900000, 0x000000074ca00000|  0%| F|  |TAMS 0x000000074c900000, 0x000000074c900000| Untracked 
| 180|0x000000074ca00000, 0x000000074ca00000, 0x000000074cb00000|  0%| F|  |TAMS 0x000000074ca00000, 0x000000074ca00000| Untracked 
| 181|0x000000074cb00000, 0x000000074cb00000, 0x000000074cc00000|  0%| F|  |TAMS 0x000000074cb00000, 0x000000074cb00000| Untracked 
| 182|0x000000074cc00000, 0x000000074cc00000, 0x000000074cd00000|  0%| F|  |TAMS 0x000000074cc00000, 0x000000074cc00000| Untracked 
| 183|0x000000074cd00000, 0x000000074cd00000, 0x000000074ce00000|  0%| F|  |TAMS 0x000000074cd00000, 0x000000074cd00000| Untracked 
| 184|0x000000074ce00000, 0x000000074ce00000, 0x000000074cf00000|  0%| F|  |TAMS 0x000000074ce00000, 0x000000074ce00000| Untracked 
| 185|0x000000074cf00000, 0x000000074cf00000, 0x000000074d000000|  0%| F|  |TAMS 0x000000074cf00000, 0x000000074cf00000| Untracked 
| 186|0x000000074d000000, 0x000000074d000000, 0x000000074d100000|  0%| F|  |TAMS 0x000000074d000000, 0x000000074d000000| Untracked 
| 187|0x000000074d100000, 0x000000074d100000, 0x000000074d200000|  0%| F|  |TAMS 0x000000074d100000, 0x000000074d100000| Untracked 
| 188|0x000000074d200000, 0x000000074d200000, 0x000000074d300000|  0%| F|  |TAMS 0x000000074d200000, 0x000000074d200000| Untracked 
| 189|0x000000074d300000, 0x000000074d300000, 0x000000074d400000|  0%| F|  |TAMS 0x000000074d300000, 0x000000074d300000| Untracked 
| 190|0x000000074d400000, 0x000000074d400000, 0x000000074d500000|  0%| F|  |TAMS 0x000000074d400000, 0x000000074d400000| Untracked 
| 191|0x000000074d500000, 0x000000074d500000, 0x000000074d600000|  0%| F|  |TAMS 0x000000074d500000, 0x000000074d500000| Untracked 
| 192|0x000000074d600000, 0x000000074d600000, 0x000000074d700000|  0%| F|  |TAMS 0x000000074d600000, 0x000000074d600000| Untracked 
| 193|0x000000074d700000, 0x000000074d700000, 0x000000074d800000|  0%| F|  |TAMS 0x000000074d700000, 0x000000074d700000| Untracked 
| 194|0x000000074d800000, 0x000000074d800000, 0x000000074d900000|  0%| F|  |TAMS 0x000000074d800000, 0x000000074d800000| Untracked 
| 195|0x000000074d900000, 0x000000074d900000, 0x000000074da00000|  0%| F|  |TAMS 0x000000074d900000, 0x000000074d900000| Untracked 
| 196|0x000000074da00000, 0x000000074da00000, 0x000000074db00000|  0%| F|  |TAMS 0x000000074da00000, 0x000000074da00000| Untracked 
| 197|0x000000074db00000, 0x000000074db00000, 0x000000074dc00000|  0%| F|  |TAMS 0x000000074db00000, 0x000000074db00000| Untracked 
| 198|0x000000074dc00000, 0x000000074dc00000, 0x000000074dd00000|  0%| F|  |TAMS 0x000000074dc00000, 0x000000074dc00000| Untracked 
| 199|0x000000074dd00000, 0x000000074dd00000, 0x000000074de00000|  0%| F|  |TAMS 0x000000074dd00000, 0x000000074dd00000| Untracked 
| 200|0x000000074de00000, 0x000000074de00000, 0x000000074df00000|  0%| F|  |TAMS 0x000000074de00000, 0x000000074de00000| Untracked 
| 201|0x000000074df00000, 0x000000074df00000, 0x000000074e000000|  0%| F|  |TAMS 0x000000074df00000, 0x000000074df00000| Untracked 
| 202|0x000000074e000000, 0x000000074e000000, 0x000000074e100000|  0%| F|  |TAMS 0x000000074e000000, 0x000000074e000000| Untracked 
| 203|0x000000074e100000, 0x000000074e100000, 0x000000074e200000|  0%| F|  |TAMS 0x000000074e100000, 0x000000074e100000| Untracked 
| 204|0x000000074e200000, 0x000000074e200000, 0x000000074e300000|  0%| F|  |TAMS 0x000000074e200000, 0x000000074e200000| Untracked 
| 205|0x000000074e300000, 0x000000074e300000, 0x000000074e400000|  0%| F|  |TAMS 0x000000074e300000, 0x000000074e300000| Untracked 
| 206|0x000000074e400000, 0x000000074e400000, 0x000000074e500000|  0%| F|  |TAMS 0x000000074e400000, 0x000000074e400000| Untracked 
| 207|0x000000074e500000, 0x000000074e500000, 0x000000074e600000|  0%| F|  |TAMS 0x000000074e500000, 0x000000074e500000| Untracked 
| 208|0x000000074e600000, 0x000000074e600000, 0x000000074e700000|  0%| F|  |TAMS 0x000000074e600000, 0x000000074e600000| Untracked 
| 209|0x000000074e700000, 0x000000074e700000, 0x000000074e800000|  0%| F|  |TAMS 0x000000074e700000, 0x000000074e700000| Untracked 
| 210|0x000000074e800000, 0x000000074e800000, 0x000000074e900000|  0%| F|  |TAMS 0x000000074e800000, 0x000000074e800000| Untracked 
| 211|0x000000074e900000, 0x000000074e980800, 0x000000074ea00000| 50%| E|  |TAMS 0x000000074e900000, 0x000000074e900000| Complete 
| 212|0x000000074ea00000, 0x000000074eb00000, 0x000000074eb00000|100%| E|CS|TAMS 0x000000074ea00000, 0x000000074ea00000| Complete 
| 213|0x000000074eb00000, 0x000000074ec00000, 0x000000074ec00000|100%| E|CS|TAMS 0x000000074eb00000, 0x000000074eb00000| Complete 
| 214|0x000000074ec00000, 0x000000074ed00000, 0x000000074ed00000|100%| E|CS|TAMS 0x000000074ec00000, 0x000000074ec00000| Complete 
| 215|0x000000074ed00000, 0x000000074ee00000, 0x000000074ee00000|100%| E|CS|TAMS 0x000000074ed00000, 0x000000074ed00000| Complete 
| 216|0x000000074ee00000, 0x000000074ef00000, 0x000000074ef00000|100%| E|CS|TAMS 0x000000074ee00000, 0x000000074ee00000| Complete 
| 217|0x000000074ef00000, 0x000000074f000000, 0x000000074f000000|100%| E|CS|TAMS 0x000000074ef00000, 0x000000074ef00000| Complete 
| 218|0x000000074f000000, 0x000000074f100000, 0x000000074f100000|100%| E|CS|TAMS 0x000000074f000000, 0x000000074f000000| Complete 
| 219|0x000000074f100000, 0x000000074f200000, 0x000000074f200000|100%| E|CS|TAMS 0x000000074f100000, 0x000000074f100000| Complete 
| 220|0x000000074f200000, 0x000000074f300000, 0x000000074f300000|100%| E|CS|TAMS 0x000000074f200000, 0x000000074f200000| Complete 
| 221|0x000000074f300000, 0x000000074f400000, 0x000000074f400000|100%| E|CS|TAMS 0x000000074f300000, 0x000000074f300000| Complete 
| 222|0x000000074f400000, 0x000000074f500000, 0x000000074f500000|100%| E|CS|TAMS 0x000000074f400000, 0x000000074f400000| Complete 
| 223|0x000000074f500000, 0x000000074f600000, 0x000000074f600000|100%| E|CS|TAMS 0x000000074f500000, 0x000000074f500000| Complete 
| 224|0x000000074f600000, 0x000000074f700000, 0x000000074f700000|100%| E|CS|TAMS 0x000000074f600000, 0x000000074f600000| Complete 
| 225|0x000000074f700000, 0x000000074f800000, 0x000000074f800000|100%| E|CS|TAMS 0x000000074f700000, 0x000000074f700000| Complete 
| 226|0x000000074f800000, 0x000000074f900000, 0x000000074f900000|100%| E|CS|TAMS 0x000000074f800000, 0x000000074f800000| Complete 
| 227|0x000000074f900000, 0x000000074fa00000, 0x000000074fa00000|100%| E|CS|TAMS 0x000000074f900000, 0x000000074f900000| Complete 
| 228|0x000000074fa00000, 0x000000074fb00000, 0x000000074fb00000|100%| E|CS|TAMS 0x000000074fa00000, 0x000000074fa00000| Complete 
| 229|0x000000074fb00000, 0x000000074fc00000, 0x000000074fc00000|100%| E|CS|TAMS 0x000000074fb00000, 0x000000074fb00000| Complete 
| 230|0x000000074fc00000, 0x000000074fd00000, 0x000000074fd00000|100%| E|CS|TAMS 0x000000074fc00000, 0x000000074fc00000| Complete 

Card table byte_map: [0x00000263c83c0000,0x00000263c89c0000] _byte_map_base: 0x00000263c49b5000

Marking Bits (Prev, Next): (CMBitMap*) 0x00000263b34f0320, (CMBitMap*) 0x00000263b34f02e8
 Prev Bits: [0x00000263cbf70000, 0x00000263cef18000)
 Next Bits: [0x00000263c8fc0000, 0x00000263cbf68000)

Polling page: 0x00000263b32e0000

Metaspace:

Usage:
  Non-class:     42.38 MB capacity,    42.05 MB (>99%) used,   268.52 KB ( <1%) free+waste,    72.63 KB ( <1%) overhead. 
      Class:      5.92 MB capacity,     5.67 MB ( 96%) used,   216.70 KB (  4%) free+waste,    32.19 KB ( <1%) overhead. 
       Both:     48.30 MB capacity,    47.73 MB ( 99%) used,   485.22 KB ( <1%) free+waste,   104.81 KB ( <1%) overhead. 

Virtual space:
  Non-class space:       44.00 MB reserved,      42.49 MB ( 97%) committed 
      Class space:        1.00 GB reserved,       6.00 MB ( <1%) committed 
             Both:        1.04 GB reserved,      48.49 MB (  5%) committed 

Chunk freelists:
   Non-Class:  47.00 KB
       Class:  20.00 KB
        Both:  67.00 KB

MaxMetaspaceSize: 17179869184.00 GB
CompressedClassSpaceSize: 1.00 GB
Initial GC threshold: 20.80 MB
Current GC threshold: 75.61 MB
CDS: off

CodeHeap 'non-profiled nmethods': size=120064Kb used=1484Kb max_used=1484Kb free=118579Kb
 bounds [0x00000263c0260000, 0x00000263c04d0000, 0x00000263c77a0000]
CodeHeap 'profiled nmethods': size=120000Kb used=7990Kb max_used=7990Kb free=112009Kb
 bounds [0x00000263b8d30000, 0x00000263b9500000, 0x00000263c0260000]
CodeHeap 'non-nmethods': size=5696Kb used=1278Kb max_used=1319Kb free=4417Kb
 bounds [0x00000263b87a0000, 0x00000263b8a10000, 0x00000263b8d30000]
 total_blobs=4295 nmethods=3740 adapters=467
 compilation: enabled
              stopped_count=0, restarted_count=0
 full_count=0

Compilation events (20 events):
Event: 4.721 Thread 0x00000263d1df1000 nmethod 3724 0x00000263b94ddd10 code [0x00000263b94ddee0, 0x00000263b94de108]
Event: 4.721 Thread 0x00000263d1df1000 3717       3       org.jetbrains.org.objectweb.asm.FieldVisitor::<init> (7 bytes)
Event: 4.721 Thread 0x00000263d1df1000 nmethod 3717 0x00000263b94de210 code [0x00000263b94de3c0, 0x00000263b94de4e8]
Event: 4.721 Thread 0x00000263d1df1000 3718       3       org.jetbrains.org.objectweb.asm.FieldVisitor::<init> (94 bytes)
Event: 4.722 Thread 0x00000263d1df1000 nmethod 3718 0x00000263b94de590 code [0x00000263b94de820, 0x00000263b94df388]
Event: 4.722 Thread 0x00000263d1df1000 3720       3       org.jetbrains.kotlin.load.java.structure.impl.classFiles.BinaryJavaClass::processValue (138 bytes)
Event: 4.723 Thread 0x00000263d1df1000 nmethod 3720 0x00000263b94df710 code [0x00000263b94df9a0, 0x00000263b94e08f8]
Event: 4.723 Thread 0x00000263d1df1000 3721       3       org.jetbrains.kotlin.load.java.structure.impl.classFiles.BinaryJavaField::<init> (82 bytes)
Event: 4.725 Thread 0x00000263d1df1000 nmethod 3721 0x00000263b94e0c90 code [0x00000263b94e1040, 0x00000263b94e28e8]
Event: 4.725 Thread 0x00000263d1df1000 3731       3       org.jetbrains.kotlin.cli.jvm.compiler.KotlinCliJavaFileManagerImpl::access$findVirtualFileGivenPackage (8 bytes)
Event: 4.725 Thread 0x00000263d1df1000 nmethod 3731 0x00000263b94e3190 code [0x00000263b94e3340, 0x00000263b94e3448]
Event: 4.725 Thread 0x00000263d1df1000 3732       3       org.jetbrains.kotlin.cli.jvm.compiler.KotlinCliJavaFileManagerImpl::findVirtualFileGivenPackage (193 bytes)
Event: 4.728 Thread 0x00000263d1df1000 nmethod 3732 0x00000263b94e3510 code [0x00000263b94e39e0, 0x00000263b94e5af8]
Event: 4.728 Thread 0x00000263d1df1000 3733       3       org.jetbrains.kotlin.cli.jvm.compiler.KotlinCliJavaFileManagerImpl$findClasses$1$$special$$inlined$forEachClassId$lambda$1::invoke (16 bytes)
Event: 4.728 Thread 0x00000263d1df1000 nmethod 3733 0x00000263b94e6610 code [0x00000263b94e67e0, 0x00000263b94e6bc8]
Event: 4.728 Thread 0x00000263d1df1000 3734       3       org.jetbrains.kotlin.cli.jvm.compiler.KotlinCliJavaFileManagerImpl$findClasses$1$$special$$inlined$forEachClassId$lambda$1::invoke (102 bytes)
Event: 4.730 Thread 0x00000263d1df1000 nmethod 3734 0x00000263b94e6d10 code [0x00000263b94e7020, 0x00000263b94e7f18]
Event: 4.730 Thread 0x00000263d1df1000 3726       3       org.jetbrains.kotlin.serialization.deserialization.descriptors.DeserializedPackageMemberScope::recordLookup (33 bytes)
Event: 4.731 Thread 0x00000263d1df1000 nmethod 3726 0x00000263b94e8510 code [0x00000263b94e87c0, 0x00000263b94e92e8]
Event: 4.731 Thread 0x00000263d1df1000 3725       3       org.jetbrains.kotlin.serialization.deserialization.descriptors.DeserializedPackageMemberScope::getContributedClassifier (26 bytes)

GC Heap History (10 events):
Event: 0.497 GC heap before
{Heap before GC invocations=0 (full 0):
 garbage-first heap   total 196608K, used 17408K [0x0000000741600000, 0x0000000800000000)
  region size 1024K, 14 young (14336K), 0 survivors (0K)
 Metaspace       used 9826K, capacity 9938K, committed 10112K, reserved 1058816K
  class space    used 842K, capacity 885K, committed 896K, reserved 1048576K
}
Event: 0.500 GC heap after
{Heap after GC invocations=1 (full 0):
 garbage-first heap   total 196608K, used 5326K [0x0000000741600000, 0x0000000800000000)
  region size 1024K, 2 young (2048K), 2 survivors (2048K)
 Metaspace       used 9826K, capacity 9938K, committed 10112K, reserved 1058816K
  class space    used 842K, capacity 885K, committed 896K, reserved 1048576K
}
Event: 1.487 GC heap before
{Heap before GC invocations=1 (full 0):
 garbage-first heap   total 196608K, used 51406K [0x0000000741600000, 0x0000000800000000)
  region size 1024K, 48 young (49152K), 2 survivors (2048K)
 Metaspace       used 20723K, capacity 20998K, committed 21248K, reserved 1069056K
  class space    used 2204K, capacity 2281K, committed 2304K, reserved 1048576K
}
Event: 1.502 GC heap after
{Heap after GC invocations=2 (full 0):
 garbage-first heap   total 196608K, used 9293K [0x0000000741600000, 0x0000000800000000)
  region size 1024K, 6 young (6144K), 6 survivors (6144K)
 Metaspace       used 20723K, capacity 20998K, committed 21248K, reserved 1069056K
  class space    used 2204K, capacity 2281K, committed 2304K, reserved 1048576K
}
Event: 2.676 GC heap before
{Heap before GC invocations=3 (full 0):
 garbage-first heap   total 196608K, used 62541K [0x0000000741600000, 0x0000000800000000)
  region size 1024K, 53 young (54272K), 6 survivors (6144K)
 Metaspace       used 32135K, capacity 32624K, committed 32768K, reserved 1077248K
  class space    used 3859K, capacity 4062K, committed 4096K, reserved 1048576K
}
Event: 2.693 GC heap after
{Heap after GC invocations=4 (full 0):
 garbage-first heap   total 196608K, used 20292K [0x0000000741600000, 0x0000000800000000)
  region size 1024K, 6 young (6144K), 6 survivors (6144K)
 Metaspace       used 32135K, capacity 32624K, committed 32768K, reserved 1077248K
  class space    used 3859K, capacity 4062K, committed 4096K, reserved 1048576K
}
Event: 2.938 GC heap before
{Heap before GC invocations=4 (full 0):
 garbage-first heap   total 196608K, used 31556K [0x0000000741600000, 0x0000000800000000)
  region size 1024K, 18 young (18432K), 6 survivors (6144K)
 Metaspace       used 34902K, capacity 35393K, committed 35584K, reserved 1081344K
  class space    used 4384K, capacity 4578K, committed 4608K, reserved 1048576K
}
Event: 2.956 GC heap after
{Heap after GC invocations=5 (full 0):
 garbage-first heap   total 196608K, used 22166K [0x0000000741600000, 0x0000000800000000)
  region size 1024K, 2 young (2048K), 2 survivors (2048K)
 Metaspace       used 34902K, capacity 35393K, committed 35584K, reserved 1081344K
  class space    used 4384K, capacity 4578K, committed 4608K, reserved 1048576K
}
Event: 4.110 GC heap before
{Heap before GC invocations=6 (full 0):
 garbage-first heap   total 196608K, used 74390K [0x0000000741600000, 0x0000000800000000)
  region size 1024K, 53 young (54272K), 2 survivors (2048K)
 Metaspace       used 45524K, capacity 46042K, committed 46456K, reserved 1089536K
  class space    used 5431K, capacity 5648K, committed 5760K, reserved 1048576K
}
Event: 4.127 GC heap after
{Heap after GC invocations=7 (full 0):
 garbage-first heap   total 236544K, used 24792K [0x0000000741600000, 0x0000000800000000)
  region size 1024K, 7 young (7168K), 7 survivors (7168K)
 Metaspace       used 45524K, capacity 46042K, committed 46456K, reserved 1089536K
  class space    used 5431K, capacity 5648K, committed 5760K, reserved 1048576K
}

Deoptimization events (20 events):
Event: 4.272 Thread 0x00000263b3498800 Uncommon trap: trap_request=0xffffffc6 fr.pc=0x00000263c0359ac4 relative=0x00000000000004c4
Event: 4.272 Thread 0x00000263b3498800 Uncommon trap: reason=bimorphic_or_optimized_type_check action=maybe_recompile pc=0x00000263c0359ac4 method=org.jetbrains.kotlin.protobuf.CodedInputStream.tryRefillBuffer(I)Z @ 177 c2
Event: 4.272 Thread 0x00000263b3498800 DEOPT PACKING pc=0x00000263c0359ac4 sp=0x0000006f835f98f0
Event: 4.273 Thread 0x00000263b3498800 DEOPT UNPACKING pc=0x00000263b87ea1af sp=0x0000006f835f97b8 mode 2
Event: 4.334 Thread 0x00000263b3498800 Uncommon trap: trap_request=0xffffffc6 fr.pc=0x00000263c0355fdc relative=0x000000000000009c
Event: 4.335 Thread 0x00000263b3498800 Uncommon trap: reason=bimorphic_or_optimized_type_check action=maybe_recompile pc=0x00000263c0355fdc method=java.util.AbstractList$Itr.hasNext()Z @ 8 c2
Event: 4.335 Thread 0x00000263b3498800 DEOPT PACKING pc=0x00000263c0355fdc sp=0x0000006f835fad20
Event: 4.335 Thread 0x00000263b3498800 DEOPT UNPACKING pc=0x00000263b87ea1af sp=0x0000006f835facb8 mode 2
Event: 4.397 Thread 0x00000263b3498800 Uncommon trap: trap_request=0xffffffc6 fr.pc=0x00000263c0355fdc relative=0x000000000000009c
Event: 4.397 Thread 0x00000263b3498800 Uncommon trap: reason=bimorphic_or_optimized_type_check action=maybe_recompile pc=0x00000263c0355fdc method=java.util.AbstractList$Itr.hasNext()Z @ 8 c2
Event: 4.397 Thread 0x00000263b3498800 DEOPT PACKING pc=0x00000263c0355fdc sp=0x0000006f835fae10
Event: 4.397 Thread 0x00000263b3498800 DEOPT UNPACKING pc=0x00000263b87ea1af sp=0x0000006f835fada8 mode 2
Event: 4.398 Thread 0x00000263b3498800 Uncommon trap: trap_request=0xffffffc6 fr.pc=0x00000263c0355fdc relative=0x000000000000009c
Event: 4.398 Thread 0x00000263b3498800 Uncommon trap: reason=bimorphic_or_optimized_type_check action=maybe_recompile pc=0x00000263c0355fdc method=java.util.AbstractList$Itr.hasNext()Z @ 8 c2
Event: 4.398 Thread 0x00000263b3498800 DEOPT PACKING pc=0x00000263c0355fdc sp=0x0000006f835fae10
Event: 4.398 Thread 0x00000263b3498800 DEOPT UNPACKING pc=0x00000263b87ea1af sp=0x0000006f835fada8 mode 2
Event: 4.408 Thread 0x00000263b3498800 Uncommon trap: trap_request=0xffffffc6 fr.pc=0x00000263c0355fdc relative=0x000000000000009c
Event: 4.408 Thread 0x00000263b3498800 Uncommon trap: reason=bimorphic_or_optimized_type_check action=maybe_recompile pc=0x00000263c0355fdc method=java.util.AbstractList$Itr.hasNext()Z @ 8 c2
Event: 4.408 Thread 0x00000263b3498800 DEOPT PACKING pc=0x00000263c0355fdc sp=0x0000006f835fbac0
Event: 4.408 Thread 0x00000263b3498800 DEOPT UNPACKING pc=0x00000263b87ea1af sp=0x0000006f835fba58 mode 2

Classes redefined (0 events):
No events

Internal exceptions (20 events):
Event: 1.863 Thread 0x00000263b3498800 Exception <a 'java/lang/NoSuchMethodError'{0x000000074c6372c0}: 'java.lang.Object java.lang.invoke.DirectMethodHandle$Holder.invokeStatic(java.lang.Object, java.lang.Object, java.lang.Object, java.lang.Object, java.lang.Object, java.lang.Object, java.lang.Object, java.lang.Object, java.lang.Object, java.lang.Object, java.lang.Object, java.lang.Object, java.lang.Object, java.lang.Object, java.lang.Object, java.lang.Object)'> (0x000000074c6372c0) thrown at [./src/hotspot/share/interpreter/linkResolver.cpp, l
Event: 1.866 Thread 0x00000263b3498800 Exception <a 'java/lang/NoSuchMethodError'{0x000000074c6451d8}: 'java.lang.Object java.lang.invoke.DirectMethodHandle$Holder.invokeSpecial(java.lang.Object, java.lang.Object, int, int, java.lang.Object, java.lang.Object, java.lang.Object)'> (0x000000074c6451d8) thrown at [./src/hotspot/share/interpreter/linkResolver.cpp, line 773]
Event: 1.866 Thread 0x00000263b3498800 Exception <a 'java/lang/NoSuchMethodError'{0x000000074c648a10}: 'java.lang.Object java.lang.invoke.DelegatingMethodHandle$Holder.reinvoke_L(java.lang.Object, int, int, java.lang.Object, java.lang.Object, java.lang.Object)'> (0x000000074c648a10) thrown at [./src/hotspot/share/interpreter/linkResolver.cpp, line 773]
Event: 1.867 Thread 0x00000263b3498800 Exception <a 'java/lang/NoSuchMethodError'{0x000000074c64cd98}: 'java.lang.Object java.lang.invoke.DirectMethodHandle$Holder.invokeStatic(java.lang.Object, java.lang.Object, java.lang.Object, java.lang.Object, int)'> (0x000000074c64cd98) thrown at [./src/hotspot/share/interpreter/linkResolver.cpp, line 773]
Event: 1.917 Thread 0x00000263b3498800 Exception <a 'sun/nio/fs/WindowsException'{0x000000074c58cf00}> (0x000000074c58cf00) thrown at [./src/hotspot/share/prims/jni.cpp, line 615]
Event: 1.917 Thread 0x00000263b3498800 Exception <a 'sun/nio/fs/WindowsException'{0x000000074c58d6d8}> (0x000000074c58d6d8) thrown at [./src/hotspot/share/prims/jni.cpp, line 615]
Event: 1.917 Thread 0x00000263b3498800 Exception <a 'sun/nio/fs/WindowsException'{0x000000074c58dec0}> (0x000000074c58dec0) thrown at [./src/hotspot/share/prims/jni.cpp, line 615]
Event: 1.917 Thread 0x00000263b3498800 Exception <a 'sun/nio/fs/WindowsException'{0x000000074c58e7d8}> (0x000000074c58e7d8) thrown at [./src/hotspot/share/prims/jni.cpp, line 615]
Event: 1.917 Thread 0x00000263b3498800 Exception <a 'sun/nio/fs/WindowsException'{0x000000074c58eff0}> (0x000000074c58eff0) thrown at [./src/hotspot/share/prims/jni.cpp, line 615]
Event: 1.917 Thread 0x00000263b3498800 Exception <a 'sun/nio/fs/WindowsException'{0x000000074c58f838}> (0x000000074c58f838) thrown at [./src/hotspot/share/prims/jni.cpp, line 615]
Event: 1.919 Thread 0x00000263b3498800 Exception <a 'java/lang/NoSuchMethodError'{0x000000074c5962a0}: 'void java.lang.invoke.DirectMethodHandle$Holder.invokeStatic(java.lang.Object, java.lang.Object, java.lang.Object, java.lang.Object)'> (0x000000074c5962a0) thrown at [./src/hotspot/share/interpreter/linkResolver.cpp, line 773]
Event: 1.994 Thread 0x00000263b3498800 Exception <a 'java/lang/NoSuchMethodError'{0x000000074c179b60}: 'void java.lang.invoke.DirectMethodHandle$Holder.invokeStaticInit(java.lang.Object, java.lang.Object)'> (0x000000074c179b60) thrown at [./src/hotspot/share/interpreter/linkResolver.cpp, line 773]
Event: 2.210 Thread 0x00000263b3498800 Exception <a 'java/lang/NoSuchMethodError'{0x000000074b8c03f8}: 'void java.lang.invoke.DirectMethodHandle$Holder.invokeVirtual(java.lang.Object, java.lang.Object)'> (0x000000074b8c03f8) thrown at [./src/hotspot/share/interpreter/linkResolver.cpp, line 773]
Event: 2.224 Thread 0x00000263b3498800 Exception <a 'java/lang/NoSuchMethodError'{0x000000074b732468}: 'int java.lang.invoke.DirectMethodHandle$Holder.invokeVirtual(java.lang.Object, java.lang.Object)'> (0x000000074b732468) thrown at [./src/hotspot/share/interpreter/linkResolver.cpp, line 773]
Event: 3.065 Thread 0x00000263b3498800 Exception <a 'java/lang/NoSuchMethodError'{0x000000074d01c5e8}: 'java.lang.Object java.lang.invoke.DirectMethodHandle$Holder.invokeVirtual(java.lang.Object, java.lang.Object, java.lang.Object)'> (0x000000074d01c5e8) thrown at [./src/hotspot/share/interpreter/linkResolver.cpp, line 773]
Event: 3.918 Thread 0x00000263b3498800 Exception <a 'java/lang/NoSuchMethodError'{0x000000074a569d78}: 'java.lang.Object java.lang.invoke.Invokers$Holder.linkToTargetMethod(java.lang.Object, int, java.lang.Object)'> (0x000000074a569d78) thrown at [./src/hotspot/share/interpreter/linkResolver.cpp, line 773]
Event: 3.971 Thread 0x00000263b3498800 Implicit null exception at 0x00000263c03955cc to 0x00000263c03956b4
Event: 4.062 Thread 0x00000263b3498800 Exception <a 'java/lang/NoSuchMethodError'{0x000000074a202a28}: 'java.lang.Object java.lang.invoke.DirectMethodHandle$Holder.invokeStatic(java.lang.Object, java.lang.Object, java.lang.Object, int)'> (0x000000074a202a28) thrown at [./src/hotspot/share/interpreter/linkResolver.cpp, line 773]
Event: 4.062 Thread 0x00000263b3498800 Exception <a 'java/lang/NoSuchMethodError'{0x000000074a206698}: 'java.lang.Object java.lang.invoke.DirectMethodHandle$Holder.invokeSpecial(java.lang.Object, java.lang.Object, java.lang.Object, java.lang.Object, int)'> (0x000000074a206698) thrown at [./src/hotspot/share/interpreter/linkResolver.cpp, line 773]
Event: 4.063 Thread 0x00000263b3498800 Exception <a 'java/lang/NoSuchMethodError'{0x000000074a2099a8}: 'java.lang.Object java.lang.invoke.Invokers$Holder.linkToTargetMethod(java.lang.Object, java.lang.Object, int, java.lang.Object)'> (0x000000074a2099a8) thrown at [./src/hotspot/share/interpreter/linkResolver.cpp, line 773]

Events (20 events):
Event: 4.642 loading class org/jetbrains/kotlin/load/java/typeEnhancement/JavaTypeQualifiers$Companion
Event: 4.642 loading class org/jetbrains/kotlin/load/java/typeEnhancement/JavaTypeQualifiers$Companion done
Event: 4.643 loading class org/jetbrains/kotlin/load/java/typeEnhancement/TypeEnhancementUtilsKt
Event: 4.643 loading class org/jetbrains/kotlin/load/java/typeEnhancement/TypeEnhancementUtilsKt done
Event: 4.658 loading class org/jetbrains/kotlin/descriptors/DescriptorUtilKt
Event: 4.658 loading class org/jetbrains/kotlin/descriptors/DescriptorUtilKt done
Event: 4.659 loading class org/jetbrains/kotlin/load/java/typeEnhancement/AbstractSignatureParts$computeIndexedQualifiers$1
Event: 4.659 loading class org/jetbrains/kotlin/load/java/typeEnhancement/AbstractSignatureParts$computeIndexedQualifiers$1 done
Event: 4.659 loading class org/jetbrains/kotlin/load/java/typeEnhancement/TypeComponentPosition
Event: 4.659 loading class org/jetbrains/kotlin/load/java/typeEnhancement/TypeComponentPosition done
Event: 4.660 loading class org/jetbrains/kotlin/load/java/typeEnhancement/TypeComponentPositionKt
Event: 4.660 loading class org/jetbrains/kotlin/load/java/typeEnhancement/TypeComponentPositionKt done
Event: 4.660 loading class org/jetbrains/kotlin/load/java/typeEnhancement/JavaTypeEnhancement$SimpleResult
Event: 4.660 loading class org/jetbrains/kotlin/load/java/typeEnhancement/JavaTypeEnhancement$SimpleResult done
Event: 4.660 loading class org/jetbrains/kotlin/load/java/typeEnhancement/JavaTypeEnhancement$Result
Event: 4.660 loading class org/jetbrains/kotlin/load/java/typeEnhancement/JavaTypeEnhancement$Result done
Event: 4.663 loading class org/jetbrains/kotlin/load/java/structure/impl/classFiles/PlainJavaAnnotationAsAnnotationArgument
Event: 4.663 loading class org/jetbrains/kotlin/load/java/structure/impl/classFiles/PlainJavaAnnotationAsAnnotationArgument done
Event: 4.664 loading class org/jetbrains/kotlin/load/java/structure/JavaAnnotationAsAnnotationArgument
Event: 4.664 loading class org/jetbrains/kotlin/load/java/structure/JavaAnnotationAsAnnotationArgument done


Dynamic libraries:
0x00007ff673f40000 - 0x00007ff673f4a000 	C:\Program Files\Android\Android Studio\jre\bin\java.exe
0x00007ffe334f0000 - 0x00007ffe336e5000 	C:\Windows\SYSTEM32\ntdll.dll
0x00007ffe31f30000 - 0x00007ffe31fee000 	C:\Windows\System32\KERNEL32.DLL
0x00007ffe30e60000 - 0x00007ffe31129000 	C:\Windows\System32\KERNELBASE.dll
0x00007ffe30cd0000 - 0x00007ffe30dd0000 	C:\Windows\System32\ucrtbase.dll
0x00007ffe2afb0000 - 0x00007ffe2afc7000 	C:\Program Files\Android\Android Studio\jre\bin\VCRUNTIME140.dll
0x00007ffe2af90000 - 0x00007ffe2afa9000 	C:\Program Files\Android\Android Studio\jre\bin\jli.dll
0x00007ffe32b90000 - 0x00007ffe32d31000 	C:\Windows\System32\USER32.dll
0x00007ffe1db30000 - 0x00007ffe1ddca000 	C:\Windows\WinSxS\amd64_microsoft.windows.common-controls_6595b64144ccf1df_6.0.19041.1110_none_60b5254171f9507e\COMCTL32.dll
0x00007ffe30c10000 - 0x00007ffe30c32000 	C:\Windows\System32\win32u.dll
0x00007ffe31760000 - 0x00007ffe317fe000 	C:\Windows\System32\msvcrt.dll
0x00007ffe32210000 - 0x00007ffe3223b000 	C:\Windows\System32\GDI32.dll
0x00007ffe31430000 - 0x00007ffe3153b000 	C:\Windows\System32\gdi32full.dll
0x00007ffe31390000 - 0x00007ffe3142d000 	C:\Windows\System32\msvcp_win.dll
0x00007ffe32a10000 - 0x00007ffe32a40000 	C:\Windows\System32\IMM32.DLL
0x00007ffe1e320000 - 0x00007ffe1e3bd000 	C:\Program Files\Android\Android Studio\jre\bin\msvcp140.dll
0x00007ffe05650000 - 0x00007ffe06135000 	C:\Program Files\Android\Android Studio\jre\bin\server\jvm.dll
0x00007ffe31800000 - 0x00007ffe318ac000 	C:\Windows\System32\ADVAPI32.dll
0x00007ffe33410000 - 0x00007ffe334ab000 	C:\Windows\System32\sechost.dll
0x00007ffe32010000 - 0x00007ffe3213a000 	C:\Windows\System32\RPCRT4.dll
0x00007ffe33040000 - 0x00007ffe33048000 	C:\Windows\System32\PSAPI.DLL
0x00007ffe2b250000 - 0x00007ffe2b277000 	C:\Windows\SYSTEM32\WINMM.dll
0x00007ffe2e5c0000 - 0x00007ffe2e5c9000 	C:\Windows\SYSTEM32\WSOCK32.dll
0x00007ffe32b20000 - 0x00007ffe32b8b000 	C:\Windows\System32\WS2_32.dll
0x00007ffe29ff0000 - 0x00007ffe29ffa000 	C:\Windows\SYSTEM32\VERSION.dll
0x00007ffe2eb10000 - 0x00007ffe2eb22000 	C:\Windows\SYSTEM32\kernel.appcore.dll
0x00007ffe2b000000 - 0x00007ffe2b011000 	C:\Program Files\Android\Android Studio\jre\bin\verify.dll
0x00007ffe1b130000 - 0x00007ffe1b314000 	C:\Windows\SYSTEM32\DBGHELP.DLL
0x00007ffe23c50000 - 0x00007ffe23c7c000 	C:\Windows\SYSTEM32\dbgcore.DLL
0x00007ffe30dd0000 - 0x00007ffe30e53000 	C:\Windows\System32\bcryptPrimitives.dll
0x00007ffe26a90000 - 0x00007ffe26ab9000 	C:\Program Files\Android\Android Studio\jre\bin\java.dll
0x00007ffe2e5a0000 - 0x00007ffe2e5ab000 	C:\Program Files\Android\Android Studio\jre\bin\jimage.dll
0x00007ffe29f80000 - 0x00007ffe29f98000 	C:\Program Files\Android\Android Studio\jre\bin\zip.dll
0x00007ffe322d0000 - 0x00007ffe32a0f000 	C:\Windows\System32\SHELL32.dll
0x00007ffe2ed10000 - 0x00007ffe2f4a0000 	C:\Windows\SYSTEM32\windows.storage.dll
0x00007ffe33050000 - 0x00007ffe333a5000 	C:\Windows\System32\combase.dll
0x00007ffe30660000 - 0x00007ffe3068c000 	C:\Windows\SYSTEM32\Wldp.dll
0x00007ffe32f90000 - 0x00007ffe3303e000 	C:\Windows\System32\SHCORE.dll
0x00007ffe32150000 - 0x00007ffe321a5000 	C:\Windows\System32\shlwapi.dll
0x00007ffe30b50000 - 0x00007ffe30b6f000 	C:\Windows\SYSTEM32\profapi.dll
0x00007ffe295c0000 - 0x00007ffe295da000 	C:\Program Files\Android\Android Studio\jre\bin\net.dll
0x00007ffe20690000 - 0x00007ffe20798000 	C:\Windows\SYSTEM32\WINHTTP.dll
0x00007ffe303c0000 - 0x00007ffe3042a000 	C:\Windows\system32\mswsock.dll
0x00007ffe26b90000 - 0x00007ffe26ba4000 	C:\Program Files\Android\Android Studio\jre\bin\nio.dll

dbghelp: loaded successfully - version: 4.0.5 - missing functions: none
symbol engine: initialized successfully - sym options: 0x614 - pdb path: .;C:\Program Files\Android\Android Studio\jre\bin;C:\Windows\SYSTEM32;C:\Windows\WinSxS\amd64_microsoft.windows.common-controls_6595b64144ccf1df_6.0.19041.1110_none_60b5254171f9507e;C:\Program Files\Android\Android Studio\jre\bin\server

VM Arguments:
java_command: org.jetbrains.kotlin.cli.jvm.K2JVMCompiler @C:\Projects\Andriod\NMedia\app\build\20220730_3287756549256402120.compiler.options
java_class_path (initial): C:\Users\Ekaterina\.gradle\caches\modules-2\files-2.1\org.jetbrains.kotlin\kotlin-compiler-embeddable\1.6.21\97bdd5a752ce73b58ef16c17bc7f0ea2faff7a2e\kotlin-compiler-embeddable-1.6.21.jar;C:\Users\Ekaterina\.gradle\caches\modules-2\files-2.1\org.jetbrains.kotlin\kotlin-reflect\1.6.21\5dc3574d9b7bebfcb4ec6b10ada4aaa9e140bd0b\kotlin-reflect-1.6.21.jar;C:\Users\Ekaterina\.gradle\caches\modules-2\files-2.1\org.jetbrains.kotlin\kotlin-stdlib\1.6.21\11ef67f1900634fd951bad28c53ec957fabbe5b8\kotlin-stdlib-1.6.21.jar;C:\Users\Ekaterina\.gradle\caches\modules-2\files-2.1\org.jetbrains.kotlin\kotlin-script-runtime\1.6.21\99c6675100da5d6d5b1c5a1032f27f28008d101b\kotlin-script-runtime-1.6.21.jar;C:\Users\Ekaterina\.gradle\caches\modules-2\files-2.1\org.jetbrains.kotlin\kotlin-daemon-embeddable\1.6.21\46b78cf392e1c4f10854c3cadba44abb7b82250f\kotlin-daemon-embeddable-1.6.21.jar;C:\Users\Ekaterina\.gradle\caches\modules-2\files-2.1\org.jetbrains.intellij.deps\trove4j\1.0.20200330\3afb14d5f9ceb459d724e907a21145e8ff394f02\trove4j-1.0.20200330.jar;C:\Users\Ekaterina\.gradle\caches\modules-2\files-2.1\net.java.dev.jna\jna\5.6.0\330f2244e9030119ab3030fc3fededc86713d9cc\jna-5.6.0.jar;C:\Users\Ekaterina\.gradle\caches\modules-2\files-2.1\org.jetbrains.kotlin\kotlin-stdlib-common\1.6.21\5e5b55c26dbc80372a920aef60eb774b714559b8\kotlin-stdlib-common-1.6.21.jar;C:\Users\Ekaterina\.gradle\caches\modules-2\files-2.1\org.jetbrains\annotations\13.0\919f0dfe192fb4e063e7dacadee7f8bb9a2672a9\annotations-13.0.jar
Launcher Type: SUN_STANDARD

[Global flags]
     intx CICompilerCount                          = 3                                         {product} {ergonomic}
     uint ConcGCThreads                            = 1                                         {product} {ergonomic}
     uint G1ConcRefinementThreads                  = 4                                         {product} {ergonomic}
   size_t G1HeapRegionSize                         = 1048576                                   {product} {ergonomic}
    uintx GCDrainStackTargetSize                   = 64                                        {product} {ergonomic}
   size_t InitialHeapSize                          = 201326592                                 {product} {ergonomic}
   size_t MarkStackSize                            = 4194304                                   {product} {ergonomic}
   size_t MaxHeapSize                              = 3198156800                                {product} {ergonomic}
   size_t MaxNewSize                               = 1918894080                                {product} {ergonomic}
   size_t MinHeapDeltaBytes                        = 1048576                                   {product} {ergonomic}
    uintx NonNMethodCodeHeapSize                   = 5830732                                {pd product} {ergonomic}
    uintx NonProfiledCodeHeapSize                  = 122913754                              {pd product} {ergonomic}
    uintx ProfiledCodeHeapSize                     = 122913754                              {pd product} {ergonomic}
    uintx ReservedCodeCacheSize                    = 251658240                              {pd product} {ergonomic}
     bool SegmentedCodeCache                       = true                                      {product} {ergonomic}
     bool UseCompressedClassPointers               = true                                 {lp64_product} {ergonomic}
     bool UseCompressedOops                        = true                                 {lp64_product} {ergonomic}
     bool UseG1GC                                  = true                                      {product} {ergonomic}
     bool UseLargePagesIndividualAllocation        = false                                  {pd product} {ergonomic}

Logging:
Log output configuration:
 #0: stdout all=warning uptime,level,tags
 #1: stderr all=off uptime,level,tags

Environment Variables:
PATH=C:\Windows\system32;C:\Windows;C:\Windows\System32\Wbem;C:\Windows\System32\WindowsPowerShell\v1.0\;C:\Program Files\Git\cmd;C:\Users\Ekaterina\AppData\Local\Microsoft\WindowsApps;;C:\Users\Ekaterina\AppData\Local\Programs\Microsoft VS Code\bin
USERNAME=Ekaterina
OS=Windows_NT
PROCESSOR_IDENTIFIER=Intel64 Family 6 Model 142 Stepping 9, GenuineIntel



---------------  S Y S T E M  ---------------

OS: Windows 10 , 64 bit Build 19041 (10.0.19041.1200)
OS uptime: 22 days 2:48 hours

CPU:total 4 (initial active 4) (2 cores per cpu, 2 threads per core) family 6 model 142 stepping 9 microcode 0xb4, cmov, cx8, fxsr, mmx, sse, sse2, sse3, ssse3, sse4.1, sse4.2, popcnt, avx, avx2, aes, clmul, erms, 3dnowpref, lzcnt, ht, tsc, tscinvbit, bmi1, bmi2, adx, fma

Memory: 4k page, system-wide physical 12197M (579M free)
TotalPageFile size 12197M (AvailPageFile size 6M)
current process WorkingSet (physical memory assigned to process): 259M, peak: 259M
current process commit charge ("private bytes"): 422M, peak: 424M

vm_info: OpenJDK 64-Bit Server VM (11.0.12+7-b1504.28-7817840) for windows-amd64 JRE (11.0.12+7-b1504.28-7817840), built on Oct 13 2021 22:12:33 by "builder" with MS VC++ 14.0 (VS2015)

END.
