#
# There is insufficient memory for the Java Runtime Environment to continue.
# Native memory allocation (malloc) failed to allocate 1068736 bytes for Chunk::new
# Possible reasons:
#   The system is out of physical RAM or swap space
#   The process is running with CompressedOops enabled, and the Java Heap may be blocking the growth of the native heap
# Possible solutions:
#   Reduce memory load on the system
#   Increase physical memory or swap space
#   Check if swap backing store is full
#   Decrease Java heap size (-Xmx/-Xms)
#   Decrease number of Java threads
#   Decrease Java thread stack sizes (-Xss)
#   Set larger code cache with -XX:ReservedCodeCacheSize=
#   JVM is running with Unscaled Compressed Oops mode in which the Java heap is
#     placed in the first 4GB address space. The Java Heap base address is the
#     maximum limit for the native heap growth. Please use -XX:HeapBaseMinAddress
#     to set the Java Heap base and to place the Java Heap above 4GB virtual address.
# This output file may be truncated or incomplete.
#
#  Out of Memory Error (./src/hotspot/share/memory/arena.cpp:197), pid=9968, tid=3356
#
# JRE version: OpenJDK Runtime Environment (11.0.12+7) (build 11.0.12+7-b1504.28-7817840)
# Java VM: OpenJDK 64-Bit Server VM (11.0.12+7-b1504.28-7817840, mixed mode, tiered, compressed oops, g1 gc, windows-amd64)
# No core dump will be written. Minidumps are not enabled by default on client versions of Windows
#

---------------  S U M M A R Y ------------

Command Line: --add-opens=java.base/java.util=ALL-UNNAMED --add-opens=java.base/java.lang=ALL-UNNAMED --add-opens=java.base/java.lang.invoke=ALL-UNNAMED --add-opens=java.base/java.util=ALL-UNNAMED --add-opens=java.prefs/java.util.prefs=ALL-UNNAMED --add-opens=java.prefs/java.util.prefs=ALL-UNNAMED --add-opens=java.base/java.nio.charset=ALL-UNNAMED --add-opens=java.base/java.net=ALL-UNNAMED --add-opens=java.base/java.util.concurrent.atomic=ALL-UNNAMED -Xmx2048m -Dfile.encoding=UTF-8 -Duser.country=RU -Duser.language=ru -Duser.variant org.gradle.launcher.daemon.bootstrap.GradleDaemon 7.3.3

Host: Intel(R) Core(TM) i3-7020U CPU @ 2.30GHz, 4 cores, 11G,  Windows 10 , 64 bit Build 19041 (10.0.19041.1200)
Time: Wed Jul  6 19:35:00 2022 RTZ 2 (зима) elapsed time: 18.564460 seconds (0d 0h 0m 18s)

---------------  T H R E A D  ---------------

Current thread (0x000001aa9ab22000):  JavaThread "C2 CompilerThread0" daemon [_thread_in_native, id=3356, stack(0x00000074bcb00000,0x00000074bcc00000)]


Current CompileTask:
C2:  18564 8290       4       org.codehaus.groovy.runtime.metaclass.MetaMethodIndex::copyNonPrivateNonNewMetaMethods (171 bytes)

Stack: [0x00000074bcb00000,0x00000074bcc00000]
Native frames: (J=compiled Java code, j=interpreted, Vv=VM code, C=native code)
V  [jvm.dll+0x5fbcea]
V  [jvm.dll+0x731905]
V  [jvm.dll+0x732f1d]
V  [jvm.dll+0x7335d3]
V  [jvm.dll+0x247bf8]
V  [jvm.dll+0xc018c]
V  [jvm.dll+0xc06cc]
V  [jvm.dll+0x2bcc04]
V  [jvm.dll+0x5113a8]
V  [jvm.dll+0x208303]
V  [jvm.dll+0x201fe0]
V  [jvm.dll+0x1ff71f]
V  [jvm.dll+0x18868c]
V  [jvm.dll+0x20e0d7]
V  [jvm.dll+0x20c901]
V  [jvm.dll+0x6f9b7f]
V  [jvm.dll+0x6f26a5]
V  [jvm.dll+0x5fabf6]
C  [ucrtbase.dll+0x21bb2]
C  [KERNEL32.DLL+0x17034]
C  [ntdll.dll+0x52651]


---------------  P R O C E S S  ---------------

Threads class SMR info:
_java_thread_list=0x000001aaa02602c0, length=79, elements={
0x000001aafc67a800, 0x000001aa9a300800, 0x000001aa9a303800, 0x000001aa9ab1d000,
0x000001aa9ab1f000, 0x000001aa9ab20800, 0x000001aa9ab22000, 0x000001aa9ab6b000,
0x000001aa9ab72000, 0x000001aa9accf000, 0x000001aa9c612000, 0x000001aa9e216800,
0x000001aa9c564000, 0x000001aa9d714000, 0x000001aa9d226000, 0x000001aa9d096800,
0x000001aa9cf46000, 0x000001aa9ce6b800, 0x000001aa9ce6b000, 0x000001aa9ce69000,
0x000001aa9ce68800, 0x000001aa9ce6c800, 0x000001aa9ce66800, 0x000001aa9ce6d000,
0x000001aa9ce6a000, 0x000001aa9ce67800, 0x000001aa9df26800, 0x000001aa9df29800,
0x000001aa9df2d000, 0x000001aa9df28800, 0x000001aa9df27000, 0x000001aa9df2d800,
0x000001aa9df28000, 0x000001aa9df2f800, 0x000001aa9df31000, 0x000001aa9df32800,
0x000001aa9df2e800, 0x000001aa9df31800, 0x000001aa9df33800, 0x000001aa9df34000,
0x000001aa9df35000, 0x000001aa9d1ca800, 0x000001aa9d1cd800, 0x000001aa9d1cb000,
0x000001aa9d1cc000, 0x000001aa9d1c9800, 0x000001aa9d1d0000, 0x000001aa9d1d1000,
0x000001aa9d1ce800, 0x000001aa9d1d1800, 0x000001aa9d1cf000, 0x000001aa9d1d2800,
0x000001aa9d1cd000, 0x000001aa9d1d6800, 0x000001aa9d1d3800, 0x000001aa9d1d5000,
0x000001aa9d1d6000, 0x000001aa9d1d4000, 0x000001aa9d1d7800, 0x000001aa9d1d8000,
0x000001aa9dba4000, 0x000001aa9dba7000, 0x000001aa9dba5800, 0x000001aa9dba6800,
0x000001aa9dba9000, 0x000001aa9dba8000, 0x000001aa9dba4800, 0x000001aa9dbad800,
0x000001aa9dbaf800, 0x000001aa9dbac000, 0x000001aa9dbab000, 0x000001aa9dbae800,
0x000001aa9dbaa800, 0x000001aa9dbad000, 0x000001aa9dba9800, 0x000001aa9dbb0000,
0x000001aa9dbb1000, 0x000001aa9dbb2000, 0x000001aa9dbb2800
}

Java Threads: ( => current thread )
  0x000001aafc67a800 JavaThread "main" [_thread_blocked, id=5500, stack(0x00000074bbf00000,0x00000074bc000000)]
  0x000001aa9a300800 JavaThread "Reference Handler" daemon [_thread_blocked, id=8500, stack(0x00000074bc600000,0x00000074bc700000)]
  0x000001aa9a303800 JavaThread "Finalizer" daemon [_thread_blocked, id=4760, stack(0x00000074bc700000,0x00000074bc800000)]
  0x000001aa9ab1d000 JavaThread "Signal Dispatcher" daemon [_thread_blocked, id=9488, stack(0x00000074bc800000,0x00000074bc900000)]
  0x000001aa9ab1f000 JavaThread "Attach Listener" daemon [_thread_blocked, id=9232, stack(0x00000074bc900000,0x00000074bca00000)]
  0x000001aa9ab20800 JavaThread "Service Thread" daemon [_thread_blocked, id=5256, stack(0x00000074bca00000,0x00000074bcb00000)]
=>0x000001aa9ab22000 JavaThread "C2 CompilerThread0" daemon [_thread_in_native, id=3356, stack(0x00000074bcb00000,0x00000074bcc00000)]
  0x000001aa9ab6b000 JavaThread "C1 CompilerThread0" daemon [_thread_blocked, id=604, stack(0x00000074bcc00000,0x00000074bcd00000)]
  0x000001aa9ab72000 JavaThread "Sweeper thread" daemon [_thread_blocked, id=9464, stack(0x00000074bcd00000,0x00000074bce00000)]
  0x000001aa9accf000 JavaThread "Common-Cleaner" daemon [_thread_blocked, id=3680, stack(0x00000074bce00000,0x00000074bcf00000)]
  0x000001aa9c612000 JavaThread "Daemon health stats" [_thread_blocked, id=6868, stack(0x00000074bd400000,0x00000074bd500000)]
  0x000001aa9e216800 JavaThread "Incoming local TCP Connector on port 55826" [_thread_in_native, id=844, stack(0x00000074bd000000,0x00000074bd100000)]
  0x000001aa9c564000 JavaThread "Daemon periodic checks" [_thread_blocked, id=6376, stack(0x00000074bd500000,0x00000074bd600000)]
  0x000001aa9d714000 JavaThread "Daemon" [_thread_blocked, id=8688, stack(0x00000074bd600000,0x00000074bd700000)]
  0x000001aa9d226000 JavaThread "Handler for socket connection from /127.0.0.1:55826 to /127.0.0.1:55827" [_thread_in_native, id=5952, stack(0x00000074bd700000,0x00000074bd800000)]
  0x000001aa9d096800 JavaThread "Cancel handler" [_thread_blocked, id=1476, stack(0x00000074bd800000,0x00000074bd900000)]
  0x000001aa9cf46000 JavaThread "Daemon worker" [_thread_in_Java, id=6252, stack(0x00000074bd900000,0x00000074bda00000)]
  0x000001aa9ce6b800 JavaThread "Asynchronous log dispatcher for DefaultDaemonConnection: socket connection from /127.0.0.1:55826 to /127.0.0.1:55827" [_thread_blocked, id=3748, stack(0x00000074bda00000,0x00000074bdb00000)]
  0x000001aa9ce6b000 JavaThread "Stdin handler" [_thread_blocked, id=3728, stack(0x00000074bdb00000,0x00000074bdc00000)]
  0x000001aa9ce69000 JavaThread "Daemon client event forwarder" [_thread_blocked, id=6016, stack(0x00000074bdc00000,0x00000074bdd00000)]
  0x000001aa9ce68800 JavaThread "Cache worker for journal cache (C:\Users\Ekaterina\.gradle\caches\journal-1)" [_thread_blocked, id=8124, stack(0x00000074bde00000,0x00000074bdf00000)]
  0x000001aa9ce6c800 JavaThread "File lock request listener" [_thread_in_native, id=7040, stack(0x00000074bdf00000,0x00000074be000000)]
  0x000001aa9ce66800 JavaThread "Cache worker for file hash cache (C:\Users\Ekaterina\.gradle\caches\7.3.3\fileHashes)" [_thread_blocked, id=8980, stack(0x00000074be000000,0x00000074be100000)]
  0x000001aa9ce6d000 JavaThread "Cache worker for file hash cache (C:\Projects\Andriod\NMedia\.gradle\7.3.3\fileHashes)" [_thread_blocked, id=7140, stack(0x00000074be100000,0x00000074be200000)]
  0x000001aa9ce6a000 JavaThread "File watcher server" daemon [_thread_in_native, id=4136, stack(0x00000074be200000,0x00000074be300000)]
  0x000001aa9ce67800 JavaThread "File watcher consumer" daemon [_thread_blocked, id=5080, stack(0x00000074be300000,0x00000074be400000)]
  0x000001aa9df26800 JavaThread "Cache worker for checksums cache (C:\Projects\Andriod\NMedia\.gradle\7.3.3\checksums)" [_thread_blocked, id=768, stack(0x00000074be400000,0x00000074be500000)]
  0x000001aa9df29800 JavaThread "Cache worker for cache directory md-supplier (C:\Users\Ekaterina\.gradle\caches\7.3.3\md-supplier)" [_thread_blocked, id=10100, stack(0x00000074be500000,0x00000074be600000)]
  0x000001aa9df2d000 JavaThread "Cache worker for cache directory md-rule (C:\Users\Ekaterina\.gradle\caches\7.3.3\md-rule)" [_thread_blocked, id=9856, stack(0x00000074be600000,0x00000074be700000)]
  0x000001aa9df28800 JavaThread "Cache worker for execution history cache (C:\Users\Ekaterina\.gradle\caches\7.3.3\executionHistory)" [_thread_blocked, id=4888, stack(0x00000074be700000,0x00000074be800000)]
  0x000001aa9df27000 JavaThread "jar transforms" [_thread_blocked, id=2704, stack(0x00000074be800000,0x00000074be900000)]
  0x000001aa9df2d800 JavaThread "Cache worker for file content cache (C:\Users\Ekaterina\.gradle\caches\7.3.3\fileContent)" [_thread_blocked, id=9108, stack(0x00000074be900000,0x00000074bea00000)]
  0x000001aa9df28000 JavaThread "jar transforms Thread 2" [_thread_blocked, id=3916, stack(0x00000074bea00000,0x00000074beb00000)]
  0x000001aa9df2f800 JavaThread "Cache worker for dependencies-accessors (C:\Projects\Andriod\NMedia\.gradle\7.3.3\dependencies-accessors)" [_thread_blocked, id=4440, stack(0x00000074beb00000,0x00000074bec00000)]
  0x000001aa9df31000 JavaThread "jar transforms Thread 3" [_thread_blocked, id=8720, stack(0x00000074bec00000,0x00000074bed00000)]
  0x000001aa9df32800 JavaThread "Cache worker for Build Output Cleanup Cache (C:\Projects\Andriod\NMedia\.gradle\buildOutputCleanup)" [_thread_blocked, id=5932, stack(0x00000074bed00000,0x00000074bee00000)]
  0x000001aa9df2e800 JavaThread "C2 CompilerThread1" daemon [_thread_in_native, id=7360, stack(0x00000074bdd00000,0x00000074bde00000)]
  0x000001aa9df31800 JavaThread "Unconstrained build operations" [_thread_blocked, id=5352, stack(0x00000074bef00000,0x00000074bf000000)]
  0x000001aa9df33800 JavaThread "Unconstrained build operations Thread 2" [_thread_blocked, id=8272, stack(0x00000074bf000000,0x00000074bf100000)]
  0x000001aa9df34000 JavaThread "Unconstrained build operations Thread 3" [_thread_blocked, id=7788, stack(0x00000074bf100000,0x00000074bf200000)]
  0x000001aa9df35000 JavaThread "Unconstrained build operations Thread 4" [_thread_blocked, id=6772, stack(0x00000074bf200000,0x00000074bf300000)]
  0x000001aa9d1ca800 JavaThread "Unconstrained build operations Thread 5" [_thread_blocked, id=804, stack(0x00000074bf300000,0x00000074bf400000)]
  0x000001aa9d1cd800 JavaThread "Unconstrained build operations Thread 6" [_thread_blocked, id=5824, stack(0x00000074bf400000,0x00000074bf500000)]
  0x000001aa9d1cb000 JavaThread "Unconstrained build operations Thread 7" [_thread_blocked, id=4396, stack(0x00000074bf500000,0x00000074bf600000)]
  0x000001aa9d1cc000 JavaThread "Unconstrained build operations Thread 8" [_thread_blocked, id=9592, stack(0x00000074bf600000,0x00000074bf700000)]
  0x000001aa9d1c9800 JavaThread "Unconstrained build operations Thread 9" [_thread_blocked, id=3364, stack(0x00000074bf700000,0x00000074bf800000)]
  0x000001aa9d1d0000 JavaThread "Unconstrained build operations Thread 10" [_thread_blocked, id=8484, stack(0x00000074bf800000,0x00000074bf900000)]
  0x000001aa9d1d1000 JavaThread "Unconstrained build operations Thread 11" [_thread_blocked, id=7192, stack(0x00000074bf900000,0x00000074bfa00000)]
  0x000001aa9d1ce800 JavaThread "Unconstrained build operations Thread 12" [_thread_blocked, id=8924, stack(0x00000074bfa00000,0x00000074bfb00000)]
  0x000001aa9d1d1800 JavaThread "Unconstrained build operations Thread 13" [_thread_blocked, id=8464, stack(0x00000074bfb00000,0x00000074bfc00000)]
  0x000001aa9d1cf000 JavaThread "Unconstrained build operations Thread 14" [_thread_blocked, id=8076, stack(0x00000074bfc00000,0x00000074bfd00000)]
  0x000001aa9d1d2800 JavaThread "Unconstrained build operations Thread 15" [_thread_blocked, id=6424, stack(0x00000074bfd00000,0x00000074bfe00000)]
  0x000001aa9d1cd000 JavaThread "Unconstrained build operations Thread 16" [_thread_blocked, id=2288, stack(0x00000074bfe00000,0x00000074bff00000)]
  0x000001aa9d1d6800 JavaThread "Unconstrained build operations Thread 17" [_thread_blocked, id=4732, stack(0x00000074bff00000,0x00000074c0000000)]
  0x000001aa9d1d3800 JavaThread "Unconstrained build operations Thread 18" [_thread_blocked, id=7572, stack(0x00000074c0000000,0x00000074c0100000)]
  0x000001aa9d1d5000 JavaThread "Unconstrained build operations Thread 19" [_thread_blocked, id=892, stack(0x00000074c0100000,0x00000074c0200000)]
  0x000001aa9d1d6000 JavaThread "Unconstrained build operations Thread 20" [_thread_blocked, id=3272, stack(0x00000074c0200000,0x00000074c0300000)]
  0x000001aa9d1d4000 JavaThread "Unconstrained build operations Thread 21" [_thread_blocked, id=3548, stack(0x00000074c0300000,0x00000074c0400000)]
  0x000001aa9d1d7800 JavaThread "Unconstrained build operations Thread 22" [_thread_blocked, id=2816, stack(0x00000074c0400000,0x00000074c0500000)]
  0x000001aa9d1d8000 JavaThread "Unconstrained build operations Thread 23" [_thread_blocked, id=856, stack(0x00000074c0500000,0x00000074c0600000)]
  0x000001aa9dba4000 JavaThread "Unconstrained build operations Thread 24" [_thread_blocked, id=7460, stack(0x00000074c0600000,0x00000074c0700000)]
  0x000001aa9dba7000 JavaThread "Unconstrained build operations Thread 25" [_thread_blocked, id=6024, stack(0x00000074c0700000,0x00000074c0800000)]
  0x000001aa9dba5800 JavaThread "Unconstrained build operations Thread 26" [_thread_blocked, id=5616, stack(0x00000074c0800000,0x00000074c0900000)]
  0x000001aa9dba6800 JavaThread "Unconstrained build operations Thread 27" [_thread_blocked, id=8136, stack(0x00000074c0900000,0x00000074c0a00000)]
  0x000001aa9dba9000 JavaThread "Unconstrained build operations Thread 28" [_thread_blocked, id=1372, stack(0x00000074c0a00000,0x00000074c0b00000)]
  0x000001aa9dba8000 JavaThread "Unconstrained build operations Thread 29" [_thread_blocked, id=2864, stack(0x00000074c0b00000,0x00000074c0c00000)]
  0x000001aa9dba4800 JavaThread "Unconstrained build operations Thread 30" [_thread_blocked, id=2324, stack(0x00000074c0c00000,0x00000074c0d00000)]
  0x000001aa9dbad800 JavaThread "Unconstrained build operations Thread 31" [_thread_blocked, id=6256, stack(0x00000074c0d00000,0x00000074c0e00000)]
  0x000001aa9dbaf800 JavaThread "Unconstrained build operations Thread 32" [_thread_blocked, id=4748, stack(0x00000074c0e00000,0x00000074c0f00000)]
  0x000001aa9dbac000 JavaThread "Unconstrained build operations Thread 33" [_thread_blocked, id=4644, stack(0x00000074c0f00000,0x00000074c1000000)]
  0x000001aa9dbab000 JavaThread "Unconstrained build operations Thread 34" [_thread_blocked, id=7380, stack(0x00000074c1000000,0x00000074c1100000)]
  0x000001aa9dbae800 JavaThread "Unconstrained build operations Thread 35" [_thread_blocked, id=6484, stack(0x00000074c1100000,0x00000074c1200000)]
  0x000001aa9dbaa800 JavaThread "Unconstrained build operations Thread 36" [_thread_blocked, id=3008, stack(0x00000074c1200000,0x00000074c1300000)]
  0x000001aa9dbad000 JavaThread "Unconstrained build operations Thread 37" [_thread_blocked, id=5700, stack(0x00000074c1300000,0x00000074c1400000)]
  0x000001aa9dba9800 JavaThread "Unconstrained build operations Thread 38" [_thread_blocked, id=3956, stack(0x00000074c1400000,0x00000074c1500000)]
  0x000001aa9dbb0000 JavaThread "Unconstrained build operations Thread 39" [_thread_blocked, id=6100, stack(0x00000074c1500000,0x00000074c1600000)]
  0x000001aa9dbb1000 JavaThread "Unconstrained build operations Thread 40" [_thread_blocked, id=10140, stack(0x00000074c1600000,0x00000074c1700000)]
  0x000001aa9dbb2000 JavaThread "jar transforms Thread 4" [_thread_blocked, id=3992, stack(0x00000074c1700000,0x00000074c1800000)]
  0x000001aa9dbb2800 JavaThread "Memory manager" [_thread_blocked, id=6356, stack(0x00000074c1800000,0x00000074c1900000)]

Other Threads:
  0x000001aa9a2ea000 VMThread "VM Thread" [stack: 0x00000074bc500000,0x00000074bc600000] [id=448]
  0x000001aa9acf4000 WatcherThread [stack: 0x00000074bcf00000,0x00000074bd000000] [id=7300]
  0x000001aafc694000 GCTaskThread "GC Thread#0" [stack: 0x00000074bc000000,0x00000074bc100000] [id=4920]
  0x000001aa9b922800 GCTaskThread "GC Thread#1" [stack: 0x00000074bd100000,0x00000074bd200000] [id=4360]
  0x000001aa9b1e4000 GCTaskThread "GC Thread#2" [stack: 0x00000074bd200000,0x00000074bd300000] [id=72]
  0x000001aa9af04000 GCTaskThread "GC Thread#3" [stack: 0x00000074bd300000,0x00000074bd400000] [id=8660]
  0x000001aafc6c4800 ConcurrentGCThread "G1 Main Marker" [stack: 0x00000074bc100000,0x00000074bc200000] [id=5708]
  0x000001aafc6c6000 ConcurrentGCThread "G1 Conc#0" [stack: 0x00000074bc200000,0x00000074bc300000] [id=3464]
  0x000001aa9a13e800 ConcurrentGCThread "G1 Refine#0" [stack: 0x00000074bc300000,0x00000074bc400000] [id=9208]
  0x000001aa9a13f000 ConcurrentGCThread "G1 Young RemSet Sampling" [stack: 0x00000074bc400000,0x00000074bc500000] [id=9956]

Threads with active compile tasks:
C2 CompilerThread0  18585 8290       4       org.codehaus.groovy.runtime.metaclass.MetaMethodIndex::copyNonPrivateNonNewMetaMethods (171 bytes)
C2 CompilerThread1  18585 8201 %     4       org.gradle.internal.instantiation.generator.AbstractClassGenerator::inspectType @ 250 (560 bytes)

VM state:not at safepoint (normal execution)

VM Mutex/Monitor currently owned by a thread: None

Heap address: 0x0000000080000000, size: 2048 MB, Compressed Oops mode: 32-bit
Narrow klass base: 0x0000000000000000, Narrow klass shift: 3
Compressed class space size: 1073741824 Address: 0x0000000100000000

Heap:
 garbage-first heap   total 284672K, used 210270K [0x0000000080000000, 0x0000000100000000)
  region size 1024K, 163 young (166912K), 17 survivors (17408K)
 Metaspace       used 81804K, capacity 83515K, committed 83712K, reserved 1122304K
  class space    used 10539K, capacity 11198K, committed 11264K, reserved 1048576K
Heap Regions: E=young(eden), S=young(survivor), O=old, HS=humongous(starts), HC=humongous(continues), CS=collection set, F=free, A=archive, TAMS=top-at-mark-start (previous, next)
|   0|0x0000000080000000, 0x0000000080100000, 0x0000000080100000|100%| O|  |TAMS 0x0000000080100000, 0x0000000080000000| Untracked 
|   1|0x0000000080100000, 0x0000000080200000, 0x0000000080200000|100%| O|  |TAMS 0x0000000080200000, 0x0000000080100000| Untracked 
|   2|0x0000000080200000, 0x0000000080300000, 0x0000000080300000|100%| O|  |TAMS 0x0000000080300000, 0x0000000080200000| Untracked 
|   3|0x0000000080300000, 0x0000000080400000, 0x0000000080400000|100%|HS|  |TAMS 0x0000000080400000, 0x0000000080300000| Complete 
|   4|0x0000000080400000, 0x0000000080500000, 0x0000000080500000|100%|HC|  |TAMS 0x0000000080500000, 0x0000000080400000| Complete 
|   5|0x0000000080500000, 0x0000000080600000, 0x0000000080600000|100%|HC|  |TAMS 0x0000000080600000, 0x0000000080500000| Complete 
|   6|0x0000000080600000, 0x0000000080700000, 0x0000000080700000|100%| O|  |TAMS 0x0000000080700000, 0x0000000080600000| Untracked 
|   7|0x0000000080700000, 0x0000000080800000, 0x0000000080800000|100%| O|  |TAMS 0x0000000080800000, 0x0000000080700000| Untracked 
|   8|0x0000000080800000, 0x0000000080900000, 0x0000000080900000|100%| O|  |TAMS 0x0000000080900000, 0x0000000080800000| Untracked 
|   9|0x0000000080900000, 0x0000000080a00000, 0x0000000080a00000|100%| O|  |TAMS 0x0000000080a00000, 0x0000000080900000| Untracked 
|  10|0x0000000080a00000, 0x0000000080b00000, 0x0000000080b00000|100%| O|  |TAMS 0x0000000080b00000, 0x0000000080a00000| Untracked 
|  11|0x0000000080b00000, 0x0000000080c00000, 0x0000000080c00000|100%| O|  |TAMS 0x0000000080c00000, 0x0000000080b00000| Untracked 
|  12|0x0000000080c00000, 0x0000000080d00000, 0x0000000080d00000|100%| O|  |TAMS 0x0000000080d00000, 0x0000000080c00000| Untracked 
|  13|0x0000000080d00000, 0x0000000080e00000, 0x0000000080e00000|100%| O|  |TAMS 0x0000000080e00000, 0x0000000080d00000| Untracked 
|  14|0x0000000080e00000, 0x0000000080f00000, 0x0000000080f00000|100%| O|  |TAMS 0x0000000080f00000, 0x0000000080e00000| Untracked 
|  15|0x0000000080f00000, 0x0000000081000000, 0x0000000081000000|100%| O|  |TAMS 0x0000000081000000, 0x0000000080f00000| Untracked 
|  16|0x0000000081000000, 0x0000000081100000, 0x0000000081100000|100%| O|  |TAMS 0x0000000081100000, 0x0000000081000000| Untracked 
|  17|0x0000000081100000, 0x0000000081200000, 0x0000000081200000|100%| O|  |TAMS 0x0000000081200000, 0x0000000081100000| Untracked 
|  18|0x0000000081200000, 0x0000000081300000, 0x0000000081300000|100%| O|  |TAMS 0x0000000081300000, 0x0000000081200000| Untracked 
|  19|0x0000000081300000, 0x0000000081400000, 0x0000000081400000|100%| O|  |TAMS 0x0000000081400000, 0x0000000081300000| Untracked 
|  20|0x0000000081400000, 0x0000000081500000, 0x0000000081500000|100%| O|  |TAMS 0x0000000081500000, 0x0000000081400000| Untracked 
|  21|0x0000000081500000, 0x0000000081600000, 0x0000000081600000|100%| O|  |TAMS 0x0000000081600000, 0x0000000081500000| Untracked 
|  22|0x0000000081600000, 0x0000000081700000, 0x0000000081700000|100%|HS|  |TAMS 0x0000000081700000, 0x0000000081600000| Complete 
|  23|0x0000000081700000, 0x0000000081800000, 0x0000000081800000|100%|HS|  |TAMS 0x0000000081800000, 0x0000000081700000| Complete 
|  24|0x0000000081800000, 0x0000000081900000, 0x0000000081900000|100%|HS|  |TAMS 0x0000000081900000, 0x0000000081800000| Complete 
|  25|0x0000000081900000, 0x0000000081a00000, 0x0000000081a00000|100%|HS|  |TAMS 0x0000000081a00000, 0x0000000081900000| Complete 
|  26|0x0000000081a00000, 0x0000000081b00000, 0x0000000081b00000|100%|HC|  |TAMS 0x0000000081b00000, 0x0000000081a00000| Complete 
|  27|0x0000000081b00000, 0x0000000081c00000, 0x0000000081c00000|100%|HC|  |TAMS 0x0000000081c00000, 0x0000000081b00000| Complete 
|  28|0x0000000081c00000, 0x0000000081d00000, 0x0000000081d00000|100%|HS|  |TAMS 0x0000000081d00000, 0x0000000081c00000| Complete 
|  29|0x0000000081d00000, 0x0000000081e00000, 0x0000000081e00000|100%|HC|  |TAMS 0x0000000081e00000, 0x0000000081d00000| Complete 
|  30|0x0000000081e00000, 0x0000000081f00000, 0x0000000081f00000|100%| O|  |TAMS 0x0000000081f00000, 0x0000000081e00000| Untracked 
|  31|0x0000000081f00000, 0x0000000082000000, 0x0000000082000000|100%| O|  |TAMS 0x0000000082000000, 0x0000000081f00000| Untracked 
|  32|0x0000000082000000, 0x0000000082100000, 0x0000000082100000|100%| O|  |TAMS 0x0000000082100000, 0x0000000082000000| Untracked 
|  33|0x0000000082100000, 0x0000000082200000, 0x0000000082200000|100%| O|  |TAMS 0x0000000082200000, 0x0000000082100000| Untracked 
|  34|0x0000000082200000, 0x0000000082300000, 0x0000000082300000|100%| O|  |TAMS 0x0000000082300000, 0x0000000082200000| Untracked 
|  35|0x0000000082300000, 0x0000000082400000, 0x0000000082400000|100%| O|  |TAMS 0x0000000082400000, 0x0000000082300000| Untracked 
|  36|0x0000000082400000, 0x0000000082500000, 0x0000000082500000|100%| O|  |TAMS 0x0000000082500000, 0x0000000082400000| Untracked 
|  37|0x0000000082500000, 0x0000000082600000, 0x0000000082600000|100%| O|  |TAMS 0x0000000082578800, 0x0000000082500000| Untracked 
|  38|0x0000000082600000, 0x0000000082600000, 0x0000000082700000|  0%| F|  |TAMS 0x0000000082600000, 0x0000000082600000| Untracked 
|  39|0x0000000082700000, 0x0000000082800000, 0x0000000082800000|100%| O|  |TAMS 0x0000000082700000, 0x0000000082700000| Untracked 
|  40|0x0000000082800000, 0x0000000082900000, 0x0000000082900000|100%| O|  |TAMS 0x0000000082800000, 0x0000000082800000| Untracked 
|  41|0x0000000082900000, 0x0000000082a00000, 0x0000000082a00000|100%| O|  |TAMS 0x0000000082900000, 0x0000000082900000| Untracked 
|  42|0x0000000082a00000, 0x0000000082b00000, 0x0000000082b00000|100%| O|  |TAMS 0x0000000082a00000, 0x0000000082a00000| Untracked 
|  43|0x0000000082b00000, 0x0000000082c00000, 0x0000000082c00000|100%| O|  |TAMS 0x0000000082b00000, 0x0000000082b00000| Untracked 
|  44|0x0000000082c00000, 0x0000000082c57800, 0x0000000082d00000| 34%| O|  |TAMS 0x0000000082c00000, 0x0000000082c00000| Untracked 
|  45|0x0000000082d00000, 0x0000000082d00000, 0x0000000082e00000|  0%| F|  |TAMS 0x0000000082d00000, 0x0000000082d00000| Untracked 
|  46|0x0000000082e00000, 0x0000000082e00000, 0x0000000082f00000|  0%| F|  |TAMS 0x0000000082e00000, 0x0000000082e00000| Untracked 
|  47|0x0000000082f00000, 0x0000000082f00000, 0x0000000083000000|  0%| F|  |TAMS 0x0000000082f00000, 0x0000000082f00000| Untracked 
|  48|0x0000000083000000, 0x0000000083000000, 0x0000000083100000|  0%| F|  |TAMS 0x0000000083000000, 0x0000000083000000| Untracked 
|  49|0x0000000083100000, 0x0000000083100000, 0x0000000083200000|  0%| F|  |TAMS 0x0000000083100000, 0x0000000083100000| Untracked 
|  50|0x0000000083200000, 0x0000000083200000, 0x0000000083300000|  0%| F|  |TAMS 0x0000000083200000, 0x0000000083200000| Untracked 
|  51|0x0000000083300000, 0x0000000083300000, 0x0000000083400000|  0%| F|  |TAMS 0x0000000083300000, 0x0000000083300000| Untracked 
|  52|0x0000000083400000, 0x0000000083400000, 0x0000000083500000|  0%| F|  |TAMS 0x0000000083400000, 0x0000000083400000| Untracked 
|  53|0x0000000083500000, 0x0000000083500000, 0x0000000083600000|  0%| F|  |TAMS 0x0000000083500000, 0x0000000083500000| Untracked 
|  54|0x0000000083600000, 0x0000000083600000, 0x0000000083700000|  0%| F|  |TAMS 0x0000000083600000, 0x0000000083600000| Untracked 
|  55|0x0000000083700000, 0x0000000083700000, 0x0000000083800000|  0%| F|  |TAMS 0x0000000083700000, 0x0000000083700000| Untracked 
|  56|0x0000000083800000, 0x0000000083800000, 0x0000000083900000|  0%| F|  |TAMS 0x0000000083800000, 0x0000000083800000| Untracked 
|  57|0x0000000083900000, 0x0000000083900000, 0x0000000083a00000|  0%| F|  |TAMS 0x0000000083900000, 0x0000000083900000| Untracked 
|  58|0x0000000083a00000, 0x0000000083a00000, 0x0000000083b00000|  0%| F|  |TAMS 0x0000000083a00000, 0x0000000083a00000| Untracked 
|  59|0x0000000083b00000, 0x0000000083b00000, 0x0000000083c00000|  0%| F|  |TAMS 0x0000000083b00000, 0x0000000083b00000| Untracked 
|  60|0x0000000083c00000, 0x0000000083c00000, 0x0000000083d00000|  0%| F|  |TAMS 0x0000000083c00000, 0x0000000083c00000| Untracked 
|  61|0x0000000083d00000, 0x0000000083d00000, 0x0000000083e00000|  0%| F|  |TAMS 0x0000000083d00000, 0x0000000083d00000| Untracked 
|  62|0x0000000083e00000, 0x0000000083e00000, 0x0000000083f00000|  0%| F|  |TAMS 0x0000000083e00000, 0x0000000083e00000| Untracked 
|  63|0x0000000083f00000, 0x0000000083f00000, 0x0000000084000000|  0%| F|  |TAMS 0x0000000083f00000, 0x0000000083f00000| Untracked 
|  64|0x0000000084000000, 0x0000000084000000, 0x0000000084100000|  0%| F|  |TAMS 0x0000000084000000, 0x0000000084000000| Untracked 
|  65|0x0000000084100000, 0x0000000084100000, 0x0000000084200000|  0%| F|  |TAMS 0x0000000084100000, 0x0000000084100000| Untracked 
|  66|0x0000000084200000, 0x0000000084200000, 0x0000000084300000|  0%| F|  |TAMS 0x0000000084200000, 0x0000000084200000| Untracked 
|  67|0x0000000084300000, 0x0000000084300000, 0x0000000084400000|  0%| F|  |TAMS 0x0000000084300000, 0x0000000084300000| Untracked 
|  68|0x0000000084400000, 0x0000000084400000, 0x0000000084500000|  0%| F|  |TAMS 0x0000000084400000, 0x0000000084400000| Untracked 
|  69|0x0000000084500000, 0x0000000084500000, 0x0000000084600000|  0%| F|  |TAMS 0x0000000084500000, 0x0000000084500000| Untracked 
|  70|0x0000000084600000, 0x0000000084600000, 0x0000000084700000|  0%| F|  |TAMS 0x0000000084600000, 0x0000000084600000| Untracked 
|  71|0x0000000084700000, 0x0000000084700000, 0x0000000084800000|  0%| F|  |TAMS 0x0000000084700000, 0x0000000084700000| Untracked 
|  72|0x0000000084800000, 0x0000000084800000, 0x0000000084900000|  0%| F|  |TAMS 0x0000000084800000, 0x0000000084800000| Untracked 
|  73|0x0000000084900000, 0x0000000084900000, 0x0000000084a00000|  0%| F|  |TAMS 0x0000000084900000, 0x0000000084900000| Untracked 
|  74|0x0000000084a00000, 0x0000000084a00000, 0x0000000084b00000|  0%| F|  |TAMS 0x0000000084a00000, 0x0000000084a00000| Untracked 
|  75|0x0000000084b00000, 0x0000000084b00000, 0x0000000084c00000|  0%| F|  |TAMS 0x0000000084b00000, 0x0000000084b00000| Untracked 
|  76|0x0000000084c00000, 0x0000000084d00000, 0x0000000084d00000|100%| S|CS|TAMS 0x0000000084c00000, 0x0000000084c00000| Complete 
|  77|0x0000000084d00000, 0x0000000084e00000, 0x0000000084e00000|100%| S|CS|TAMS 0x0000000084d00000, 0x0000000084d00000| Complete 
|  78|0x0000000084e00000, 0x0000000084f00000, 0x0000000084f00000|100%| S|CS|TAMS 0x0000000084e00000, 0x0000000084e00000| Complete 
|  79|0x0000000084f00000, 0x0000000085000000, 0x0000000085000000|100%| S|CS|TAMS 0x0000000084f00000, 0x0000000084f00000| Complete 
|  80|0x0000000085000000, 0x0000000085100000, 0x0000000085100000|100%| S|CS|TAMS 0x0000000085000000, 0x0000000085000000| Complete 
|  81|0x0000000085100000, 0x0000000085200000, 0x0000000085200000|100%| S|CS|TAMS 0x0000000085100000, 0x0000000085100000| Complete 
|  82|0x0000000085200000, 0x0000000085300000, 0x0000000085300000|100%| S|CS|TAMS 0x0000000085200000, 0x0000000085200000| Complete 
|  83|0x0000000085300000, 0x0000000085400000, 0x0000000085400000|100%| S|CS|TAMS 0x0000000085300000, 0x0000000085300000| Complete 
|  84|0x0000000085400000, 0x0000000085500000, 0x0000000085500000|100%| S|CS|TAMS 0x0000000085400000, 0x0000000085400000| Complete 
|  85|0x0000000085500000, 0x0000000085600000, 0x0000000085600000|100%| S|CS|TAMS 0x0000000085500000, 0x0000000085500000| Complete 
|  86|0x0000000085600000, 0x0000000085700000, 0x0000000085700000|100%| S|CS|TAMS 0x0000000085600000, 0x0000000085600000| Complete 
|  87|0x0000000085700000, 0x0000000085800000, 0x0000000085800000|100%| S|CS|TAMS 0x0000000085700000, 0x0000000085700000| Complete 
|  88|0x0000000085800000, 0x0000000085900000, 0x0000000085900000|100%| S|CS|TAMS 0x0000000085800000, 0x0000000085800000| Complete 
|  89|0x0000000085900000, 0x0000000085a00000, 0x0000000085a00000|100%| S|CS|TAMS 0x0000000085900000, 0x0000000085900000| Complete 
|  90|0x0000000085a00000, 0x0000000085b00000, 0x0000000085b00000|100%| S|CS|TAMS 0x0000000085a00000, 0x0000000085a00000| Complete 
|  91|0x0000000085b00000, 0x0000000085c00000, 0x0000000085c00000|100%| S|CS|TAMS 0x0000000085b00000, 0x0000000085b00000| Complete 
|  92|0x0000000085c00000, 0x0000000085d00000, 0x0000000085d00000|100%| S|CS|TAMS 0x0000000085c00000, 0x0000000085c00000| Complete 
|  93|0x0000000085d00000, 0x0000000085d00000, 0x0000000085e00000|  0%| F|  |TAMS 0x0000000085d00000, 0x0000000085d00000| Untracked 
|  94|0x0000000085e00000, 0x0000000085e00000, 0x0000000085f00000|  0%| F|  |TAMS 0x0000000085e00000, 0x0000000085e00000| Untracked 
|  95|0x0000000085f00000, 0x0000000085f00000, 0x0000000086000000|  0%| F|  |TAMS 0x0000000085f00000, 0x0000000085f00000| Untracked 
|  96|0x0000000086000000, 0x0000000086000000, 0x0000000086100000|  0%| F|  |TAMS 0x0000000086000000, 0x0000000086000000| Untracked 
|  97|0x0000000086100000, 0x0000000086100000, 0x0000000086200000|  0%| F|  |TAMS 0x0000000086100000, 0x0000000086100000| Untracked 
|  98|0x0000000086200000, 0x0000000086200000, 0x0000000086300000|  0%| F|  |TAMS 0x0000000086200000, 0x0000000086200000| Untracked 
|  99|0x0000000086300000, 0x0000000086300000, 0x0000000086400000|  0%| F|  |TAMS 0x0000000086300000, 0x0000000086300000| Untracked 
| 100|0x0000000086400000, 0x0000000086400000, 0x0000000086500000|  0%| F|  |TAMS 0x0000000086400000, 0x0000000086400000| Untracked 
| 101|0x0000000086500000, 0x0000000086500000, 0x0000000086600000|  0%| F|  |TAMS 0x0000000086500000, 0x0000000086500000| Untracked 
| 102|0x0000000086600000, 0x0000000086600000, 0x0000000086700000|  0%| F|  |TAMS 0x0000000086600000, 0x0000000086600000| Untracked 
| 103|0x0000000086700000, 0x0000000086700000, 0x0000000086800000|  0%| F|  |TAMS 0x0000000086700000, 0x0000000086700000| Untracked 
| 104|0x0000000086800000, 0x0000000086800000, 0x0000000086900000|  0%| F|  |TAMS 0x0000000086800000, 0x0000000086800000| Untracked 
| 105|0x0000000086900000, 0x0000000086900000, 0x0000000086a00000|  0%| F|  |TAMS 0x0000000086900000, 0x0000000086900000| Untracked 
| 106|0x0000000086a00000, 0x0000000086a00000, 0x0000000086b00000|  0%| F|  |TAMS 0x0000000086a00000, 0x0000000086a00000| Untracked 
| 107|0x0000000086b00000, 0x0000000086b00000, 0x0000000086c00000|  0%| F|  |TAMS 0x0000000086b00000, 0x0000000086b00000| Untracked 
| 108|0x0000000086c00000, 0x0000000086c00000, 0x0000000086d00000|  0%| F|  |TAMS 0x0000000086c00000, 0x0000000086c00000| Untracked 
| 109|0x0000000086d00000, 0x0000000086d00000, 0x0000000086e00000|  0%| F|  |TAMS 0x0000000086d00000, 0x0000000086d00000| Untracked 
| 110|0x0000000086e00000, 0x0000000086e00000, 0x0000000086f00000|  0%| F|  |TAMS 0x0000000086e00000, 0x0000000086e00000| Untracked 
| 111|0x0000000086f00000, 0x0000000086f00000, 0x0000000087000000|  0%| F|  |TAMS 0x0000000086f00000, 0x0000000086f00000| Untracked 
| 112|0x0000000087000000, 0x0000000087000000, 0x0000000087100000|  0%| F|  |TAMS 0x0000000087000000, 0x0000000087000000| Untracked 
| 113|0x0000000087100000, 0x0000000087100000, 0x0000000087200000|  0%| F|  |TAMS 0x0000000087100000, 0x0000000087100000| Untracked 
| 114|0x0000000087200000, 0x0000000087200000, 0x0000000087300000|  0%| F|  |TAMS 0x0000000087200000, 0x0000000087200000| Untracked 
| 115|0x0000000087300000, 0x0000000087300000, 0x0000000087400000|  0%| F|  |TAMS 0x0000000087300000, 0x0000000087300000| Untracked 
| 116|0x0000000087400000, 0x0000000087400000, 0x0000000087500000|  0%| F|  |TAMS 0x0000000087400000, 0x0000000087400000| Untracked 
| 117|0x0000000087500000, 0x0000000087500000, 0x0000000087600000|  0%| F|  |TAMS 0x0000000087500000, 0x0000000087500000| Untracked 
| 118|0x0000000087600000, 0x0000000087600000, 0x0000000087700000|  0%| F|  |TAMS 0x0000000087600000, 0x0000000087600000| Untracked 
| 119|0x0000000087700000, 0x0000000087700000, 0x0000000087800000|  0%| F|  |TAMS 0x0000000087700000, 0x0000000087700000| Untracked 
| 120|0x0000000087800000, 0x0000000087800000, 0x0000000087900000|  0%| F|  |TAMS 0x0000000087800000, 0x0000000087800000| Untracked 
| 121|0x0000000087900000, 0x0000000087900000, 0x0000000087a00000|  0%| F|  |TAMS 0x0000000087900000, 0x0000000087900000| Untracked 
| 122|0x0000000087a00000, 0x0000000087a00000, 0x0000000087b00000|  0%| F|  |TAMS 0x0000000087a00000, 0x0000000087a00000| Untracked 
| 123|0x0000000087b00000, 0x0000000087b00000, 0x0000000087c00000|  0%| F|  |TAMS 0x0000000087b00000, 0x0000000087b00000| Untracked 
| 124|0x0000000087c00000, 0x0000000087c00000, 0x0000000087d00000|  0%| F|  |TAMS 0x0000000087c00000, 0x0000000087c00000| Untracked 
| 125|0x0000000087d00000, 0x0000000087d00000, 0x0000000087e00000|  0%| F|  |TAMS 0x0000000087d00000, 0x0000000087d00000| Untracked 
| 126|0x0000000087e00000, 0x0000000087e00000, 0x0000000087f00000|  0%| F|  |TAMS 0x0000000087e00000, 0x0000000087e00000| Untracked 
| 127|0x0000000087f00000, 0x0000000087f00000, 0x0000000088000000|  0%| F|  |TAMS 0x0000000087f00000, 0x0000000087f00000| Untracked 
| 128|0x0000000088000000, 0x0000000088000000, 0x0000000088100000|  0%| F|  |TAMS 0x0000000088000000, 0x0000000088000000| Untracked 
| 129|0x0000000088100000, 0x0000000088100000, 0x0000000088200000|  0%| F|  |TAMS 0x0000000088100000, 0x0000000088100000| Untracked 
| 130|0x0000000088200000, 0x0000000088200000, 0x0000000088300000|  0%| F|  |TAMS 0x0000000088200000, 0x0000000088200000| Untracked 
| 131|0x0000000088300000, 0x0000000088380800, 0x0000000088400000| 50%| E|  |TAMS 0x0000000088300000, 0x0000000088300000| Complete 
| 132|0x0000000088400000, 0x0000000088500000, 0x0000000088500000|100%| E|CS|TAMS 0x0000000088400000, 0x0000000088400000| Complete 
| 133|0x0000000088500000, 0x0000000088600000, 0x0000000088600000|100%| E|CS|TAMS 0x0000000088500000, 0x0000000088500000| Complete 
| 134|0x0000000088600000, 0x0000000088700000, 0x0000000088700000|100%| E|CS|TAMS 0x0000000088600000, 0x0000000088600000| Complete 
| 135|0x0000000088700000, 0x0000000088800000, 0x0000000088800000|100%| E|CS|TAMS 0x0000000088700000, 0x0000000088700000| Complete 
| 136|0x0000000088800000, 0x0000000088900000, 0x0000000088900000|100%| E|CS|TAMS 0x0000000088800000, 0x0000000088800000| Complete 
| 137|0x0000000088900000, 0x0000000088a00000, 0x0000000088a00000|100%| E|CS|TAMS 0x0000000088900000, 0x0000000088900000| Complete 
| 138|0x0000000088a00000, 0x0000000088b00000, 0x0000000088b00000|100%| E|CS|TAMS 0x0000000088a00000, 0x0000000088a00000| Complete 
| 139|0x0000000088b00000, 0x0000000088c00000, 0x0000000088c00000|100%| E|CS|TAMS 0x0000000088b00000, 0x0000000088b00000| Complete 
| 140|0x0000000088c00000, 0x0000000088d00000, 0x0000000088d00000|100%| E|CS|TAMS 0x0000000088c00000, 0x0000000088c00000| Complete 
| 141|0x0000000088d00000, 0x0000000088e00000, 0x0000000088e00000|100%| E|CS|TAMS 0x0000000088d00000, 0x0000000088d00000| Complete 
| 142|0x0000000088e00000, 0x0000000088f00000, 0x0000000088f00000|100%| E|CS|TAMS 0x0000000088e00000, 0x0000000088e00000| Complete 
| 143|0x0000000088f00000, 0x0000000089000000, 0x0000000089000000|100%| E|CS|TAMS 0x0000000088f00000, 0x0000000088f00000| Complete 
| 144|0x0000000089000000, 0x0000000089100000, 0x0000000089100000|100%| E|CS|TAMS 0x0000000089000000, 0x0000000089000000| Complete 
| 145|0x0000000089100000, 0x0000000089200000, 0x0000000089200000|100%| E|CS|TAMS 0x0000000089100000, 0x0000000089100000| Complete 
| 146|0x0000000089200000, 0x0000000089300000, 0x0000000089300000|100%| E|CS|TAMS 0x0000000089200000, 0x0000000089200000| Complete 
| 147|0x0000000089300000, 0x0000000089400000, 0x0000000089400000|100%| E|CS|TAMS 0x0000000089300000, 0x0000000089300000| Complete 
| 148|0x0000000089400000, 0x0000000089500000, 0x0000000089500000|100%| E|CS|TAMS 0x0000000089400000, 0x0000000089400000| Complete 
| 149|0x0000000089500000, 0x0000000089600000, 0x0000000089600000|100%| E|CS|TAMS 0x0000000089500000, 0x0000000089500000| Complete 
| 150|0x0000000089600000, 0x0000000089700000, 0x0000000089700000|100%| E|CS|TAMS 0x0000000089600000, 0x0000000089600000| Complete 
| 151|0x0000000089700000, 0x0000000089800000, 0x0000000089800000|100%| E|CS|TAMS 0x0000000089700000, 0x0000000089700000| Complete 
| 152|0x0000000089800000, 0x0000000089900000, 0x0000000089900000|100%| E|CS|TAMS 0x0000000089800000, 0x0000000089800000| Complete 
| 153|0x0000000089900000, 0x0000000089a00000, 0x0000000089a00000|100%| E|CS|TAMS 0x0000000089900000, 0x0000000089900000| Complete 
| 154|0x0000000089a00000, 0x0000000089b00000, 0x0000000089b00000|100%| E|CS|TAMS 0x0000000089a00000, 0x0000000089a00000| Complete 
| 155|0x0000000089b00000, 0x0000000089c00000, 0x0000000089c00000|100%| E|CS|TAMS 0x0000000089b00000, 0x0000000089b00000| Complete 
| 156|0x0000000089c00000, 0x0000000089d00000, 0x0000000089d00000|100%| E|CS|TAMS 0x0000000089c00000, 0x0000000089c00000| Complete 
| 157|0x0000000089d00000, 0x0000000089e00000, 0x0000000089e00000|100%| E|CS|TAMS 0x0000000089d00000, 0x0000000089d00000| Complete 
| 158|0x0000000089e00000, 0x0000000089f00000, 0x0000000089f00000|100%| E|CS|TAMS 0x0000000089e00000, 0x0000000089e00000| Complete 
| 159|0x0000000089f00000, 0x000000008a000000, 0x000000008a000000|100%| E|CS|TAMS 0x0000000089f00000, 0x0000000089f00000| Complete 
| 160|0x000000008a000000, 0x000000008a100000, 0x000000008a100000|100%| E|CS|TAMS 0x000000008a000000, 0x000000008a000000| Complete 
| 161|0x000000008a100000, 0x000000008a200000, 0x000000008a200000|100%| E|CS|TAMS 0x000000008a100000, 0x000000008a100000| Complete 
| 162|0x000000008a200000, 0x000000008a300000, 0x000000008a300000|100%| E|CS|TAMS 0x000000008a200000, 0x000000008a200000| Complete 
| 163|0x000000008a300000, 0x000000008a400000, 0x000000008a400000|100%| E|CS|TAMS 0x000000008a300000, 0x000000008a300000| Complete 
| 164|0x000000008a400000, 0x000000008a500000, 0x000000008a500000|100%| E|CS|TAMS 0x000000008a400000, 0x000000008a400000| Complete 
| 165|0x000000008a500000, 0x000000008a600000, 0x000000008a600000|100%| E|CS|TAMS 0x000000008a500000, 0x000000008a500000| Complete 
| 166|0x000000008a600000, 0x000000008a700000, 0x000000008a700000|100%| E|CS|TAMS 0x000000008a600000, 0x000000008a600000| Complete 
| 167|0x000000008a700000, 0x000000008a800000, 0x000000008a800000|100%| E|CS|TAMS 0x000000008a700000, 0x000000008a700000| Complete 
| 168|0x000000008a800000, 0x000000008a900000, 0x000000008a900000|100%| E|CS|TAMS 0x000000008a800000, 0x000000008a800000| Complete 
| 169|0x000000008a900000, 0x000000008aa00000, 0x000000008aa00000|100%| E|CS|TAMS 0x000000008a900000, 0x000000008a900000| Complete 
| 170|0x000000008aa00000, 0x000000008ab00000, 0x000000008ab00000|100%| E|CS|TAMS 0x000000008aa00000, 0x000000008aa00000| Complete 
| 171|0x000000008ab00000, 0x000000008ac00000, 0x000000008ac00000|100%| E|CS|TAMS 0x000000008ab00000, 0x000000008ab00000| Complete 
| 172|0x000000008ac00000, 0x000000008ad00000, 0x000000008ad00000|100%| E|CS|TAMS 0x000000008ac00000, 0x000000008ac00000| Complete 
| 173|0x000000008ad00000, 0x000000008ae00000, 0x000000008ae00000|100%| E|CS|TAMS 0x000000008ad00000, 0x000000008ad00000| Complete 
| 174|0x000000008ae00000, 0x000000008af00000, 0x000000008af00000|100%| E|CS|TAMS 0x000000008ae00000, 0x000000008ae00000| Complete 
| 175|0x000000008af00000, 0x000000008b000000, 0x000000008b000000|100%| E|CS|TAMS 0x000000008af00000, 0x000000008af00000| Complete 
| 176|0x000000008b000000, 0x000000008b100000, 0x000000008b100000|100%| E|CS|TAMS 0x000000008b000000, 0x000000008b000000| Complete 
| 177|0x000000008b100000, 0x000000008b200000, 0x000000008b200000|100%| E|CS|TAMS 0x000000008b100000, 0x000000008b100000| Complete 
| 178|0x000000008b200000, 0x000000008b300000, 0x000000008b300000|100%| E|CS|TAMS 0x000000008b200000, 0x000000008b200000| Complete 
| 179|0x000000008b300000, 0x000000008b400000, 0x000000008b400000|100%| E|CS|TAMS 0x000000008b300000, 0x000000008b300000| Complete 
| 180|0x000000008b400000, 0x000000008b500000, 0x000000008b500000|100%| E|CS|TAMS 0x000000008b400000, 0x000000008b400000| Complete 
| 181|0x000000008b500000, 0x000000008b600000, 0x000000008b600000|100%| E|CS|TAMS 0x000000008b500000, 0x000000008b500000| Complete 
| 182|0x000000008b600000, 0x000000008b700000, 0x000000008b700000|100%| E|CS|TAMS 0x000000008b600000, 0x000000008b600000| Complete 
| 183|0x000000008b700000, 0x000000008b800000, 0x000000008b800000|100%| E|CS|TAMS 0x000000008b700000, 0x000000008b700000| Complete 
| 184|0x000000008b800000, 0x000000008b900000, 0x000000008b900000|100%| E|CS|TAMS 0x000000008b800000, 0x000000008b800000| Complete 
| 185|0x000000008b900000, 0x000000008ba00000, 0x000000008ba00000|100%| E|CS|TAMS 0x000000008b900000, 0x000000008b900000| Complete 
| 186|0x000000008ba00000, 0x000000008bb00000, 0x000000008bb00000|100%| E|CS|TAMS 0x000000008ba00000, 0x000000008ba00000| Complete 
| 187|0x000000008bb00000, 0x000000008bc00000, 0x000000008bc00000|100%| E|CS|TAMS 0x000000008bb00000, 0x000000008bb00000| Complete 
| 188|0x000000008bc00000, 0x000000008bd00000, 0x000000008bd00000|100%| E|CS|TAMS 0x000000008bc00000, 0x000000008bc00000| Complete 
| 189|0x000000008bd00000, 0x000000008be00000, 0x000000008be00000|100%| E|CS|TAMS 0x000000008bd00000, 0x000000008bd00000| Complete 
| 190|0x000000008be00000, 0x000000008bf00000, 0x000000008bf00000|100%| E|CS|TAMS 0x000000008be00000, 0x000000008be00000| Complete 
| 191|0x000000008bf00000, 0x000000008c000000, 0x000000008c000000|100%| E|CS|TAMS 0x000000008bf00000, 0x000000008bf00000| Complete 
| 192|0x000000008c000000, 0x000000008c100000, 0x000000008c100000|100%| E|CS|TAMS 0x000000008c000000, 0x000000008c000000| Complete 
| 193|0x000000008c100000, 0x000000008c200000, 0x000000008c200000|100%| E|CS|TAMS 0x000000008c100000, 0x000000008c100000| Complete 
| 194|0x000000008c200000, 0x000000008c300000, 0x000000008c300000|100%| E|CS|TAMS 0x000000008c200000, 0x000000008c200000| Complete 
| 195|0x000000008c300000, 0x000000008c400000, 0x000000008c400000|100%| E|CS|TAMS 0x000000008c300000, 0x000000008c300000| Complete 
| 196|0x000000008c400000, 0x000000008c500000, 0x000000008c500000|100%| E|CS|TAMS 0x000000008c400000, 0x000000008c400000| Complete 
| 197|0x000000008c500000, 0x000000008c600000, 0x000000008c600000|100%| E|CS|TAMS 0x000000008c500000, 0x000000008c500000| Complete 
| 198|0x000000008c600000, 0x000000008c700000, 0x000000008c700000|100%| E|CS|TAMS 0x000000008c600000, 0x000000008c600000| Complete 
| 199|0x000000008c700000, 0x000000008c800000, 0x000000008c800000|100%| E|CS|TAMS 0x000000008c700000, 0x000000008c700000| Complete 
| 200|0x000000008c800000, 0x000000008c900000, 0x000000008c900000|100%| E|CS|TAMS 0x000000008c800000, 0x000000008c800000| Complete 
| 201|0x000000008c900000, 0x000000008ca00000, 0x000000008ca00000|100%| E|CS|TAMS 0x000000008c900000, 0x000000008c900000| Complete 
| 202|0x000000008ca00000, 0x000000008cb00000, 0x000000008cb00000|100%| E|CS|TAMS 0x000000008ca00000, 0x000000008ca00000| Complete 
| 203|0x000000008cb00000, 0x000000008cc00000, 0x000000008cc00000|100%| E|CS|TAMS 0x000000008cb00000, 0x000000008cb00000| Complete 
| 204|0x000000008cc00000, 0x000000008cd00000, 0x000000008cd00000|100%| E|CS|TAMS 0x000000008cc00000, 0x000000008cc00000| Complete 
| 205|0x000000008cd00000, 0x000000008ce00000, 0x000000008ce00000|100%| E|CS|TAMS 0x000000008cd00000, 0x000000008cd00000| Complete 
| 206|0x000000008ce00000, 0x000000008cf00000, 0x000000008cf00000|100%| E|CS|TAMS 0x000000008ce00000, 0x000000008ce00000| Complete 
| 207|0x000000008cf00000, 0x000000008d000000, 0x000000008d000000|100%| E|CS|TAMS 0x000000008cf00000, 0x000000008cf00000| Complete 
| 208|0x000000008d000000, 0x000000008d100000, 0x000000008d100000|100%| E|CS|TAMS 0x000000008d000000, 0x000000008d000000| Complete 
| 209|0x000000008d100000, 0x000000008d200000, 0x000000008d200000|100%| E|CS|TAMS 0x000000008d100000, 0x000000008d100000| Complete 
| 210|0x000000008d200000, 0x000000008d300000, 0x000000008d300000|100%| E|CS|TAMS 0x000000008d200000, 0x000000008d200000| Complete 
| 211|0x000000008d300000, 0x000000008d400000, 0x000000008d400000|100%| E|CS|TAMS 0x000000008d300000, 0x000000008d300000| Complete 
| 212|0x000000008d400000, 0x000000008d500000, 0x000000008d500000|100%| E|CS|TAMS 0x000000008d400000, 0x000000008d400000| Complete 
| 213|0x000000008d500000, 0x000000008d600000, 0x000000008d600000|100%| E|CS|TAMS 0x000000008d500000, 0x000000008d500000| Complete 
| 214|0x000000008d600000, 0x000000008d700000, 0x000000008d700000|100%| E|CS|TAMS 0x000000008d600000, 0x000000008d600000| Complete 
| 215|0x000000008d700000, 0x000000008d800000, 0x000000008d800000|100%| E|CS|TAMS 0x000000008d700000, 0x000000008d700000| Complete 
| 216|0x000000008d800000, 0x000000008d900000, 0x000000008d900000|100%| E|CS|TAMS 0x000000008d800000, 0x000000008d800000| Complete 
| 217|0x000000008d900000, 0x000000008da00000, 0x000000008da00000|100%| E|CS|TAMS 0x000000008d900000, 0x000000008d900000| Complete 
| 218|0x000000008da00000, 0x000000008db00000, 0x000000008db00000|100%| E|CS|TAMS 0x000000008da00000, 0x000000008da00000| Complete 
| 219|0x000000008db00000, 0x000000008dc00000, 0x000000008dc00000|100%| E|CS|TAMS 0x000000008db00000, 0x000000008db00000| Complete 
| 220|0x000000008dc00000, 0x000000008dd00000, 0x000000008dd00000|100%| E|CS|TAMS 0x000000008dc00000, 0x000000008dc00000| Complete 
| 221|0x000000008dd00000, 0x000000008de00000, 0x000000008de00000|100%| E|CS|TAMS 0x000000008dd00000, 0x000000008dd00000| Complete 
| 222|0x000000008de00000, 0x000000008df00000, 0x000000008df00000|100%| E|CS|TAMS 0x000000008de00000, 0x000000008de00000| Complete 
| 223|0x000000008df00000, 0x000000008e000000, 0x000000008e000000|100%| E|CS|TAMS 0x000000008df00000, 0x000000008df00000| Complete 
| 224|0x000000008e000000, 0x000000008e100000, 0x000000008e100000|100%| E|CS|TAMS 0x000000008e000000, 0x000000008e000000| Complete 
| 225|0x000000008e100000, 0x000000008e200000, 0x000000008e200000|100%| E|CS|TAMS 0x000000008e100000, 0x000000008e100000| Complete 
| 226|0x000000008e200000, 0x000000008e300000, 0x000000008e300000|100%| E|CS|TAMS 0x000000008e200000, 0x000000008e200000| Complete 
| 227|0x000000008e300000, 0x000000008e400000, 0x000000008e400000|100%| E|CS|TAMS 0x000000008e300000, 0x000000008e300000| Complete 
| 228|0x000000008e400000, 0x000000008e500000, 0x000000008e500000|100%| E|CS|TAMS 0x000000008e400000, 0x000000008e400000| Complete 
| 229|0x000000008e500000, 0x000000008e600000, 0x000000008e600000|100%| E|CS|TAMS 0x000000008e500000, 0x000000008e500000| Complete 
| 230|0x000000008e600000, 0x000000008e700000, 0x000000008e700000|100%| E|CS|TAMS 0x000000008e600000, 0x000000008e600000| Complete 
| 231|0x000000008e700000, 0x000000008e800000, 0x000000008e800000|100%| E|CS|TAMS 0x000000008e700000, 0x000000008e700000| Complete 
| 232|0x000000008e800000, 0x000000008e900000, 0x000000008e900000|100%| E|CS|TAMS 0x000000008e800000, 0x000000008e800000| Complete 
| 233|0x000000008e900000, 0x000000008ea00000, 0x000000008ea00000|100%| E|CS|TAMS 0x000000008e900000, 0x000000008e900000| Complete 
| 234|0x000000008ea00000, 0x000000008eb00000, 0x000000008eb00000|100%| E|CS|TAMS 0x000000008ea00000, 0x000000008ea00000| Complete 
| 235|0x000000008eb00000, 0x000000008ec00000, 0x000000008ec00000|100%| E|CS|TAMS 0x000000008eb00000, 0x000000008eb00000| Complete 
| 236|0x000000008ec00000, 0x000000008ed00000, 0x000000008ed00000|100%| E|CS|TAMS 0x000000008ec00000, 0x000000008ec00000| Complete 
| 237|0x000000008ed00000, 0x000000008ee00000, 0x000000008ee00000|100%| E|CS|TAMS 0x000000008ed00000, 0x000000008ed00000| Complete 
| 238|0x000000008ee00000, 0x000000008ef00000, 0x000000008ef00000|100%| E|CS|TAMS 0x000000008ee00000, 0x000000008ee00000| Complete 
| 239|0x000000008ef00000, 0x000000008f000000, 0x000000008f000000|100%| E|CS|TAMS 0x000000008ef00000, 0x000000008ef00000| Complete 
| 240|0x000000008f000000, 0x000000008f100000, 0x000000008f100000|100%| E|CS|TAMS 0x000000008f000000, 0x000000008f000000| Complete 
| 241|0x000000008f100000, 0x000000008f200000, 0x000000008f200000|100%| E|CS|TAMS 0x000000008f100000, 0x000000008f100000| Complete 
| 242|0x000000008f200000, 0x000000008f300000, 0x000000008f300000|100%| E|CS|TAMS 0x000000008f200000, 0x000000008f200000| Complete 
| 243|0x000000008f300000, 0x000000008f400000, 0x000000008f400000|100%| E|CS|TAMS 0x000000008f300000, 0x000000008f300000| Complete 
| 244|0x000000008f400000, 0x000000008f500000, 0x000000008f500000|100%| E|CS|TAMS 0x000000008f400000, 0x000000008f400000| Complete 
| 245|0x000000008f500000, 0x000000008f600000, 0x000000008f600000|100%| E|CS|TAMS 0x000000008f500000, 0x000000008f500000| Complete 
| 246|0x000000008f600000, 0x000000008f700000, 0x000000008f700000|100%| E|CS|TAMS 0x000000008f600000, 0x000000008f600000| Complete 
| 247|0x000000008f700000, 0x000000008f800000, 0x000000008f800000|100%| E|CS|TAMS 0x000000008f700000, 0x000000008f700000| Complete 
| 248|0x000000008f800000, 0x000000008f900000, 0x000000008f900000|100%| E|CS|TAMS 0x000000008f800000, 0x000000008f800000| Complete 
| 249|0x000000008f900000, 0x000000008fa00000, 0x000000008fa00000|100%| E|CS|TAMS 0x000000008f900000, 0x000000008f900000| Complete 
| 250|0x000000008fa00000, 0x000000008fb00000, 0x000000008fb00000|100%| E|CS|TAMS 0x000000008fa00000, 0x000000008fa00000| Complete 
| 251|0x000000008fb00000, 0x000000008fc00000, 0x000000008fc00000|100%| E|CS|TAMS 0x000000008fb00000, 0x000000008fb00000| Complete 
| 252|0x000000008fc00000, 0x000000008fd00000, 0x000000008fd00000|100%| E|CS|TAMS 0x000000008fc00000, 0x000000008fc00000| Complete 
| 253|0x000000008fd00000, 0x000000008fe00000, 0x000000008fe00000|100%| E|CS|TAMS 0x000000008fd00000, 0x000000008fd00000| Complete 
| 254|0x000000008fe00000, 0x000000008ff00000, 0x000000008ff00000|100%| E|CS|TAMS 0x000000008fe00000, 0x000000008fe00000| Complete 
| 255|0x000000008ff00000, 0x0000000090000000, 0x0000000090000000|100%| E|CS|TAMS 0x000000008ff00000, 0x000000008ff00000| Complete 
| 256|0x0000000090000000, 0x0000000090100000, 0x0000000090100000|100%| E|CS|TAMS 0x0000000090000000, 0x0000000090000000| Complete 
| 257|0x0000000090100000, 0x0000000090200000, 0x0000000090200000|100%| E|CS|TAMS 0x0000000090100000, 0x0000000090100000| Complete 
| 258|0x0000000090200000, 0x0000000090300000, 0x0000000090300000|100%| E|CS|TAMS 0x0000000090200000, 0x0000000090200000| Complete 
| 259|0x0000000090300000, 0x0000000090400000, 0x0000000090400000|100%| E|CS|TAMS 0x0000000090300000, 0x0000000090300000| Complete 
| 260|0x0000000090400000, 0x0000000090500000, 0x0000000090500000|100%| E|CS|TAMS 0x0000000090400000, 0x0000000090400000| Complete 
| 261|0x0000000090500000, 0x0000000090600000, 0x0000000090600000|100%| E|CS|TAMS 0x0000000090500000, 0x0000000090500000| Complete 
| 262|0x0000000090600000, 0x0000000090700000, 0x0000000090700000|100%| E|CS|TAMS 0x0000000090600000, 0x0000000090600000| Complete 
| 263|0x0000000090700000, 0x0000000090800000, 0x0000000090800000|100%| E|CS|TAMS 0x0000000090700000, 0x0000000090700000| Complete 
| 264|0x0000000090800000, 0x0000000090900000, 0x0000000090900000|100%| E|CS|TAMS 0x0000000090800000, 0x0000000090800000| Complete 
| 265|0x0000000090900000, 0x0000000090a00000, 0x0000000090a00000|100%| E|CS|TAMS 0x0000000090900000, 0x0000000090900000| Complete 
| 266|0x0000000090a00000, 0x0000000090b00000, 0x0000000090b00000|100%| E|CS|TAMS 0x0000000090a00000, 0x0000000090a00000| Complete 
| 267|0x0000000090b00000, 0x0000000090c00000, 0x0000000090c00000|100%| E|CS|TAMS 0x0000000090b00000, 0x0000000090b00000| Complete 
| 268|0x0000000090c00000, 0x0000000090d00000, 0x0000000090d00000|100%| E|CS|TAMS 0x0000000090c00000, 0x0000000090c00000| Complete 
| 269|0x0000000090d00000, 0x0000000090e00000, 0x0000000090e00000|100%| E|CS|TAMS 0x0000000090d00000, 0x0000000090d00000| Complete 
| 270|0x0000000090e00000, 0x0000000090f00000, 0x0000000090f00000|100%| E|CS|TAMS 0x0000000090e00000, 0x0000000090e00000| Complete 
| 271|0x0000000090f00000, 0x0000000091000000, 0x0000000091000000|100%| E|CS|TAMS 0x0000000090f00000, 0x0000000090f00000| Complete 
| 272|0x0000000091000000, 0x0000000091100000, 0x0000000091100000|100%| E|CS|TAMS 0x0000000091000000, 0x0000000091000000| Complete 
| 273|0x0000000091100000, 0x0000000091200000, 0x0000000091200000|100%| E|CS|TAMS 0x0000000091100000, 0x0000000091100000| Complete 
| 274|0x0000000091200000, 0x0000000091300000, 0x0000000091300000|100%| E|CS|TAMS 0x0000000091200000, 0x0000000091200000| Complete 
| 275|0x0000000091300000, 0x0000000091400000, 0x0000000091400000|100%| E|CS|TAMS 0x0000000091300000, 0x0000000091300000| Complete 
| 276|0x0000000091400000, 0x0000000091500000, 0x0000000091500000|100%| E|CS|TAMS 0x0000000091400000, 0x0000000091400000| Complete 
| 277|0x0000000091500000, 0x0000000091600000, 0x0000000091600000|100%| E|CS|TAMS 0x0000000091500000, 0x0000000091500000| Complete 

Card table byte_map: [0x000001aa93480000,0x000001aa93880000] _byte_map_base: 0x000001aa93080000

Marking Bits (Prev, Next): (CMBitMap*) 0x000001aafc6bb820, (CMBitMap*) 0x000001aafc6bb7e8
 Prev Bits: [0x000001aa95c80000, 0x000001aa97c80000)
 Next Bits: [0x000001aa93c80000, 0x000001aa95c80000)

Polling page: 0x000001aa80000000

Metaspace:

Usage:
  Non-class:     70.62 MB capacity,    69.60 MB ( 99%) used,   850.42 KB (  1%) free+waste,   195.69 KB ( <1%) overhead. 
      Class:     10.94 MB capacity,    10.29 MB ( 94%) used,   568.27 KB (  5%) free+waste,    89.44 KB ( <1%) overhead. 
       Both:     81.56 MB capacity,    79.89 MB ( 98%) used,     1.39 MB (  2%) free+waste,   285.13 KB ( <1%) overhead. 

Virtual space:
  Non-class space:       72.00 MB reserved,      70.75 MB ( 98%) committed 
      Class space:        1.00 GB reserved,      11.00 MB (  1%) committed 
             Both:        1.07 GB reserved,      81.75 MB (  7%) committed 

Chunk freelists:
   Non-Class:  3.00 KB
       Class:  2.00 KB
        Both:  5.00 KB

MaxMetaspaceSize: 17179869184.00 GB
CompressedClassSpaceSize: 1.00 GB
Initial GC threshold: 20.80 MB
Current GC threshold: 97.71 MB
CDS: off

CodeHeap 'non-profiled nmethods': size=120064Kb used=5068Kb max_used=5068Kb free=114996Kb
 bounds [0x000001aa8b510000, 0x000001aa8ba10000, 0x000001aa92a50000]
CodeHeap 'profiled nmethods': size=120000Kb used=17934Kb max_used=17934Kb free=102065Kb
 bounds [0x000001aa83fe0000, 0x000001aa85170000, 0x000001aa8b510000]
CodeHeap 'non-nmethods': size=5696Kb used=2381Kb max_used=2422Kb free=3315Kb
 bounds [0x000001aa83a50000, 0x000001aa83cc0000, 0x000001aa83fe0000]
 total_blobs=9169 nmethods=8266 adapters=813
 compilation: enabled
              stopped_count=0, restarted_count=0
 full_count=0

Compilation events (20 events):
Event: 18.523 Thread 0x000001aa9ab6b000 8347       3       org.gradle.api.internal.project.DefaultProject::getExtensions (8 bytes)
Event: 18.524 Thread 0x000001aa9ab6b000 nmethod 8347 0x000001aa85158f90 code [0x000001aa85159160, 0x000001aa851594d8]
Event: 18.524 Thread 0x000001aa9ab6b000 8348       3       kotlin.collections.CollectionsKt__MutableCollectionsKt::addAll (79 bytes)
Event: 18.525 Thread 0x000001aa9ab6b000 nmethod 8348 0x000001aa85159610 code [0x000001aa85159920, 0x000001aa8515aa48]
Event: 18.530 Thread 0x000001aa9ab6b000 8349       1       org.gradle.api.internal.file.BaseDirFileResolver::getBaseDir (5 bytes)
Event: 18.530 Thread 0x000001aa9ab6b000 nmethod 8349 0x000001aa8ba02110 code [0x000001aa8ba022c0, 0x000001aa8ba02378]
Event: 18.531 Thread 0x000001aa9ab6b000 8350       3       kotlin.collections.SetsKt__SetsKt::emptySet (7 bytes)
Event: 18.531 Thread 0x000001aa9ab6b000 nmethod 8350 0x000001aa8515af90 code [0x000001aa8515b140, 0x000001aa8515b238]
Event: 18.531 Thread 0x000001aa9ab6b000 8352       3       org.gradle.api.internal.project.DefaultProject::getExtensions (5 bytes)
Event: 18.531 Thread 0x000001aa9ab6b000 nmethod 8352 0x000001aa8515b310 code [0x000001aa8515b4e0, 0x000001aa8515b938]
Event: 18.531 Thread 0x000001aa9ab6b000 8351       1       org.jetbrains.kotlin.gradle.plugin.sources.DefaultKotlinSourceSet::getDependsOn (5 bytes)
Event: 18.532 Thread 0x000001aa9ab6b000 nmethod 8351 0x000001aa8ba02410 code [0x000001aa8ba025c0, 0x000001aa8ba02678]
Event: 18.532 Thread 0x000001aa9ab6b000 8353       1       org.jetbrains.kotlin.gradle.plugin.mpp.AbstractKotlinCompilation::getKotlinSourceSets (5 bytes)
Event: 18.532 Thread 0x000001aa9ab6b000 nmethod 8353 0x000001aa8ba02710 code [0x000001aa8ba028c0, 0x000001aa8ba02978]
Event: 18.534 Thread 0x000001aa9ab6b000 8354       3       kotlin.collections.EmptySet::iterator (7 bytes)
Event: 18.534 Thread 0x000001aa9ab6b000 nmethod 8354 0x000001aa8515ba90 code [0x000001aa8515bc40, 0x000001aa8515bd58]
Event: 18.534 Thread 0x000001aa9ab6b000 8355       3       org.jetbrains.kotlin.gradle.plugin.sources.DefaultKotlinSourceSetKt::resolveAllDependsOnSourceSets (221 bytes)
Event: 18.537 Thread 0x000001aa9ab6b000 nmethod 8355 0x000001aa8515be10 code [0x000001aa8515c260, 0x000001aa8515e2a8]
Event: 18.545 Thread 0x000001aa9ab6b000 8356       3       com.google.common.collect.ImmutableList$Builder::add (6 bytes)
Event: 18.545 Thread 0x000001aa9ab6b000 nmethod 8356 0x000001aa8515ec10 code [0x000001aa8515ee00, 0x000001aa8515f298]

GC Heap History (20 events):
Event: 0.588 GC heap before
{Heap before GC invocations=0 (full 0):
 garbage-first heap   total 196608K, used 20480K [0x0000000080000000, 0x0000000100000000)
  region size 1024K, 14 young (14336K), 0 survivors (0K)
 Metaspace       used 6733K, capacity 6929K, committed 7168K, reserved 1056768K
  class space    used 584K, capacity 650K, committed 768K, reserved 1048576K
}
Event: 0.593 GC heap after
{Heap after GC invocations=1 (full 0):
 garbage-first heap   total 196608K, used 7956K [0x0000000080000000, 0x0000000100000000)
  region size 1024K, 2 young (2048K), 2 survivors (2048K)
 Metaspace       used 6733K, capacity 6929K, committed 7168K, reserved 1056768K
  class space    used 584K, capacity 650K, committed 768K, reserved 1048576K
}
Event: 1.340 GC heap before
{Heap before GC invocations=1 (full 0):
 garbage-first heap   total 196608K, used 39700K [0x0000000080000000, 0x0000000100000000)
  region size 1024K, 33 young (33792K), 2 survivors (2048K)
 Metaspace       used 11189K, capacity 11448K, committed 11520K, reserved 1058816K
  class space    used 1173K, capacity 1244K, committed 1280K, reserved 1048576K
}
Event: 1.346 GC heap after
{Heap after GC invocations=2 (full 0):
 garbage-first heap   total 196608K, used 10126K [0x0000000080000000, 0x0000000100000000)
  region size 1024K, 5 young (5120K), 5 survivors (5120K)
 Metaspace       used 11189K, capacity 11448K, committed 11520K, reserved 1058816K
  class space    used 1173K, capacity 1244K, committed 1280K, reserved 1048576K
}
Event: 1.898 GC heap before
{Heap before GC invocations=2 (full 0):
 garbage-first heap   total 196608K, used 44942K [0x0000000080000000, 0x0000000100000000)
  region size 1024K, 39 young (39936K), 5 survivors (5120K)
 Metaspace       used 13945K, capacity 14273K, committed 14464K, reserved 1062912K
  class space    used 1551K, capacity 1654K, committed 1664K, reserved 1048576K
}
Event: 1.905 GC heap after
{Heap after GC invocations=3 (full 0):
 garbage-first heap   total 196608K, used 15390K [0x0000000080000000, 0x0000000100000000)
  region size 1024K, 5 young (5120K), 5 survivors (5120K)
 Metaspace       used 13945K, capacity 14273K, committed 14464K, reserved 1062912K
  class space    used 1551K, capacity 1654K, committed 1664K, reserved 1048576K
}
Event: 3.338 GC heap before
{Heap before GC invocations=3 (full 0):
 garbage-first heap   total 196608K, used 58398K [0x0000000080000000, 0x0000000100000000)
  region size 1024K, 48 young (49152K), 5 survivors (5120K)
 Metaspace       used 20678K, capacity 21141K, committed 21248K, reserved 1067008K
  class space    used 2546K, capacity 2712K, committed 2816K, reserved 1048576K
}
Event: 3.348 GC heap after
{Heap after GC invocations=4 (full 0):
 garbage-first heap   total 196608K, used 17643K [0x0000000080000000, 0x0000000100000000)
  region size 1024K, 8 young (8192K), 8 survivors (8192K)
 Metaspace       used 20678K, capacity 21141K, committed 21248K, reserved 1067008K
  class space    used 2546K, capacity 2712K, committed 2816K, reserved 1048576K
}
Event: 4.322 GC heap before
{Heap before GC invocations=5 (full 0):
 garbage-first heap   total 196608K, used 72939K [0x0000000080000000, 0x0000000100000000)
  region size 1024K, 62 young (63488K), 8 survivors (8192K)
 Metaspace       used 26734K, capacity 27403K, committed 27520K, reserved 1073152K
  class space    used 3486K, capacity 3703K, committed 3712K, reserved 1048576K
}
Event: 4.334 GC heap after
{Heap after GC invocations=6 (full 0):
 garbage-first heap   total 196608K, used 19649K [0x0000000080000000, 0x0000000100000000)
  region size 1024K, 5 young (5120K), 5 survivors (5120K)
 Metaspace       used 26734K, capacity 27403K, committed 27520K, reserved 1073152K
  class space    used 3486K, capacity 3703K, committed 3712K, reserved 1048576K
}
Event: 5.532 GC heap before
{Heap before GC invocations=6 (full 0):
 garbage-first heap   total 196608K, used 76993K [0x0000000080000000, 0x0000000100000000)
  region size 1024K, 62 young (63488K), 5 survivors (5120K)
 Metaspace       used 34961K, capacity 35783K, committed 35840K, reserved 1081344K
  class space    used 4529K, capacity 4839K, committed 4864K, reserved 1048576K
}
Event: 5.550 GC heap after
{Heap after GC invocations=7 (full 0):
 garbage-first heap   total 236544K, used 22558K [0x0000000080000000, 0x0000000100000000)
  region size 1024K, 8 young (8192K), 8 survivors (8192K)
 Metaspace       used 34961K, capacity 35783K, committed 35840K, reserved 1081344K
  class space    used 4529K, capacity 4839K, committed 4864K, reserved 1048576K
}
Event: 7.672 GC heap before
{Heap before GC invocations=8 (full 0):
 garbage-first heap   total 236544K, used 158750K [0x0000000080000000, 0x0000000100000000)
  region size 1024K, 138 young (141312K), 8 survivors (8192K)
 Metaspace       used 45125K, capacity 46185K, committed 46464K, reserved 1089536K
  class space    used 5774K, capacity 6203K, committed 6272K, reserved 1048576K
}
Event: 7.695 GC heap after
{Heap after GC invocations=9 (full 0):
 garbage-first heap   total 236544K, used 31027K [0x0000000080000000, 0x0000000100000000)
  region size 1024K, 16 young (16384K), 16 survivors (16384K)
 Metaspace       used 45125K, capacity 46185K, committed 46464K, reserved 1089536K
  class space    used 5774K, capacity 6203K, committed 6272K, reserved 1048576K
}
Event: 10.928 GC heap before
{Heap before GC invocations=9 (full 0):
 garbage-first heap   total 236544K, used 155955K [0x0000000080000000, 0x0000000100000000)
  region size 1024K, 138 young (141312K), 16 survivors (16384K)
 Metaspace       used 55618K, capacity 56955K, committed 57088K, reserved 1099776K
  class space    used 7052K, capacity 7563K, committed 7680K, reserved 1048576K
}
Event: 10.960 GC heap after
{Heap after GC invocations=10 (full 0):
 garbage-first heap   total 236544K, used 36765K [0x0000000080000000, 0x0000000100000000)
  region size 1024K, 15 young (15360K), 15 survivors (15360K)
 Metaspace       used 55618K, capacity 56955K, committed 57088K, reserved 1099776K
  class space    used 7052K, capacity 7563K, committed 7680K, reserved 1048576K
}
Event: 12.773 GC heap before
{Heap before GC invocations=10 (full 0):
 garbage-first heap   total 236544K, used 98205K [0x0000000080000000, 0x0000000100000000)
  region size 1024K, 69 young (70656K), 15 survivors (15360K)
 Metaspace       used 58475K, capacity 59844K, committed 59904K, reserved 1101824K
  class space    used 7386K, capacity 7907K, committed 7936K, reserved 1048576K
}
Event: 12.817 GC heap after
{Heap after GC invocations=11 (full 0):
 garbage-first heap   total 236544K, used 54242K [0x0000000080000000, 0x0000000100000000)
  region size 1024K, 16 young (16384K), 16 survivors (16384K)
 Metaspace       used 58475K, capacity 59844K, committed 59904K, reserved 1101824K
  class space    used 7386K, capacity 7907K, committed 7936K, reserved 1048576K
}
Event: 15.451 GC heap before
{Heap before GC invocations=12 (full 0):
 garbage-first heap   total 236544K, used 179170K [0x0000000080000000, 0x0000000100000000)
  region size 1024K, 138 young (141312K), 16 survivors (16384K)
 Metaspace       used 71208K, capacity 72867K, committed 73216K, reserved 1112064K
  class space    used 9001K, capacity 9611K, committed 9728K, reserved 1048576K
}
Event: 15.477 GC heap after
{Heap after GC invocations=13 (full 0):
 garbage-first heap   total 284672K, used 61790K [0x0000000080000000, 0x0000000100000000)
  region size 1024K, 17 young (17408K), 17 survivors (17408K)
 Metaspace       used 71208K, capacity 72867K, committed 73216K, reserved 1112064K
  class space    used 9001K, capacity 9611K, committed 9728K, reserved 1048576K
}

Deoptimization events (20 events):
Event: 18.335 Thread 0x000001aa9cf46000 DEOPT PACKING pc=0x000001aa8b749afc sp=0x00000074bd9f8f00
Event: 18.335 Thread 0x000001aa9cf46000 DEOPT UNPACKING pc=0x000001aa83a9a1af sp=0x00000074bd9f8d28 mode 2
Event: 18.339 Thread 0x000001aa9cf46000 DEOPT PACKING pc=0x000001aa84d732e3 sp=0x00000074bd9f8970
Event: 18.339 Thread 0x000001aa9cf46000 DEOPT UNPACKING pc=0x000001aa83a9a95e sp=0x00000074bd9f7e20 mode 0
Event: 18.339 Thread 0x000001aa9cf46000 DEOPT PACKING pc=0x000001aa84d732e3 sp=0x00000074bd9f8970
Event: 18.339 Thread 0x000001aa9cf46000 DEOPT UNPACKING pc=0x000001aa83a9a95e sp=0x00000074bd9f7e20 mode 0
Event: 18.339 Thread 0x000001aa9cf46000 DEOPT PACKING pc=0x000001aa84d732e3 sp=0x00000074bd9f8970
Event: 18.339 Thread 0x000001aa9cf46000 DEOPT UNPACKING pc=0x000001aa83a9a95e sp=0x00000074bd9f7e20 mode 0
Event: 18.339 Thread 0x000001aa9cf46000 DEOPT PACKING pc=0x000001aa84d732e3 sp=0x00000074bd9f8970
Event: 18.339 Thread 0x000001aa9cf46000 DEOPT UNPACKING pc=0x000001aa83a9a95e sp=0x00000074bd9f7e20 mode 0
Event: 18.340 Thread 0x000001aa9cf46000 DEOPT PACKING pc=0x000001aa84d732e3 sp=0x00000074bd9f8970
Event: 18.340 Thread 0x000001aa9cf46000 DEOPT UNPACKING pc=0x000001aa83a9a95e sp=0x00000074bd9f7e20 mode 0
Event: 18.340 Thread 0x000001aa9cf46000 DEOPT PACKING pc=0x000001aa84d732e3 sp=0x00000074bd9f8970
Event: 18.340 Thread 0x000001aa9cf46000 DEOPT UNPACKING pc=0x000001aa83a9a95e sp=0x00000074bd9f7e20 mode 0
Event: 18.427 Thread 0x000001aa9cf46000 Uncommon trap: trap_request=0xffffff4d fr.pc=0x000001aa8b7fa750 relative=0x00000000000002d0
Event: 18.427 Thread 0x000001aa9cf46000 Uncommon trap: reason=unstable_if action=reinterpret pc=0x000001aa8b7fa750 method=java.io.WinNTFileSystem.normalize(Ljava/lang/String;)Ljava/lang/String; @ 74 c2
Event: 18.427 Thread 0x000001aa9cf46000 DEOPT PACKING pc=0x000001aa8b7fa750 sp=0x00000074bd9f7eb0
Event: 18.427 Thread 0x000001aa9cf46000 DEOPT UNPACKING pc=0x000001aa83a9a1af sp=0x00000074bd9f7ea8 mode 2
Event: 18.500 Thread 0x000001aa9cf46000 DEOPT PACKING pc=0x000001aa84eca1a7 sp=0x00000074bd9f8f20
Event: 18.500 Thread 0x000001aa9cf46000 DEOPT UNPACKING pc=0x000001aa83a9a95e sp=0x00000074bd9f83d0 mode 0

Classes redefined (0 events):
No events

Internal exceptions (20 events):
Event: 18.127 Thread 0x000001aa9cf46000 Exception <a 'java/lang/ClassNotFoundException'{0x000000008997c3d8}: com/android/build/gradle/internal/api/ApkVariantOutputImpl_DecoratedBeanInfo> (0x000000008997c3d8) thrown at [./src/hotspot/share/classfile/systemDictionary.cpp, line 231]
Event: 18.128 Thread 0x000001aa9cf46000 Exception <a 'java/lang/ClassNotFoundException'{0x00000000899983e0}: com/android/build/gradle/internal/api/ApkVariantOutputImplBeanInfo> (0x00000000899983e0) thrown at [./src/hotspot/share/classfile/systemDictionary.cpp, line 231]
Event: 18.129 Thread 0x000001aa9cf46000 Exception <a 'java/lang/ClassNotFoundException'{0x00000000899b4a40}: com/android/build/gradle/internal/api/BaseVariantOutputImplBeanInfo> (0x00000000899b4a40) thrown at [./src/hotspot/share/classfile/systemDictionary.cpp, line 231]
Event: 18.130 Thread 0x000001aa9cf46000 Exception <a 'java/lang/ClassNotFoundException'{0x00000000899d1108}: com/android/build/gradle/internal/api/BaseVariantOutputImplCustomizer> (0x00000000899d1108) thrown at [./src/hotspot/share/classfile/systemDictionary.cpp, line 231]
Event: 18.132 Thread 0x000001aa9cf46000 Exception <a 'java/lang/ClassNotFoundException'{0x0000000089800180}: com/android/build/gradle/internal/api/ApkVariantOutputImplCustomizer> (0x0000000089800180) thrown at [./src/hotspot/share/classfile/systemDictionary.cpp, line 231]
Event: 18.133 Thread 0x000001aa9cf46000 Exception <a 'java/lang/ClassNotFoundException'{0x000000008982b860}: com/android/build/gradle/internal/api/ApkVariantOutputImpl_DecoratedCustomizer> (0x000000008982b860) thrown at [./src/hotspot/share/classfile/systemDictionary.cpp, line 231]
Event: 18.178 Thread 0x000001aa9cf46000 Exception <a 'java/lang/ClassNotFoundException'{0x00000000896c6790}: com/android/build/gradle/internal/api/ReadOnlyBuildTypeBeanInfo> (0x00000000896c6790) thrown at [./src/hotspot/share/classfile/systemDictionary.cpp, line 231]
Event: 18.178 Thread 0x000001aa9cf46000 Exception <a 'java/lang/ClassNotFoundException'{0x00000000896e1df0}: com/android/build/gradle/internal/api/ReadOnlyBaseConfigBeanInfo> (0x00000000896e1df0) thrown at [./src/hotspot/share/classfile/systemDictionary.cpp, line 231]
Event: 18.179 Thread 0x000001aa9cf46000 Exception <a 'java/lang/ClassNotFoundException'{0x00000000896fdb00}: com/android/build/gradle/internal/api/ReadOnlyBaseConfigCustomizer> (0x00000000896fdb00) thrown at [./src/hotspot/share/classfile/systemDictionary.cpp, line 231]
Event: 18.180 Thread 0x000001aa9cf46000 Exception <a 'java/lang/ClassNotFoundException'{0x0000000089529ad0}: com/android/build/gradle/internal/api/ReadOnlyBuildTypeCustomizer> (0x0000000089529ad0) thrown at [./src/hotspot/share/classfile/systemDictionary.cpp, line 231]
Event: 18.358 Thread 0x000001aa9cf46000 Exception <a 'java/lang/ClassNotFoundException'{0x0000000088f1dc60}: groovy/xml/slurpersupport/NodeChildBeanInfo> (0x0000000088f1dc60) thrown at [./src/hotspot/share/classfile/systemDictionary.cpp, line 231]
Event: 18.360 Thread 0x000001aa9cf46000 Exception <a 'java/lang/ClassNotFoundException'{0x0000000088f45060}: groovy/xml/slurpersupport/GPathResultBeanInfo> (0x0000000088f45060) thrown at [./src/hotspot/share/classfile/systemDictionary.cpp, line 231]
Event: 18.361 Thread 0x000001aa9cf46000 Exception <a 'java/lang/ClassNotFoundException'{0x0000000088f6c348}: groovy/xml/slurpersupport/GPathResultCustomizer> (0x0000000088f6c348) thrown at [./src/hotspot/share/classfile/systemDictionary.cpp, line 231]
Event: 18.363 Thread 0x000001aa9cf46000 Exception <a 'java/lang/ClassNotFoundException'{0x0000000088fa2c38}: groovy/xml/slurpersupport/NodeChildCustomizer> (0x0000000088fa2c38) thrown at [./src/hotspot/share/classfile/systemDictionary.cpp, line 231]
Event: 18.375 Thread 0x000001aa9cf46000 Exception <a 'java/lang/ClassNotFoundException'{0x0000000088eb6308}: groovy/xml/slurpersupport/AttributesBeanInfo> (0x0000000088eb6308) thrown at [./src/hotspot/share/classfile/systemDictionary.cpp, line 231]
Event: 18.376 Thread 0x000001aa9cf46000 Exception <a 'java/lang/ClassNotFoundException'{0x0000000088edd848}: groovy/xml/slurpersupport/NodeChildrenBeanInfo> (0x0000000088edd848) thrown at [./src/hotspot/share/classfile/systemDictionary.cpp, line 231]
Event: 18.376 Thread 0x000001aa9cf46000 Exception <a 'java/lang/ClassNotFoundException'{0x0000000088d04828}: groovy/xml/slurpersupport/NodeChildrenCustomizer> (0x0000000088d04828) thrown at [./src/hotspot/share/classfile/systemDictionary.cpp, line 231]
Event: 18.378 Thread 0x000001aa9cf46000 Exception <a 'java/lang/ClassNotFoundException'{0x0000000088d31c78}: groovy/xml/slurpersupport/AttributesCustomizer> (0x0000000088d31c78) thrown at [./src/hotspot/share/classfile/systemDictionary.cpp, line 231]
Event: 18.385 Thread 0x000001aa9cf46000 Exception <a 'java/lang/ClassNotFoundException'{0x0000000088c2b068}: groovy/xml/slurpersupport/AttributeBeanInfo> (0x0000000088c2b068) thrown at [./src/hotspot/share/classfile/systemDictionary.cpp, line 231]
Event: 18.386 Thread 0x000001aa9cf46000 Exception <a 'java/lang/ClassNotFoundException'{0x0000000088c51448}: groovy/xml/slurpersupport/AttributeCustomizer> (0x0000000088c51448) thrown at [./src/hotspot/share/classfile/systemDictionary.cpp, line 231]

Events (20 events):
Event: 18.546 loading class org/gradle/api/internal/file/collections/DefaultConfigurableFileTree
Event: 18.546 loading class org/gradle/api/internal/file/collections/DefaultConfigurableFileTree done
Event: 18.548 loading class org/jetbrains/kotlin/gradle/plugin/AbstractAndroidProjectHandler$postprocessVariant$2$1
Event: 18.548 loading class org/jetbrains/kotlin/gradle/plugin/AbstractAndroidProjectHandler$postprocessVariant$2$1 done
Event: 18.549 loading class org/jetbrains/kotlin/gradle/plugin/Android25ProjectHandler$wireKotlinTasks$preJavaKotlinOutput$1
Event: 18.549 loading class org/jetbrains/kotlin/gradle/plugin/Android25ProjectHandler$wireKotlinTasks$preJavaKotlinOutput$1 done
Event: 18.558 loading class org/gradle/api/internal/file/UnionFileCollection
Event: 18.558 loading class org/gradle/api/internal/file/UnionFileCollection done
Event: 18.559 loading class org/jetbrains/kotlin/gradle/plugin/Android25ProjectHandler$wireKotlinTasks$1
Event: 18.559 loading class org/jetbrains/kotlin/gradle/plugin/Android25ProjectHandler$wireKotlinTasks$1 done
Event: 18.560 loading class com/android/build/api/component/impl/ComponentImpl$getJavaClasspathArtifacts$extraArtifact$1
Event: 18.560 loading class com/android/build/api/component/impl/ComponentImpl$getJavaClasspathArtifacts$extraArtifact$1 done
Event: 18.560 loading class com/android/build/gradle/internal/dependency/ArtifactCollectionWithExtraArtifact
Event: 18.560 loading class com/android/build/gradle/internal/dependency/ArtifactCollectionWithExtraArtifact done
Event: 18.561 loading class org/gradle/api/artifacts/component/ComponentIdentifier
Event: 18.561 loading class org/gradle/api/artifacts/component/ComponentIdentifier done
Event: 18.562 loading class com/android/build/gradle/internal/dependency/ArtifactCollectionWithExtraArtifact$ExtraArtifactType
Event: 18.562 loading class com/android/build/gradle/internal/dependency/ArtifactCollectionWithExtraArtifact$ExtraArtifactType done
Event: 18.562 loading class com/android/build/api/component/impl/ComponentImpl$getJavaClasspathArtifacts$1
Event: 18.562 loading class com/android/build/api/component/impl/ComponentImpl$getJavaClasspathArtifacts$1 done


Dynamic libraries:
0x00007ff7db980000 - 0x00007ff7db98a000 	C:\Program Files\Android\Android Studio\jre\bin\java.exe
0x00007ffd80710000 - 0x00007ffd80905000 	C:\Windows\SYSTEM32\ntdll.dll
0x00007ffd80480000 - 0x00007ffd8053e000 	C:\Windows\System32\KERNEL32.DLL
0x00007ffd7e0e0000 - 0x00007ffd7e3a9000 	C:\Windows\System32\KERNELBASE.dll
0x00007ffd7ded0000 - 0x00007ffd7dfd0000 	C:\Windows\System32\ucrtbase.dll
0x00007ffd55ad0000 - 0x00007ffd55ae9000 	C:\Program Files\Android\Android Studio\jre\bin\jli.dll
0x00007ffd5ef10000 - 0x00007ffd5ef27000 	C:\Program Files\Android\Android Studio\jre\bin\VCRUNTIME140.dll
0x00007ffd80020000 - 0x00007ffd801c1000 	C:\Windows\System32\USER32.dll
0x00007ffd6a520000 - 0x00007ffd6a7ba000 	C:\Windows\WinSxS\amd64_microsoft.windows.common-controls_6595b64144ccf1df_6.0.19041.1110_none_60b5254171f9507e\COMCTL32.dll
0x00007ffd7e3b0000 - 0x00007ffd7e3d2000 	C:\Windows\System32\win32u.dll
0x00007ffd7e760000 - 0x00007ffd7e7fe000 	C:\Windows\System32\msvcrt.dll
0x00007ffd7fe10000 - 0x00007ffd7fe3b000 	C:\Windows\System32\GDI32.dll
0x00007ffd7dfd0000 - 0x00007ffd7e0db000 	C:\Windows\System32\gdi32full.dll
0x00007ffd7de30000 - 0x00007ffd7decd000 	C:\Windows\System32\msvcp_win.dll
0x00007ffd7fff0000 - 0x00007ffd80020000 	C:\Windows\System32\IMM32.DLL
0x00007ffd553a0000 - 0x00007ffd5543d000 	C:\Program Files\Android\Android Studio\jre\bin\msvcp140.dll
0x00007ffd38940000 - 0x00007ffd39425000 	C:\Program Files\Android\Android Studio\jre\bin\server\jvm.dll
0x00007ffd803d0000 - 0x00007ffd8047c000 	C:\Windows\System32\ADVAPI32.dll
0x00007ffd80250000 - 0x00007ffd802eb000 	C:\Windows\System32\sechost.dll
0x00007ffd7f630000 - 0x00007ffd7f75a000 	C:\Windows\System32\RPCRT4.dll
0x00007ffd7e800000 - 0x00007ffd7e808000 	C:\Windows\System32\PSAPI.DLL
0x00007ffd785f0000 - 0x00007ffd78617000 	C:\Windows\SYSTEM32\WINMM.dll
0x00007ffd7b5d0000 - 0x00007ffd7b5d9000 	C:\Windows\SYSTEM32\WSOCK32.dll
0x00007ffd7fbf0000 - 0x00007ffd7fc5b000 	C:\Windows\System32\WS2_32.dll
0x00007ffd773b0000 - 0x00007ffd773ba000 	C:\Windows\SYSTEM32\VERSION.dll
0x00007ffd7bd30000 - 0x00007ffd7bd42000 	C:\Windows\SYSTEM32\kernel.appcore.dll
0x00007ffd76be0000 - 0x00007ffd76bf1000 	C:\Program Files\Android\Android Studio\jre\bin\verify.dll
0x00007ffd63970000 - 0x00007ffd63b54000 	C:\Windows\SYSTEM32\DBGHELP.DLL
0x00007ffd688d0000 - 0x00007ffd688fc000 	C:\Windows\SYSTEM32\dbgcore.DLL
0x00007ffd7e410000 - 0x00007ffd7e493000 	C:\Windows\System32\bcryptPrimitives.dll
0x00007ffd76bb0000 - 0x00007ffd76bd9000 	C:\Program Files\Android\Android Studio\jre\bin\java.dll
0x00007ffd7b620000 - 0x00007ffd7b62b000 	C:\Program Files\Android\Android Studio\jre\bin\jimage.dll
0x00007ffd76b90000 - 0x00007ffd76ba8000 	C:\Program Files\Android\Android Studio\jre\bin\zip.dll
0x00007ffd7ed30000 - 0x00007ffd7f46f000 	C:\Windows\System32\SHELL32.dll
0x00007ffd7bf30000 - 0x00007ffd7c6c0000 	C:\Windows\SYSTEM32\windows.storage.dll
0x00007ffd7e810000 - 0x00007ffd7eb65000 	C:\Windows\System32\combase.dll
0x00007ffd7d880000 - 0x00007ffd7d8ac000 	C:\Windows\SYSTEM32\Wldp.dll
0x00007ffd7f520000 - 0x00007ffd7f5ce000 	C:\Windows\System32\SHCORE.dll
0x00007ffd805a0000 - 0x00007ffd805f5000 	C:\Windows\System32\shlwapi.dll
0x00007ffd7dd70000 - 0x00007ffd7dd8f000 	C:\Windows\SYSTEM32\profapi.dll
0x00007ffd76b70000 - 0x00007ffd76b8a000 	C:\Program Files\Android\Android Studio\jre\bin\net.dll
0x00007ffd6de40000 - 0x00007ffd6df48000 	C:\Windows\SYSTEM32\WINHTTP.dll
0x00007ffd7d5e0000 - 0x00007ffd7d64a000 	C:\Windows\system32\mswsock.dll
0x00007ffd76b50000 - 0x00007ffd76b64000 	C:\Program Files\Android\Android Studio\jre\bin\nio.dll
0x00007ffd5f330000 - 0x00007ffd5f357000 	C:\Users\Ekaterina\.gradle\native\e1d6ef7f7dcc3fd88c89a11ec53ec762bb8ba0a96d01ffa2cd45eb1d1d8dd5c5\windows-amd64\native-platform.dll
0x00007ffd39860000 - 0x00007ffd399a4000 	C:\Users\Ekaterina\.gradle\native\5664cfc778a61ccfe75a443a1ab52a65af34e5dc3c78e0209fed803814484fcb\windows-amd64\native-platform-file-events.dll
0x00007ffd76b40000 - 0x00007ffd76b4a000 	C:\Program Files\Android\Android Studio\jre\bin\management.dll
0x00007ffd76b30000 - 0x00007ffd76b3d000 	C:\Program Files\Android\Android Studio\jre\bin\management_ext.dll
0x00007ffd7d7d0000 - 0x00007ffd7d7e8000 	C:\Windows\SYSTEM32\CRYPTSP.dll
0x00007ffd7cef0000 - 0x00007ffd7cf24000 	C:\Windows\system32\rsaenh.dll
0x00007ffd7e3e0000 - 0x00007ffd7e407000 	C:\Windows\System32\bcrypt.dll
0x00007ffd7dd30000 - 0x00007ffd7dd5e000 	C:\Windows\SYSTEM32\USERENV.dll
0x00007ffd7d7f0000 - 0x00007ffd7d7fc000 	C:\Windows\SYSTEM32\CRYPTBASE.dll
0x00007ffd7d280000 - 0x00007ffd7d2bb000 	C:\Windows\SYSTEM32\IPHLPAPI.DLL
0x00007ffd7f760000 - 0x00007ffd7f768000 	C:\Windows\System32\NSI.dll
0x00007ffd761c0000 - 0x00007ffd761d7000 	C:\Windows\SYSTEM32\dhcpcsvc6.DLL
0x00007ffd76180000 - 0x00007ffd7619d000 	C:\Windows\SYSTEM32\dhcpcsvc.DLL
0x00007ffd7d2d0000 - 0x00007ffd7d39c000 	C:\Windows\SYSTEM32\DNSAPI.dll
0x00007ffd689b0000 - 0x00007ffd689d7000 	C:\Program Files\Android\Android Studio\jre\bin\sunec.dll
0x00007ffd6da10000 - 0x00007ffd6da1a000 	C:\Windows\System32\rasadhlp.dll
0x00007ffd6d740000 - 0x00007ffd6d7bf000 	C:\Windows\System32\fwpuclnt.dll

dbghelp: loaded successfully - version: 4.0.5 - missing functions: none
symbol engine: initialized successfully - sym options: 0x614 - pdb path: .;C:\Program Files\Android\Android Studio\jre\bin;C:\Windows\SYSTEM32;C:\Windows\WinSxS\amd64_microsoft.windows.common-controls_6595b64144ccf1df_6.0.19041.1110_none_60b5254171f9507e;C:\Program Files\Android\Android Studio\jre\bin\server;C:\Users\Ekaterina\.gradle\native\e1d6ef7f7dcc3fd88c89a11ec53ec762bb8ba0a96d01ffa2cd45eb1d1d8dd5c5\windows-amd64;C:\Users\Ekaterina\.gradle\native\5664cfc778a61ccfe75a443a1ab52a65af34e5dc3c78e0209fed803814484fcb\windows-amd64

VM Arguments:
jvm_args: --add-opens=java.base/java.util=ALL-UNNAMED --add-opens=java.base/java.lang=ALL-UNNAMED --add-opens=java.base/java.lang.invoke=ALL-UNNAMED --add-opens=java.base/java.util=ALL-UNNAMED --add-opens=java.prefs/java.util.prefs=ALL-UNNAMED --add-opens=java.prefs/java.util.prefs=ALL-UNNAMED --add-opens=java.base/java.nio.charset=ALL-UNNAMED --add-opens=java.base/java.net=ALL-UNNAMED --add-opens=java.base/java.util.concurrent.atomic=ALL-UNNAMED -Xmx2048m -Dfile.encoding=UTF-8 -Duser.country=RU -Duser.language=ru -Duser.variant 
java_command: org.gradle.launcher.daemon.bootstrap.GradleDaemon 7.3.3
java_class_path (initial): C:\Users\Ekaterina\.gradle\wrapper\dists\gradle-7.3.3-bin\6a41zxkdtcxs8rphpq6y0069z\gradle-7.3.3\lib\gradle-launcher-7.3.3.jar
Launcher Type: SUN_STANDARD

[Global flags]
     intx CICompilerCount                          = 3                                         {product} {ergonomic}
     uint ConcGCThreads                            = 1                                         {product} {ergonomic}
     uint G1ConcRefinementThreads                  = 4                                         {product} {ergonomic}
   size_t G1HeapRegionSize                         = 1048576                                   {product} {ergonomic}
    uintx GCDrainStackTargetSize                   = 64                                        {product} {ergonomic}
   size_t InitialHeapSize                          = 201326592                                 {product} {ergonomic}
   size_t MarkStackSize                            = 4194304                                   {product} {ergonomic}
   size_t MaxHeapSize                              = 2147483648                                {product} {command line}
   size_t MaxNewSize                               = 1287651328                                {product} {ergonomic}
   size_t MinHeapDeltaBytes                        = 1048576                                   {product} {ergonomic}
    uintx NonNMethodCodeHeapSize                   = 5830732                                {pd product} {ergonomic}
    uintx NonProfiledCodeHeapSize                  = 122913754                              {pd product} {ergonomic}
    uintx ProfiledCodeHeapSize                     = 122913754                              {pd product} {ergonomic}
    uintx ReservedCodeCacheSize                    = 251658240                              {pd product} {ergonomic}
     bool SegmentedCodeCache                       = true                                      {product} {ergonomic}
     bool UseCompressedClassPointers               = true                                 {lp64_product} {ergonomic}
     bool UseCompressedOops                        = true                                 {lp64_product} {ergonomic}
     bool UseG1GC                                  = true                                      {product} {ergonomic}
     bool UseLargePagesIndividualAllocation        = false                                  {pd product} {ergonomic}

Logging:
Log output configuration:
 #0: stdout all=warning uptime,level,tags
 #1: stderr all=off uptime,level,tags

Environment Variables:
PATH=C:\Windows\system32;C:\Windows;C:\Windows\System32\Wbem;C:\Windows\System32\WindowsPowerShell\v1.0\;C:\Program Files\Git\cmd;C:\Users\Ekaterina\AppData\Local\Microsoft\WindowsApps;;C:\Users\Ekaterina\AppData\Local\Programs\Microsoft VS Code\bin
USERNAME=Ekaterina
OS=Windows_NT
PROCESSOR_IDENTIFIER=Intel64 Family 6 Model 142 Stepping 9, GenuineIntel



---------------  S Y S T E M  ---------------

OS: Windows 10 , 64 bit Build 19041 (10.0.19041.1200)
OS uptime: 4 days 1:07 hours

CPU:total 4 (initial active 4) (2 cores per cpu, 2 threads per core) family 6 model 142 stepping 9 microcode 0xb4, cmov, cx8, fxsr, mmx, sse, sse2, sse3, ssse3, sse4.1, sse4.2, popcnt, avx, avx2, aes, clmul, erms, 3dnowpref, lzcnt, ht, tsc, tscinvbit, bmi1, bmi2, adx, fma

Memory: 4k page, system-wide physical 12197M (602M free)
TotalPageFile size 12197M (AvailPageFile size 6M)
current process WorkingSet (physical memory assigned to process): 485M, peak: 485M
current process commit charge ("private bytes"): 547M, peak: 549M

vm_info: OpenJDK 64-Bit Server VM (11.0.12+7-b1504.28-7817840) for windows-amd64 JRE (11.0.12+7-b1504.28-7817840), built on Oct 13 2021 22:12:33 by "builder" with MS VC++ 14.0 (VS2015)

END.
