#
# There is insufficient memory for the Java Runtime Environment to continue.
# Native memory allocation (malloc) failed to allocate 908336 bytes for Chunk::new
# Possible reasons:
#   The system is out of physical RAM or swap space
#   The process is running with CompressedOops enabled, and the Java Heap may be blocking the growth of the native heap
# Possible solutions:
#   Reduce memory load on the system
#   Increase physical memory or swap space
#   Check if swap backing store is full
#   Decrease Java heap size (-Xmx/-Xms)
#   Decrease number of Java threads
#   Decrease Java thread stack sizes (-Xss)
#   Set larger code cache with -XX:ReservedCodeCacheSize=
#   JVM is running with Unscaled Compressed Oops mode in which the Java heap is
#     placed in the first 4GB address space. The Java Heap base address is the
#     maximum limit for the native heap growth. Please use -XX:HeapBaseMinAddress
#     to set the Java Heap base and to place the Java Heap above 4GB virtual address.
# This output file may be truncated or incomplete.
#
#  Out of Memory Error (./src/hotspot/share/memory/arena.cpp:197), pid=6012, tid=8860
#
# JRE version: OpenJDK Runtime Environment (11.0.12+7) (build 11.0.12+7-b1504.28-7817840)
# Java VM: OpenJDK 64-Bit Server VM (11.0.12+7-b1504.28-7817840, mixed mode, tiered, compressed oops, g1 gc, windows-amd64)
# No core dump will be written. Minidumps are not enabled by default on client versions of Windows
#

---------------  S U M M A R Y ------------

Command Line: --add-opens=java.base/java.util=ALL-UNNAMED --add-opens=java.base/java.lang=ALL-UNNAMED --add-opens=java.base/java.lang.invoke=ALL-UNNAMED --add-opens=java.base/java.util=ALL-UNNAMED --add-opens=java.prefs/java.util.prefs=ALL-UNNAMED --add-opens=java.prefs/java.util.prefs=ALL-UNNAMED --add-opens=java.base/java.nio.charset=ALL-UNNAMED --add-opens=java.base/java.net=ALL-UNNAMED --add-opens=java.base/java.util.concurrent.atomic=ALL-UNNAMED -Xmx2048m -Dfile.encoding=UTF-8 -Duser.country=RU -Duser.language=ru -Duser.variant org.gradle.launcher.daemon.bootstrap.GradleDaemon 7.3.3

Host: Intel(R) Core(TM) i3-7020U CPU @ 2.30GHz, 4 cores, 11G,  Windows 10 , 64 bit Build 19041 (10.0.19041.1200)
Time: Sat Jul 30 16:48:09 2022 RTZ 2 (зима) elapsed time: 132.131264 seconds (0d 0h 2m 12s)

---------------  T H R E A D  ---------------

Current thread (0x000002174b5c1800):  JavaThread "C2 CompilerThread0" daemon [_thread_in_native, id=8860, stack(0x0000008114800000,0x0000008114900000)]


Current CompileTask:
C2: 132131 16008   !   4       java.nio.file.Files::walkFileTree (294 bytes)

Stack: [0x0000008114800000,0x0000008114900000]
Native frames: (J=compiled Java code, j=interpreted, Vv=VM code, C=native code)
V  [jvm.dll+0x5fbcea]
V  [jvm.dll+0x731905]
V  [jvm.dll+0x732f1d]
V  [jvm.dll+0x7335d3]
V  [jvm.dll+0x247bf8]
V  [jvm.dll+0xc018c]
V  [jvm.dll+0xc06cc]
V  [jvm.dll+0x2bcc04]
V  [jvm.dll+0x5113a8]
V  [jvm.dll+0x201d61]
V  [jvm.dll+0x1ff71f]
V  [jvm.dll+0x18868c]
V  [jvm.dll+0x20e0d7]
V  [jvm.dll+0x20c901]
V  [jvm.dll+0x6f9b7f]
V  [jvm.dll+0x6f26a5]
V  [jvm.dll+0x5fabf6]
C  [ucrtbase.dll+0x21bb2]
C  [KERNEL32.DLL+0x17034]
C  [ntdll.dll+0x52651]


---------------  P R O C E S S  ---------------

Threads class SMR info:
_java_thread_list=0x000002175127aab0, length=92, elements={
0x000002172f21b800, 0x000002174ada2800, 0x000002174ada4800, 0x000002174b5bb000,
0x000002174b5bd000, 0x000002174b5be000, 0x000002174b5c1800, 0x000002174b62b000,
0x000002174b635000, 0x000002174b79c800, 0x000002174ce5b800, 0x000002174de39000,
0x000002174d8ee800, 0x000002174dad8000, 0x000002174ceac800, 0x000002174d99b000,
0x000002174d99a800, 0x000002174d99c000, 0x000002174d999000, 0x000002174d99e800,
0x000002175175f000, 0x0000021751760000, 0x0000021751760800, 0x0000021751764000,
0x0000021751769000, 0x0000021751258800, 0x0000021751254800, 0x0000021754fe0000,
0x0000021754fe0800, 0x0000021750a9c000, 0x0000021750a9b000, 0x0000021750a9c800,
0x000002175124a800, 0x000002175124f000, 0x000002175124c800, 0x000002175124e000,
0x000002175124f800, 0x000002175124d000, 0x0000021751250800, 0x0000021751251000,
0x000002175124b800, 0x0000021751256000, 0x0000021751257000, 0x0000021751253800,
0x0000021751253000, 0x0000021751252000, 0x0000021751255800, 0x0000021751257800,
0x0000021750a9d800, 0x0000021750a98800, 0x0000021750a9f000, 0x0000021750a99800,
0x0000021750a9a800, 0x0000021750aa5800, 0x0000021750aa5000, 0x0000021750aa0000,
0x0000021750aa4000, 0x0000021750aa6800, 0x0000021750aa1800, 0x0000021750aa1000,
0x0000021750aa2800, 0x0000021750aa7800, 0x0000021750aa3800, 0x0000021751761800,
0x0000021751763000, 0x000002175175d800, 0x0000021751769800, 0x000002175176a800,
0x0000021751764800, 0x0000021751766800, 0x0000021751767000, 0x0000021751768000,
0x0000021754fe5000, 0x0000021754fdf000, 0x0000021754fe2800, 0x0000021754fe1800,
0x0000021754fe3000, 0x0000021754fe4000, 0x000002174d99d000, 0x000002174d99d800,
0x000002174d999800, 0x000002174d998000, 0x0000021750a31800, 0x0000021750a33000,
0x0000021750a2f000, 0x0000021750a2e000, 0x0000021750a34000, 0x0000021750a30800,
0x0000021750a35000, 0x0000021750a32800, 0x0000021750a35800, 0x0000021750a3b800
}

Java Threads: ( => current thread )
  0x000002172f21b800 JavaThread "main" [_thread_blocked, id=9204, stack(0x0000008113c00000,0x0000008113d00000)]
  0x000002174ada2800 JavaThread "Reference Handler" daemon [_thread_blocked, id=3032, stack(0x0000008114300000,0x0000008114400000)]
  0x000002174ada4800 JavaThread "Finalizer" daemon [_thread_blocked, id=7036, stack(0x0000008114400000,0x0000008114500000)]
  0x000002174b5bb000 JavaThread "Signal Dispatcher" daemon [_thread_blocked, id=8628, stack(0x0000008114500000,0x0000008114600000)]
  0x000002174b5bd000 JavaThread "Attach Listener" daemon [_thread_blocked, id=6816, stack(0x0000008114600000,0x0000008114700000)]
  0x000002174b5be000 JavaThread "Service Thread" daemon [_thread_blocked, id=9236, stack(0x0000008114700000,0x0000008114800000)]
=>0x000002174b5c1800 JavaThread "C2 CompilerThread0" daemon [_thread_in_native, id=8860, stack(0x0000008114800000,0x0000008114900000)]
  0x000002174b62b000 JavaThread "C1 CompilerThread0" daemon [_thread_blocked, id=4668, stack(0x0000008114900000,0x0000008114a00000)]
  0x000002174b635000 JavaThread "Sweeper thread" daemon [_thread_blocked, id=10148, stack(0x0000008114a00000,0x0000008114b00000)]
  0x000002174b79c800 JavaThread "Common-Cleaner" daemon [_thread_blocked, id=5624, stack(0x0000008114b00000,0x0000008114c00000)]
  0x000002174ce5b800 JavaThread "Daemon health stats" [_thread_blocked, id=1156, stack(0x0000008115100000,0x0000008115200000)]
  0x000002174de39000 JavaThread "Incoming local TCP Connector on port 52620" [_thread_in_native, id=6560, stack(0x0000008114d00000,0x0000008114e00000)]
  0x000002174d8ee800 JavaThread "Daemon periodic checks" [_thread_blocked, id=6320, stack(0x0000008115300000,0x0000008115400000)]
  0x000002174dad8000 JavaThread "Daemon" [_thread_blocked, id=7468, stack(0x0000008115400000,0x0000008115500000)]
  0x000002174ceac800 JavaThread "Daemon worker" [_thread_blocked, id=9812, stack(0x0000008115700000,0x0000008115800000)]
  0x000002174d99b000 JavaThread "Cache worker for journal cache (C:\Users\Ekaterina\.gradle\caches\journal-1)" [_thread_blocked, id=10116, stack(0x0000008115b00000,0x0000008115c00000)]
  0x000002174d99a800 JavaThread "File lock request listener" [_thread_in_native, id=9928, stack(0x0000008115c00000,0x0000008115d00000)]
  0x000002174d99c000 JavaThread "Cache worker for file hash cache (C:\Users\Ekaterina\.gradle\caches\7.3.3\fileHashes)" [_thread_blocked, id=8636, stack(0x0000008115d00000,0x0000008115e00000)]
  0x000002174d999000 JavaThread "File watcher server" daemon [_thread_in_native, id=10112, stack(0x0000008115f00000,0x0000008116000000)]
  0x000002174d99e800 JavaThread "File watcher consumer" daemon [_thread_blocked, id=5696, stack(0x0000008116000000,0x0000008116100000)]
  0x000002175175f000 JavaThread "Cache worker for execution history cache (C:\Users\Ekaterina\.gradle\caches\7.3.3\executionHistory)" [_thread_blocked, id=5760, stack(0x0000008116400000,0x0000008116500000)]
  0x0000021751760000 JavaThread "jar transforms" [_thread_blocked, id=4056, stack(0x0000008116500000,0x0000008116600000)]
  0x0000021751760800 JavaThread "Cache worker for file content cache (C:\Users\Ekaterina\.gradle\caches\7.3.3\fileContent)" [_thread_blocked, id=5792, stack(0x0000008116600000,0x0000008116700000)]
  0x0000021751764000 JavaThread "jar transforms Thread 2" [_thread_blocked, id=8848, stack(0x0000008116700000,0x0000008116800000)]
  0x0000021751769000 JavaThread "jar transforms Thread 3" [_thread_blocked, id=8644, stack(0x0000008116900000,0x0000008116a00000)]
  0x0000021751258800 JavaThread "jar transforms Thread 4" [_thread_blocked, id=2396, stack(0x0000008119400000,0x0000008119500000)]
  0x0000021751254800 JavaThread "Memory manager" [_thread_blocked, id=9856, stack(0x0000008119500000,0x0000008119600000)]
  0x0000021754fe0000 JavaThread "RMI Scheduler(0)" daemon [_thread_blocked, id=9552, stack(0x0000008119c00000,0x0000008119d00000)]
  0x0000021754fe0800 JavaThread "RMI RenewClean-[127.0.0.1:17153,org.jetbrains.kotlin.daemon.common.LoopbackNetworkInterface$ClientLoopbackSocketFactory@24dfff85]" daemon [_thread_blocked, id=9072, stack(0x0000008119d00000,0x0000008119e00000)]
  0x0000021750a9c000 JavaThread "RMI GC Daemon" daemon [_thread_blocked, id=9172, stack(0x0000008119e00000,0x0000008119f00000)]
  0x0000021750a9b000 JavaThread "RMI TCP Accept-0" daemon [_thread_in_native, id=8240, stack(0x0000008119f00000,0x000000811a000000)]
  0x0000021750a9c800 JavaThread "RMI Reaper" [_thread_blocked, id=9772, stack(0x000000811a000000,0x000000811a100000)]
  0x000002175124a800 JavaThread "Handler for socket connection from /127.0.0.1:52620 to /127.0.0.1:52667" [_thread_in_native, id=3076, stack(0x0000008113900000,0x0000008113a00000)]
  0x000002175124f000 JavaThread "Cancel handler" [_thread_blocked, id=9688, stack(0x0000008113a00000,0x0000008113b00000)]
  0x000002175124c800 JavaThread "Asynchronous log dispatcher for DefaultDaemonConnection: socket connection from /127.0.0.1:52620 to /127.0.0.1:52667" [_thread_blocked, id=8692, stack(0x0000008113b00000,0x0000008113c00000)]
  0x000002175124e000 JavaThread "Stdin handler" [_thread_blocked, id=6408, stack(0x0000008115200000,0x0000008115300000)]
  0x000002175124f800 JavaThread "Daemon client event forwarder" [_thread_blocked, id=8768, stack(0x0000008115500000,0x0000008115600000)]
  0x000002175124d000 JavaThread "Cache worker for file hash cache (C:\Projects\Andriod\NMedia\.gradle\7.3.3\fileHashes)" [_thread_blocked, id=2472, stack(0x0000008115600000,0x0000008115700000)]
  0x0000021751250800 JavaThread "Cache worker for checksums cache (C:\Projects\Andriod\NMedia\.gradle\7.3.3\checksums)" [_thread_blocked, id=4396, stack(0x0000008115900000,0x0000008115a00000)]
  0x0000021751251000 JavaThread "Cache worker for cache directory md-supplier (C:\Users\Ekaterina\.gradle\caches\7.3.3\md-supplier)" [_thread_blocked, id=6376, stack(0x0000008115a00000,0x0000008115b00000)]
  0x000002175124b800 JavaThread "Cache worker for cache directory md-rule (C:\Users\Ekaterina\.gradle\caches\7.3.3\md-rule)" [_thread_blocked, id=1860, stack(0x0000008115e00000,0x0000008115f00000)]
  0x0000021751256000 JavaThread "Cache worker for dependencies-accessors (C:\Projects\Andriod\NMedia\.gradle\7.3.3\dependencies-accessors)" [_thread_blocked, id=9452, stack(0x0000008116100000,0x0000008116200000)]
  0x0000021751257000 JavaThread "Cache worker for Build Output Cleanup Cache (C:\Projects\Andriod\NMedia\.gradle\buildOutputCleanup)" [_thread_blocked, id=8476, stack(0x0000008116200000,0x0000008116300000)]
  0x0000021751253800 JavaThread "Unconstrained build operations" [_thread_blocked, id=8480, stack(0x0000008116300000,0x0000008116400000)]
  0x0000021751253000 JavaThread "Unconstrained build operations Thread 2" [_thread_blocked, id=8056, stack(0x0000008116800000,0x0000008116900000)]
  0x0000021751252000 JavaThread "Unconstrained build operations Thread 3" [_thread_blocked, id=6988, stack(0x0000008116a00000,0x0000008116b00000)]
  0x0000021751255800 JavaThread "Unconstrained build operations Thread 4" [_thread_blocked, id=2400, stack(0x0000008116c00000,0x0000008116d00000)]
  0x0000021751257800 JavaThread "Unconstrained build operations Thread 5" [_thread_blocked, id=8620, stack(0x0000008116d00000,0x0000008116e00000)]
  0x0000021750a9d800 JavaThread "Unconstrained build operations Thread 6" [_thread_blocked, id=6248, stack(0x0000008116e00000,0x0000008116f00000)]
  0x0000021750a98800 JavaThread "Unconstrained build operations Thread 7" [_thread_blocked, id=7188, stack(0x0000008116f00000,0x0000008117000000)]
  0x0000021750a9f000 JavaThread "Unconstrained build operations Thread 8" [_thread_blocked, id=9900, stack(0x0000008117000000,0x0000008117100000)]
  0x0000021750a99800 JavaThread "Unconstrained build operations Thread 9" [_thread_blocked, id=9764, stack(0x0000008117100000,0x0000008117200000)]
  0x0000021750a9a800 JavaThread "Unconstrained build operations Thread 10" [_thread_blocked, id=9876, stack(0x0000008117200000,0x0000008117300000)]
  0x0000021750aa5800 JavaThread "Unconstrained build operations Thread 11" [_thread_blocked, id=7520, stack(0x0000008117300000,0x0000008117400000)]
  0x0000021750aa5000 JavaThread "Unconstrained build operations Thread 12" [_thread_blocked, id=1284, stack(0x0000008117400000,0x0000008117500000)]
  0x0000021750aa0000 JavaThread "Unconstrained build operations Thread 13" [_thread_blocked, id=9788, stack(0x0000008117500000,0x0000008117600000)]
  0x0000021750aa4000 JavaThread "Unconstrained build operations Thread 14" [_thread_blocked, id=4080, stack(0x0000008117600000,0x0000008117700000)]
  0x0000021750aa6800 JavaThread "Unconstrained build operations Thread 15" [_thread_blocked, id=9540, stack(0x0000008117700000,0x0000008117800000)]
  0x0000021750aa1800 JavaThread "Unconstrained build operations Thread 16" [_thread_blocked, id=7484, stack(0x0000008117800000,0x0000008117900000)]
  0x0000021750aa1000 JavaThread "Unconstrained build operations Thread 17" [_thread_blocked, id=7880, stack(0x0000008117900000,0x0000008117a00000)]
  0x0000021750aa2800 JavaThread "Unconstrained build operations Thread 18" [_thread_blocked, id=4192, stack(0x0000008117a00000,0x0000008117b00000)]
  0x0000021750aa7800 JavaThread "Unconstrained build operations Thread 19" [_thread_blocked, id=7100, stack(0x0000008117b00000,0x0000008117c00000)]
  0x0000021750aa3800 JavaThread "Unconstrained build operations Thread 20" [_thread_blocked, id=8280, stack(0x0000008117c00000,0x0000008117d00000)]
  0x0000021751761800 JavaThread "Unconstrained build operations Thread 21" [_thread_blocked, id=8724, stack(0x0000008117d00000,0x0000008117e00000)]
  0x0000021751763000 JavaThread "Unconstrained build operations Thread 22" [_thread_blocked, id=2604, stack(0x0000008117e00000,0x0000008117f00000)]
  0x000002175175d800 JavaThread "Unconstrained build operations Thread 23" [_thread_blocked, id=4592, stack(0x0000008117f00000,0x0000008118000000)]
  0x0000021751769800 JavaThread "Unconstrained build operations Thread 24" [_thread_blocked, id=3980, stack(0x0000008118000000,0x0000008118100000)]
  0x000002175176a800 JavaThread "Unconstrained build operations Thread 25" [_thread_blocked, id=8688, stack(0x0000008118100000,0x0000008118200000)]
  0x0000021751764800 JavaThread "Unconstrained build operations Thread 26" [_thread_blocked, id=9276, stack(0x0000008118200000,0x0000008118300000)]
  0x0000021751766800 JavaThread "Unconstrained build operations Thread 27" [_thread_blocked, id=6296, stack(0x0000008118300000,0x0000008118400000)]
  0x0000021751767000 JavaThread "Unconstrained build operations Thread 28" [_thread_blocked, id=6556, stack(0x0000008118400000,0x0000008118500000)]
  0x0000021751768000 JavaThread "Unconstrained build operations Thread 29" [_thread_blocked, id=10196, stack(0x0000008118500000,0x0000008118600000)]
  0x0000021754fe5000 JavaThread "Unconstrained build operations Thread 30" [_thread_blocked, id=6360, stack(0x0000008118600000,0x0000008118700000)]
  0x0000021754fdf000 JavaThread "Unconstrained build operations Thread 31" [_thread_blocked, id=5848, stack(0x0000008118700000,0x0000008118800000)]
  0x0000021754fe2800 JavaThread "Unconstrained build operations Thread 32" [_thread_blocked, id=868, stack(0x0000008118800000,0x0000008118900000)]
  0x0000021754fe1800 JavaThread "Unconstrained build operations Thread 33" [_thread_blocked, id=8376, stack(0x0000008118900000,0x0000008118a00000)]
  0x0000021754fe3000 JavaThread "Unconstrained build operations Thread 34" [_thread_blocked, id=852, stack(0x0000008118a00000,0x0000008118b00000)]
  0x0000021754fe4000 JavaThread "Unconstrained build operations Thread 35" [_thread_blocked, id=2540, stack(0x0000008118b00000,0x0000008118c00000)]
  0x000002174d99d000 JavaThread "Unconstrained build operations Thread 36" [_thread_blocked, id=9704, stack(0x0000008118c00000,0x0000008118d00000)]
  0x000002174d99d800 JavaThread "Unconstrained build operations Thread 37" [_thread_blocked, id=4672, stack(0x0000008118d00000,0x0000008118e00000)]
  0x000002174d999800 JavaThread "Unconstrained build operations Thread 38" [_thread_blocked, id=9396, stack(0x0000008118e00000,0x0000008118f00000)]
  0x000002174d998000 JavaThread "Unconstrained build operations Thread 39" [_thread_blocked, id=3848, stack(0x0000008118f00000,0x0000008119000000)]
  0x0000021750a31800 JavaThread "Unconstrained build operations Thread 40" [_thread_blocked, id=4024, stack(0x0000008119000000,0x0000008119100000)]
  0x0000021750a33000 JavaThread "build event listener" [_thread_blocked, id=5380, stack(0x0000008119100000,0x0000008119200000)]
  0x0000021750a2f000 JavaThread "Execution worker for ':'" [_thread_in_native, id=7448, stack(0x0000008119200000,0x0000008119300000)]
  0x0000021750a2e000 JavaThread "Execution worker for ':' Thread 2" [_thread_blocked, id=4836, stack(0x0000008119300000,0x0000008119400000)]
  0x0000021750a34000 JavaThread "Execution worker for ':' Thread 3" [_thread_blocked, id=8748, stack(0x0000008119600000,0x0000008119700000)]
  0x0000021750a30800 JavaThread "Cache worker for execution history cache (C:\Projects\Andriod\NMedia\.gradle\7.3.3\executionHistory)" [_thread_blocked, id=8968, stack(0x0000008119700000,0x0000008119800000)]
  0x0000021750a35000 JavaThread "WorkerExecutor Queue" [_thread_blocked, id=1096, stack(0x0000008119800000,0x0000008119900000)]
  0x0000021750a32800 JavaThread "RMI RenewClean-[127.0.0.1:17879,org.jetbrains.kotlin.daemon.common.LoopbackNetworkInterface$ClientLoopbackSocketFactory@5815b232]" daemon [_thread_blocked, id=9328, stack(0x0000008115800000,0x0000008115900000)]
  0x0000021750a35800 JavaThread "RMI TCP Connection(2)-127.0.0.1" daemon [_thread_in_native, id=6544, stack(0x0000008119900000,0x0000008119a00000)]
  0x0000021750a3b800 JavaThread "C2 CompilerThread1" daemon [_thread_in_native, id=9964, stack(0x0000008119a00000,0x0000008119b00000)]

Other Threads:
  0x000002174ad8d000 VMThread "VM Thread" [stack: 0x0000008114200000,0x0000008114300000] [id=9660]
  0x000002174b7b1800 WatcherThread [stack: 0x0000008114c00000,0x0000008114d00000] [id=5872]
  0x000002172f234800 GCTaskThread "GC Thread#0" [stack: 0x0000008113d00000,0x0000008113e00000] [id=8424]
  0x000002174c3e9800 GCTaskThread "GC Thread#1" [stack: 0x0000008114e00000,0x0000008114f00000] [id=3948]
  0x000002174c1b8800 GCTaskThread "GC Thread#2" [stack: 0x0000008114f00000,0x0000008115000000] [id=8572]
  0x000002174bfb9800 GCTaskThread "GC Thread#3" [stack: 0x0000008115000000,0x0000008115100000] [id=8616]
  0x000002172f265000 ConcurrentGCThread "G1 Main Marker" [stack: 0x0000008113e00000,0x0000008113f00000] [id=8268]
  0x000002172f266800 ConcurrentGCThread "G1 Conc#0" [stack: 0x0000008113f00000,0x0000008114000000] [id=5100]
  0x000002174abde800 ConcurrentGCThread "G1 Refine#0" [stack: 0x0000008114000000,0x0000008114100000] [id=8416]
  0x000002172f2fe800 ConcurrentGCThread "G1 Young RemSet Sampling" [stack: 0x0000008114100000,0x0000008114200000] [id=4308]

Threads with active compile tasks:
C2 CompilerThread0 132157 16008   !   4       java.nio.file.Files::walkFileTree (294 bytes)
C2 CompilerThread1 132157 16013       4       org.gradle.api.internal.file.collections.DefaultDirectoryWalker$PathVisitor::visitFile (10 bytes)

VM state:not at safepoint (normal execution)

VM Mutex/Monitor currently owned by a thread: None

Heap address: 0x0000000080000000, size: 2048 MB, Compressed Oops mode: 32-bit
Narrow klass base: 0x0000000000000000, Narrow klass shift: 3
Compressed class space size: 1073741824 Address: 0x0000000100000000

Heap:
 garbage-first heap   total 284672K, used 168554K [0x0000000080000000, 0x0000000100000000)
  region size 1024K, 59 young (60416K), 10 survivors (10240K)
 Metaspace       used 105937K, capacity 108785K, committed 109012K, reserved 1144832K
  class space    used 13672K, capacity 14720K, committed 14720K, reserved 1048576K
Heap Regions: E=young(eden), S=young(survivor), O=old, HS=humongous(starts), HC=humongous(continues), CS=collection set, F=free, A=archive, TAMS=top-at-mark-start (previous, next)
|   0|0x0000000080000000, 0x0000000080100000, 0x0000000080100000|100%| O|  |TAMS 0x0000000080100000, 0x0000000080000000| Untracked 
|   1|0x0000000080100000, 0x0000000080200000, 0x0000000080200000|100%| O|  |TAMS 0x0000000080200000, 0x0000000080100000| Untracked 
|   2|0x0000000080200000, 0x0000000080300000, 0x0000000080300000|100%| O|  |TAMS 0x0000000080300000, 0x0000000080200000| Untracked 
|   3|0x0000000080300000, 0x0000000080400000, 0x0000000080400000|100%|HS|  |TAMS 0x0000000080400000, 0x0000000080300000| Complete 
|   4|0x0000000080400000, 0x0000000080500000, 0x0000000080500000|100%|HC|  |TAMS 0x0000000080500000, 0x0000000080400000| Complete 
|   5|0x0000000080500000, 0x0000000080600000, 0x0000000080600000|100%|HC|  |TAMS 0x0000000080600000, 0x0000000080500000| Complete 
|   6|0x0000000080600000, 0x0000000080700000, 0x0000000080700000|100%| O|  |TAMS 0x0000000080700000, 0x0000000080600000| Untracked 
|   7|0x0000000080700000, 0x0000000080800000, 0x0000000080800000|100%| O|  |TAMS 0x0000000080800000, 0x0000000080700000| Untracked 
|   8|0x0000000080800000, 0x0000000080900000, 0x0000000080900000|100%| O|  |TAMS 0x0000000080900000, 0x0000000080800000| Untracked 
|   9|0x0000000080900000, 0x0000000080a00000, 0x0000000080a00000|100%| O|  |TAMS 0x0000000080a00000, 0x0000000080900000| Untracked 
|  10|0x0000000080a00000, 0x0000000080b00000, 0x0000000080b00000|100%| O|  |TAMS 0x0000000080b00000, 0x0000000080a00000| Untracked 
|  11|0x0000000080b00000, 0x0000000080c00000, 0x0000000080c00000|100%| O|  |TAMS 0x0000000080c00000, 0x0000000080b00000| Untracked 
|  12|0x0000000080c00000, 0x0000000080d00000, 0x0000000080d00000|100%| O|  |TAMS 0x0000000080d00000, 0x0000000080c00000| Untracked 
|  13|0x0000000080d00000, 0x0000000080e00000, 0x0000000080e00000|100%| O|  |TAMS 0x0000000080e00000, 0x0000000080d00000| Untracked 
|  14|0x0000000080e00000, 0x0000000080f00000, 0x0000000080f00000|100%| O|  |TAMS 0x0000000080f00000, 0x0000000080e00000| Untracked 
|  15|0x0000000080f00000, 0x0000000081000000, 0x0000000081000000|100%| O|  |TAMS 0x0000000081000000, 0x0000000080f00000| Untracked 
|  16|0x0000000081000000, 0x0000000081100000, 0x0000000081100000|100%| O|  |TAMS 0x0000000081100000, 0x0000000081000000| Untracked 
|  17|0x0000000081100000, 0x0000000081200000, 0x0000000081200000|100%|HS|  |TAMS 0x0000000081200000, 0x0000000081100000| Complete 
|  18|0x0000000081200000, 0x0000000081300000, 0x0000000081300000|100%| O|  |TAMS 0x0000000081300000, 0x0000000081200000| Untracked 
|  19|0x0000000081300000, 0x0000000081400000, 0x0000000081400000|100%| O|  |TAMS 0x0000000081400000, 0x0000000081300000| Untracked 
|  20|0x0000000081400000, 0x0000000081500000, 0x0000000081500000|100%| O|  |TAMS 0x0000000081500000, 0x0000000081400000| Untracked 
|  21|0x0000000081500000, 0x0000000081600000, 0x0000000081600000|100%| O|  |TAMS 0x0000000081600000, 0x0000000081500000| Untracked 
|  22|0x0000000081600000, 0x0000000081700000, 0x0000000081700000|100%| O|  |TAMS 0x0000000081700000, 0x0000000081600000| Untracked 
|  23|0x0000000081700000, 0x0000000081800000, 0x0000000081800000|100%| O|  |TAMS 0x0000000081800000, 0x0000000081700000| Untracked 
|  24|0x0000000081800000, 0x0000000081900000, 0x0000000081900000|100%|HS|  |TAMS 0x0000000081900000, 0x0000000081800000| Complete 
|  25|0x0000000081900000, 0x0000000081a00000, 0x0000000081a00000|100%|HS|  |TAMS 0x0000000081a00000, 0x0000000081900000| Complete 
|  26|0x0000000081a00000, 0x0000000081b00000, 0x0000000081b00000|100%| O|  |TAMS 0x0000000081b00000, 0x0000000081a00000| Untracked 
|  27|0x0000000081b00000, 0x0000000081c00000, 0x0000000081c00000|100%| O|  |TAMS 0x0000000081c00000, 0x0000000081b00000| Untracked 
|  28|0x0000000081c00000, 0x0000000081d00000, 0x0000000081d00000|100%| O|  |TAMS 0x0000000081d00000, 0x0000000081c00000| Untracked 
|  29|0x0000000081d00000, 0x0000000081e00000, 0x0000000081e00000|100%| O|  |TAMS 0x0000000081e00000, 0x0000000081d00000| Untracked 
|  30|0x0000000081e00000, 0x0000000081f00000, 0x0000000081f00000|100%| O|  |TAMS 0x0000000081f00000, 0x0000000081e00000| Untracked 
|  31|0x0000000081f00000, 0x0000000082000000, 0x0000000082000000|100%| O|  |TAMS 0x0000000082000000, 0x0000000081f00000| Untracked 
|  32|0x0000000082000000, 0x0000000082100000, 0x0000000082100000|100%|HS|  |TAMS 0x0000000082100000, 0x0000000082000000| Complete 
|  33|0x0000000082100000, 0x0000000082200000, 0x0000000082200000|100%|HC|  |TAMS 0x0000000082200000, 0x0000000082100000| Complete 
|  34|0x0000000082200000, 0x0000000082300000, 0x0000000082300000|100%|HC|  |TAMS 0x0000000082300000, 0x0000000082200000| Complete 
|  35|0x0000000082300000, 0x0000000082400000, 0x0000000082400000|100%|HS|  |TAMS 0x0000000082400000, 0x0000000082300000| Complete 
|  36|0x0000000082400000, 0x0000000082500000, 0x0000000082500000|100%|HC|  |TAMS 0x0000000082500000, 0x0000000082400000| Complete 
|  37|0x0000000082500000, 0x0000000082600000, 0x0000000082600000|100%| O|  |TAMS 0x0000000082600000, 0x0000000082500000| Untracked 
|  38|0x0000000082600000, 0x0000000082700000, 0x0000000082700000|100%| O|  |TAMS 0x0000000082700000, 0x0000000082600000| Untracked 
|  39|0x0000000082700000, 0x0000000082800000, 0x0000000082800000|100%| O|  |TAMS 0x0000000082800000, 0x0000000082700000| Untracked 
|  40|0x0000000082800000, 0x0000000082900000, 0x0000000082900000|100%| O|  |TAMS 0x0000000082900000, 0x0000000082800000| Untracked 
|  41|0x0000000082900000, 0x0000000082a00000, 0x0000000082a00000|100%| O|  |TAMS 0x0000000082a00000, 0x0000000082900000| Untracked 
|  42|0x0000000082a00000, 0x0000000082b00000, 0x0000000082b00000|100%| O|  |TAMS 0x0000000082b00000, 0x0000000082a00000| Untracked 
|  43|0x0000000082b00000, 0x0000000082c00000, 0x0000000082c00000|100%| O|  |TAMS 0x0000000082c00000, 0x0000000082b00000| Untracked 
|  44|0x0000000082c00000, 0x0000000082d00000, 0x0000000082d00000|100%| O|  |TAMS 0x0000000082d00000, 0x0000000082c00000| Untracked 
|  45|0x0000000082d00000, 0x0000000082e00000, 0x0000000082e00000|100%| O|  |TAMS 0x0000000082e00000, 0x0000000082d00000| Untracked 
|  46|0x0000000082e00000, 0x0000000082f00000, 0x0000000082f00000|100%| O|  |TAMS 0x0000000082f00000, 0x0000000082e00000| Untracked 
|  47|0x0000000082f00000, 0x0000000083000000, 0x0000000083000000|100%| O|  |TAMS 0x0000000083000000, 0x0000000082f00000| Untracked 
|  48|0x0000000083000000, 0x0000000083100000, 0x0000000083100000|100%| O|  |TAMS 0x0000000083100000, 0x0000000083000000| Untracked 
|  49|0x0000000083100000, 0x0000000083200000, 0x0000000083200000|100%| O|  |TAMS 0x0000000083200000, 0x0000000083100000| Untracked 
|  50|0x0000000083200000, 0x0000000083300000, 0x0000000083300000|100%| O|  |TAMS 0x0000000083300000, 0x0000000083200000| Untracked 
|  51|0x0000000083300000, 0x0000000083400000, 0x0000000083400000|100%| O|  |TAMS 0x0000000083400000, 0x0000000083300000| Untracked 
|  52|0x0000000083400000, 0x0000000083500000, 0x0000000083500000|100%| O|  |TAMS 0x0000000083500000, 0x0000000083400000| Untracked 
|  53|0x0000000083500000, 0x0000000083600000, 0x0000000083600000|100%| O|  |TAMS 0x0000000083600000, 0x0000000083500000| Untracked 
|  54|0x0000000083600000, 0x0000000083700000, 0x0000000083700000|100%| O|  |TAMS 0x0000000083700000, 0x0000000083600000| Untracked 
|  55|0x0000000083700000, 0x0000000083800000, 0x0000000083800000|100%| O|  |TAMS 0x0000000083800000, 0x0000000083700000| Untracked 
|  56|0x0000000083800000, 0x0000000083900000, 0x0000000083900000|100%| O|  |TAMS 0x0000000083900000, 0x0000000083800000| Untracked 
|  57|0x0000000083900000, 0x0000000083a00000, 0x0000000083a00000|100%| O|  |TAMS 0x0000000083a00000, 0x0000000083900000| Untracked 
|  58|0x0000000083a00000, 0x0000000083b00000, 0x0000000083b00000|100%| O|  |TAMS 0x0000000083b00000, 0x0000000083a00000| Untracked 
|  59|0x0000000083b00000, 0x0000000083c00000, 0x0000000083c00000|100%| O|  |TAMS 0x0000000083c00000, 0x0000000083b00000| Untracked 
|  60|0x0000000083c00000, 0x0000000083d00000, 0x0000000083d00000|100%| O|  |TAMS 0x0000000083d00000, 0x0000000083c00000| Untracked 
|  61|0x0000000083d00000, 0x0000000083e00000, 0x0000000083e00000|100%| O|  |TAMS 0x0000000083e00000, 0x0000000083d00000| Untracked 
|  62|0x0000000083e00000, 0x0000000083f00000, 0x0000000083f00000|100%| O|  |TAMS 0x0000000083f00000, 0x0000000083e00000| Untracked 
|  63|0x0000000083f00000, 0x0000000084000000, 0x0000000084000000|100%| O|  |TAMS 0x0000000084000000, 0x0000000083f00000| Untracked 
|  64|0x0000000084000000, 0x0000000084100000, 0x0000000084100000|100%| O|  |TAMS 0x0000000084100000, 0x0000000084000000| Untracked 
|  65|0x0000000084100000, 0x0000000084200000, 0x0000000084200000|100%| O|  |TAMS 0x0000000084200000, 0x0000000084100000| Untracked 
|  66|0x0000000084200000, 0x0000000084300000, 0x0000000084300000|100%| O|  |TAMS 0x0000000084300000, 0x0000000084200000| Untracked 
|  67|0x0000000084300000, 0x0000000084400000, 0x0000000084400000|100%| O|  |TAMS 0x0000000084400000, 0x0000000084300000| Untracked 
|  68|0x0000000084400000, 0x0000000084500000, 0x0000000084500000|100%| O|  |TAMS 0x0000000084500000, 0x0000000084400000| Untracked 
|  69|0x0000000084500000, 0x0000000084600000, 0x0000000084600000|100%| O|  |TAMS 0x0000000084600000, 0x0000000084500000| Untracked 
|  70|0x0000000084600000, 0x0000000084700000, 0x0000000084700000|100%| O|  |TAMS 0x0000000084700000, 0x0000000084600000| Untracked 
|  71|0x0000000084700000, 0x0000000084800000, 0x0000000084800000|100%| O|  |TAMS 0x0000000084800000, 0x0000000084700000| Untracked 
|  72|0x0000000084800000, 0x0000000084900000, 0x0000000084900000|100%| O|  |TAMS 0x0000000084900000, 0x0000000084800000| Untracked 
|  73|0x0000000084900000, 0x0000000084a00000, 0x0000000084a00000|100%| O|  |TAMS 0x0000000084a00000, 0x0000000084900000| Untracked 
|  74|0x0000000084a00000, 0x0000000084b00000, 0x0000000084b00000|100%| O|  |TAMS 0x0000000084b00000, 0x0000000084a00000| Untracked 
|  75|0x0000000084b00000, 0x0000000084c00000, 0x0000000084c00000|100%| O|  |TAMS 0x0000000084c00000, 0x0000000084b00000| Untracked 
|  76|0x0000000084c00000, 0x0000000084d00000, 0x0000000084d00000|100%| O|  |TAMS 0x0000000084d00000, 0x0000000084c00000| Untracked 
|  77|0x0000000084d00000, 0x0000000084e00000, 0x0000000084e00000|100%| O|  |TAMS 0x0000000084e00000, 0x0000000084d00000| Untracked 
|  78|0x0000000084e00000, 0x0000000084f00000, 0x0000000084f00000|100%| O|  |TAMS 0x0000000084f00000, 0x0000000084e00000| Untracked 
|  79|0x0000000084f00000, 0x0000000085000000, 0x0000000085000000|100%| O|  |TAMS 0x0000000085000000, 0x0000000084f00000| Untracked 
|  80|0x0000000085000000, 0x0000000085100000, 0x0000000085100000|100%| O|  |TAMS 0x0000000085100000, 0x0000000085000000| Untracked 
|  81|0x0000000085100000, 0x0000000085200000, 0x0000000085200000|100%| O|  |TAMS 0x0000000085200000, 0x0000000085100000| Untracked 
|  82|0x0000000085200000, 0x0000000085300000, 0x0000000085300000|100%| O|  |TAMS 0x0000000085300000, 0x0000000085200000| Untracked 
|  83|0x0000000085300000, 0x0000000085400000, 0x0000000085400000|100%| O|  |TAMS 0x0000000085400000, 0x0000000085300000| Untracked 
|  84|0x0000000085400000, 0x0000000085500000, 0x0000000085500000|100%| O|  |TAMS 0x0000000085500000, 0x0000000085400000| Untracked 
|  85|0x0000000085500000, 0x0000000085600000, 0x0000000085600000|100%| O|  |TAMS 0x0000000085600000, 0x0000000085500000| Untracked 
|  86|0x0000000085600000, 0x0000000085700000, 0x0000000085700000|100%| O|  |TAMS 0x0000000085700000, 0x0000000085600000| Untracked 
|  87|0x0000000085700000, 0x0000000085800000, 0x0000000085800000|100%| O|  |TAMS 0x0000000085800000, 0x0000000085700000| Untracked 
|  88|0x0000000085800000, 0x0000000085900000, 0x0000000085900000|100%| O|  |TAMS 0x0000000085900000, 0x0000000085800000| Untracked 
|  89|0x0000000085900000, 0x0000000085a00000, 0x0000000085a00000|100%| O|  |TAMS 0x0000000085a00000, 0x0000000085900000| Untracked 
|  90|0x0000000085a00000, 0x0000000085b00000, 0x0000000085b00000|100%| O|  |TAMS 0x0000000085a00000, 0x0000000085a00000| Untracked 
|  91|0x0000000085b00000, 0x0000000085c00000, 0x0000000085c00000|100%| O|  |TAMS 0x0000000085b00000, 0x0000000085b00000| Untracked 
|  92|0x0000000085c00000, 0x0000000085d00000, 0x0000000085d00000|100%| O|  |TAMS 0x0000000085c00000, 0x0000000085c00000| Untracked 
|  93|0x0000000085d00000, 0x0000000085e00000, 0x0000000085e00000|100%| O|  |TAMS 0x0000000085d00000, 0x0000000085d00000| Untracked 
|  94|0x0000000085e00000, 0x0000000085f00000, 0x0000000085f00000|100%| O|  |TAMS 0x0000000085e00000, 0x0000000085e00000| Untracked 
|  95|0x0000000085f00000, 0x0000000086000000, 0x0000000086000000|100%| O|  |TAMS 0x0000000085f00000, 0x0000000085f00000| Untracked 
|  96|0x0000000086000000, 0x0000000086100000, 0x0000000086100000|100%| O|  |TAMS 0x0000000086000000, 0x0000000086000000| Untracked 
|  97|0x0000000086100000, 0x0000000086200000, 0x0000000086200000|100%| O|  |TAMS 0x0000000086100000, 0x0000000086100000| Untracked 
|  98|0x0000000086200000, 0x0000000086300000, 0x0000000086300000|100%| O|  |TAMS 0x0000000086200000, 0x0000000086200000| Untracked 
|  99|0x0000000086300000, 0x0000000086400000, 0x0000000086400000|100%| O|  |TAMS 0x0000000086300000, 0x0000000086300000| Untracked 
| 100|0x0000000086400000, 0x0000000086500000, 0x0000000086500000|100%| O|  |TAMS 0x0000000086400000, 0x0000000086400000| Untracked 
| 101|0x0000000086500000, 0x0000000086600000, 0x0000000086600000|100%| O|  |TAMS 0x0000000086500000, 0x0000000086500000| Untracked 
| 102|0x0000000086600000, 0x0000000086700000, 0x0000000086700000|100%| O|  |TAMS 0x0000000086600000, 0x0000000086600000| Untracked 
| 103|0x0000000086700000, 0x0000000086800000, 0x0000000086800000|100%| O|  |TAMS 0x0000000086700000, 0x0000000086700000| Untracked 
| 104|0x0000000086800000, 0x0000000086900000, 0x0000000086900000|100%| O|  |TAMS 0x0000000086800000, 0x0000000086800000| Untracked 
| 105|0x0000000086900000, 0x0000000086a00000, 0x0000000086a00000|100%| O|  |TAMS 0x0000000086900000, 0x0000000086900000| Untracked 
| 106|0x0000000086a00000, 0x0000000086aa2a00, 0x0000000086b00000| 63%| O|  |TAMS 0x0000000086a00000, 0x0000000086a00000| Untracked 
| 107|0x0000000086b00000, 0x0000000086b00000, 0x0000000086c00000|  0%| F|  |TAMS 0x0000000086b00000, 0x0000000086b00000| Untracked 
| 108|0x0000000086c00000, 0x0000000086c00000, 0x0000000086d00000|  0%| F|  |TAMS 0x0000000086c00000, 0x0000000086c00000| Untracked 
| 109|0x0000000086d00000, 0x0000000086d00000, 0x0000000086e00000|  0%| F|  |TAMS 0x0000000086d00000, 0x0000000086d00000| Untracked 
| 110|0x0000000086e00000, 0x0000000086e00000, 0x0000000086f00000|  0%| F|  |TAMS 0x0000000086e00000, 0x0000000086e00000| Untracked 
| 111|0x0000000086f00000, 0x0000000086f00000, 0x0000000087000000|  0%| F|  |TAMS 0x0000000086f00000, 0x0000000086f00000| Untracked 
| 112|0x0000000087000000, 0x0000000087000000, 0x0000000087100000|  0%| F|  |TAMS 0x0000000087000000, 0x0000000087000000| Untracked 
| 113|0x0000000087100000, 0x0000000087100000, 0x0000000087200000|  0%| F|  |TAMS 0x0000000087100000, 0x0000000087100000| Untracked 
| 114|0x0000000087200000, 0x0000000087200000, 0x0000000087300000|  0%| F|  |TAMS 0x0000000087200000, 0x0000000087200000| Untracked 
| 115|0x0000000087300000, 0x0000000087300000, 0x0000000087400000|  0%| F|  |TAMS 0x0000000087300000, 0x0000000087300000| Untracked 
| 116|0x0000000087400000, 0x0000000087400000, 0x0000000087500000|  0%| F|  |TAMS 0x0000000087400000, 0x0000000087400000| Untracked 
| 117|0x0000000087500000, 0x0000000087500000, 0x0000000087600000|  0%| F|  |TAMS 0x0000000087500000, 0x0000000087500000| Untracked 
| 118|0x0000000087600000, 0x0000000087600000, 0x0000000087700000|  0%| F|  |TAMS 0x0000000087600000, 0x0000000087600000| Untracked 
| 119|0x0000000087700000, 0x0000000087700000, 0x0000000087800000|  0%| F|  |TAMS 0x0000000087700000, 0x0000000087700000| Untracked 
| 120|0x0000000087800000, 0x0000000087800000, 0x0000000087900000|  0%| F|  |TAMS 0x0000000087800000, 0x0000000087800000| Untracked 
| 121|0x0000000087900000, 0x0000000087900000, 0x0000000087a00000|  0%| F|  |TAMS 0x0000000087900000, 0x0000000087900000| Untracked 
| 122|0x0000000087a00000, 0x0000000087a00000, 0x0000000087b00000|  0%| F|  |TAMS 0x0000000087a00000, 0x0000000087a00000| Untracked 
| 123|0x0000000087b00000, 0x0000000087b00000, 0x0000000087c00000|  0%| F|  |TAMS 0x0000000087b00000, 0x0000000087b00000| Untracked 
| 124|0x0000000087c00000, 0x0000000087c00000, 0x0000000087d00000|  0%| F|  |TAMS 0x0000000087c00000, 0x0000000087c00000| Untracked 
| 125|0x0000000087d00000, 0x0000000087d00000, 0x0000000087e00000|  0%| F|  |TAMS 0x0000000087d00000, 0x0000000087d00000| Untracked 
| 126|0x0000000087e00000, 0x0000000087e00000, 0x0000000087f00000|  0%| F|  |TAMS 0x0000000087e00000, 0x0000000087e00000| Untracked 
| 127|0x0000000087f00000, 0x0000000087f00000, 0x0000000088000000|  0%| F|  |TAMS 0x0000000087f00000, 0x0000000087f00000| Untracked 
| 128|0x0000000088000000, 0x0000000088000000, 0x0000000088100000|  0%| F|  |TAMS 0x0000000088000000, 0x0000000088000000| Untracked 
| 129|0x0000000088100000, 0x0000000088100000, 0x0000000088200000|  0%| F|  |TAMS 0x0000000088100000, 0x0000000088100000| Untracked 
| 130|0x0000000088200000, 0x0000000088200000, 0x0000000088300000|  0%| F|  |TAMS 0x0000000088200000, 0x0000000088200000| Untracked 
| 131|0x0000000088300000, 0x0000000088300000, 0x0000000088400000|  0%| F|  |TAMS 0x0000000088300000, 0x0000000088300000| Untracked 
| 132|0x0000000088400000, 0x0000000088400000, 0x0000000088500000|  0%| F|  |TAMS 0x0000000088400000, 0x0000000088400000| Untracked 
| 133|0x0000000088500000, 0x0000000088500000, 0x0000000088600000|  0%| F|  |TAMS 0x0000000088500000, 0x0000000088500000| Untracked 
| 134|0x0000000088600000, 0x0000000088600000, 0x0000000088700000|  0%| F|  |TAMS 0x0000000088600000, 0x0000000088600000| Untracked 
| 135|0x0000000088700000, 0x0000000088700000, 0x0000000088800000|  0%| F|  |TAMS 0x0000000088700000, 0x0000000088700000| Untracked 
| 136|0x0000000088800000, 0x0000000088800000, 0x0000000088900000|  0%| F|  |TAMS 0x0000000088800000, 0x0000000088800000| Untracked 
| 137|0x0000000088900000, 0x0000000088900000, 0x0000000088a00000|  0%| F|  |TAMS 0x0000000088900000, 0x0000000088900000| Untracked 
| 138|0x0000000088a00000, 0x0000000088a00000, 0x0000000088b00000|  0%| F|  |TAMS 0x0000000088a00000, 0x0000000088a00000| Untracked 
| 139|0x0000000088b00000, 0x0000000088b00000, 0x0000000088c00000|  0%| F|  |TAMS 0x0000000088b00000, 0x0000000088b00000| Untracked 
| 140|0x0000000088c00000, 0x0000000088c00000, 0x0000000088d00000|  0%| F|  |TAMS 0x0000000088c00000, 0x0000000088c00000| Untracked 
| 141|0x0000000088d00000, 0x0000000088d00000, 0x0000000088e00000|  0%| F|  |TAMS 0x0000000088d00000, 0x0000000088d00000| Untracked 
| 142|0x0000000088e00000, 0x0000000088e00000, 0x0000000088f00000|  0%| F|  |TAMS 0x0000000088e00000, 0x0000000088e00000| Untracked 
| 143|0x0000000088f00000, 0x0000000088f00000, 0x0000000089000000|  0%| F|  |TAMS 0x0000000088f00000, 0x0000000088f00000| Untracked 
| 144|0x0000000089000000, 0x0000000089000000, 0x0000000089100000|  0%| F|  |TAMS 0x0000000089000000, 0x0000000089000000| Untracked 
| 145|0x0000000089100000, 0x0000000089100000, 0x0000000089200000|  0%| F|  |TAMS 0x0000000089100000, 0x0000000089100000| Untracked 
| 146|0x0000000089200000, 0x0000000089200000, 0x0000000089300000|  0%| F|  |TAMS 0x0000000089200000, 0x0000000089200000| Untracked 
| 147|0x0000000089300000, 0x00000000893f7f60, 0x0000000089400000| 96%| S|CS|TAMS 0x0000000089300000, 0x0000000089300000| Complete 
| 148|0x0000000089400000, 0x0000000089500000, 0x0000000089500000|100%| S|CS|TAMS 0x0000000089400000, 0x0000000089400000| Complete 
| 149|0x0000000089500000, 0x0000000089600000, 0x0000000089600000|100%| S|CS|TAMS 0x0000000089500000, 0x0000000089500000| Complete 
| 150|0x0000000089600000, 0x0000000089700000, 0x0000000089700000|100%| S|CS|TAMS 0x0000000089600000, 0x0000000089600000| Complete 
| 151|0x0000000089700000, 0x0000000089800000, 0x0000000089800000|100%| S|CS|TAMS 0x0000000089700000, 0x0000000089700000| Complete 
| 152|0x0000000089800000, 0x0000000089900000, 0x0000000089900000|100%| S|CS|TAMS 0x0000000089800000, 0x0000000089800000| Complete 
| 153|0x0000000089900000, 0x0000000089900000, 0x0000000089a00000|  0%| F|  |TAMS 0x0000000089900000, 0x0000000089900000| Untracked 
| 154|0x0000000089a00000, 0x0000000089b00000, 0x0000000089b00000|100%| S|CS|TAMS 0x0000000089a00000, 0x0000000089a00000| Complete 
| 155|0x0000000089b00000, 0x0000000089c00000, 0x0000000089c00000|100%| S|CS|TAMS 0x0000000089b00000, 0x0000000089b00000| Complete 
| 156|0x0000000089c00000, 0x0000000089d00000, 0x0000000089d00000|100%| S|CS|TAMS 0x0000000089c00000, 0x0000000089c00000| Complete 
| 157|0x0000000089d00000, 0x0000000089e00000, 0x0000000089e00000|100%| S|CS|TAMS 0x0000000089d00000, 0x0000000089d00000| Complete 
| 158|0x0000000089e00000, 0x0000000089e00000, 0x0000000089f00000|  0%| F|  |TAMS 0x0000000089e00000, 0x0000000089e00000| Untracked 
| 159|0x0000000089f00000, 0x0000000089f00000, 0x000000008a000000|  0%| F|  |TAMS 0x0000000089f00000, 0x0000000089f00000| Untracked 
| 160|0x000000008a000000, 0x000000008a000000, 0x000000008a100000|  0%| F|  |TAMS 0x000000008a000000, 0x000000008a000000| Untracked 
| 161|0x000000008a100000, 0x000000008a100000, 0x000000008a200000|  0%| F|  |TAMS 0x000000008a100000, 0x000000008a100000| Untracked 
| 162|0x000000008a200000, 0x000000008a200000, 0x000000008a300000|  0%| F|  |TAMS 0x000000008a200000, 0x000000008a200000| Untracked 
| 163|0x000000008a300000, 0x000000008a300000, 0x000000008a400000|  0%| F|  |TAMS 0x000000008a300000, 0x000000008a300000| Untracked 
| 164|0x000000008a400000, 0x000000008a400000, 0x000000008a500000|  0%| F|  |TAMS 0x000000008a400000, 0x000000008a400000| Untracked 
| 165|0x000000008a500000, 0x000000008a500000, 0x000000008a600000|  0%| F|  |TAMS 0x000000008a500000, 0x000000008a500000| Untracked 
| 166|0x000000008a600000, 0x000000008a600000, 0x000000008a700000|  0%| F|  |TAMS 0x000000008a600000, 0x000000008a600000| Untracked 
| 167|0x000000008a700000, 0x000000008a700000, 0x000000008a800000|  0%| F|  |TAMS 0x000000008a700000, 0x000000008a700000| Untracked 
| 168|0x000000008a800000, 0x000000008a800000, 0x000000008a900000|  0%| F|  |TAMS 0x000000008a800000, 0x000000008a800000| Untracked 
| 169|0x000000008a900000, 0x000000008a900000, 0x000000008aa00000|  0%| F|  |TAMS 0x000000008a900000, 0x000000008a900000| Untracked 
| 170|0x000000008aa00000, 0x000000008aa00000, 0x000000008ab00000|  0%| F|  |TAMS 0x000000008aa00000, 0x000000008aa00000| Untracked 
| 171|0x000000008ab00000, 0x000000008ab00000, 0x000000008ac00000|  0%| F|  |TAMS 0x000000008ab00000, 0x000000008ab00000| Untracked 
| 172|0x000000008ac00000, 0x000000008ac00000, 0x000000008ad00000|  0%| F|  |TAMS 0x000000008ac00000, 0x000000008ac00000| Untracked 
| 173|0x000000008ad00000, 0x000000008ad00000, 0x000000008ae00000|  0%| F|  |TAMS 0x000000008ad00000, 0x000000008ad00000| Untracked 
| 174|0x000000008ae00000, 0x000000008ae00000, 0x000000008af00000|  0%| F|  |TAMS 0x000000008ae00000, 0x000000008ae00000| Untracked 
| 175|0x000000008af00000, 0x000000008af00000, 0x000000008b000000|  0%| F|  |TAMS 0x000000008af00000, 0x000000008af00000| Untracked 
| 176|0x000000008b000000, 0x000000008b000000, 0x000000008b100000|  0%| F|  |TAMS 0x000000008b000000, 0x000000008b000000| Untracked 
| 177|0x000000008b100000, 0x000000008b100000, 0x000000008b200000|  0%| F|  |TAMS 0x000000008b100000, 0x000000008b100000| Untracked 
| 178|0x000000008b200000, 0x000000008b200000, 0x000000008b300000|  0%| F|  |TAMS 0x000000008b200000, 0x000000008b200000| Untracked 
| 179|0x000000008b300000, 0x000000008b300000, 0x000000008b400000|  0%| F|  |TAMS 0x000000008b300000, 0x000000008b300000| Untracked 
| 180|0x000000008b400000, 0x000000008b400000, 0x000000008b500000|  0%| F|  |TAMS 0x000000008b400000, 0x000000008b400000| Untracked 
| 181|0x000000008b500000, 0x000000008b500000, 0x000000008b600000|  0%| F|  |TAMS 0x000000008b500000, 0x000000008b500000| Untracked 
| 182|0x000000008b600000, 0x000000008b600000, 0x000000008b700000|  0%| F|  |TAMS 0x000000008b600000, 0x000000008b600000| Untracked 
| 183|0x000000008b700000, 0x000000008b700000, 0x000000008b800000|  0%| F|  |TAMS 0x000000008b700000, 0x000000008b700000| Untracked 
| 184|0x000000008b800000, 0x000000008b800000, 0x000000008b900000|  0%| F|  |TAMS 0x000000008b800000, 0x000000008b800000| Untracked 
| 185|0x000000008b900000, 0x000000008b900000, 0x000000008ba00000|  0%| F|  |TAMS 0x000000008b900000, 0x000000008b900000| Untracked 
| 186|0x000000008ba00000, 0x000000008ba00000, 0x000000008bb00000|  0%| F|  |TAMS 0x000000008ba00000, 0x000000008ba00000| Untracked 
| 187|0x000000008bb00000, 0x000000008bb00000, 0x000000008bc00000|  0%| F|  |TAMS 0x000000008bb00000, 0x000000008bb00000| Untracked 
| 188|0x000000008bc00000, 0x000000008bc00000, 0x000000008bd00000|  0%| F|  |TAMS 0x000000008bc00000, 0x000000008bc00000| Untracked 
| 189|0x000000008bd00000, 0x000000008bd00000, 0x000000008be00000|  0%| F|  |TAMS 0x000000008bd00000, 0x000000008bd00000| Untracked 
| 190|0x000000008be00000, 0x000000008be00000, 0x000000008bf00000|  0%| F|  |TAMS 0x000000008be00000, 0x000000008be00000| Untracked 
| 191|0x000000008bf00000, 0x000000008bf00000, 0x000000008c000000|  0%| F|  |TAMS 0x000000008bf00000, 0x000000008bf00000| Untracked 
| 192|0x000000008c000000, 0x000000008c000000, 0x000000008c100000|  0%| F|  |TAMS 0x000000008c000000, 0x000000008c000000| Untracked 
| 193|0x000000008c100000, 0x000000008c100000, 0x000000008c200000|  0%| F|  |TAMS 0x000000008c100000, 0x000000008c100000| Untracked 
| 194|0x000000008c200000, 0x000000008c200000, 0x000000008c300000|  0%| F|  |TAMS 0x000000008c200000, 0x000000008c200000| Untracked 
| 195|0x000000008c300000, 0x000000008c300000, 0x000000008c400000|  0%| F|  |TAMS 0x000000008c300000, 0x000000008c300000| Untracked 
| 196|0x000000008c400000, 0x000000008c400000, 0x000000008c500000|  0%| F|  |TAMS 0x000000008c400000, 0x000000008c400000| Untracked 
| 197|0x000000008c500000, 0x000000008c500000, 0x000000008c600000|  0%| F|  |TAMS 0x000000008c500000, 0x000000008c500000| Untracked 
| 198|0x000000008c600000, 0x000000008c600000, 0x000000008c700000|  0%| F|  |TAMS 0x000000008c600000, 0x000000008c600000| Untracked 
| 199|0x000000008c700000, 0x000000008c700000, 0x000000008c800000|  0%| F|  |TAMS 0x000000008c700000, 0x000000008c700000| Untracked 
| 200|0x000000008c800000, 0x000000008c800000, 0x000000008c900000|  0%| F|  |TAMS 0x000000008c800000, 0x000000008c800000| Untracked 
| 201|0x000000008c900000, 0x000000008c900000, 0x000000008ca00000|  0%| F|  |TAMS 0x000000008c900000, 0x000000008c900000| Untracked 
| 202|0x000000008ca00000, 0x000000008ca00000, 0x000000008cb00000|  0%| F|  |TAMS 0x000000008ca00000, 0x000000008ca00000| Untracked 
| 203|0x000000008cb00000, 0x000000008cb00000, 0x000000008cc00000|  0%| F|  |TAMS 0x000000008cb00000, 0x000000008cb00000| Untracked 
| 204|0x000000008cc00000, 0x000000008cc00000, 0x000000008cd00000|  0%| F|  |TAMS 0x000000008cc00000, 0x000000008cc00000| Untracked 
| 205|0x000000008cd00000, 0x000000008cd00000, 0x000000008ce00000|  0%| F|  |TAMS 0x000000008cd00000, 0x000000008cd00000| Untracked 
| 206|0x000000008ce00000, 0x000000008ce00000, 0x000000008cf00000|  0%| F|  |TAMS 0x000000008ce00000, 0x000000008ce00000| Untracked 
| 207|0x000000008cf00000, 0x000000008cf00000, 0x000000008d000000|  0%| F|  |TAMS 0x000000008cf00000, 0x000000008cf00000| Untracked 
| 208|0x000000008d000000, 0x000000008d000000, 0x000000008d100000|  0%| F|  |TAMS 0x000000008d000000, 0x000000008d000000| Untracked 
| 209|0x000000008d100000, 0x000000008d100000, 0x000000008d200000|  0%| F|  |TAMS 0x000000008d100000, 0x000000008d100000| Untracked 
| 210|0x000000008d200000, 0x000000008d200000, 0x000000008d300000|  0%| F|  |TAMS 0x000000008d200000, 0x000000008d200000| Untracked 
| 211|0x000000008d300000, 0x000000008d300000, 0x000000008d400000|  0%| F|  |TAMS 0x000000008d300000, 0x000000008d300000| Untracked 
| 212|0x000000008d400000, 0x000000008d400000, 0x000000008d500000|  0%| F|  |TAMS 0x000000008d400000, 0x000000008d400000| Untracked 
| 213|0x000000008d500000, 0x000000008d500000, 0x000000008d600000|  0%| F|  |TAMS 0x000000008d500000, 0x000000008d500000| Untracked 
| 214|0x000000008d600000, 0x000000008d600000, 0x000000008d700000|  0%| F|  |TAMS 0x000000008d600000, 0x000000008d600000| Untracked 
| 215|0x000000008d700000, 0x000000008d700000, 0x000000008d800000|  0%| F|  |TAMS 0x000000008d700000, 0x000000008d700000| Untracked 
| 216|0x000000008d800000, 0x000000008d800000, 0x000000008d900000|  0%| F|  |TAMS 0x000000008d800000, 0x000000008d800000| Untracked 
| 217|0x000000008d900000, 0x000000008d900000, 0x000000008da00000|  0%| F|  |TAMS 0x000000008d900000, 0x000000008d900000| Untracked 
| 218|0x000000008da00000, 0x000000008da00000, 0x000000008db00000|  0%| F|  |TAMS 0x000000008da00000, 0x000000008da00000| Untracked 
| 219|0x000000008db00000, 0x000000008db00000, 0x000000008dc00000|  0%| F|  |TAMS 0x000000008db00000, 0x000000008db00000| Untracked 
| 220|0x000000008dc00000, 0x000000008dc00000, 0x000000008dd00000|  0%| F|  |TAMS 0x000000008dc00000, 0x000000008dc00000| Untracked 
| 221|0x000000008dd00000, 0x000000008dd00000, 0x000000008de00000|  0%| F|  |TAMS 0x000000008dd00000, 0x000000008dd00000| Untracked 
| 222|0x000000008de00000, 0x000000008de00000, 0x000000008df00000|  0%| F|  |TAMS 0x000000008de00000, 0x000000008de00000| Untracked 
| 223|0x000000008df00000, 0x000000008df00000, 0x000000008e000000|  0%| F|  |TAMS 0x000000008df00000, 0x000000008df00000| Untracked 
| 224|0x000000008e000000, 0x000000008e000000, 0x000000008e100000|  0%| F|  |TAMS 0x000000008e000000, 0x000000008e000000| Untracked 
| 225|0x000000008e100000, 0x000000008e100000, 0x000000008e200000|  0%| F|  |TAMS 0x000000008e100000, 0x000000008e100000| Untracked 
| 226|0x000000008e200000, 0x000000008e200000, 0x000000008e300000|  0%| F|  |TAMS 0x000000008e200000, 0x000000008e200000| Untracked 
| 227|0x000000008e300000, 0x000000008e300000, 0x000000008e400000|  0%| F|  |TAMS 0x000000008e300000, 0x000000008e300000| Untracked 
| 228|0x000000008e400000, 0x000000008e400000, 0x000000008e500000|  0%| F|  |TAMS 0x000000008e400000, 0x000000008e400000| Untracked 
| 229|0x000000008e500000, 0x000000008e600000, 0x000000008e600000|100%| E|  |TAMS 0x000000008e500000, 0x000000008e500000| Complete 
| 230|0x000000008e600000, 0x000000008e700000, 0x000000008e700000|100%| E|CS|TAMS 0x000000008e600000, 0x000000008e600000| Complete 
| 231|0x000000008e700000, 0x000000008e800000, 0x000000008e800000|100%| E|CS|TAMS 0x000000008e700000, 0x000000008e700000| Complete 
| 232|0x000000008e800000, 0x000000008e900000, 0x000000008e900000|100%| E|CS|TAMS 0x000000008e800000, 0x000000008e800000| Complete 
| 233|0x000000008e900000, 0x000000008ea00000, 0x000000008ea00000|100%| E|CS|TAMS 0x000000008e900000, 0x000000008e900000| Complete 
| 234|0x000000008ea00000, 0x000000008eb00000, 0x000000008eb00000|100%| E|CS|TAMS 0x000000008ea00000, 0x000000008ea00000| Complete 
| 235|0x000000008eb00000, 0x000000008ec00000, 0x000000008ec00000|100%| E|CS|TAMS 0x000000008eb00000, 0x000000008eb00000| Complete 
| 236|0x000000008ec00000, 0x000000008ed00000, 0x000000008ed00000|100%| E|CS|TAMS 0x000000008ec00000, 0x000000008ec00000| Complete 
| 237|0x000000008ed00000, 0x000000008ee00000, 0x000000008ee00000|100%| E|CS|TAMS 0x000000008ed00000, 0x000000008ed00000| Complete 
| 238|0x000000008ee00000, 0x000000008ef00000, 0x000000008ef00000|100%| E|CS|TAMS 0x000000008ee00000, 0x000000008ee00000| Complete 
| 239|0x000000008ef00000, 0x000000008f000000, 0x000000008f000000|100%| E|CS|TAMS 0x000000008ef00000, 0x000000008ef00000| Complete 
| 240|0x000000008f000000, 0x000000008f100000, 0x000000008f100000|100%| E|CS|TAMS 0x000000008f000000, 0x000000008f000000| Complete 
| 241|0x000000008f100000, 0x000000008f200000, 0x000000008f200000|100%| E|CS|TAMS 0x000000008f100000, 0x000000008f100000| Complete 
| 242|0x000000008f200000, 0x000000008f300000, 0x000000008f300000|100%| E|CS|TAMS 0x000000008f200000, 0x000000008f200000| Complete 
| 243|0x000000008f300000, 0x000000008f400000, 0x000000008f400000|100%| E|CS|TAMS 0x000000008f300000, 0x000000008f300000| Complete 
| 244|0x000000008f400000, 0x000000008f500000, 0x000000008f500000|100%| E|CS|TAMS 0x000000008f400000, 0x000000008f400000| Complete 
| 245|0x000000008f500000, 0x000000008f600000, 0x000000008f600000|100%| E|CS|TAMS 0x000000008f500000, 0x000000008f500000| Complete 
| 246|0x000000008f600000, 0x000000008f700000, 0x000000008f700000|100%| E|CS|TAMS 0x000000008f600000, 0x000000008f600000| Complete 
| 247|0x000000008f700000, 0x000000008f800000, 0x000000008f800000|100%| E|CS|TAMS 0x000000008f700000, 0x000000008f700000| Complete 
| 248|0x000000008f800000, 0x000000008f900000, 0x000000008f900000|100%| E|CS|TAMS 0x000000008f800000, 0x000000008f800000| Complete 
| 249|0x000000008f900000, 0x000000008fa00000, 0x000000008fa00000|100%| E|CS|TAMS 0x000000008f900000, 0x000000008f900000| Complete 
| 250|0x000000008fa00000, 0x000000008fb00000, 0x000000008fb00000|100%| E|CS|TAMS 0x000000008fa00000, 0x000000008fa00000| Complete 
| 251|0x000000008fb00000, 0x000000008fc00000, 0x000000008fc00000|100%| E|CS|TAMS 0x000000008fb00000, 0x000000008fb00000| Complete 
| 252|0x000000008fc00000, 0x000000008fd00000, 0x000000008fd00000|100%| E|CS|TAMS 0x000000008fc00000, 0x000000008fc00000| Complete 
| 253|0x000000008fd00000, 0x000000008fe00000, 0x000000008fe00000|100%| E|CS|TAMS 0x000000008fd00000, 0x000000008fd00000| Complete 
| 254|0x000000008fe00000, 0x000000008ff00000, 0x000000008ff00000|100%| E|CS|TAMS 0x000000008fe00000, 0x000000008fe00000| Complete 
| 255|0x000000008ff00000, 0x0000000090000000, 0x0000000090000000|100%| E|CS|TAMS 0x000000008ff00000, 0x000000008ff00000| Complete 
| 256|0x0000000090000000, 0x0000000090100000, 0x0000000090100000|100%| E|CS|TAMS 0x0000000090000000, 0x0000000090000000| Complete 
| 257|0x0000000090100000, 0x0000000090200000, 0x0000000090200000|100%| E|CS|TAMS 0x0000000090100000, 0x0000000090100000| Complete 
| 258|0x0000000090200000, 0x0000000090300000, 0x0000000090300000|100%| E|CS|TAMS 0x0000000090200000, 0x0000000090200000| Complete 
| 259|0x0000000090300000, 0x0000000090400000, 0x0000000090400000|100%| E|CS|TAMS 0x0000000090300000, 0x0000000090300000| Complete 
| 260|0x0000000090400000, 0x0000000090500000, 0x0000000090500000|100%| E|CS|TAMS 0x0000000090400000, 0x0000000090400000| Complete 
| 261|0x0000000090500000, 0x0000000090600000, 0x0000000090600000|100%| E|CS|TAMS 0x0000000090500000, 0x0000000090500000| Complete 
| 262|0x0000000090600000, 0x0000000090700000, 0x0000000090700000|100%| E|CS|TAMS 0x0000000090600000, 0x0000000090600000| Complete 
| 263|0x0000000090700000, 0x0000000090800000, 0x0000000090800000|100%| E|CS|TAMS 0x0000000090700000, 0x0000000090700000| Complete 
| 264|0x0000000090800000, 0x0000000090900000, 0x0000000090900000|100%| E|CS|TAMS 0x0000000090800000, 0x0000000090800000| Complete 
| 265|0x0000000090900000, 0x0000000090a00000, 0x0000000090a00000|100%| E|CS|TAMS 0x0000000090900000, 0x0000000090900000| Complete 
| 266|0x0000000090a00000, 0x0000000090b00000, 0x0000000090b00000|100%| E|CS|TAMS 0x0000000090a00000, 0x0000000090a00000| Complete 
| 267|0x0000000090b00000, 0x0000000090c00000, 0x0000000090c00000|100%| E|CS|TAMS 0x0000000090b00000, 0x0000000090b00000| Complete 
| 268|0x0000000090c00000, 0x0000000090d00000, 0x0000000090d00000|100%| E|CS|TAMS 0x0000000090c00000, 0x0000000090c00000| Complete 
| 269|0x0000000090d00000, 0x0000000090e00000, 0x0000000090e00000|100%| E|CS|TAMS 0x0000000090d00000, 0x0000000090d00000| Complete 
| 270|0x0000000090e00000, 0x0000000090f00000, 0x0000000090f00000|100%| E|CS|TAMS 0x0000000090e00000, 0x0000000090e00000| Complete 
| 271|0x0000000090f00000, 0x0000000091000000, 0x0000000091000000|100%| E|CS|TAMS 0x0000000090f00000, 0x0000000090f00000| Complete 
| 272|0x0000000091000000, 0x0000000091100000, 0x0000000091100000|100%| E|CS|TAMS 0x0000000091000000, 0x0000000091000000| Complete 
| 273|0x0000000091100000, 0x0000000091200000, 0x0000000091200000|100%| E|CS|TAMS 0x0000000091100000, 0x0000000091100000| Complete 
| 274|0x0000000091200000, 0x0000000091300000, 0x0000000091300000|100%| E|CS|TAMS 0x0000000091200000, 0x0000000091200000| Complete 
| 275|0x0000000091300000, 0x0000000091400000, 0x0000000091400000|100%| E|CS|TAMS 0x0000000091300000, 0x0000000091300000| Complete 
| 276|0x0000000091400000, 0x0000000091500000, 0x0000000091500000|100%| E|CS|TAMS 0x0000000091400000, 0x0000000091400000| Complete 
| 277|0x0000000091500000, 0x0000000091600000, 0x0000000091600000|100%| E|CS|TAMS 0x0000000091500000, 0x0000000091500000| Complete 

Card table byte_map: [0x0000021743f70000,0x0000021744370000] _byte_map_base: 0x0000021743b70000

Marking Bits (Prev, Next): (CMBitMap*) 0x000002172f25c580, (CMBitMap*) 0x000002172f25c548
 Prev Bits: [0x0000021746770000, 0x0000021748770000)
 Next Bits: [0x0000021744770000, 0x0000021746770000)

Polling page: 0x000002172f0b0000

Metaspace:

Usage:
  Non-class:     91.86 MB capacity,    90.10 MB ( 98%) used,     1.43 MB (  2%) free+waste,   330.75 KB ( <1%) overhead. 
      Class:     14.38 MB capacity,    13.35 MB ( 93%) used,   899.41 KB (  6%) free+waste,   147.81 KB (  1%) overhead. 
       Both:    106.24 MB capacity,   103.45 MB ( 97%) used,     2.31 MB (  2%) free+waste,   478.56 KB ( <1%) overhead. 

Virtual space:
  Non-class space:       94.00 MB reserved,      92.08 MB ( 98%) committed 
      Class space:        1.00 GB reserved,      14.38 MB (  1%) committed 
             Both:        1.09 GB reserved,     106.46 MB ( 10%) committed 

Chunk freelists:
   Non-Class:  35.00 KB
       Class:  0 bytes
        Both:  35.00 KB

MaxMetaspaceSize: 17179869184.00 GB
CompressedClassSpaceSize: 1.00 GB
Initial GC threshold: 20.80 MB
Current GC threshold: 172.43 MB
CDS: off

CodeHeap 'non-profiled nmethods': size=120064Kb used=11607Kb max_used=11607Kb free=108456Kb
 bounds [0x000002173c000000, 0x000002173cb60000, 0x0000021743540000]
CodeHeap 'profiled nmethods': size=120000Kb used=34191Kb max_used=34191Kb free=85809Kb
 bounds [0x0000021734ad0000, 0x0000021736c40000, 0x000002173c000000]
CodeHeap 'non-nmethods': size=5696Kb used=2448Kb max_used=2503Kb free=3247Kb
 bounds [0x0000021734540000, 0x00000217347c0000, 0x0000021734ad0000]
 total_blobs=16814 nmethods=15830 adapters=896
 compilation: enabled
              stopped_count=0, restarted_count=0
 full_count=0

Compilation events (20 events):
Event: 131.943 Thread 0x0000021750a3b800 nmethod 16001 0x000002173cb50b10 code [0x000002173cb50ca0, 0x000002173cb50f18]
Event: 131.947 Thread 0x000002174b62b000 16003       3       org.gradle.api.internal.file.CompositeFileCollection$$Lambda$897/0x0000000100c6b440::accept (12 bytes)
Event: 131.947 Thread 0x000002174b62b000 nmethod 16003 0x0000021736c2f990 code [0x0000021736c2fba0, 0x0000021736c30158]
Event: 131.949 Thread 0x0000021750a3b800 16004       4       org.gradle.api.internal.file.collections.UnpackingVisitor::add (355 bytes)
Event: 131.949 Thread 0x000002174b62b000 16005       3       org.gradle.api.internal.file.DefaultSourceDirectorySet::getSourceTrees (169 bytes)
Event: 131.952 Thread 0x000002174b62b000 nmethod 16005 0x0000021736c30390 code [0x0000021736c307e0, 0x0000021736c32818]
Event: 131.955 Thread 0x000002174b5c1800 nmethod 16002 0x000002173cb51010 code [0x000002173cb51200, 0x000002173cb51898]
Event: 131.968 Thread 0x000002174b62b000 16006       3       com.google.common.collect.RegularImmutableSet::iterator (5 bytes)
Event: 131.968 Thread 0x000002174b62b000 nmethod 16006 0x0000021736c33290 code [0x0000021736c33460, 0x0000021736c33668]
Event: 131.968 Thread 0x000002174b62b000 16007       3       com.google.common.collect.RegularImmutableSet::iterator (8 bytes)
Event: 131.969 Thread 0x000002174b62b000 nmethod 16007 0x0000021736c33790 code [0x0000021736c33960, 0x0000021736c33b08]
Event: 131.970 Thread 0x000002174b5c1800 16008   !   4       java.nio.file.Files::walkFileTree (294 bytes)
Event: 131.986 Thread 0x0000021750a3b800 nmethod 16004 0x000002173cb51c90 code [0x000002173cb51f00, 0x000002173cb52ea0]
Event: 131.986 Thread 0x0000021750a3b800 16009   !   4       java.nio.file.FileTreeWalker::wouldLoop (79 bytes)
Event: 131.999 Thread 0x0000021750a3b800 nmethod 16009 0x000002173cb53510 code [0x000002173cb536e0, 0x000002173cb53c58]
Event: 131.999 Thread 0x0000021750a3b800 16010       4       kotlin.text.StringsKt__StringsJVMKt::equals (32 bytes)
Event: 132.017 Thread 0x0000021750a3b800 nmethod 16010 0x000002173cb54110 code [0x000002173cb542c0, 0x000002173cb54958]
Event: 132.018 Thread 0x0000021750a3b800 16012   !   4       java.io.File::toPath (54 bytes)
Event: 132.030 Thread 0x0000021750a3b800 nmethod 16012 0x000002173cb54f10 code [0x000002173cb550c0, 0x000002173cb55828]
Event: 132.030 Thread 0x0000021750a3b800 16013       4       org.gradle.api.internal.file.collections.DefaultDirectoryWalker$PathVisitor::visitFile (10 bytes)

GC Heap History (20 events):
Event: 16.140 GC heap before
{Heap before GC invocations=15 (full 0):
 garbage-first heap   total 236544K, used 178263K [0x0000000080000000, 0x0000000100000000)
  region size 1024K, 125 young (128000K), 12 survivors (12288K)
 Metaspace       used 76534K, capacity 78281K, committed 78412K, reserved 1118208K
  class space    used 9690K, capacity 10316K, committed 10368K, reserved 1048576K
}
Event: 16.170 GC heap after
{Heap after GC invocations=16 (full 0):
 garbage-first heap   total 236544K, used 68717K [0x0000000080000000, 0x0000000100000000)
  region size 1024K, 14 young (14336K), 14 survivors (14336K)
 Metaspace       used 76534K, capacity 78281K, committed 78412K, reserved 1118208K
  class space    used 9690K, capacity 10316K, committed 10368K, reserved 1048576K
}
Event: 18.239 GC heap before
{Heap before GC invocations=16 (full 0):
 garbage-first heap   total 236544K, used 182381K [0x0000000080000000, 0x0000000100000000)
  region size 1024K, 125 young (128000K), 14 survivors (14336K)
 Metaspace       used 84097K, capacity 85957K, committed 86092K, reserved 1124352K
  class space    used 10864K, capacity 11576K, committed 11648K, reserved 1048576K
}
Event: 18.270 GC heap after
{Heap after GC invocations=17 (full 0):
 garbage-first heap   total 284672K, used 75675K [0x0000000080000000, 0x0000000100000000)
  region size 1024K, 14 young (14336K), 14 survivors (14336K)
 Metaspace       used 84097K, capacity 85957K, committed 86092K, reserved 1124352K
  class space    used 10864K, capacity 11576K, committed 11648K, reserved 1048576K
}
Event: 20.929 GC heap before
{Heap before GC invocations=17 (full 0):
 garbage-first heap   total 284672K, used 218011K [0x0000000080000000, 0x0000000100000000)
  region size 1024K, 153 young (156672K), 14 survivors (14336K)
 Metaspace       used 92833K, capacity 95020K, committed 95052K, reserved 1132544K
  class space    used 12104K, capacity 12927K, committed 12928K, reserved 1048576K
}
Event: 20.973 GC heap after
{Heap after GC invocations=18 (full 0):
 garbage-first heap   total 284672K, used 84468K [0x0000000080000000, 0x0000000100000000)
  region size 1024K, 16 young (16384K), 16 survivors (16384K)
 Metaspace       used 92833K, capacity 95020K, committed 95052K, reserved 1132544K
  class space    used 12104K, capacity 12927K, committed 12928K, reserved 1048576K
}
Event: 25.139 GC heap before
{Heap before GC invocations=18 (full 0):
 garbage-first heap   total 284672K, used 224756K [0x0000000080000000, 0x0000000100000000)
  region size 1024K, 154 young (157696K), 16 survivors (16384K)
 Metaspace       used 93846K, capacity 96072K, committed 96204K, reserved 1132544K
  class space    used 12166K, capacity 13034K, committed 13056K, reserved 1048576K
}
Event: 25.180 GC heap after
{Heap after GC invocations=19 (full 0):
 garbage-first heap   total 284672K, used 91764K [0x0000000080000000, 0x0000000100000000)
  region size 1024K, 16 young (16384K), 16 survivors (16384K)
 Metaspace       used 93846K, capacity 96072K, committed 96204K, reserved 1132544K
  class space    used 12166K, capacity 13034K, committed 13056K, reserved 1048576K
}
Event: 28.151 GC heap before
{Heap before GC invocations=19 (full 0):
 garbage-first heap   total 284672K, used 227956K [0x0000000080000000, 0x0000000100000000)
  region size 1024K, 150 young (153600K), 16 survivors (16384K)
 Metaspace       used 94462K, capacity 96749K, committed 96844K, reserved 1132544K
  class space    used 12235K, capacity 13113K, committed 13184K, reserved 1048576K
}
Event: 28.197 GC heap after
{Heap after GC invocations=20 (full 0):
 garbage-first heap   total 284672K, used 98423K [0x0000000080000000, 0x0000000100000000)
  region size 1024K, 14 young (14336K), 14 survivors (14336K)
 Metaspace       used 94462K, capacity 96749K, committed 96844K, reserved 1132544K
  class space    used 12235K, capacity 13113K, committed 13184K, reserved 1048576K
}
Event: 29.288 GC heap before
{Heap before GC invocations=20 (full 0):
 garbage-first heap   total 284672K, used 170103K [0x0000000080000000, 0x0000000100000000)
  region size 1024K, 85 young (87040K), 14 survivors (14336K)
 Metaspace       used 98458K, capacity 100718K, committed 100820K, reserved 1136640K
  class space    used 12745K, capacity 13625K, committed 13696K, reserved 1048576K
}
Event: 29.313 GC heap after
{Heap after GC invocations=21 (full 0):
 garbage-first heap   total 284672K, used 100352K [0x0000000080000000, 0x0000000100000000)
  region size 1024K, 8 young (8192K), 8 survivors (8192K)
 Metaspace       used 98458K, capacity 100718K, committed 100820K, reserved 1136640K
  class space    used 12745K, capacity 13625K, committed 13696K, reserved 1048576K
}
Event: 32.125 GC heap before
{Heap before GC invocations=22 (full 0):
 garbage-first heap   total 284672K, used 231424K [0x0000000080000000, 0x0000000100000000)
  region size 1024K, 137 young (140288K), 8 survivors (8192K)
 Metaspace       used 103144K, capacity 105735K, committed 105940K, reserved 1140736K
  class space    used 13388K, capacity 14376K, committed 14464K, reserved 1048576K
}
Event: 32.152 GC heap after
{Heap after GC invocations=23 (full 0):
 garbage-first heap   total 284672K, used 106333K [0x0000000080000000, 0x0000000100000000)
  region size 1024K, 14 young (14336K), 14 survivors (14336K)
 Metaspace       used 103144K, capacity 105735K, committed 105940K, reserved 1140736K
  class space    used 13388K, capacity 14376K, committed 14464K, reserved 1048576K
}
Event: 45.525 GC heap before
{Heap before GC invocations=24 (full 0):
 garbage-first heap   total 284672K, used 233309K [0x0000000080000000, 0x0000000100000000)
  region size 1024K, 139 young (142336K), 14 survivors (14336K)
 Metaspace       used 103755K, capacity 106446K, committed 106580K, reserved 1140736K
  class space    used 13475K, capacity 14499K, committed 14592K, reserved 1048576K
}
Event: 45.565 GC heap after
{Heap after GC invocations=25 (full 0):
 garbage-first heap   total 284672K, used 110002K [0x0000000080000000, 0x0000000100000000)
  region size 1024K, 12 young (12288K), 12 survivors (12288K)
 Metaspace       used 103755K, capacity 106446K, committed 106580K, reserved 1140736K
  class space    used 13475K, capacity 14499K, committed 14592K, reserved 1048576K
}
Event: 107.298 GC heap before
{Heap before GC invocations=25 (full 0):
 garbage-first heap   total 284672K, used 235954K [0x0000000080000000, 0x0000000100000000)
  region size 1024K, 136 young (139264K), 12 survivors (12288K)
 Metaspace       used 105312K, capacity 108140K, committed 108244K, reserved 1142784K
  class space    used 13626K, capacity 14667K, committed 14720K, reserved 1048576K
}
Event: 107.328 GC heap after
{Heap after GC invocations=26 (full 0):
 garbage-first heap   total 284672K, used 115358K [0x0000000080000000, 0x0000000100000000)
  region size 1024K, 10 young (10240K), 10 survivors (10240K)
 Metaspace       used 105312K, capacity 108140K, committed 108244K, reserved 1142784K
  class space    used 13626K, capacity 14667K, committed 14720K, reserved 1048576K
}
Event: 110.761 GC heap before
{Heap before GC invocations=26 (full 0):
 garbage-first heap   total 284672K, used 237214K [0x0000000080000000, 0x0000000100000000)
  region size 1024K, 130 young (133120K), 10 survivors (10240K)
 Metaspace       used 105648K, capacity 108509K, committed 108756K, reserved 1142784K
  class space    used 13632K, capacity 14676K, committed 14720K, reserved 1048576K
}
Event: 110.786 GC heap after
{Heap after GC invocations=27 (full 0):
 garbage-first heap   total 284672K, used 119402K [0x0000000080000000, 0x0000000100000000)
  region size 1024K, 10 young (10240K), 10 survivors (10240K)
 Metaspace       used 105648K, capacity 108509K, committed 108756K, reserved 1142784K
  class space    used 13632K, capacity 14676K, committed 14720K, reserved 1048576K
}

Deoptimization events (20 events):
Event: 131.725 Thread 0x0000021750a30800 DEOPT PACKING pc=0x000002173c985b10 sp=0x00000081197fddc0
Event: 131.725 Thread 0x0000021750a30800 DEOPT UNPACKING pc=0x000002173458a1af sp=0x00000081197fdd68 mode 2
Event: 131.808 Thread 0x0000021750a2f000 Uncommon trap: trap_request=0xffffffc6 fr.pc=0x000002173c626a70 relative=0x00000000000000b0
Event: 131.808 Thread 0x0000021750a2f000 Uncommon trap: reason=bimorphic_or_optimized_type_check action=maybe_recompile pc=0x000002173c626a70 method=com.google.common.collect.RegularImmutableMap.checkNoConflictInKeyBucket(Ljava/lang/Object;Ljava/util/Map$Entry;Lcom/google/common/collect/Immutabl
Event: 131.808 Thread 0x0000021750a2f000 DEOPT PACKING pc=0x000002173c626a70 sp=0x00000081192fcd10
Event: 131.808 Thread 0x0000021750a2f000 DEOPT UNPACKING pc=0x000002173458a1af sp=0x00000081192fccb8 mode 2
Event: 131.844 Thread 0x0000021750a2f000 DEOPT PACKING pc=0x00000217363234cc sp=0x00000081192fd120
Event: 131.844 Thread 0x0000021750a2f000 DEOPT UNPACKING pc=0x000002173458a95e sp=0x00000081192fc530 mode 0
Event: 131.946 Thread 0x0000021750a2f000 Uncommon trap: trap_request=0xffffffd6 fr.pc=0x000002173cb42ab8 relative=0x0000000000000758
Event: 131.946 Thread 0x0000021750a2f000 Uncommon trap: reason=array_check action=maybe_recompile pc=0x000002173cb42ab8 method=java.util.ComparableTimSort.binarySort([Ljava/lang/Object;III)V @ 215 c2
Event: 131.946 Thread 0x0000021750a2f000 DEOPT PACKING pc=0x000002173cb42ab8 sp=0x00000081192fa960
Event: 131.946 Thread 0x0000021750a2f000 DEOPT UNPACKING pc=0x000002173458a1af sp=0x00000081192fa900 mode 2
Event: 131.967 Thread 0x0000021750a2f000 Uncommon trap: trap_request=0xffffffd6 fr.pc=0x000002173cb42ab8 relative=0x0000000000000758
Event: 131.967 Thread 0x0000021750a2f000 Uncommon trap: reason=array_check action=maybe_recompile pc=0x000002173cb42ab8 method=java.util.ComparableTimSort.binarySort([Ljava/lang/Object;III)V @ 215 c2
Event: 131.967 Thread 0x0000021750a2f000 DEOPT PACKING pc=0x000002173cb42ab8 sp=0x00000081192fa830
Event: 131.967 Thread 0x0000021750a2f000 DEOPT UNPACKING pc=0x000002173458a1af sp=0x00000081192fa7d0 mode 2
Event: 132.101 Thread 0x0000021750a2f000 Uncommon trap: trap_request=0xffffffd6 fr.pc=0x000002173cb42ab8 relative=0x0000000000000758
Event: 132.101 Thread 0x0000021750a2f000 Uncommon trap: reason=array_check action=maybe_recompile pc=0x000002173cb42ab8 method=java.util.ComparableTimSort.binarySort([Ljava/lang/Object;III)V @ 215 c2
Event: 132.101 Thread 0x0000021750a2f000 DEOPT PACKING pc=0x000002173cb42ab8 sp=0x00000081192fa8c0
Event: 132.102 Thread 0x0000021750a2f000 DEOPT UNPACKING pc=0x000002173458a1af sp=0x00000081192fa860 mode 2

Classes redefined (0 events):
No events

Internal exceptions (20 events):
Event: 46.351 Thread 0x000002174dad8000 Implicit null exception at 0x000002173c440979 to 0x000002173c441094
Event: 47.616 Thread 0x0000021754fe0800 Exception <a 'java/net/ConnectException'{0x0000000091513d18}: Connection refused: connect> (0x0000000091513d18) thrown at [./src/hotspot/share/prims/jni.cpp, line 636]
Event: 49.681 Thread 0x0000021754fe0800 Exception <a 'java/net/ConnectException'{0x00000000915144f8}: Connection refused: connect> (0x00000000915144f8) thrown at [./src/hotspot/share/prims/jni.cpp, line 636]
Event: 51.767 Thread 0x0000021754fe0800 Exception <a 'java/net/ConnectException'{0x0000000091514cd8}: Connection refused: connect> (0x0000000091514cd8) thrown at [./src/hotspot/share/prims/jni.cpp, line 636]
Event: 103.324 Thread 0x000002174ceac800 Implicit null exception at 0x000002173c7f1bd6 to 0x000002173c7f2168
Event: 105.068 Thread 0x000002174ceac800 Implicit null exception at 0x000002173c9155ea to 0x000002173c916188
Event: 105.691 Thread 0x000002174ceac800 Exception <a 'sun/nio/fs/WindowsException'{0x000000008c4cd6d0}> (0x000000008c4cd6d0) thrown at [./src/hotspot/share/prims/jni.cpp, line 615]
Event: 106.115 Thread 0x000002174ceac800 Implicit null exception at 0x000002173c91725a to 0x000002173c917dfc
Event: 107.407 Thread 0x000002174ceac800 Exception <a 'sun/nio/fs/WindowsException'{0x0000000091232908}> (0x0000000091232908) thrown at [./src/hotspot/share/prims/jni.cpp, line 615]
Event: 107.418 Thread 0x000002174ceac800 Exception <a 'sun/nio/fs/WindowsException'{0x00000000912cf518}> (0x00000000912cf518) thrown at [./src/hotspot/share/prims/jni.cpp, line 615]
Event: 107.418 Thread 0x000002174ceac800 Exception <a 'sun/nio/fs/WindowsException'{0x00000000912d08a0}> (0x00000000912d08a0) thrown at [./src/hotspot/share/prims/jni.cpp, line 615]
Event: 107.419 Thread 0x000002174ceac800 Exception <a 'sun/nio/fs/WindowsException'{0x00000000912d1c78}> (0x00000000912d1c78) thrown at [./src/hotspot/share/prims/jni.cpp, line 615]
Event: 107.419 Thread 0x000002174ceac800 Exception <a 'sun/nio/fs/WindowsException'{0x00000000912d3050}> (0x00000000912d3050) thrown at [./src/hotspot/share/prims/jni.cpp, line 615]
Event: 113.277 Thread 0x0000021750a35000 Exception <a 'java/net/ConnectException'{0x0000000091421f08}: Connection refused: connect> (0x0000000091421f08) thrown at [./src/hotspot/share/prims/jni.cpp, line 636]
Event: 115.326 Thread 0x0000021750a35000 Exception <a 'java/net/ConnectException'{0x0000000091422c38}: Connection refused: connect> (0x0000000091422c38) thrown at [./src/hotspot/share/prims/jni.cpp, line 636]
Event: 117.397 Thread 0x0000021750a35000 Exception <a 'java/net/ConnectException'{0x0000000091423968}: Connection refused: connect> (0x0000000091423968) thrown at [./src/hotspot/share/prims/jni.cpp, line 636]
Event: 120.417 Thread 0x0000021750a35000 Exception <a 'java/net/ConnectException'{0x000000008fa461a0}: Connection refused: connect> (0x000000008fa461a0) thrown at [./src/hotspot/share/prims/jni.cpp, line 636]
Event: 122.451 Thread 0x0000021750a35000 Exception <a 'java/net/ConnectException'{0x000000008fa46ed0}: Connection refused: connect> (0x000000008fa46ed0) thrown at [./src/hotspot/share/prims/jni.cpp, line 636]
Event: 124.506 Thread 0x0000021750a35000 Exception <a 'java/net/ConnectException'{0x000000008fa47c00}: Connection refused: connect> (0x000000008fa47c00) thrown at [./src/hotspot/share/prims/jni.cpp, line 636]
Event: 124.611 Thread 0x0000021750a32800 Exception <a 'java/lang/InterruptedException'{0x000000008fac1670}> (0x000000008fac1670) thrown at [./src/hotspot/share/runtime/objectMonitor.cpp, line 1635]

Events (20 events):
Event: 131.763 Executing VM operation: RevokeBias done
Event: 131.765 Executing VM operation: BulkRevokeBias
Event: 131.767 Executing VM operation: BulkRevokeBias done
Event: 131.778 Executing VM operation: RevokeBias
Event: 131.778 Executing VM operation: RevokeBias done
Event: 131.831 Thread 0x0000021750a3b800 Thread added: 0x0000021750a3b800
Event: 131.841 loading class org/gradle/internal/execution/history/changes/ExecutionStateChanges$2
Event: 131.841 loading class org/gradle/internal/execution/history/changes/ExecutionStateChanges$2 done
Event: 131.842 Executing VM operation: Deoptimize
Event: 131.844 Executing VM operation: Deoptimize done
Event: 131.845 loading class org/gradle/internal/execution/history/changes/NonIncrementalInputChanges
Event: 131.845 loading class org/gradle/internal/execution/history/changes/NonIncrementalInputChanges done
Event: 131.846 loading class org/gradle/internal/execution/history/BeforeExecutionState
Event: 131.846 loading class org/gradle/internal/execution/history/BeforeExecutionState done
Event: 131.846 loading class org/gradle/internal/execution/steps/RemovePreviousOutputsStep$2
Event: 131.846 loading class org/gradle/internal/execution/steps/RemovePreviousOutputsStep$2 done
Event: 131.847 loading class org/gradle/internal/execution/steps/RemovePreviousOutputsStep$3
Event: 131.847 loading class org/gradle/internal/execution/steps/RemovePreviousOutputsStep$3 done
Event: 132.121 loading class org/jetbrains/kotlin/incremental/ChangedFiles$Unknown
Event: 132.121 loading class org/jetbrains/kotlin/incremental/ChangedFiles$Unknown done


Dynamic libraries:
0x00007ff673f40000 - 0x00007ff673f4a000 	C:\Program Files\Android\Android Studio\jre\bin\java.exe
0x00007ffe334f0000 - 0x00007ffe336e5000 	C:\Windows\SYSTEM32\ntdll.dll
0x00007ffe31f30000 - 0x00007ffe31fee000 	C:\Windows\System32\KERNEL32.DLL
0x00007ffe30e60000 - 0x00007ffe31129000 	C:\Windows\System32\KERNELBASE.dll
0x00007ffe30cd0000 - 0x00007ffe30dd0000 	C:\Windows\System32\ucrtbase.dll
0x00007ffe2afb0000 - 0x00007ffe2afc7000 	C:\Program Files\Android\Android Studio\jre\bin\VCRUNTIME140.dll
0x00007ffe2af90000 - 0x00007ffe2afa9000 	C:\Program Files\Android\Android Studio\jre\bin\jli.dll
0x00007ffe32b90000 - 0x00007ffe32d31000 	C:\Windows\System32\USER32.dll
0x00007ffe30c10000 - 0x00007ffe30c32000 	C:\Windows\System32\win32u.dll
0x00007ffe1db30000 - 0x00007ffe1ddca000 	C:\Windows\WinSxS\amd64_microsoft.windows.common-controls_6595b64144ccf1df_6.0.19041.1110_none_60b5254171f9507e\COMCTL32.dll
0x00007ffe32210000 - 0x00007ffe3223b000 	C:\Windows\System32\GDI32.dll
0x00007ffe31760000 - 0x00007ffe317fe000 	C:\Windows\System32\msvcrt.dll
0x00007ffe31430000 - 0x00007ffe3153b000 	C:\Windows\System32\gdi32full.dll
0x00007ffe31390000 - 0x00007ffe3142d000 	C:\Windows\System32\msvcp_win.dll
0x00007ffe32a10000 - 0x00007ffe32a40000 	C:\Windows\System32\IMM32.DLL
0x00007ffe1e320000 - 0x00007ffe1e3bd000 	C:\Program Files\Android\Android Studio\jre\bin\msvcp140.dll
0x00007ffe05650000 - 0x00007ffe06135000 	C:\Program Files\Android\Android Studio\jre\bin\server\jvm.dll
0x00007ffe31800000 - 0x00007ffe318ac000 	C:\Windows\System32\ADVAPI32.dll
0x00007ffe33410000 - 0x00007ffe334ab000 	C:\Windows\System32\sechost.dll
0x00007ffe32010000 - 0x00007ffe3213a000 	C:\Windows\System32\RPCRT4.dll
0x00007ffe33040000 - 0x00007ffe33048000 	C:\Windows\System32\PSAPI.DLL
0x00007ffe2e5c0000 - 0x00007ffe2e5c9000 	C:\Windows\SYSTEM32\WSOCK32.dll
0x00007ffe2b250000 - 0x00007ffe2b277000 	C:\Windows\SYSTEM32\WINMM.dll
0x00007ffe32b20000 - 0x00007ffe32b8b000 	C:\Windows\System32\WS2_32.dll
0x00007ffe29ff0000 - 0x00007ffe29ffa000 	C:\Windows\SYSTEM32\VERSION.dll
0x00007ffe2eb10000 - 0x00007ffe2eb22000 	C:\Windows\SYSTEM32\kernel.appcore.dll
0x00007ffe2b000000 - 0x00007ffe2b011000 	C:\Program Files\Android\Android Studio\jre\bin\verify.dll
0x00007ffe1b130000 - 0x00007ffe1b314000 	C:\Windows\SYSTEM32\DBGHELP.DLL
0x00007ffe23c50000 - 0x00007ffe23c7c000 	C:\Windows\SYSTEM32\dbgcore.DLL
0x00007ffe30dd0000 - 0x00007ffe30e53000 	C:\Windows\System32\bcryptPrimitives.dll
0x00007ffe26a90000 - 0x00007ffe26ab9000 	C:\Program Files\Android\Android Studio\jre\bin\java.dll
0x00007ffe2e5a0000 - 0x00007ffe2e5ab000 	C:\Program Files\Android\Android Studio\jre\bin\jimage.dll
0x00007ffe29f80000 - 0x00007ffe29f98000 	C:\Program Files\Android\Android Studio\jre\bin\zip.dll
0x00007ffe322d0000 - 0x00007ffe32a0f000 	C:\Windows\System32\SHELL32.dll
0x00007ffe2ed10000 - 0x00007ffe2f4a0000 	C:\Windows\SYSTEM32\windows.storage.dll
0x00007ffe33050000 - 0x00007ffe333a5000 	C:\Windows\System32\combase.dll
0x00007ffe30660000 - 0x00007ffe3068c000 	C:\Windows\SYSTEM32\Wldp.dll
0x00007ffe32f90000 - 0x00007ffe3303e000 	C:\Windows\System32\SHCORE.dll
0x00007ffe32150000 - 0x00007ffe321a5000 	C:\Windows\System32\shlwapi.dll
0x00007ffe30b50000 - 0x00007ffe30b6f000 	C:\Windows\SYSTEM32\profapi.dll
0x00007ffe295c0000 - 0x00007ffe295da000 	C:\Program Files\Android\Android Studio\jre\bin\net.dll
0x00007ffe20690000 - 0x00007ffe20798000 	C:\Windows\SYSTEM32\WINHTTP.dll
0x00007ffe303c0000 - 0x00007ffe3042a000 	C:\Windows\system32\mswsock.dll
0x00007ffe26b90000 - 0x00007ffe26ba4000 	C:\Program Files\Android\Android Studio\jre\bin\nio.dll
0x00007ffe1f5e0000 - 0x00007ffe1f607000 	C:\Users\Ekaterina\.gradle\native\e1d6ef7f7dcc3fd88c89a11ec53ec762bb8ba0a96d01ffa2cd45eb1d1d8dd5c5\windows-amd64\native-platform.dll
0x00007ffe13590000 - 0x00007ffe136d4000 	C:\Users\Ekaterina\.gradle\native\5664cfc778a61ccfe75a443a1ab52a65af34e5dc3c78e0209fed803814484fcb\windows-amd64\native-platform-file-events.dll
0x00007ffe2be60000 - 0x00007ffe2be6a000 	C:\Program Files\Android\Android Studio\jre\bin\management.dll
0x00007ffe2b1a0000 - 0x00007ffe2b1ad000 	C:\Program Files\Android\Android Studio\jre\bin\management_ext.dll
0x00007ffe305b0000 - 0x00007ffe305c8000 	C:\Windows\SYSTEM32\CRYPTSP.dll
0x00007ffe2fcd0000 - 0x00007ffe2fd04000 	C:\Windows\system32\rsaenh.dll
0x00007ffe30c40000 - 0x00007ffe30c67000 	C:\Windows\System32\bcrypt.dll
0x00007ffe30b10000 - 0x00007ffe30b3e000 	C:\Windows\SYSTEM32\USERENV.dll
0x00007ffe305d0000 - 0x00007ffe305dc000 	C:\Windows\SYSTEM32\CRYPTBASE.dll
0x00007ffe30060000 - 0x00007ffe3009b000 	C:\Windows\SYSTEM32\IPHLPAPI.DLL
0x00007ffe32140000 - 0x00007ffe32148000 	C:\Windows\System32\NSI.dll
0x00007ffe27840000 - 0x00007ffe27857000 	C:\Windows\SYSTEM32\dhcpcsvc6.DLL
0x00007ffe27820000 - 0x00007ffe2783d000 	C:\Windows\SYSTEM32\dhcpcsvc.DLL
0x00007ffe300b0000 - 0x00007ffe3017c000 	C:\Windows\SYSTEM32\DNSAPI.dll
0x00007ffe23e30000 - 0x00007ffe23e57000 	C:\Program Files\Android\Android Studio\jre\bin\sunec.dll
0x00007ffe29280000 - 0x00007ffe2928a000 	C:\Windows\System32\rasadhlp.dll
0x00007ffe1ff40000 - 0x00007ffe1ffbf000 	C:\Windows\System32\fwpuclnt.dll
0x00007ffe24a70000 - 0x00007ffe24a78000 	C:\Program Files\Android\Android Studio\jre\bin\rmi.dll
0x00007ffe1b020000 - 0x00007ffe1b03e000 	C:\Temp\native-platform14178674793825948638dir\native-platform.dll

dbghelp: loaded successfully - version: 4.0.5 - missing functions: none
symbol engine: initialized successfully - sym options: 0x614 - pdb path: .;C:\Program Files\Android\Android Studio\jre\bin;C:\Windows\SYSTEM32;C:\Windows\WinSxS\amd64_microsoft.windows.common-controls_6595b64144ccf1df_6.0.19041.1110_none_60b5254171f9507e;C:\Program Files\Android\Android Studio\jre\bin\server;C:\Users\Ekaterina\.gradle\native\e1d6ef7f7dcc3fd88c89a11ec53ec762bb8ba0a96d01ffa2cd45eb1d1d8dd5c5\windows-amd64;C:\Users\Ekaterina\.gradle\native\5664cfc778a61ccfe75a443a1ab52a65af34e5dc3c78e0209fed803814484fcb\windows-amd64;C:\Temp\native-platform14178674793825948638dir

VM Arguments:
jvm_args: --add-opens=java.base/java.util=ALL-UNNAMED --add-opens=java.base/java.lang=ALL-UNNAMED --add-opens=java.base/java.lang.invoke=ALL-UNNAMED --add-opens=java.base/java.util=ALL-UNNAMED --add-opens=java.prefs/java.util.prefs=ALL-UNNAMED --add-opens=java.prefs/java.util.prefs=ALL-UNNAMED --add-opens=java.base/java.nio.charset=ALL-UNNAMED --add-opens=java.base/java.net=ALL-UNNAMED --add-opens=java.base/java.util.concurrent.atomic=ALL-UNNAMED -Xmx2048m -Dfile.encoding=UTF-8 -Duser.country=RU -Duser.language=ru -Duser.variant 
java_command: org.gradle.launcher.daemon.bootstrap.GradleDaemon 7.3.3
java_class_path (initial): C:\Users\Ekaterina\.gradle\wrapper\dists\gradle-7.3.3-bin\6a41zxkdtcxs8rphpq6y0069z\gradle-7.3.3\lib\gradle-launcher-7.3.3.jar
Launcher Type: SUN_STANDARD

[Global flags]
     intx CICompilerCount                          = 3                                         {product} {ergonomic}
     uint ConcGCThreads                            = 1                                         {product} {ergonomic}
     uint G1ConcRefinementThreads                  = 4                                         {product} {ergonomic}
   size_t G1HeapRegionSize                         = 1048576                                   {product} {ergonomic}
    uintx GCDrainStackTargetSize                   = 64                                        {product} {ergonomic}
   size_t InitialHeapSize                          = 201326592                                 {product} {ergonomic}
   size_t MarkStackSize                            = 4194304                                   {product} {ergonomic}
   size_t MaxHeapSize                              = 2147483648                                {product} {command line}
   size_t MaxNewSize                               = 1287651328                                {product} {ergonomic}
   size_t MinHeapDeltaBytes                        = 1048576                                   {product} {ergonomic}
    uintx NonNMethodCodeHeapSize                   = 5830732                                {pd product} {ergonomic}
    uintx NonProfiledCodeHeapSize                  = 122913754                              {pd product} {ergonomic}
    uintx ProfiledCodeHeapSize                     = 122913754                              {pd product} {ergonomic}
    uintx ReservedCodeCacheSize                    = 251658240                              {pd product} {ergonomic}
     bool SegmentedCodeCache                       = true                                      {product} {ergonomic}
     bool UseCompressedClassPointers               = true                                 {lp64_product} {ergonomic}
     bool UseCompressedOops                        = true                                 {lp64_product} {ergonomic}
     bool UseG1GC                                  = true                                      {product} {ergonomic}
     bool UseLargePagesIndividualAllocation        = false                                  {pd product} {ergonomic}

Logging:
Log output configuration:
 #0: stdout all=warning uptime,level,tags
 #1: stderr all=off uptime,level,tags

Environment Variables:
PATH=C:\Windows\system32;C:\Windows;C:\Windows\System32\Wbem;C:\Windows\System32\WindowsPowerShell\v1.0\;C:\Program Files\Git\cmd;C:\Users\Ekaterina\AppData\Local\Microsoft\WindowsApps;;C:\Users\Ekaterina\AppData\Local\Programs\Microsoft VS Code\bin
USERNAME=Ekaterina
OS=Windows_NT
PROCESSOR_IDENTIFIER=Intel64 Family 6 Model 142 Stepping 9, GenuineIntel



---------------  S Y S T E M  ---------------

OS: Windows 10 , 64 bit Build 19041 (10.0.19041.1200)
OS uptime: 22 days 2:49 hours

CPU:total 4 (initial active 4) (2 cores per cpu, 2 threads per core) family 6 model 142 stepping 9 microcode 0xb4, cmov, cx8, fxsr, mmx, sse, sse2, sse3, ssse3, sse4.1, sse4.2, popcnt, avx, avx2, aes, clmul, erms, 3dnowpref, lzcnt, ht, tsc, tscinvbit, bmi1, bmi2, adx, fma

Memory: 4k page, system-wide physical 12197M (602M free)
TotalPageFile size 12197M (AvailPageFile size 5M)
current process WorkingSet (physical memory assigned to process): 572M, peak: 588M
current process commit charge ("private bytes"): 604M, peak: 619M

vm_info: OpenJDK 64-Bit Server VM (11.0.12+7-b1504.28-7817840) for windows-amd64 JRE (11.0.12+7-b1504.28-7817840), built on Oct 13 2021 22:12:33 by "builder" with MS VC++ 14.0 (VS2015)

END.
