#
# There is insufficient memory for the Java Runtime Environment to continue.
# Native memory allocation (malloc) failed to allocate 65552 bytes for Chunk::new
# Possible reasons:
#   The system is out of physical RAM or swap space
#   The process is running with CompressedOops enabled, and the Java Heap may be blocking the growth of the native heap
# Possible solutions:
#   Reduce memory load on the system
#   Increase physical memory or swap space
#   Check if swap backing store is full
#   Decrease Java heap size (-Xmx/-Xms)
#   Decrease number of Java threads
#   Decrease Java thread stack sizes (-Xss)
#   Set larger code cache with -XX:ReservedCodeCacheSize=
#   JVM is running with Unscaled Compressed Oops mode in which the Java heap is
#     placed in the first 4GB address space. The Java Heap base address is the
#     maximum limit for the native heap growth. Please use -XX:HeapBaseMinAddress
#     to set the Java Heap base and to place the Java Heap above 4GB virtual address.
# This output file may be truncated or incomplete.
#
#  Out of Memory Error (./src/hotspot/share/memory/arena.cpp:197), pid=7240, tid=8892
#
# JRE version: OpenJDK Runtime Environment (11.0.12+7) (build 11.0.12+7-b1504.28-7817840)
# Java VM: OpenJDK 64-Bit Server VM (11.0.12+7-b1504.28-7817840, mixed mode, tiered, compressed oops, g1 gc, windows-amd64)
# No core dump will be written. Minidumps are not enabled by default on client versions of Windows
#

---------------  S U M M A R Y ------------

Command Line: --add-opens=java.base/java.util=ALL-UNNAMED --add-opens=java.base/java.lang=ALL-UNNAMED --add-opens=java.base/java.lang.invoke=ALL-UNNAMED --add-opens=java.base/java.util=ALL-UNNAMED --add-opens=java.prefs/java.util.prefs=ALL-UNNAMED --add-opens=java.prefs/java.util.prefs=ALL-UNNAMED --add-opens=java.base/java.nio.charset=ALL-UNNAMED --add-opens=java.base/java.net=ALL-UNNAMED --add-opens=java.base/java.util.concurrent.atomic=ALL-UNNAMED -Xmx2048m -Dfile.encoding=UTF-8 -Duser.country=RU -Duser.language=ru -Duser.variant org.gradle.launcher.daemon.bootstrap.GradleDaemon 7.3.3

Host: Intel(R) Core(TM) i3-7020U CPU @ 2.30GHz, 4 cores, 11G,  Windows 10 , 64 bit Build 19041 (10.0.19041.1200)
Time: Wed Jul  6 19:30:45 2022 RTZ 2 (зима) elapsed time: 12.618404 seconds (0d 0h 0m 12s)

---------------  T H R E A D  ---------------

Current thread (0x0000015593ed2000):  JavaThread "C2 CompilerThread1" daemon [_thread_in_native, id=8892, stack(0x0000001304200000,0x0000001304300000)]


Current CompileTask:
C2:  12618 3515       4       org.codehaus.groovy.runtime.metaclass.MetaMethodIndex::addMethodToList (131 bytes)

Stack: [0x0000001304200000,0x0000001304300000]
Native frames: (J=compiled Java code, j=interpreted, Vv=VM code, C=native code)
V  [jvm.dll+0x5fbcea]
V  [jvm.dll+0x731905]
V  [jvm.dll+0x732f1d]
V  [jvm.dll+0x7335d3]
V  [jvm.dll+0x247bf8]
V  [jvm.dll+0xc018c]
V  [jvm.dll+0xc06cc]
V  [jvm.dll+0xc02cc]
V  [jvm.dll+0x6282e0]
V  [jvm.dll+0x2095f3]
V  [jvm.dll+0x2015c2]
V  [jvm.dll+0x1ff71f]
V  [jvm.dll+0x18868c]
V  [jvm.dll+0x20e0d7]
V  [jvm.dll+0x20c901]
V  [jvm.dll+0x6f9b7f]
V  [jvm.dll+0x6f26a5]
V  [jvm.dll+0x5fabf6]
C  [ucrtbase.dll+0x21bb2]
C  [KERNEL32.DLL+0x17034]
C  [ntdll.dll+0x52651]


---------------  P R O C E S S  ---------------

Threads class SMR info:
_java_thread_list=0x0000015593260190, length=33, elements={
0x00000155f583c000, 0x00000155febb4000, 0x00000155febb5800, 0x00000155febb1000,
0x00000155ff3c6800, 0x00000155ff3c8000, 0x00000155ff3ce000, 0x00000155ff416800,
0x00000155ff418000, 0x00000155ff56e000, 0x00000155935f8800, 0x0000015593d87000,
0x00000155ff7b6800, 0x000001559385a000, 0x0000015592cd3000, 0x0000015592504800,
0x0000015592505800, 0x0000015592e22800, 0x00000155930bc000, 0x00000155930be800,
0x00000155930b9800, 0x00000155930bb000, 0x00000155930bd000, 0x00000155930bf800,
0x00000155930c0000, 0x00000155930bd800, 0x00000155930ba800, 0x0000015594733000,
0x0000015594731800, 0x0000015594734000, 0x0000015593ed2000, 0x0000015594732800,
0x000001559472f000
}

Java Threads: ( => current thread )
  0x00000155f583c000 JavaThread "main" [_thread_blocked, id=2632, stack(0x0000001301c00000,0x0000001301d00000)]
  0x00000155febb4000 JavaThread "Reference Handler" daemon [_thread_blocked, id=1780, stack(0x0000001302300000,0x0000001302400000)]
  0x00000155febb5800 JavaThread "Finalizer" daemon [_thread_blocked, id=2372, stack(0x0000001302400000,0x0000001302500000)]
  0x00000155febb1000 JavaThread "Signal Dispatcher" daemon [_thread_blocked, id=6192, stack(0x0000001302500000,0x0000001302600000)]
  0x00000155ff3c6800 JavaThread "Attach Listener" daemon [_thread_blocked, id=8236, stack(0x0000001302600000,0x0000001302700000)]
  0x00000155ff3c8000 JavaThread "Service Thread" daemon [_thread_blocked, id=4496, stack(0x0000001302700000,0x0000001302800000)]
  0x00000155ff3ce000 JavaThread "C2 CompilerThread0" daemon [_thread_in_native, id=3800, stack(0x0000001302800000,0x0000001302900000)]
  0x00000155ff416800 JavaThread "C1 CompilerThread0" daemon [_thread_blocked, id=216, stack(0x0000001302900000,0x0000001302a00000)]
  0x00000155ff418000 JavaThread "Sweeper thread" daemon [_thread_blocked, id=4300, stack(0x0000001302a00000,0x0000001302b00000)]
  0x00000155ff56e000 JavaThread "Common-Cleaner" daemon [_thread_blocked, id=4284, stack(0x0000001302b00000,0x0000001302c00000)]
  0x00000155935f8800 JavaThread "Daemon health stats" [_thread_blocked, id=7916, stack(0x0000001303100000,0x0000001303200000)]
  0x0000015593d87000 JavaThread "Incoming local TCP Connector on port 55655" [_thread_in_native, id=7188, stack(0x0000001302d00000,0x0000001302e00000)]
  0x00000155ff7b6800 JavaThread "Daemon periodic checks" [_thread_blocked, id=4456, stack(0x0000001303200000,0x0000001303300000)]
  0x000001559385a000 JavaThread "Daemon" [_thread_blocked, id=1468, stack(0x0000001303300000,0x0000001303400000)]
  0x0000015592cd3000 JavaThread "Handler for socket connection from /127.0.0.1:55655 to /127.0.0.1:55656" [_thread_in_native, id=3244, stack(0x0000001303400000,0x0000001303500000)]
  0x0000015592504800 JavaThread "Cancel handler" [_thread_blocked, id=5044, stack(0x0000001303500000,0x0000001303600000)]
  0x0000015592505800 JavaThread "Daemon worker" [_thread_in_Java, id=7292, stack(0x0000001303600000,0x0000001303700000)]
  0x0000015592e22800 JavaThread "Asynchronous log dispatcher for DefaultDaemonConnection: socket connection from /127.0.0.1:55655 to /127.0.0.1:55656" [_thread_blocked, id=6232, stack(0x0000001303700000,0x0000001303800000)]
  0x00000155930bc000 JavaThread "Stdin handler" [_thread_blocked, id=4780, stack(0x0000001303800000,0x0000001303900000)]
  0x00000155930be800 JavaThread "Daemon client event forwarder" [_thread_blocked, id=9992, stack(0x0000001303900000,0x0000001303a00000)]
  0x00000155930b9800 JavaThread "Cache worker for journal cache (C:\Users\Ekaterina\.gradle\caches\journal-1)" [_thread_blocked, id=6528, stack(0x0000001303a00000,0x0000001303b00000)]
  0x00000155930bb000 JavaThread "File lock request listener" [_thread_in_native, id=2484, stack(0x0000001303b00000,0x0000001303c00000)]
  0x00000155930bd000 JavaThread "Cache worker for file hash cache (C:\Users\Ekaterina\.gradle\caches\7.3.3\fileHashes)" [_thread_blocked, id=10020, stack(0x0000001303c00000,0x0000001303d00000)]
  0x00000155930bf800 JavaThread "Cache worker for file hash cache (C:\Projects\Andriod\NMedia\.gradle\7.3.3\fileHashes)" [_thread_blocked, id=2880, stack(0x0000001303e00000,0x0000001303f00000)]
  0x00000155930c0000 JavaThread "File watcher server" daemon [_thread_in_native, id=5772, stack(0x0000001303f00000,0x0000001304000000)]
  0x00000155930bd800 JavaThread "File watcher consumer" daemon [_thread_blocked, id=5900, stack(0x0000001304000000,0x0000001304100000)]
  0x00000155930ba800 JavaThread "Cache worker for checksums cache (C:\Projects\Andriod\NMedia\.gradle\7.3.3\checksums)" [_thread_blocked, id=9016, stack(0x0000001303d00000,0x0000001303e00000)]
  0x0000015594733000 JavaThread "Cache worker for cache directory md-supplier (C:\Users\Ekaterina\.gradle\caches\7.3.3\md-supplier)" [_thread_blocked, id=4668, stack(0x0000001304100000,0x0000001304200000)]
  0x0000015594731800 JavaThread "Cache worker for cache directory md-rule (C:\Users\Ekaterina\.gradle\caches\7.3.3\md-rule)" [_thread_blocked, id=9824, stack(0x0000001304300000,0x0000001304400000)]
  0x0000015594734000 JavaThread "Cache worker for execution history cache (C:\Users\Ekaterina\.gradle\caches\7.3.3\executionHistory)" [_thread_blocked, id=9860, stack(0x0000001304400000,0x0000001304500000)]
=>0x0000015593ed2000 JavaThread "C2 CompilerThread1" daemon [_thread_in_native, id=8892, stack(0x0000001304200000,0x0000001304300000)]
  0x0000015594732800 JavaThread "jar transforms" [_thread_blocked, id=7804, stack(0x0000001304500000,0x0000001304600000)]
  0x000001559472f000 JavaThread "Cache worker for file content cache (C:\Users\Ekaterina\.gradle\caches\7.3.3\fileContent)" [_thread_blocked, id=7508, stack(0x0000001304600000,0x0000001304700000)]

Other Threads:
  0x00000155feb9c800 VMThread "VM Thread" [stack: 0x0000001302200000,0x0000001302300000] [id=7536]
  0x00000155ff5bb000 WatcherThread [stack: 0x0000001302c00000,0x0000001302d00000] [id=4576]
  0x00000155f5854800 GCTaskThread "GC Thread#0" [stack: 0x0000001301d00000,0x0000001301e00000] [id=8220]
  0x0000015591278000 GCTaskThread "GC Thread#1" [stack: 0x0000001302e00000,0x0000001302f00000] [id=7084]
  0x00000155913f8000 GCTaskThread "GC Thread#2" [stack: 0x0000001302f00000,0x0000001303000000] [id=8828]
  0x00000155910f5000 GCTaskThread "GC Thread#3" [stack: 0x0000001303000000,0x0000001303100000] [id=2780]
  0x00000155f5886800 ConcurrentGCThread "G1 Main Marker" [stack: 0x0000001301e00000,0x0000001301f00000] [id=4768]
  0x00000155f5888000 ConcurrentGCThread "G1 Conc#0" [stack: 0x0000001301f00000,0x0000001302000000] [id=9612]
  0x00000155f591e000 ConcurrentGCThread "G1 Refine#0" [stack: 0x0000001302000000,0x0000001302100000] [id=1064]
  0x00000155fe9ee800 ConcurrentGCThread "G1 Young RemSet Sampling" [stack: 0x0000001302100000,0x0000001302200000] [id=7176]

Threads with active compile tasks:
C2 CompilerThread0  12666 3517       4       groovy.lang.MetaClassImpl$1MOPIter::methodNameAction (325 bytes)
C2 CompilerThread1  12666 3515       4       org.codehaus.groovy.runtime.metaclass.MetaMethodIndex::addMethodToList (131 bytes)

VM state:not at safepoint (normal execution)

VM Mutex/Monitor currently owned by a thread: None

Heap address: 0x0000000080000000, size: 2048 MB, Compressed Oops mode: 32-bit
Narrow klass base: 0x0000000000000000, Narrow klass shift: 3
Compressed class space size: 1073741824 Address: 0x0000000100000000

Heap:
 garbage-first heap   total 196608K, used 77837K [0x0000000080000000, 0x0000000100000000)
  region size 1024K, 62 young (63488K), 9 survivors (9216K)
 Metaspace       used 39442K, capacity 40353K, committed 40700K, reserved 1085440K
  class space    used 5021K, capacity 5354K, committed 5452K, reserved 1048576K
Heap Regions: E=young(eden), S=young(survivor), O=old, HS=humongous(starts), HC=humongous(continues), CS=collection set, F=free, A=archive, TAMS=top-at-mark-start (previous, next)
|   0|0x0000000080000000, 0x0000000080100000, 0x0000000080100000|100%| O|  |TAMS 0x0000000080100000, 0x0000000080000000| Untracked 
|   1|0x0000000080100000, 0x0000000080200000, 0x0000000080200000|100%| O|  |TAMS 0x0000000080200000, 0x0000000080100000| Untracked 
|   2|0x0000000080200000, 0x0000000080300000, 0x0000000080300000|100%| O|  |TAMS 0x0000000080300000, 0x0000000080200000| Untracked 
|   3|0x0000000080300000, 0x0000000080400000, 0x0000000080400000|100%|HS|  |TAMS 0x0000000080400000, 0x0000000080300000| Complete 
|   4|0x0000000080400000, 0x0000000080500000, 0x0000000080500000|100%|HC|  |TAMS 0x0000000080500000, 0x0000000080400000| Complete 
|   5|0x0000000080500000, 0x0000000080600000, 0x0000000080600000|100%|HC|  |TAMS 0x0000000080600000, 0x0000000080500000| Complete 
|   6|0x0000000080600000, 0x0000000080700000, 0x0000000080700000|100%| O|  |TAMS 0x0000000080700000, 0x0000000080600000| Untracked 
|   7|0x0000000080700000, 0x0000000080800000, 0x0000000080800000|100%| O|  |TAMS 0x0000000080800000, 0x0000000080700000| Untracked 
|   8|0x0000000080800000, 0x0000000080900000, 0x0000000080900000|100%| O|  |TAMS 0x0000000080900000, 0x0000000080800000| Untracked 
|   9|0x0000000080900000, 0x0000000080a00000, 0x0000000080a00000|100%| O|  |TAMS 0x0000000080a00000, 0x0000000080900000| Untracked 
|  10|0x0000000080a00000, 0x0000000080b00000, 0x0000000080b00000|100%| O|  |TAMS 0x0000000080b00000, 0x0000000080a00000| Untracked 
|  11|0x0000000080b00000, 0x0000000080c00000, 0x0000000080c00000|100%| O|  |TAMS 0x0000000080c00000, 0x0000000080b00000| Untracked 
|  12|0x0000000080c00000, 0x0000000080d00000, 0x0000000080d00000|100%| O|  |TAMS 0x0000000080d00000, 0x0000000080c00000| Untracked 
|  13|0x0000000080d00000, 0x0000000080d8aa00, 0x0000000080e00000| 54%| O|  |TAMS 0x0000000080d8aa00, 0x0000000080d00000| Untracked 
|  14|0x0000000080e00000, 0x0000000080f00000, 0x0000000080f00000|100%|HS|  |TAMS 0x0000000080e00000, 0x0000000080e00000| Complete 
|  15|0x0000000080f00000, 0x0000000081000000, 0x0000000081000000|100%|HS|  |TAMS 0x0000000080f00000, 0x0000000080f00000| Complete 
|  16|0x0000000081000000, 0x0000000081100000, 0x0000000081100000|100%|HC|  |TAMS 0x0000000081000000, 0x0000000081000000| Complete 
|  17|0x0000000081100000, 0x0000000081100000, 0x0000000081200000|  0%| F|  |TAMS 0x0000000081100000, 0x0000000081100000| Untracked 
|  18|0x0000000081200000, 0x0000000081200000, 0x0000000081300000|  0%| F|  |TAMS 0x0000000081200000, 0x0000000081200000| Untracked 
|  19|0x0000000081300000, 0x0000000081300000, 0x0000000081400000|  0%| F|  |TAMS 0x0000000081300000, 0x0000000081300000| Untracked 
|  20|0x0000000081400000, 0x0000000081400000, 0x0000000081500000|  0%| F|  |TAMS 0x0000000081400000, 0x0000000081400000| Untracked 
|  21|0x0000000081500000, 0x0000000081500000, 0x0000000081600000|  0%| F|  |TAMS 0x0000000081500000, 0x0000000081500000| Untracked 
|  22|0x0000000081600000, 0x0000000081600000, 0x0000000081700000|  0%| F|  |TAMS 0x0000000081600000, 0x0000000081600000| Untracked 
|  23|0x0000000081700000, 0x0000000081700000, 0x0000000081800000|  0%| F|  |TAMS 0x0000000081700000, 0x0000000081700000| Untracked 
|  24|0x0000000081800000, 0x0000000081800000, 0x0000000081900000|  0%| F|  |TAMS 0x0000000081800000, 0x0000000081800000| Untracked 
|  25|0x0000000081900000, 0x0000000081900000, 0x0000000081a00000|  0%| F|  |TAMS 0x0000000081900000, 0x0000000081900000| Untracked 
|  26|0x0000000081a00000, 0x0000000081a00000, 0x0000000081b00000|  0%| F|  |TAMS 0x0000000081a00000, 0x0000000081a00000| Untracked 
|  27|0x0000000081b00000, 0x0000000081b00000, 0x0000000081c00000|  0%| F|  |TAMS 0x0000000081b00000, 0x0000000081b00000| Untracked 
|  28|0x0000000081c00000, 0x0000000081c00000, 0x0000000081d00000|  0%| F|  |TAMS 0x0000000081c00000, 0x0000000081c00000| Untracked 
|  29|0x0000000081d00000, 0x0000000081d00000, 0x0000000081e00000|  0%| F|  |TAMS 0x0000000081d00000, 0x0000000081d00000| Untracked 
|  30|0x0000000081e00000, 0x0000000081e00000, 0x0000000081f00000|  0%| F|  |TAMS 0x0000000081e00000, 0x0000000081e00000| Untracked 
|  31|0x0000000081f00000, 0x0000000081f00000, 0x0000000082000000|  0%| F|  |TAMS 0x0000000081f00000, 0x0000000081f00000| Untracked 
|  32|0x0000000082000000, 0x0000000082000000, 0x0000000082100000|  0%| F|  |TAMS 0x0000000082000000, 0x0000000082000000| Untracked 
|  33|0x0000000082100000, 0x0000000082100000, 0x0000000082200000|  0%| F|  |TAMS 0x0000000082100000, 0x0000000082100000| Untracked 
|  34|0x0000000082200000, 0x0000000082200000, 0x0000000082300000|  0%| F|  |TAMS 0x0000000082200000, 0x0000000082200000| Untracked 
|  35|0x0000000082300000, 0x0000000082300000, 0x0000000082400000|  0%| F|  |TAMS 0x0000000082300000, 0x0000000082300000| Untracked 
|  36|0x0000000082400000, 0x0000000082400000, 0x0000000082500000|  0%| F|  |TAMS 0x0000000082400000, 0x0000000082400000| Untracked 
|  37|0x0000000082500000, 0x0000000082500000, 0x0000000082600000|  0%| F|  |TAMS 0x0000000082500000, 0x0000000082500000| Untracked 
|  38|0x0000000082600000, 0x0000000082600000, 0x0000000082700000|  0%| F|  |TAMS 0x0000000082600000, 0x0000000082600000| Untracked 
|  39|0x0000000082700000, 0x0000000082700000, 0x0000000082800000|  0%| F|  |TAMS 0x0000000082700000, 0x0000000082700000| Untracked 
|  40|0x0000000082800000, 0x0000000082800000, 0x0000000082900000|  0%| F|  |TAMS 0x0000000082800000, 0x0000000082800000| Untracked 
|  41|0x0000000082900000, 0x0000000082900000, 0x0000000082a00000|  0%| F|  |TAMS 0x0000000082900000, 0x0000000082900000| Untracked 
|  42|0x0000000082a00000, 0x0000000082a00000, 0x0000000082b00000|  0%| F|  |TAMS 0x0000000082a00000, 0x0000000082a00000| Untracked 
|  43|0x0000000082b00000, 0x0000000082b00000, 0x0000000082c00000|  0%| F|  |TAMS 0x0000000082b00000, 0x0000000082b00000| Untracked 
|  44|0x0000000082c00000, 0x0000000082c00000, 0x0000000082d00000|  0%| F|  |TAMS 0x0000000082c00000, 0x0000000082c00000| Untracked 
|  45|0x0000000082d00000, 0x0000000082d00000, 0x0000000082e00000|  0%| F|  |TAMS 0x0000000082d00000, 0x0000000082d00000| Untracked 
|  46|0x0000000082e00000, 0x0000000082e00000, 0x0000000082f00000|  0%| F|  |TAMS 0x0000000082e00000, 0x0000000082e00000| Untracked 
|  47|0x0000000082f00000, 0x0000000082f00000, 0x0000000083000000|  0%| F|  |TAMS 0x0000000082f00000, 0x0000000082f00000| Untracked 
|  48|0x0000000083000000, 0x0000000083000000, 0x0000000083100000|  0%| F|  |TAMS 0x0000000083000000, 0x0000000083000000| Untracked 
|  49|0x0000000083100000, 0x0000000083100000, 0x0000000083200000|  0%| F|  |TAMS 0x0000000083100000, 0x0000000083100000| Untracked 
|  50|0x0000000083200000, 0x0000000083200000, 0x0000000083300000|  0%| F|  |TAMS 0x0000000083200000, 0x0000000083200000| Untracked 
|  51|0x0000000083300000, 0x0000000083300000, 0x0000000083400000|  0%| F|  |TAMS 0x0000000083300000, 0x0000000083300000| Untracked 
|  52|0x0000000083400000, 0x0000000083400000, 0x0000000083500000|  0%| F|  |TAMS 0x0000000083400000, 0x0000000083400000| Untracked 
|  53|0x0000000083500000, 0x0000000083500000, 0x0000000083600000|  0%| F|  |TAMS 0x0000000083500000, 0x0000000083500000| Untracked 
|  54|0x0000000083600000, 0x0000000083600000, 0x0000000083700000|  0%| F|  |TAMS 0x0000000083600000, 0x0000000083600000| Untracked 
|  55|0x0000000083700000, 0x0000000083700000, 0x0000000083800000|  0%| F|  |TAMS 0x0000000083700000, 0x0000000083700000| Untracked 
|  56|0x0000000083800000, 0x0000000083800000, 0x0000000083900000|  0%| F|  |TAMS 0x0000000083800000, 0x0000000083800000| Untracked 
|  57|0x0000000083900000, 0x0000000083900000, 0x0000000083a00000|  0%| F|  |TAMS 0x0000000083900000, 0x0000000083900000| Untracked 
|  58|0x0000000083a00000, 0x0000000083a00000, 0x0000000083b00000|  0%| F|  |TAMS 0x0000000083a00000, 0x0000000083a00000| Untracked 
|  59|0x0000000083b00000, 0x0000000083b00000, 0x0000000083c00000|  0%| F|  |TAMS 0x0000000083b00000, 0x0000000083b00000| Untracked 
|  60|0x0000000083c00000, 0x0000000083c00000, 0x0000000083d00000|  0%| F|  |TAMS 0x0000000083c00000, 0x0000000083c00000| Untracked 
|  61|0x0000000083d00000, 0x0000000083d00000, 0x0000000083e00000|  0%| F|  |TAMS 0x0000000083d00000, 0x0000000083d00000| Untracked 
|  62|0x0000000083e00000, 0x0000000083e00000, 0x0000000083f00000|  0%| F|  |TAMS 0x0000000083e00000, 0x0000000083e00000| Untracked 
|  63|0x0000000083f00000, 0x0000000083f00000, 0x0000000084000000|  0%| F|  |TAMS 0x0000000083f00000, 0x0000000083f00000| Untracked 
|  64|0x0000000084000000, 0x0000000084000000, 0x0000000084100000|  0%| F|  |TAMS 0x0000000084000000, 0x0000000084000000| Untracked 
|  65|0x0000000084100000, 0x0000000084100000, 0x0000000084200000|  0%| F|  |TAMS 0x0000000084100000, 0x0000000084100000| Untracked 
|  66|0x0000000084200000, 0x0000000084200000, 0x0000000084300000|  0%| F|  |TAMS 0x0000000084200000, 0x0000000084200000| Untracked 
|  67|0x0000000084300000, 0x0000000084300000, 0x0000000084400000|  0%| F|  |TAMS 0x0000000084300000, 0x0000000084300000| Untracked 
|  68|0x0000000084400000, 0x0000000084400000, 0x0000000084500000|  0%| F|  |TAMS 0x0000000084400000, 0x0000000084400000| Untracked 
|  69|0x0000000084500000, 0x0000000084500000, 0x0000000084600000|  0%| F|  |TAMS 0x0000000084500000, 0x0000000084500000| Untracked 
|  70|0x0000000084600000, 0x0000000084600000, 0x0000000084700000|  0%| F|  |TAMS 0x0000000084600000, 0x0000000084600000| Untracked 
|  71|0x0000000084700000, 0x0000000084700000, 0x0000000084800000|  0%| F|  |TAMS 0x0000000084700000, 0x0000000084700000| Untracked 
|  72|0x0000000084800000, 0x0000000084800000, 0x0000000084900000|  0%| F|  |TAMS 0x0000000084800000, 0x0000000084800000| Untracked 
|  73|0x0000000084900000, 0x0000000084900000, 0x0000000084a00000|  0%| F|  |TAMS 0x0000000084900000, 0x0000000084900000| Untracked 
|  74|0x0000000084a00000, 0x0000000084a00000, 0x0000000084b00000|  0%| F|  |TAMS 0x0000000084a00000, 0x0000000084a00000| Untracked 
|  75|0x0000000084b00000, 0x0000000084b00000, 0x0000000084c00000|  0%| F|  |TAMS 0x0000000084b00000, 0x0000000084b00000| Untracked 
|  76|0x0000000084c00000, 0x0000000084c00000, 0x0000000084d00000|  0%| F|  |TAMS 0x0000000084c00000, 0x0000000084c00000| Untracked 
|  77|0x0000000084d00000, 0x0000000084d00000, 0x0000000084e00000|  0%| F|  |TAMS 0x0000000084d00000, 0x0000000084d00000| Untracked 
|  78|0x0000000084e00000, 0x0000000084e00000, 0x0000000084f00000|  0%| F|  |TAMS 0x0000000084e00000, 0x0000000084e00000| Untracked 
|  79|0x0000000084f00000, 0x0000000084f00000, 0x0000000085000000|  0%| F|  |TAMS 0x0000000084f00000, 0x0000000084f00000| Untracked 
|  80|0x0000000085000000, 0x0000000085000000, 0x0000000085100000|  0%| F|  |TAMS 0x0000000085000000, 0x0000000085000000| Untracked 
|  81|0x0000000085100000, 0x0000000085100000, 0x0000000085200000|  0%| F|  |TAMS 0x0000000085100000, 0x0000000085100000| Untracked 
|  82|0x0000000085200000, 0x0000000085200000, 0x0000000085300000|  0%| F|  |TAMS 0x0000000085200000, 0x0000000085200000| Untracked 
|  83|0x0000000085300000, 0x0000000085300000, 0x0000000085400000|  0%| F|  |TAMS 0x0000000085300000, 0x0000000085300000| Untracked 
|  84|0x0000000085400000, 0x0000000085400000, 0x0000000085500000|  0%| F|  |TAMS 0x0000000085400000, 0x0000000085400000| Untracked 
|  85|0x0000000085500000, 0x0000000085500000, 0x0000000085600000|  0%| F|  |TAMS 0x0000000085500000, 0x0000000085500000| Untracked 
|  86|0x0000000085600000, 0x0000000085600000, 0x0000000085700000|  0%| F|  |TAMS 0x0000000085600000, 0x0000000085600000| Untracked 
|  87|0x0000000085700000, 0x0000000085700000, 0x0000000085800000|  0%| F|  |TAMS 0x0000000085700000, 0x0000000085700000| Untracked 
|  88|0x0000000085800000, 0x0000000085800000, 0x0000000085900000|  0%| F|  |TAMS 0x0000000085800000, 0x0000000085800000| Untracked 
|  89|0x0000000085900000, 0x0000000085900000, 0x0000000085a00000|  0%| F|  |TAMS 0x0000000085900000, 0x0000000085900000| Untracked 
|  90|0x0000000085a00000, 0x0000000085a00000, 0x0000000085b00000|  0%| F|  |TAMS 0x0000000085a00000, 0x0000000085a00000| Untracked 
|  91|0x0000000085b00000, 0x0000000085b00000, 0x0000000085c00000|  0%| F|  |TAMS 0x0000000085b00000, 0x0000000085b00000| Untracked 
|  92|0x0000000085c00000, 0x0000000085c00000, 0x0000000085d00000|  0%| F|  |TAMS 0x0000000085c00000, 0x0000000085c00000| Untracked 
|  93|0x0000000085d00000, 0x0000000085d00000, 0x0000000085e00000|  0%| F|  |TAMS 0x0000000085d00000, 0x0000000085d00000| Untracked 
|  94|0x0000000085e00000, 0x0000000085e00000, 0x0000000085f00000|  0%| F|  |TAMS 0x0000000085e00000, 0x0000000085e00000| Untracked 
|  95|0x0000000085f00000, 0x0000000085f00000, 0x0000000086000000|  0%| F|  |TAMS 0x0000000085f00000, 0x0000000085f00000| Untracked 
|  96|0x0000000086000000, 0x0000000086000000, 0x0000000086100000|  0%| F|  |TAMS 0x0000000086000000, 0x0000000086000000| Untracked 
|  97|0x0000000086100000, 0x0000000086100000, 0x0000000086200000|  0%| F|  |TAMS 0x0000000086100000, 0x0000000086100000| Untracked 
|  98|0x0000000086200000, 0x0000000086200000, 0x0000000086300000|  0%| F|  |TAMS 0x0000000086200000, 0x0000000086200000| Untracked 
|  99|0x0000000086300000, 0x0000000086300000, 0x0000000086400000|  0%| F|  |TAMS 0x0000000086300000, 0x0000000086300000| Untracked 
| 100|0x0000000086400000, 0x0000000086400000, 0x0000000086500000|  0%| F|  |TAMS 0x0000000086400000, 0x0000000086400000| Untracked 
| 101|0x0000000086500000, 0x0000000086500000, 0x0000000086600000|  0%| F|  |TAMS 0x0000000086500000, 0x0000000086500000| Untracked 
| 102|0x0000000086600000, 0x0000000086600000, 0x0000000086700000|  0%| F|  |TAMS 0x0000000086600000, 0x0000000086600000| Untracked 
| 103|0x0000000086700000, 0x0000000086700000, 0x0000000086800000|  0%| F|  |TAMS 0x0000000086700000, 0x0000000086700000| Untracked 
| 104|0x0000000086800000, 0x0000000086800000, 0x0000000086900000|  0%| F|  |TAMS 0x0000000086800000, 0x0000000086800000| Untracked 
| 105|0x0000000086900000, 0x0000000086900000, 0x0000000086a00000|  0%| F|  |TAMS 0x0000000086900000, 0x0000000086900000| Untracked 
| 106|0x0000000086a00000, 0x0000000086a00000, 0x0000000086b00000|  0%| F|  |TAMS 0x0000000086a00000, 0x0000000086a00000| Untracked 
| 107|0x0000000086b00000, 0x0000000086b00000, 0x0000000086c00000|  0%| F|  |TAMS 0x0000000086b00000, 0x0000000086b00000| Untracked 
| 108|0x0000000086c00000, 0x0000000086c00000, 0x0000000086d00000|  0%| F|  |TAMS 0x0000000086c00000, 0x0000000086c00000| Untracked 
| 109|0x0000000086d00000, 0x0000000086d00000, 0x0000000086e00000|  0%| F|  |TAMS 0x0000000086d00000, 0x0000000086d00000| Untracked 
| 110|0x0000000086e00000, 0x0000000086e00000, 0x0000000086f00000|  0%| F|  |TAMS 0x0000000086e00000, 0x0000000086e00000| Untracked 
| 111|0x0000000086f00000, 0x0000000086f00000, 0x0000000087000000|  0%| F|  |TAMS 0x0000000086f00000, 0x0000000086f00000| Untracked 
| 112|0x0000000087000000, 0x0000000087000000, 0x0000000087100000|  0%| F|  |TAMS 0x0000000087000000, 0x0000000087000000| Untracked 
| 113|0x0000000087100000, 0x0000000087100000, 0x0000000087200000|  0%| F|  |TAMS 0x0000000087100000, 0x0000000087100000| Untracked 
| 114|0x0000000087200000, 0x0000000087200000, 0x0000000087300000|  0%| F|  |TAMS 0x0000000087200000, 0x0000000087200000| Untracked 
| 115|0x0000000087300000, 0x0000000087300000, 0x0000000087400000|  0%| F|  |TAMS 0x0000000087300000, 0x0000000087300000| Untracked 
| 116|0x0000000087400000, 0x0000000087400000, 0x0000000087500000|  0%| F|  |TAMS 0x0000000087400000, 0x0000000087400000| Untracked 
| 117|0x0000000087500000, 0x0000000087500000, 0x0000000087600000|  0%| F|  |TAMS 0x0000000087500000, 0x0000000087500000| Untracked 
| 118|0x0000000087600000, 0x0000000087600000, 0x0000000087700000|  0%| F|  |TAMS 0x0000000087600000, 0x0000000087600000| Untracked 
| 119|0x0000000087700000, 0x0000000087700000, 0x0000000087800000|  0%| F|  |TAMS 0x0000000087700000, 0x0000000087700000| Untracked 
| 120|0x0000000087800000, 0x0000000087800000, 0x0000000087900000|  0%| F|  |TAMS 0x0000000087800000, 0x0000000087800000| Untracked 
| 121|0x0000000087900000, 0x0000000087900000, 0x0000000087a00000|  0%| F|  |TAMS 0x0000000087900000, 0x0000000087900000| Untracked 
| 122|0x0000000087a00000, 0x0000000087a00000, 0x0000000087b00000|  0%| F|  |TAMS 0x0000000087a00000, 0x0000000087a00000| Untracked 
| 123|0x0000000087b00000, 0x0000000087b00000, 0x0000000087c00000|  0%| F|  |TAMS 0x0000000087b00000, 0x0000000087b00000| Untracked 
| 124|0x0000000087c00000, 0x0000000087c00000, 0x0000000087d00000|  0%| F|  |TAMS 0x0000000087c00000, 0x0000000087c00000| Untracked 
| 125|0x0000000087d00000, 0x0000000087d00000, 0x0000000087e00000|  0%| F|  |TAMS 0x0000000087d00000, 0x0000000087d00000| Untracked 
| 126|0x0000000087e00000, 0x0000000087e00000, 0x0000000087f00000|  0%| F|  |TAMS 0x0000000087e00000, 0x0000000087e00000| Untracked 
| 127|0x0000000087f00000, 0x0000000087f00000, 0x0000000088000000|  0%| F|  |TAMS 0x0000000087f00000, 0x0000000087f00000| Untracked 
| 128|0x0000000088000000, 0x0000000088000000, 0x0000000088100000|  0%| F|  |TAMS 0x0000000088000000, 0x0000000088000000| Untracked 
| 129|0x0000000088100000, 0x0000000088100000, 0x0000000088200000|  0%| F|  |TAMS 0x0000000088100000, 0x0000000088100000| Untracked 
| 130|0x0000000088200000, 0x0000000088280800, 0x0000000088300000| 50%| E|  |TAMS 0x0000000088200000, 0x0000000088200000| Complete 
| 131|0x0000000088300000, 0x0000000088400000, 0x0000000088400000|100%| E|CS|TAMS 0x0000000088300000, 0x0000000088300000| Complete 
| 132|0x0000000088400000, 0x0000000088500000, 0x0000000088500000|100%| E|CS|TAMS 0x0000000088400000, 0x0000000088400000| Complete 
| 133|0x0000000088500000, 0x0000000088600000, 0x0000000088600000|100%| E|CS|TAMS 0x0000000088500000, 0x0000000088500000| Complete 
| 134|0x0000000088600000, 0x0000000088700000, 0x0000000088700000|100%| E|CS|TAMS 0x0000000088600000, 0x0000000088600000| Complete 
| 135|0x0000000088700000, 0x0000000088800000, 0x0000000088800000|100%| E|CS|TAMS 0x0000000088700000, 0x0000000088700000| Complete 
| 136|0x0000000088800000, 0x0000000088900000, 0x0000000088900000|100%| E|CS|TAMS 0x0000000088800000, 0x0000000088800000| Complete 
| 137|0x0000000088900000, 0x0000000088a00000, 0x0000000088a00000|100%| E|CS|TAMS 0x0000000088900000, 0x0000000088900000| Complete 
| 138|0x0000000088a00000, 0x0000000088b00000, 0x0000000088b00000|100%| E|CS|TAMS 0x0000000088a00000, 0x0000000088a00000| Complete 
| 139|0x0000000088b00000, 0x0000000088c00000, 0x0000000088c00000|100%| E|CS|TAMS 0x0000000088b00000, 0x0000000088b00000| Complete 
| 140|0x0000000088c00000, 0x0000000088d00000, 0x0000000088d00000|100%| E|CS|TAMS 0x0000000088c00000, 0x0000000088c00000| Complete 
| 141|0x0000000088d00000, 0x0000000088e00000, 0x0000000088e00000|100%| E|CS|TAMS 0x0000000088d00000, 0x0000000088d00000| Complete 
| 142|0x0000000088e00000, 0x0000000088f00000, 0x0000000088f00000|100%| E|  |TAMS 0x0000000088e00000, 0x0000000088e00000| Complete 
| 143|0x0000000088f00000, 0x0000000088f78c00, 0x0000000089000000| 47%| S|CS|TAMS 0x0000000088f00000, 0x0000000088f00000| Complete 
| 144|0x0000000089000000, 0x0000000089100000, 0x0000000089100000|100%| S|CS|TAMS 0x0000000089000000, 0x0000000089000000| Complete 
| 145|0x0000000089100000, 0x0000000089200000, 0x0000000089200000|100%| S|CS|TAMS 0x0000000089100000, 0x0000000089100000| Complete 
| 146|0x0000000089200000, 0x0000000089300000, 0x0000000089300000|100%| S|CS|TAMS 0x0000000089200000, 0x0000000089200000| Complete 
| 147|0x0000000089300000, 0x0000000089400000, 0x0000000089400000|100%| S|CS|TAMS 0x0000000089300000, 0x0000000089300000| Complete 
| 148|0x0000000089400000, 0x0000000089500000, 0x0000000089500000|100%| S|CS|TAMS 0x0000000089400000, 0x0000000089400000| Complete 
| 149|0x0000000089500000, 0x0000000089600000, 0x0000000089600000|100%| S|CS|TAMS 0x0000000089500000, 0x0000000089500000| Complete 
| 150|0x0000000089600000, 0x0000000089700000, 0x0000000089700000|100%| S|CS|TAMS 0x0000000089600000, 0x0000000089600000| Complete 
| 151|0x0000000089700000, 0x0000000089800000, 0x0000000089800000|100%| S|CS|TAMS 0x0000000089700000, 0x0000000089700000| Complete 
| 152|0x0000000089800000, 0x0000000089900000, 0x0000000089900000|100%| E|CS|TAMS 0x0000000089800000, 0x0000000089800000| Complete 
| 153|0x0000000089900000, 0x0000000089a00000, 0x0000000089a00000|100%| E|CS|TAMS 0x0000000089900000, 0x0000000089900000| Complete 
| 154|0x0000000089a00000, 0x0000000089b00000, 0x0000000089b00000|100%| E|CS|TAMS 0x0000000089a00000, 0x0000000089a00000| Complete 
| 155|0x0000000089b00000, 0x0000000089c00000, 0x0000000089c00000|100%| E|CS|TAMS 0x0000000089b00000, 0x0000000089b00000| Complete 
| 156|0x0000000089c00000, 0x0000000089d00000, 0x0000000089d00000|100%| E|CS|TAMS 0x0000000089c00000, 0x0000000089c00000| Complete 
| 157|0x0000000089d00000, 0x0000000089e00000, 0x0000000089e00000|100%| E|CS|TAMS 0x0000000089d00000, 0x0000000089d00000| Complete 
| 158|0x0000000089e00000, 0x0000000089f00000, 0x0000000089f00000|100%| E|CS|TAMS 0x0000000089e00000, 0x0000000089e00000| Complete 
| 159|0x0000000089f00000, 0x000000008a000000, 0x000000008a000000|100%| E|CS|TAMS 0x0000000089f00000, 0x0000000089f00000| Complete 
| 160|0x000000008a000000, 0x000000008a100000, 0x000000008a100000|100%| E|CS|TAMS 0x000000008a000000, 0x000000008a000000| Complete 
| 161|0x000000008a100000, 0x000000008a200000, 0x000000008a200000|100%| E|CS|TAMS 0x000000008a100000, 0x000000008a100000| Complete 
| 162|0x000000008a200000, 0x000000008a300000, 0x000000008a300000|100%| E|CS|TAMS 0x000000008a200000, 0x000000008a200000| Complete 
| 163|0x000000008a300000, 0x000000008a400000, 0x000000008a400000|100%| E|CS|TAMS 0x000000008a300000, 0x000000008a300000| Complete 
| 164|0x000000008a400000, 0x000000008a500000, 0x000000008a500000|100%| E|CS|TAMS 0x000000008a400000, 0x000000008a400000| Complete 
| 165|0x000000008a500000, 0x000000008a600000, 0x000000008a600000|100%| E|CS|TAMS 0x000000008a500000, 0x000000008a500000| Complete 
| 166|0x000000008a600000, 0x000000008a700000, 0x000000008a700000|100%| E|CS|TAMS 0x000000008a600000, 0x000000008a600000| Complete 
| 167|0x000000008a700000, 0x000000008a800000, 0x000000008a800000|100%| E|CS|TAMS 0x000000008a700000, 0x000000008a700000| Complete 
| 168|0x000000008a800000, 0x000000008a900000, 0x000000008a900000|100%| E|CS|TAMS 0x000000008a800000, 0x000000008a800000| Complete 
| 169|0x000000008a900000, 0x000000008aa00000, 0x000000008aa00000|100%| E|CS|TAMS 0x000000008a900000, 0x000000008a900000| Complete 
| 170|0x000000008aa00000, 0x000000008ab00000, 0x000000008ab00000|100%| E|CS|TAMS 0x000000008aa00000, 0x000000008aa00000| Complete 
| 171|0x000000008ab00000, 0x000000008ac00000, 0x000000008ac00000|100%| E|CS|TAMS 0x000000008ab00000, 0x000000008ab00000| Complete 
| 172|0x000000008ac00000, 0x000000008ad00000, 0x000000008ad00000|100%| E|CS|TAMS 0x000000008ac00000, 0x000000008ac00000| Complete 
| 173|0x000000008ad00000, 0x000000008ae00000, 0x000000008ae00000|100%| E|CS|TAMS 0x000000008ad00000, 0x000000008ad00000| Complete 
| 174|0x000000008ae00000, 0x000000008af00000, 0x000000008af00000|100%| E|CS|TAMS 0x000000008ae00000, 0x000000008ae00000| Complete 
| 175|0x000000008af00000, 0x000000008b000000, 0x000000008b000000|100%| E|CS|TAMS 0x000000008af00000, 0x000000008af00000| Complete 
| 176|0x000000008b000000, 0x000000008b100000, 0x000000008b100000|100%| E|CS|TAMS 0x000000008b000000, 0x000000008b000000| Complete 
| 177|0x000000008b100000, 0x000000008b200000, 0x000000008b200000|100%| E|CS|TAMS 0x000000008b100000, 0x000000008b100000| Complete 
| 178|0x000000008b200000, 0x000000008b300000, 0x000000008b300000|100%| E|CS|TAMS 0x000000008b200000, 0x000000008b200000| Complete 
| 179|0x000000008b300000, 0x000000008b400000, 0x000000008b400000|100%| E|CS|TAMS 0x000000008b300000, 0x000000008b300000| Complete 
| 180|0x000000008b400000, 0x000000008b500000, 0x000000008b500000|100%| E|CS|TAMS 0x000000008b400000, 0x000000008b400000| Complete 
| 181|0x000000008b500000, 0x000000008b600000, 0x000000008b600000|100%| E|CS|TAMS 0x000000008b500000, 0x000000008b500000| Complete 
| 182|0x000000008b600000, 0x000000008b700000, 0x000000008b700000|100%| E|CS|TAMS 0x000000008b600000, 0x000000008b600000| Complete 
| 183|0x000000008b700000, 0x000000008b800000, 0x000000008b800000|100%| E|CS|TAMS 0x000000008b700000, 0x000000008b700000| Complete 
| 184|0x000000008b800000, 0x000000008b900000, 0x000000008b900000|100%| E|CS|TAMS 0x000000008b800000, 0x000000008b800000| Complete 
| 185|0x000000008b900000, 0x000000008ba00000, 0x000000008ba00000|100%| E|CS|TAMS 0x000000008b900000, 0x000000008b900000| Complete 
| 186|0x000000008ba00000, 0x000000008bb00000, 0x000000008bb00000|100%| E|CS|TAMS 0x000000008ba00000, 0x000000008ba00000| Complete 
| 187|0x000000008bb00000, 0x000000008bc00000, 0x000000008bc00000|100%| E|CS|TAMS 0x000000008bb00000, 0x000000008bb00000| Complete 
| 188|0x000000008bc00000, 0x000000008bd00000, 0x000000008bd00000|100%| E|CS|TAMS 0x000000008bc00000, 0x000000008bc00000| Complete 
| 189|0x000000008bd00000, 0x000000008be00000, 0x000000008be00000|100%| E|CS|TAMS 0x000000008bd00000, 0x000000008bd00000| Complete 
| 190|0x000000008be00000, 0x000000008bf00000, 0x000000008bf00000|100%| E|CS|TAMS 0x000000008be00000, 0x000000008be00000| Complete 
| 191|0x000000008bf00000, 0x000000008c000000, 0x000000008c000000|100%| E|CS|TAMS 0x000000008bf00000, 0x000000008bf00000| Complete 

Card table byte_map: [0x00000155f9d80000,0x00000155fa180000] _byte_map_base: 0x00000155f9980000

Marking Bits (Prev, Next): (CMBitMap*) 0x00000155f587d998, (CMBitMap*) 0x00000155f587d9d0
 Prev Bits: [0x00000155fa580000, 0x00000155fc580000)
 Next Bits: [0x00000155fc580000, 0x00000155fe580000)

Polling page: 0x00000155f3fa0000

Metaspace:

Usage:
  Non-class:     34.24 MB capacity,    33.62 MB ( 98%) used,   542.08 KB (  2%) free+waste,    91.06 KB ( <1%) overhead. 
      Class:      5.23 MB capacity,     4.90 MB ( 94%) used,   288.89 KB (  5%) free+waste,    43.56 KB ( <1%) overhead. 
       Both:     39.47 MB capacity,    38.53 MB ( 98%) used,   830.97 KB (  2%) free+waste,   134.63 KB ( <1%) overhead. 

Virtual space:
  Non-class space:       36.00 MB reserved,      34.42 MB ( 96%) committed 
      Class space:        1.00 GB reserved,       5.32 MB ( <1%) committed 
             Both:        1.04 GB reserved,      39.75 MB (  4%) committed 

Chunk freelists:
   Non-Class:  57.00 KB
       Class:  22.00 KB
        Both:  79.00 KB

MaxMetaspaceSize: 17179869184.00 GB
CompressedClassSpaceSize: 1.00 GB
Initial GC threshold: 20.80 MB
Current GC threshold: 58.66 MB
CDS: off

CodeHeap 'non-profiled nmethods': size=120064Kb used=2132Kb max_used=2132Kb free=117931Kb
 bounds [0x0000015587ac0000, 0x0000015587d30000, 0x000001558f000000]
CodeHeap 'profiled nmethods': size=120000Kb used=7387Kb max_used=7387Kb free=112612Kb
 bounds [0x0000015580590000, 0x0000015580cd0000, 0x0000015587ac0000]
CodeHeap 'non-nmethods': size=5696Kb used=2274Kb max_used=2311Kb free=3421Kb
 bounds [0x0000015580000000, 0x0000015580270000, 0x0000015580590000]
 total_blobs=4275 nmethods=3513 adapters=674
 compilation: enabled
              stopped_count=0, restarted_count=0
 full_count=0

Compilation events (20 events):
Event: 12.563 Thread 0x00000155ff416800 nmethod 3506 0x0000015580cc1210 code [0x0000015580cc14a0, 0x0000015580cc20f8]
Event: 12.571 Thread 0x00000155ff3ce000 3507       4       java.util.StringJoiner::<init> (56 bytes)
Event: 12.577 Thread 0x0000015593ed2000 nmethod 3500 0x0000015587cced90 code [0x0000015587ccf080, 0x0000015587cd1a50]
Event: 12.577 Thread 0x00000155ff3ce000 nmethod 3507 0x0000015587cd2c90 code [0x0000015587cd2e40, 0x0000015587cd3218]
Event: 12.580 Thread 0x00000155ff3ce000 3508       4       jdk.internal.reflect.ByteVectorImpl::add (38 bytes)
Event: 12.580 Thread 0x0000015593ed2000 3509       4       jdk.internal.reflect.ClassFileAssembler::emitByte (11 bytes)
Event: 12.582 Thread 0x00000155ff3ce000 nmethod 3508 0x0000015587cd3410 code [0x0000015587cd35c0, 0x0000015587cd36a8]
Event: 12.582 Thread 0x0000015593ed2000 nmethod 3509 0x0000015587cd3790 code [0x0000015587cd3940, 0x0000015587cd3a68]
Event: 12.586 Thread 0x00000155ff416800 3510       3       java.lang.Class::getPackageName (81 bytes)
Event: 12.587 Thread 0x00000155ff416800 nmethod 3510 0x0000015580cc2590 code [0x0000015580cc2820, 0x0000015580cc3148]
Event: 12.587 Thread 0x00000155ff416800 3511       1       java.util.stream.Node::getChildCount (2 bytes)
Event: 12.587 Thread 0x00000155ff416800 nmethod 3511 0x0000015587cd3c10 code [0x0000015587cd3dc0, 0x0000015587cd3e78]
Event: 12.587 Thread 0x00000155ff416800 3512       3       java.lang.WeakPairMap$Pair$Weak::first (5 bytes)
Event: 12.588 Thread 0x00000155ff416800 nmethod 3512 0x0000015580cc3490 code [0x0000015580cc3640, 0x0000015580cc37f8]
Event: 12.593 Thread 0x00000155ff416800 3513       3       org.codehaus.groovy.reflection.CachedClass::isAssignableFrom (21 bytes)
Event: 12.594 Thread 0x00000155ff416800 nmethod 3513 0x0000015580cc3890 code [0x0000015580cc3a60, 0x0000015580cc3ce8]
Event: 12.594 Thread 0x00000155ff3ce000 3514       4       groovy.lang.MetaMethod::isPrivate (15 bytes)
Event: 12.594 Thread 0x00000155ff3ce000 nmethod 3514 0x0000015587cd3f10 code [0x0000015587cd40a0, 0x0000015587cd4138]
Event: 12.595 Thread 0x0000015593ed2000 3515       4       org.codehaus.groovy.runtime.metaclass.MetaMethodIndex::addMethodToList (131 bytes)
Event: 12.606 Thread 0x00000155ff3ce000 3516       4       java.lang.Class::copyMethods (36 bytes)

GC Heap History (14 events):
Event: 0.654 GC heap before
{Heap before GC invocations=0 (full 0):
 garbage-first heap   total 196608K, used 19456K [0x0000000080000000, 0x0000000100000000)
  region size 1024K, 14 young (14336K), 0 survivors (0K)
 Metaspace       used 6763K, capacity 6937K, committed 7168K, reserved 1056768K
  class space    used 584K, capacity 650K, committed 768K, reserved 1048576K
}
Event: 0.659 GC heap after
{Heap after GC invocations=1 (full 0):
 garbage-first heap   total 196608K, used 8140K [0x0000000080000000, 0x0000000100000000)
  region size 1024K, 2 young (2048K), 2 survivors (2048K)
 Metaspace       used 6763K, capacity 6937K, committed 7168K, reserved 1056768K
  class space    used 584K, capacity 650K, committed 768K, reserved 1048576K
}
Event: 1.097 GC heap before
{Heap before GC invocations=1 (full 0):
 garbage-first heap   total 196608K, used 19404K [0x0000000080000000, 0x0000000100000000)
  region size 1024K, 13 young (13312K), 2 survivors (2048K)
 Metaspace       used 10268K, capacity 10565K, committed 10624K, reserved 1058816K
  class space    used 1072K, capacity 1139K, committed 1152K, reserved 1048576K
}
Event: 1.101 GC heap after
{Heap after GC invocations=2 (full 0):
 garbage-first heap   total 196608K, used 9432K [0x0000000080000000, 0x0000000100000000)
  region size 1024K, 2 young (2048K), 2 survivors (2048K)
 Metaspace       used 10268K, capacity 10565K, committed 10624K, reserved 1058816K
  class space    used 1072K, capacity 1139K, committed 1152K, reserved 1048576K
}
Event: 1.921 GC heap before
{Heap before GC invocations=2 (full 0):
 garbage-first heap   total 196608K, used 52440K [0x0000000080000000, 0x0000000100000000)
  region size 1024K, 44 young (45056K), 2 survivors (2048K)
 Metaspace       used 11375K, capacity 11704K, committed 11904K, reserved 1060864K
  class space    used 1200K, capacity 1284K, committed 1408K, reserved 1048576K
}
Event: 1.926 GC heap after
{Heap after GC invocations=3 (full 0):
 garbage-first heap   total 196608K, used 13757K [0x0000000080000000, 0x0000000100000000)
  region size 1024K, 6 young (6144K), 6 survivors (6144K)
 Metaspace       used 11375K, capacity 11704K, committed 11904K, reserved 1060864K
  class space    used 1200K, capacity 1284K, committed 1408K, reserved 1048576K
}
Event: 4.196 GC heap before
{Heap before GC invocations=3 (full 0):
 garbage-first heap   total 196608K, used 68029K [0x0000000080000000, 0x0000000100000000)
  region size 1024K, 59 young (60416K), 6 survivors (6144K)
 Metaspace       used 20168K, capacity 20628K, committed 20864K, reserved 1067008K
  class space    used 2488K, capacity 2645K, committed 2688K, reserved 1048576K
}
Event: 4.208 GC heap after
{Heap after GC invocations=4 (full 0):
 garbage-first heap   total 196608K, used 17040K [0x0000000080000000, 0x0000000100000000)
  region size 1024K, 4 young (4096K), 4 survivors (4096K)
 Metaspace       used 20168K, capacity 20628K, committed 20864K, reserved 1067008K
  class space    used 2488K, capacity 2645K, committed 2688K, reserved 1048576K
}
Event: 4.354 GC heap before
{Heap before GC invocations=4 (full 0):
 garbage-first heap   total 196608K, used 21136K [0x0000000080000000, 0x0000000100000000)
  region size 1024K, 9 young (9216K), 4 survivors (4096K)
 Metaspace       used 20716K, capacity 21181K, committed 21296K, reserved 1069056K
  class space    used 2545K, capacity 2680K, committed 2688K, reserved 1048576K
}
Event: 4.363 GC heap after
{Heap after GC invocations=5 (full 0):
 garbage-first heap   total 196608K, used 17347K [0x0000000080000000, 0x0000000100000000)
  region size 1024K, 4 young (4096K), 4 survivors (4096K)
 Metaspace       used 20716K, capacity 21181K, committed 21296K, reserved 1069056K
  class space    used 2545K, capacity 2680K, committed 2688K, reserved 1048576K
}
Event: 8.260 GC heap before
{Heap before GC invocations=6 (full 0):
 garbage-first heap   total 196608K, used 91075K [0x0000000080000000, 0x0000000100000000)
  region size 1024K, 76 young (77824K), 4 survivors (4096K)
 Metaspace       used 27863K, capacity 28491K, committed 28720K, reserved 1075200K
  class space    used 3660K, capacity 3895K, committed 3968K, reserved 1048576K
}
Event: 8.273 GC heap after
{Heap after GC invocations=7 (full 0):
 garbage-first heap   total 196608K, used 19578K [0x0000000080000000, 0x0000000100000000)
  region size 1024K, 6 young (6144K), 6 survivors (6144K)
 Metaspace       used 27863K, capacity 28491K, committed 28720K, reserved 1075200K
  class space    used 3660K, capacity 3895K, committed 3968K, reserved 1048576K
}
Event: 10.449 GC heap before
{Heap before GC invocations=7 (full 0):
 garbage-first heap   total 196608K, used 59514K [0x0000000080000000, 0x0000000100000000)
  region size 1024K, 46 young (47104K), 6 survivors (6144K)
 Metaspace       used 34859K, capacity 35663K, committed 35708K, reserved 1081344K
  class space    used 4510K, capacity 4839K, committed 4864K, reserved 1048576K
}
Event: 10.468 GC heap after
{Heap after GC invocations=8 (full 0):
 garbage-first heap   total 196608K, used 22541K [0x0000000080000000, 0x0000000100000000)
  region size 1024K, 9 young (9216K), 9 survivors (9216K)
 Metaspace       used 34859K, capacity 35663K, committed 35708K, reserved 1081344K
  class space    used 4510K, capacity 4839K, committed 4864K, reserved 1048576K
}

Deoptimization events (20 events):
Event: 11.812 Thread 0x0000015592505800 Uncommon trap: trap_request=0xffffffde fr.pc=0x0000015587c84090 relative=0x0000000000000470
Event: 11.812 Thread 0x0000015592505800 Uncommon trap: reason=class_check action=maybe_recompile pc=0x0000015587c84090 method=java.util.regex.Pattern$Start.match(Ljava/util/regex/Matcher;ILjava/lang/CharSequence;)Z @ 44 c2
Event: 11.812 Thread 0x0000015592505800 DEOPT PACKING pc=0x0000015587c84090 sp=0x00000013036f7a10
Event: 11.812 Thread 0x0000015592505800 DEOPT UNPACKING pc=0x000001558004a1af sp=0x00000013036f78d8 mode 2
Event: 11.818 Thread 0x0000015592505800 Uncommon trap: trap_request=0xffffffde fr.pc=0x0000015587c73fcc relative=0x000000000000044c
Event: 11.818 Thread 0x0000015592505800 Uncommon trap: reason=class_check action=maybe_recompile pc=0x0000015587c73fcc method=java.util.regex.Pattern$Start.match(Ljava/util/regex/Matcher;ILjava/lang/CharSequence;)Z @ 44 c2
Event: 11.818 Thread 0x0000015592505800 DEOPT PACKING pc=0x0000015587c73fcc sp=0x00000013036f7990
Event: 11.818 Thread 0x0000015592505800 DEOPT UNPACKING pc=0x000001558004a1af sp=0x00000013036f78d0 mode 2
Event: 11.819 Thread 0x0000015592505800 Uncommon trap: trap_request=0xffffffde fr.pc=0x0000015587c74b44 relative=0x00000000000002e4
Event: 11.819 Thread 0x0000015592505800 Uncommon trap: reason=class_check action=maybe_recompile pc=0x0000015587c74b44 method=java.util.regex.Pattern$Start.match(Ljava/util/regex/Matcher;ILjava/lang/CharSequence;)Z @ 44 c2
Event: 11.819 Thread 0x0000015592505800 DEOPT PACKING pc=0x0000015587c74b44 sp=0x00000013036f7910
Event: 11.819 Thread 0x0000015592505800 DEOPT UNPACKING pc=0x000001558004a1af sp=0x00000013036f78d0 mode 2
Event: 12.296 Thread 0x00000155935f8800 Uncommon trap: trap_request=0xffffffbe fr.pc=0x0000015587c77ad4 relative=0x0000000000000554
Event: 12.296 Thread 0x00000155935f8800 Uncommon trap: reason=profile_predicate action=maybe_recompile pc=0x0000015587c77ad4 method=java.util.stream.ReferencePipeline.forEachWithCancel(Ljava/util/Spliterator;Ljava/util/stream/Sink;)Z @ 8 c2
Event: 12.296 Thread 0x00000155935f8800 DEOPT PACKING pc=0x0000015587c77ad4 sp=0x00000013031fe780
Event: 12.296 Thread 0x00000155935f8800 DEOPT UNPACKING pc=0x000001558004a1af sp=0x00000013031fe720 mode 2
Event: 12.478 Thread 0x0000015592505800 Uncommon trap: trap_request=0xffffff4d fr.pc=0x0000015587cadd18 relative=0x00000000000059f8
Event: 12.478 Thread 0x0000015592505800 Uncommon trap: reason=unstable_if action=reinterpret pc=0x0000015587cadd18 method=java.net.URLClassLoader.defineClass(Ljava/lang/String;Ljdk/internal/loader/Resource;)Ljava/lang/Class; @ 21 c2
Event: 12.478 Thread 0x0000015592505800 DEOPT PACKING pc=0x0000015587cadd18 sp=0x00000013036f6600
Event: 12.478 Thread 0x0000015592505800 DEOPT UNPACKING pc=0x000001558004a1af sp=0x00000013036f6560 mode 2

Classes redefined (0 events):
No events

Internal exceptions (20 events):
Event: 11.700 Thread 0x0000015592505800 Exception <a 'java/lang/ClassNotFoundException'{0x0000000089a795c0}: org/gradle/groovy/scripts/DefaultScriptCustomizer> (0x0000000089a795c0) thrown at [./src/hotspot/share/classfile/systemDictionary.cpp, line 231]
Event: 11.721 Thread 0x0000015592505800 Exception <a 'java/lang/ClassNotFoundException'{0x0000000089ac84d8}: org/gradle/plugin/use/internal/PluginsAwareScriptCustomizer> (0x0000000089ac84d8) thrown at [./src/hotspot/share/classfile/systemDictionary.cpp, line 231]
Event: 11.726 Thread 0x0000015592505800 Exception <a 'java/lang/ClassNotFoundException'{0x0000000089ae5c68}: org/gradle/initialization/SettingsScriptCustomizer> (0x0000000089ae5c68) thrown at [./src/hotspot/share/classfile/systemDictionary.cpp, line 231]
Event: 11.727 Thread 0x0000015592505800 Exception <a 'java/lang/ClassNotFoundException'{0x0000000089af8af8}: settings_6saom2tnpq13pfcd3hybgbbmoCustomizer> (0x0000000089af8af8) thrown at [./src/hotspot/share/classfile/systemDictionary.cpp, line 231]
Event: 11.804 Thread 0x0000015592505800 Exception <a 'java/lang/ClassNotFoundException'{0x0000000089804590}: groovy/lang/Closure$1BeanInfo> (0x0000000089804590) thrown at [./src/hotspot/share/classfile/systemDictionary.cpp, line 231]
Event: 11.805 Thread 0x0000015592505800 Exception <a 'java/lang/ClassNotFoundException'{0x0000000089836d68}: groovy/lang/ClosureBeanInfo> (0x0000000089836d68) thrown at [./src/hotspot/share/classfile/systemDictionary.cpp, line 231]
Event: 11.809 Thread 0x0000015592505800 Exception <a 'java/lang/ClassNotFoundException'{0x00000000898695e8}: groovy/lang/ClosureCustomizer> (0x00000000898695e8) thrown at [./src/hotspot/share/classfile/systemDictionary.cpp, line 231]
Event: 11.830 Thread 0x0000015592505800 Exception <a 'java/lang/ClassNotFoundException'{0x00000000898befd8}: groovy/lang/Closure$1Customizer> (0x00000000898befd8) thrown at [./src/hotspot/share/classfile/systemDictionary.cpp, line 231]
Event: 12.205 Thread 0x0000015592505800 Exception <a 'java/lang/ClassNotFoundException'{0x0000000088c18828}: org/gradle/initialization/DefaultSettings_DecoratedBeanInfo> (0x0000000088c18828) thrown at [./src/hotspot/share/classfile/systemDictionary.cpp, line 231]
Event: 12.206 Thread 0x0000015592505800 Exception <a 'java/lang/ClassNotFoundException'{0x0000000088c3ae30}: org/gradle/initialization/DefaultSettingsBeanInfo> (0x0000000088c3ae30) thrown at [./src/hotspot/share/classfile/systemDictionary.cpp, line 231]
Event: 12.209 Thread 0x0000015592505800 Exception <a 'java/lang/ClassNotFoundException'{0x0000000088c61858}: org/gradle/api/internal/project/AbstractPluginAwareBeanInfo> (0x0000000088c61858) thrown at [./src/hotspot/share/classfile/systemDictionary.cpp, line 231]
Event: 12.227 Thread 0x0000015592505800 Exception <a 'java/lang/ClassNotFoundException'{0x0000000088c87be0}: org/gradle/api/internal/project/AbstractPluginAwareCustomizer> (0x0000000088c87be0) thrown at [./src/hotspot/share/classfile/systemDictionary.cpp, line 231]
Event: 12.230 Thread 0x0000015592505800 Exception <a 'java/lang/ClassNotFoundException'{0x0000000088cb1d80}: org/gradle/initialization/DefaultSettingsCustomizer> (0x0000000088cb1d80) thrown at [./src/hotspot/share/classfile/systemDictionary.cpp, line 231]
Event: 12.251 Thread 0x0000015592505800 Exception <a 'java/lang/ClassNotFoundException'{0x0000000088b05a58}: org/gradle/initialization/DefaultSettings_DecoratedCustomizer> (0x0000000088b05a58) thrown at [./src/hotspot/share/classfile/systemDictionary.cpp, line 231]
Event: 12.473 Thread 0x0000015592505800 Exception <a 'java/lang/ClassNotFoundException'{0x0000000088ae29a8}: org/gradle/internal/metaobject/ConfigureDelegateBeanInfo> (0x0000000088ae29a8) thrown at [./src/hotspot/share/classfile/systemDictionary.cpp, line 231]
Event: 12.475 Thread 0x0000015592505800 Exception <a 'java/lang/ClassNotFoundException'{0x00000000889090d0}: org/gradle/internal/metaobject/ConfigureDelegateCustomizer> (0x00000000889090d0) thrown at [./src/hotspot/share/classfile/systemDictionary.cpp, line 231]
Event: 12.529 Thread 0x0000015592505800 Exception <a 'java/lang/ClassNotFoundException'{0x0000000088996308}: org/gradle/plugin/management/internal/DefaultPluginManagementSpec_DecoratedBeanInfo> (0x0000000088996308) thrown at [./src/hotspot/share/classfile/systemDictionary.cpp, line 231]
Event: 12.530 Thread 0x0000015592505800 Exception <a 'java/lang/ClassNotFoundException'{0x00000000889cdcb8}: org/gradle/plugin/management/internal/DefaultPluginManagementSpecBeanInfo> (0x00000000889cdcb8) thrown at [./src/hotspot/share/classfile/systemDictionary.cpp, line 231]
Event: 12.533 Thread 0x0000015592505800 Exception <a 'java/lang/ClassNotFoundException'{0x0000000088807770}: org/gradle/plugin/management/internal/DefaultPluginManagementSpecCustomizer> (0x0000000088807770) thrown at [./src/hotspot/share/classfile/systemDictionary.cpp, line 231]
Event: 12.536 Thread 0x0000015592505800 Exception <a 'java/lang/ClassNotFoundException'{0x0000000088853f88}: org/gradle/plugin/management/internal/DefaultPluginManagementSpec_DecoratedCustomizer> (0x0000000088853f88) thrown at [./src/hotspot/share/classfile/systemDictionary.cpp, line 231]

Events (20 events):
Event: 12.533 loading class org/gradle/plugin/management/internal/DefaultPluginManagementSpecCustomizer
Event: 12.533 loading class org/gradle/plugin/management/internal/DefaultPluginManagementSpecCustomizer done
Event: 12.533 loading class org/gradle/api/initialization/ConfigurableIncludedPluginBuild
Event: 12.533 loading class org/gradle/api/initialization/ConfigurableIncludedPluginBuild done
Event: 12.534 loading class org/gradle/plugin/management/internal/DefaultPluginManagementSpec_DecoratedCustomizer
Event: 12.534 loading class org/gradle/plugin/management/internal/DefaultPluginManagementSpec_DecoratedCustomizer done
Event: 12.535 loading class org/gradle/plugin/management/internal/DefaultPluginManagementSpec_DecoratedCustomizer
Event: 12.535 loading class org/gradle/plugin/management/internal/DefaultPluginManagementSpec_DecoratedCustomizer done
Event: 12.535 loading class org/gradle/plugin/management/internal/DefaultPluginManagementSpec_DecoratedCustomizer
Event: 12.535 loading class org/gradle/plugin/management/internal/DefaultPluginManagementSpec_DecoratedCustomizer done
Event: 12.536 loading class org/gradle/plugin/management/internal/DefaultPluginManagementSpec_DecoratedCustomizer
Event: 12.536 loading class org/gradle/plugin/management/internal/DefaultPluginManagementSpec_DecoratedCustomizer done
Event: 12.552 loading class groovy/runtime/metaclass/org/gradle/api/internal/artifacts/dsl/DefaultRepositoryHandler_DecoratedMetaClass
Event: 12.552 loading class groovy/runtime/metaclass/org/gradle/api/internal/artifacts/dsl/DefaultRepositoryHandler_DecoratedMetaClass done
Event: 12.588 loading class org/gradle/api/internal/provider/ValueSupplier$ExecutionTimeValue
Event: 12.588 loading class org/gradle/api/internal/provider/ValueSupplier$ExecutionTimeValue done
Event: 12.589 loading class org/gradle/api/internal/provider/ValueSupplier$ValueConsumer
Event: 12.589 loading class org/gradle/api/internal/provider/ValueSupplier$ValueConsumer done
Event: 12.590 loading class org/gradle/api/internal/provider/ValueSupplier$ValueProducer
Event: 12.590 loading class org/gradle/api/internal/provider/ValueSupplier$ValueProducer done


Dynamic libraries:
0x00007ff7db980000 - 0x00007ff7db98a000 	C:\Program Files\Android\Android Studio\jre\bin\java.exe
0x00007ffd80710000 - 0x00007ffd80905000 	C:\Windows\SYSTEM32\ntdll.dll
0x00007ffd80480000 - 0x00007ffd8053e000 	C:\Windows\System32\KERNEL32.DLL
0x00007ffd7e0e0000 - 0x00007ffd7e3a9000 	C:\Windows\System32\KERNELBASE.dll
0x00007ffd7ded0000 - 0x00007ffd7dfd0000 	C:\Windows\System32\ucrtbase.dll
0x00007ffd76a90000 - 0x00007ffd76aa7000 	C:\Program Files\Android\Android Studio\jre\bin\VCRUNTIME140.dll
0x00007ffd66390000 - 0x00007ffd663a9000 	C:\Program Files\Android\Android Studio\jre\bin\jli.dll
0x00007ffd80020000 - 0x00007ffd801c1000 	C:\Windows\System32\USER32.dll
0x00007ffd6a520000 - 0x00007ffd6a7ba000 	C:\Windows\WinSxS\amd64_microsoft.windows.common-controls_6595b64144ccf1df_6.0.19041.1110_none_60b5254171f9507e\COMCTL32.dll
0x00007ffd7e3b0000 - 0x00007ffd7e3d2000 	C:\Windows\System32\win32u.dll
0x00007ffd7e760000 - 0x00007ffd7e7fe000 	C:\Windows\System32\msvcrt.dll
0x00007ffd7fe10000 - 0x00007ffd7fe3b000 	C:\Windows\System32\GDI32.dll
0x00007ffd7dfd0000 - 0x00007ffd7e0db000 	C:\Windows\System32\gdi32full.dll
0x00007ffd7de30000 - 0x00007ffd7decd000 	C:\Windows\System32\msvcp_win.dll
0x00007ffd7fff0000 - 0x00007ffd80020000 	C:\Windows\System32\IMM32.DLL
0x00007ffd549b0000 - 0x00007ffd54a4d000 	C:\Program Files\Android\Android Studio\jre\bin\msvcp140.dll
0x00007ffd38940000 - 0x00007ffd39425000 	C:\Program Files\Android\Android Studio\jre\bin\server\jvm.dll
0x00007ffd803d0000 - 0x00007ffd8047c000 	C:\Windows\System32\ADVAPI32.dll
0x00007ffd80250000 - 0x00007ffd802eb000 	C:\Windows\System32\sechost.dll
0x00007ffd7f630000 - 0x00007ffd7f75a000 	C:\Windows\System32\RPCRT4.dll
0x00007ffd7e800000 - 0x00007ffd7e808000 	C:\Windows\System32\PSAPI.DLL
0x00007ffd7b5d0000 - 0x00007ffd7b5d9000 	C:\Windows\SYSTEM32\WSOCK32.dll
0x00007ffd785f0000 - 0x00007ffd78617000 	C:\Windows\SYSTEM32\WINMM.dll
0x00007ffd773b0000 - 0x00007ffd773ba000 	C:\Windows\SYSTEM32\VERSION.dll
0x00007ffd7fbf0000 - 0x00007ffd7fc5b000 	C:\Windows\System32\WS2_32.dll
0x00007ffd7bd30000 - 0x00007ffd7bd42000 	C:\Windows\SYSTEM32\kernel.appcore.dll
0x00007ffd76b30000 - 0x00007ffd76b41000 	C:\Program Files\Android\Android Studio\jre\bin\verify.dll
0x00007ffd63970000 - 0x00007ffd63b54000 	C:\Windows\SYSTEM32\DBGHELP.DLL
0x00007ffd688d0000 - 0x00007ffd688fc000 	C:\Windows\SYSTEM32\dbgcore.DLL
0x00007ffd7e410000 - 0x00007ffd7e493000 	C:\Windows\System32\bcryptPrimitives.dll
0x00007ffd689b0000 - 0x00007ffd689d9000 	C:\Program Files\Android\Android Studio\jre\bin\java.dll
0x00007ffd76b60000 - 0x00007ffd76b6b000 	C:\Program Files\Android\Android Studio\jre\bin\jimage.dll
0x00007ffd6a7c0000 - 0x00007ffd6a7d8000 	C:\Program Files\Android\Android Studio\jre\bin\zip.dll
0x00007ffd7ed30000 - 0x00007ffd7f46f000 	C:\Windows\System32\SHELL32.dll
0x00007ffd7bf30000 - 0x00007ffd7c6c0000 	C:\Windows\SYSTEM32\windows.storage.dll
0x00007ffd7e810000 - 0x00007ffd7eb65000 	C:\Windows\System32\combase.dll
0x00007ffd7d880000 - 0x00007ffd7d8ac000 	C:\Windows\SYSTEM32\Wldp.dll
0x00007ffd7f520000 - 0x00007ffd7f5ce000 	C:\Windows\System32\SHCORE.dll
0x00007ffd805a0000 - 0x00007ffd805f5000 	C:\Windows\System32\shlwapi.dll
0x00007ffd7dd70000 - 0x00007ffd7dd8f000 	C:\Windows\SYSTEM32\profapi.dll
0x00007ffd69210000 - 0x00007ffd6922a000 	C:\Program Files\Android\Android Studio\jre\bin\net.dll
0x00007ffd6de40000 - 0x00007ffd6df48000 	C:\Windows\SYSTEM32\WINHTTP.dll
0x00007ffd7d5e0000 - 0x00007ffd7d64a000 	C:\Windows\system32\mswsock.dll
0x00007ffd69050000 - 0x00007ffd69064000 	C:\Program Files\Android\Android Studio\jre\bin\nio.dll
0x00007ffd5ded0000 - 0x00007ffd5def7000 	C:\Users\Ekaterina\.gradle\native\e1d6ef7f7dcc3fd88c89a11ec53ec762bb8ba0a96d01ffa2cd45eb1d1d8dd5c5\windows-amd64\native-platform.dll
0x00007ffd3bc50000 - 0x00007ffd3bd94000 	C:\Users\Ekaterina\.gradle\native\5664cfc778a61ccfe75a443a1ab52a65af34e5dc3c78e0209fed803814484fcb\windows-amd64\native-platform-file-events.dll
0x00007ffd76b20000 - 0x00007ffd76b2a000 	C:\Program Files\Android\Android Studio\jre\bin\management.dll
0x00007ffd697b0000 - 0x00007ffd697bd000 	C:\Program Files\Android\Android Studio\jre\bin\management_ext.dll
0x00007ffd7d7d0000 - 0x00007ffd7d7e8000 	C:\Windows\SYSTEM32\CRYPTSP.dll
0x00007ffd7cef0000 - 0x00007ffd7cf24000 	C:\Windows\system32\rsaenh.dll
0x00007ffd7e3e0000 - 0x00007ffd7e407000 	C:\Windows\System32\bcrypt.dll
0x00007ffd7dd30000 - 0x00007ffd7dd5e000 	C:\Windows\SYSTEM32\USERENV.dll
0x00007ffd7d7f0000 - 0x00007ffd7d7fc000 	C:\Windows\SYSTEM32\CRYPTBASE.dll
0x00007ffd7d280000 - 0x00007ffd7d2bb000 	C:\Windows\SYSTEM32\IPHLPAPI.DLL
0x00007ffd7f760000 - 0x00007ffd7f768000 	C:\Windows\System32\NSI.dll
0x00007ffd761c0000 - 0x00007ffd761d7000 	C:\Windows\SYSTEM32\dhcpcsvc6.DLL
0x00007ffd76180000 - 0x00007ffd7619d000 	C:\Windows\SYSTEM32\dhcpcsvc.DLL
0x00007ffd7d2d0000 - 0x00007ffd7d39c000 	C:\Windows\SYSTEM32\DNSAPI.dll

dbghelp: loaded successfully - version: 4.0.5 - missing functions: none
symbol engine: initialized successfully - sym options: 0x614 - pdb path: .;C:\Program Files\Android\Android Studio\jre\bin;C:\Windows\SYSTEM32;C:\Windows\WinSxS\amd64_microsoft.windows.common-controls_6595b64144ccf1df_6.0.19041.1110_none_60b5254171f9507e;C:\Program Files\Android\Android Studio\jre\bin\server;C:\Users\Ekaterina\.gradle\native\e1d6ef7f7dcc3fd88c89a11ec53ec762bb8ba0a96d01ffa2cd45eb1d1d8dd5c5\windows-amd64;C:\Users\Ekaterina\.gradle\native\5664cfc778a61ccfe75a443a1ab52a65af34e5dc3c78e0209fed803814484fcb\windows-amd64

VM Arguments:
jvm_args: --add-opens=java.base/java.util=ALL-UNNAMED --add-opens=java.base/java.lang=ALL-UNNAMED --add-opens=java.base/java.lang.invoke=ALL-UNNAMED --add-opens=java.base/java.util=ALL-UNNAMED --add-opens=java.prefs/java.util.prefs=ALL-UNNAMED --add-opens=java.prefs/java.util.prefs=ALL-UNNAMED --add-opens=java.base/java.nio.charset=ALL-UNNAMED --add-opens=java.base/java.net=ALL-UNNAMED --add-opens=java.base/java.util.concurrent.atomic=ALL-UNNAMED -Xmx2048m -Dfile.encoding=UTF-8 -Duser.country=RU -Duser.language=ru -Duser.variant 
java_command: org.gradle.launcher.daemon.bootstrap.GradleDaemon 7.3.3
java_class_path (initial): C:\Users\Ekaterina\.gradle\wrapper\dists\gradle-7.3.3-bin\6a41zxkdtcxs8rphpq6y0069z\gradle-7.3.3\lib\gradle-launcher-7.3.3.jar
Launcher Type: SUN_STANDARD

[Global flags]
     intx CICompilerCount                          = 3                                         {product} {ergonomic}
     uint ConcGCThreads                            = 1                                         {product} {ergonomic}
     uint G1ConcRefinementThreads                  = 4                                         {product} {ergonomic}
   size_t G1HeapRegionSize                         = 1048576                                   {product} {ergonomic}
    uintx GCDrainStackTargetSize                   = 64                                        {product} {ergonomic}
   size_t InitialHeapSize                          = 201326592                                 {product} {ergonomic}
   size_t MarkStackSize                            = 4194304                                   {product} {ergonomic}
   size_t MaxHeapSize                              = 2147483648                                {product} {command line}
   size_t MaxNewSize                               = 1287651328                                {product} {ergonomic}
   size_t MinHeapDeltaBytes                        = 1048576                                   {product} {ergonomic}
    uintx NonNMethodCodeHeapSize                   = 5830732                                {pd product} {ergonomic}
    uintx NonProfiledCodeHeapSize                  = 122913754                              {pd product} {ergonomic}
    uintx ProfiledCodeHeapSize                     = 122913754                              {pd product} {ergonomic}
    uintx ReservedCodeCacheSize                    = 251658240                              {pd product} {ergonomic}
     bool SegmentedCodeCache                       = true                                      {product} {ergonomic}
     bool UseCompressedClassPointers               = true                                 {lp64_product} {ergonomic}
     bool UseCompressedOops                        = true                                 {lp64_product} {ergonomic}
     bool UseG1GC                                  = true                                      {product} {ergonomic}
     bool UseLargePagesIndividualAllocation        = false                                  {pd product} {ergonomic}

Logging:
Log output configuration:
 #0: stdout all=warning uptime,level,tags
 #1: stderr all=off uptime,level,tags

Environment Variables:
PATH=C:\Windows\system32;C:\Windows;C:\Windows\System32\Wbem;C:\Windows\System32\WindowsPowerShell\v1.0\;C:\Program Files\Git\cmd;C:\Users\Ekaterina\AppData\Local\Microsoft\WindowsApps;;C:\Users\Ekaterina\AppData\Local\Programs\Microsoft VS Code\bin
USERNAME=Ekaterina
OS=Windows_NT
PROCESSOR_IDENTIFIER=Intel64 Family 6 Model 142 Stepping 9, GenuineIntel



---------------  S Y S T E M  ---------------

OS: Windows 10 , 64 bit Build 19041 (10.0.19041.1200)
OS uptime: 4 days 1:02 hours

CPU:total 4 (initial active 4) (2 cores per cpu, 2 threads per core) family 6 model 142 stepping 9 microcode 0xb4, cmov, cx8, fxsr, mmx, sse, sse2, sse3, ssse3, sse4.1, sse4.2, popcnt, avx, avx2, aes, clmul, erms, 3dnowpref, lzcnt, ht, tsc, tscinvbit, bmi1, bmi2, adx, fma

Memory: 4k page, system-wide physical 12197M (649M free)
TotalPageFile size 12197M (AvailPageFile size 0M)
current process WorkingSet (physical memory assigned to process): 248M, peak: 255M
current process commit charge ("private bytes"): 368M, peak: 379M

vm_info: OpenJDK 64-Bit Server VM (11.0.12+7-b1504.28-7817840) for windows-amd64 JRE (11.0.12+7-b1504.28-7817840), built on Oct 13 2021 22:12:33 by "builder" with MS VC++ 14.0 (VS2015)

END.
