#
# There is insufficient memory for the Java Runtime Environment to continue.
# Native memory allocation (mmap) failed to map 201326592 bytes for Failed to commit area from 0x0000000741600000 to 0x000000074d600000 of length 201326592.
# Possible reasons:
#   The system is out of physical RAM or swap space
#   The process is running with CompressedOops enabled, and the Java Heap may be blocking the growth of the native heap
# Possible solutions:
#   Reduce memory load on the system
#   Increase physical memory or swap space
#   Check if swap backing store is full
#   Decrease Java heap size (-Xmx/-Xms)
#   Decrease number of Java threads
#   Decrease Java thread stack sizes (-Xss)
#   Set larger code cache with -XX:ReservedCodeCacheSize=
# This output file may be truncated or incomplete.
#
#  Out of Memory Error (./src/hotspot/os/windows/os_windows.cpp:3521), pid=5500, tid=9880
#
# JRE version:  (11.0.12+7) (build )
# Java VM: OpenJDK 64-Bit Server VM (11.0.12+7-b1504.28-7817840, mixed mode, sharing, tiered, compressed oops, g1 gc, windows-amd64)
# No core dump will be written. Minidumps are not enabled by default on client versions of Windows
#

---------------  S U M M A R Y ------------

Command Line: org.jetbrains.kotlin.cli.jvm.K2JVMCompiler @C:\Projects\Andriod\NMedia\app\build\20220706_12575700503630094930.compiler.options

Host: Intel(R) Core(TM) i3-7020U CPU @ 2.30GHz, 4 cores, 11G,  Windows 10 , 64 bit Build 19041 (10.0.19041.1200)
Time: Wed Jul  6 19:32:39 2022 RTZ 2 (зима) elapsed time: 0.012284 seconds (0d 0h 0m 0s)

---------------  T H R E A D  ---------------

Current thread (0x000001ad94638000):  JavaThread "Unknown thread" [_thread_in_vm, id=9880, stack(0x0000001680700000,0x0000001680800000)]

Stack: [0x0000001680700000,0x0000001680800000]
Native frames: (J=compiled Java code, j=interpreted, Vv=VM code, C=native code)
V  [jvm.dll+0x5fbcea]
V  [jvm.dll+0x731905]
V  [jvm.dll+0x732f1d]
V  [jvm.dll+0x7335d3]
V  [jvm.dll+0x247bf8]
V  [jvm.dll+0x5f90b4]
V  [jvm.dll+0x5edc85]
V  [jvm.dll+0x305aeb]
V  [jvm.dll+0x305a5a]
V  [jvm.dll+0x305932]
V  [jvm.dll+0x30a896]
V  [jvm.dll+0x353803]
V  [jvm.dll+0x353f06]
V  [jvm.dll+0x353903]
V  [jvm.dll+0x2e0678]
V  [jvm.dll+0x2e1827]
V  [jvm.dll+0x710037]
V  [jvm.dll+0x71182c]
V  [jvm.dll+0x360da9]
V  [jvm.dll+0x6f390e]
V  [jvm.dll+0x3c9723]
V  [jvm.dll+0x3cb9b1]
C  [jli.dll+0x536b]
C  [ucrtbase.dll+0x21bb2]
C  [KERNEL32.DLL+0x17034]
C  [ntdll.dll+0x52651]


---------------  P R O C E S S  ---------------

Threads class SMR info:
_java_thread_list=0x000001ad92d9a360, length=0, elements={
}

Java Threads: ( => current thread )

Other Threads:
  0x000001ad94650800 GCTaskThread "GC Thread#0" [stack: 0x0000001680800000,0x0000001680900000] [id=5220]
  0x000001ad94696000 ConcurrentGCThread "G1 Main Marker" [stack: 0x0000001680900000,0x0000001680a00000] [id=2276]
  0x000001ad94697000 ConcurrentGCThread "G1 Conc#0" [stack: 0x0000001680a00000,0x0000001680b00000] [id=68]

[error occurred during error reporting (printing all threads), id 0xc0000005, EXCEPTION_ACCESS_VIOLATION (0xc0000005) at pc=0x00007ffd38c30be7]

VM state:not at safepoint (not fully initialized)

VM Mutex/Monitor currently owned by a thread:  ([mutex/lock_event])
[0x000001ad94636450] Heap_lock - owner thread: 0x000001ad94638000

Heap address: 0x0000000741600000, size: 3050 MB, Compressed Oops mode: Non-zero based: 0x0000000741600000
Narrow klass base: 0x0000000000000000, Narrow klass shift: 0

GC Heap History (0 events):
No events

Deoptimization events (0 events):
No events

Classes redefined (0 events):
No events

Internal exceptions (0 events):
No events

Events (1 events):
Event: 0.007 Loaded shared library C:\Program Files\Android\Android Studio\jre\bin\zip.dll


Dynamic libraries:
0x00007ff7db980000 - 0x00007ff7db98a000 	C:\Program Files\Android\Android Studio\jre\bin\java.exe
0x00007ffd80710000 - 0x00007ffd80905000 	C:\Windows\SYSTEM32\ntdll.dll
0x00007ffd80480000 - 0x00007ffd8053e000 	C:\Windows\System32\KERNEL32.DLL
0x00007ffd7e0e0000 - 0x00007ffd7e3a9000 	C:\Windows\System32\KERNELBASE.dll
0x00007ffd7ded0000 - 0x00007ffd7dfd0000 	C:\Windows\System32\ucrtbase.dll
0x00007ffd5ef10000 - 0x00007ffd5ef29000 	C:\Program Files\Android\Android Studio\jre\bin\jli.dll
0x00007ffd55ad0000 - 0x00007ffd55ae7000 	C:\Program Files\Android\Android Studio\jre\bin\VCRUNTIME140.dll
0x00007ffd80020000 - 0x00007ffd801c1000 	C:\Windows\System32\USER32.dll
0x00007ffd6a520000 - 0x00007ffd6a7ba000 	C:\Windows\WinSxS\amd64_microsoft.windows.common-controls_6595b64144ccf1df_6.0.19041.1110_none_60b5254171f9507e\COMCTL32.dll
0x00007ffd7e3b0000 - 0x00007ffd7e3d2000 	C:\Windows\System32\win32u.dll
0x00007ffd7e760000 - 0x00007ffd7e7fe000 	C:\Windows\System32\msvcrt.dll
0x00007ffd7fe10000 - 0x00007ffd7fe3b000 	C:\Windows\System32\GDI32.dll
0x00007ffd7dfd0000 - 0x00007ffd7e0db000 	C:\Windows\System32\gdi32full.dll
0x00007ffd7de30000 - 0x00007ffd7decd000 	C:\Windows\System32\msvcp_win.dll
0x00007ffd7fff0000 - 0x00007ffd80020000 	C:\Windows\System32\IMM32.DLL
0x00007ffd3c8e0000 - 0x00007ffd3c97d000 	C:\Program Files\Android\Android Studio\jre\bin\msvcp140.dll
0x00007ffd38940000 - 0x00007ffd39425000 	C:\Program Files\Android\Android Studio\jre\bin\server\jvm.dll
0x00007ffd803d0000 - 0x00007ffd8047c000 	C:\Windows\System32\ADVAPI32.dll
0x00007ffd80250000 - 0x00007ffd802eb000 	C:\Windows\System32\sechost.dll
0x00007ffd7f630000 - 0x00007ffd7f75a000 	C:\Windows\System32\RPCRT4.dll
0x00007ffd7e800000 - 0x00007ffd7e808000 	C:\Windows\System32\PSAPI.DLL
0x00007ffd785f0000 - 0x00007ffd78617000 	C:\Windows\SYSTEM32\WINMM.dll
0x00007ffd7b5d0000 - 0x00007ffd7b5d9000 	C:\Windows\SYSTEM32\WSOCK32.dll
0x00007ffd7fbf0000 - 0x00007ffd7fc5b000 	C:\Windows\System32\WS2_32.dll
0x00007ffd773b0000 - 0x00007ffd773ba000 	C:\Windows\SYSTEM32\VERSION.dll
0x00007ffd7bd30000 - 0x00007ffd7bd42000 	C:\Windows\SYSTEM32\kernel.appcore.dll
0x00007ffd76be0000 - 0x00007ffd76bf1000 	C:\Program Files\Android\Android Studio\jre\bin\verify.dll
0x00007ffd63970000 - 0x00007ffd63b54000 	C:\Windows\SYSTEM32\DBGHELP.DLL
0x00007ffd688d0000 - 0x00007ffd688fc000 	C:\Windows\SYSTEM32\dbgcore.DLL
0x00007ffd7e410000 - 0x00007ffd7e493000 	C:\Windows\System32\bcryptPrimitives.dll
0x00007ffd76bb0000 - 0x00007ffd76bd9000 	C:\Program Files\Android\Android Studio\jre\bin\java.dll
0x00007ffd7b620000 - 0x00007ffd7b62b000 	C:\Program Files\Android\Android Studio\jre\bin\jimage.dll
0x00007ffd76b90000 - 0x00007ffd76ba8000 	C:\Program Files\Android\Android Studio\jre\bin\zip.dll

dbghelp: loaded successfully - version: 4.0.5 - missing functions: none
symbol engine: initialized successfully - sym options: 0x614 - pdb path: .;C:\Program Files\Android\Android Studio\jre\bin;C:\Windows\SYSTEM32;C:\Windows\WinSxS\amd64_microsoft.windows.common-controls_6595b64144ccf1df_6.0.19041.1110_none_60b5254171f9507e;C:\Program Files\Android\Android Studio\jre\bin\server

VM Arguments:
java_command: org.jetbrains.kotlin.cli.jvm.K2JVMCompiler @C:\Projects\Andriod\NMedia\app\build\20220706_12575700503630094930.compiler.options
java_class_path (initial): C:\Users\Ekaterina\.gradle\caches\modules-2\files-2.1\org.jetbrains.kotlin\kotlin-compiler-embeddable\1.6.21\97bdd5a752ce73b58ef16c17bc7f0ea2faff7a2e\kotlin-compiler-embeddable-1.6.21.jar;C:\Users\Ekaterina\.gradle\caches\modules-2\files-2.1\org.jetbrains.kotlin\kotlin-reflect\1.6.21\5dc3574d9b7bebfcb4ec6b10ada4aaa9e140bd0b\kotlin-reflect-1.6.21.jar;C:\Users\Ekaterina\.gradle\caches\modules-2\files-2.1\org.jetbrains.kotlin\kotlin-stdlib\1.6.21\11ef67f1900634fd951bad28c53ec957fabbe5b8\kotlin-stdlib-1.6.21.jar;C:\Users\Ekaterina\.gradle\caches\modules-2\files-2.1\org.jetbrains.kotlin\kotlin-script-runtime\1.6.21\99c6675100da5d6d5b1c5a1032f27f28008d101b\kotlin-script-runtime-1.6.21.jar;C:\Users\Ekaterina\.gradle\caches\modules-2\files-2.1\org.jetbrains.kotlin\kotlin-daemon-embeddable\1.6.21\46b78cf392e1c4f10854c3cadba44abb7b82250f\kotlin-daemon-embeddable-1.6.21.jar;C:\Users\Ekaterina\.gradle\caches\modules-2\files-2.1\org.jetbrains.intellij.deps\trove4j\1.0.20200330\3afb14d5f9ceb459d724e907a21145e8ff394f02\trove4j-1.0.20200330.jar;C:\Users\Ekaterina\.gradle\caches\modules-2\files-2.1\net.java.dev.jna\jna\5.6.0\330f2244e9030119ab3030fc3fededc86713d9cc\jna-5.6.0.jar;C:\Users\Ekaterina\.gradle\caches\modules-2\files-2.1\org.jetbrains.kotlin\kotlin-stdlib-common\1.6.21\5e5b55c26dbc80372a920aef60eb774b714559b8\kotlin-stdlib-common-1.6.21.jar;C:\Users\Ekaterina\.gradle\caches\modules-2\files-2.1\org.jetbrains\annotations\13.0\919f0dfe192fb4e063e7dacadee7f8bb9a2672a9\annotations-13.0.jar
Launcher Type: SUN_STANDARD

[Global flags]
     intx CICompilerCount                          = 3                                         {product} {ergonomic}
     uint ConcGCThreads                            = 1                                         {product} {ergonomic}
     uint G1ConcRefinementThreads                  = 4                                         {product} {ergonomic}
   size_t G1HeapRegionSize                         = 1048576                                   {product} {ergonomic}
    uintx GCDrainStackTargetSize                   = 64                                        {product} {ergonomic}
   size_t InitialHeapSize                          = 201326592                                 {product} {ergonomic}
   size_t MarkStackSize                            = 4194304                                   {product} {ergonomic}
   size_t MaxHeapSize                              = 3198156800                                {product} {ergonomic}
   size_t MinHeapDeltaBytes                        = 1048576                                   {product} {ergonomic}
    uintx NonNMethodCodeHeapSize                   = 5830732                                {pd product} {ergonomic}
    uintx NonProfiledCodeHeapSize                  = 122913754                              {pd product} {ergonomic}
    uintx ProfiledCodeHeapSize                     = 122913754                              {pd product} {ergonomic}
    uintx ReservedCodeCacheSize                    = 251658240                              {pd product} {ergonomic}
     bool SegmentedCodeCache                       = true                                      {product} {ergonomic}
     bool UseCompressedClassPointers               = true                                 {lp64_product} {ergonomic}
     bool UseCompressedOops                        = true                                 {lp64_product} {ergonomic}
     bool UseG1GC                                  = true                                      {product} {ergonomic}
     bool UseLargePagesIndividualAllocation        = false                                  {pd product} {ergonomic}

Logging:
Log output configuration:
 #0: stdout all=warning uptime,level,tags
 #1: stderr all=off uptime,level,tags

Environment Variables:
PATH=C:\Windows\system32;C:\Windows;C:\Windows\System32\Wbem;C:\Windows\System32\WindowsPowerShell\v1.0\;C:\Program Files\Git\cmd;C:\Users\Ekaterina\AppData\Local\Microsoft\WindowsApps;;C:\Users\Ekaterina\AppData\Local\Programs\Microsoft VS Code\bin
USERNAME=Ekaterina
OS=Windows_NT
PROCESSOR_IDENTIFIER=Intel64 Family 6 Model 142 Stepping 9, GenuineIntel



---------------  S Y S T E M  ---------------

OS: Windows 10 , 64 bit Build 19041 (10.0.19041.1200)
OS uptime: 4 days 1:04 hours

CPU:total 4 (initial active 4) (2 cores per cpu, 2 threads per core) family 6 model 142 stepping 9 microcode 0xb4, cmov, cx8, fxsr, mmx, sse, sse2, sse3, ssse3, sse4.1, sse4.2, popcnt, avx, avx2, aes, clmul, erms, 3dnowpref, lzcnt, ht, tsc, tscinvbit, bmi1, bmi2, adx, fma

Memory: 4k page, system-wide physical 12197M (646M free)
TotalPageFile size 12197M (AvailPageFile size 57M)
current process WorkingSet (physical memory assigned to process): 9M, peak: 9M
current process commit charge ("private bytes"): 51M, peak: 243M

vm_info: OpenJDK 64-Bit Server VM (11.0.12+7-b1504.28-7817840) for windows-amd64 JRE (11.0.12+7-b1504.28-7817840), built on Oct 13 2021 22:12:33 by "builder" with MS VC++ 14.0 (VS2015)

END.
