#
# There is insufficient memory for the Java Runtime Environment to continue.
# Native memory allocation (malloc) failed to allocate 2313456 bytes for Chunk::new
# Possible reasons:
#   The system is out of physical RAM or swap space
#   The process is running with CompressedOops enabled, and the Java Heap may be blocking the growth of the native heap
# Possible solutions:
#   Reduce memory load on the system
#   Increase physical memory or swap space
#   Check if swap backing store is full
#   Decrease Java heap size (-Xmx/-Xms)
#   Decrease number of Java threads
#   Decrease Java thread stack sizes (-Xss)
#   Set larger code cache with -XX:ReservedCodeCacheSize=
#   JVM is running with Unscaled Compressed Oops mode in which the Java heap is
#     placed in the first 4GB address space. The Java Heap base address is the
#     maximum limit for the native heap growth. Please use -XX:HeapBaseMinAddress
#     to set the Java Heap base and to place the Java Heap above 4GB virtual address.
# This output file may be truncated or incomplete.
#
#  Out of Memory Error (./src/hotspot/share/memory/arena.cpp:197), pid=6928, tid=8272
#
# JRE version: OpenJDK Runtime Environment (11.0.12+7) (build 11.0.12+7-b1504.28-7817840)
# Java VM: OpenJDK 64-Bit Server VM (11.0.12+7-b1504.28-7817840, mixed mode, tiered, compressed oops, g1 gc, windows-amd64)
# No core dump will be written. Minidumps are not enabled by default on client versions of Windows
#

---------------  S U M M A R Y ------------

Command Line: --add-opens=java.base/java.util=ALL-UNNAMED --add-opens=java.base/java.lang=ALL-UNNAMED --add-opens=java.base/java.lang.invoke=ALL-UNNAMED --add-opens=java.base/java.util=ALL-UNNAMED --add-opens=java.prefs/java.util.prefs=ALL-UNNAMED --add-opens=java.prefs/java.util.prefs=ALL-UNNAMED --add-opens=java.base/java.nio.charset=ALL-UNNAMED --add-opens=java.base/java.net=ALL-UNNAMED --add-opens=java.base/java.util.concurrent.atomic=ALL-UNNAMED -Xmx2048m -Dfile.encoding=UTF-8 -Duser.country=RU -Duser.language=ru -Duser.variant org.gradle.launcher.daemon.bootstrap.GradleDaemon 7.3.3

Host: Intel(R) Core(TM) i3-7020U CPU @ 2.30GHz, 4 cores, 11G,  Windows 10 , 64 bit Build 19041 (10.0.19041.1200)
Time: Wed Jul  6 19:36:12 2022 RTZ 2 (зима) elapsed time: 13.266046 seconds (0d 0h 0m 13s)

---------------  T H R E A D  ---------------

Current thread (0x000001a30094d800):  JavaThread "C2 CompilerThread1" daemon [_thread_in_native, id=8272, stack(0x00000034be800000,0x00000034be900000)]


Current CompileTask:
C2:  13266 6579       4       org.objectweb.asm.SymbolTable::addConstantMemberReference (147 bytes)

Stack: [0x00000034be800000,0x00000034be900000]
Native frames: (J=compiled Java code, j=interpreted, Vv=VM code, C=native code)
V  [jvm.dll+0x5fbcea]
V  [jvm.dll+0x731905]
V  [jvm.dll+0x732f1d]
V  [jvm.dll+0x7335d3]
V  [jvm.dll+0x247bf8]
V  [jvm.dll+0xc018c]
V  [jvm.dll+0xc06cc]
V  [jvm.dll+0x35b31d]
V  [jvm.dll+0x328803]
V  [jvm.dll+0x327cfa]
V  [jvm.dll+0x200602]
V  [jvm.dll+0x1ff794]
V  [jvm.dll+0x18868c]
V  [jvm.dll+0x20e0d7]
V  [jvm.dll+0x20c901]
V  [jvm.dll+0x6f9b7f]
V  [jvm.dll+0x6f26a5]
V  [jvm.dll+0x5fabf6]
C  [ucrtbase.dll+0x21bb2]
C  [KERNEL32.DLL+0x17034]
C  [ntdll.dll+0x52651]


---------------  P R O C E S S  ---------------

Threads class SMR info:
_java_thread_list=0x000001a3028f5820, length=78, elements={
0x000001a36394b800, 0x000001a37dcff800, 0x000001a37dd02800, 0x000001a37e514800,
0x000001a37e516800, 0x000001a37e518000, 0x000001a37e519800, 0x000001a37e51e800,
0x000001a37e56e800, 0x000001a37e6b8000, 0x000001a300dbf800, 0x000001a301158800,
0x000001a302155800, 0x000001a30239a800, 0x000001a3001c7000, 0x000001a3017ed000,
0x000001a300f76000, 0x000001a301272000, 0x000001a3012e4800, 0x000001a3012e5000,
0x000001a3012e8800, 0x000001a3012e6000, 0x000001a3012e6800, 0x000001a3012e9000,
0x000001a3012e7800, 0x000001a3012ea000, 0x000001a3012eb000, 0x000001a3043f2800,
0x000001a3043f6800, 0x000001a3043f5000, 0x000001a3043f3800, 0x000001a3043f1800,
0x000001a3043f9000, 0x000001a3043f7800, 0x000001a3043f8000, 0x000001a3043fa000,
0x000001a30094d800, 0x000001a3043f4000, 0x000001a3043ff800, 0x000001a3043fe000,
0x000001a3043fe800, 0x000001a3043fb800, 0x000001a3043fc800, 0x000001a3043fd000,
0x000001a3043fa800, 0x000001a302c9c000, 0x000001a302c9c800, 0x000001a302c99800,
0x000001a302c9a800, 0x000001a302c9d800, 0x000001a302c9b000, 0x000001a302c98000,
0x000001a302c9e800, 0x000001a302c98800, 0x000001a302ca1000, 0x000001a302ca1800,
0x000001a302ca2800, 0x000001a302ca4000, 0x000001a302ca3000, 0x000001a302ca5000,
0x000001a302c9f000, 0x000001a302ca0000, 0x000001a302ca5800, 0x000001a302ca6800,
0x000001a304cd5000, 0x000001a304cd4800, 0x000001a304cd6000, 0x000001a304cd3800,
0x000001a304cd7000, 0x000001a304cd7800, 0x000001a304cd8800, 0x000001a304cd2800,
0x000001a304cde000, 0x000001a304cda000, 0x000001a304cdc800, 0x000001a304cdb000,
0x000001a304cdb800, 0x000001a304cdd800
}

Java Threads: ( => current thread )
  0x000001a36394b800 JavaThread "main" [_thread_blocked, id=1832, stack(0x00000034bca00000,0x00000034bcb00000)]
  0x000001a37dcff800 JavaThread "Reference Handler" daemon [_thread_blocked, id=2276, stack(0x00000034bd100000,0x00000034bd200000)]
  0x000001a37dd02800 JavaThread "Finalizer" daemon [_thread_blocked, id=68, stack(0x00000034bd200000,0x00000034bd300000)]
  0x000001a37e514800 JavaThread "Signal Dispatcher" daemon [_thread_blocked, id=5220, stack(0x00000034bd300000,0x00000034bd400000)]
  0x000001a37e516800 JavaThread "Attach Listener" daemon [_thread_blocked, id=8244, stack(0x00000034bd400000,0x00000034bd500000)]
  0x000001a37e518000 JavaThread "Service Thread" daemon [_thread_blocked, id=8776, stack(0x00000034bd500000,0x00000034bd600000)]
  0x000001a37e519800 JavaThread "C2 CompilerThread0" daemon [_thread_in_native, id=3652, stack(0x00000034bd600000,0x00000034bd700000)]
  0x000001a37e51e800 JavaThread "C1 CompilerThread0" daemon [_thread_blocked, id=2092, stack(0x00000034bd700000,0x00000034bd800000)]
  0x000001a37e56e800 JavaThread "Sweeper thread" daemon [_thread_blocked, id=300, stack(0x00000034bd800000,0x00000034bd900000)]
  0x000001a37e6b8000 JavaThread "Common-Cleaner" daemon [_thread_blocked, id=3380, stack(0x00000034bd900000,0x00000034bda00000)]
  0x000001a300dbf800 JavaThread "Daemon health stats" [_thread_blocked, id=3680, stack(0x00000034bdf00000,0x00000034be000000)]
  0x000001a301158800 JavaThread "Incoming local TCP Connector on port 55870" [_thread_in_native, id=7300, stack(0x00000034bdb00000,0x00000034bdc00000)]
  0x000001a302155800 JavaThread "Daemon periodic checks" [_thread_blocked, id=4360, stack(0x00000034be000000,0x00000034be100000)]
  0x000001a30239a800 JavaThread "Daemon" [_thread_blocked, id=72, stack(0x00000034be100000,0x00000034be200000)]
  0x000001a3001c7000 JavaThread "Handler for socket connection from /127.0.0.1:55870 to /127.0.0.1:55871" [_thread_in_native, id=8660, stack(0x00000034be200000,0x00000034be300000)]
  0x000001a3017ed000 JavaThread "Cancel handler" [_thread_blocked, id=6868, stack(0x00000034be300000,0x00000034be400000)]
  0x000001a300f76000 JavaThread "Daemon worker" [_thread_in_Java, id=3356, stack(0x00000034be400000,0x00000034be500000)]
  0x000001a301272000 JavaThread "Asynchronous log dispatcher for DefaultDaemonConnection: socket connection from /127.0.0.1:55870 to /127.0.0.1:55871" [_thread_blocked, id=6376, stack(0x00000034be500000,0x00000034be600000)]
  0x000001a3012e4800 JavaThread "Stdin handler" [_thread_blocked, id=8688, stack(0x00000034be600000,0x00000034be700000)]
  0x000001a3012e5000 JavaThread "Daemon client event forwarder" [_thread_blocked, id=5952, stack(0x00000034be700000,0x00000034be800000)]
  0x000001a3012e8800 JavaThread "Cache worker for journal cache (C:\Users\Ekaterina\.gradle\caches\journal-1)" [_thread_blocked, id=3748, stack(0x00000034be900000,0x00000034bea00000)]
  0x000001a3012e6000 JavaThread "File lock request listener" [_thread_in_native, id=3728, stack(0x00000034bea00000,0x00000034beb00000)]
  0x000001a3012e6800 JavaThread "Cache worker for file hash cache (C:\Users\Ekaterina\.gradle\caches\7.3.3\fileHashes)" [_thread_blocked, id=8124, stack(0x00000034beb00000,0x00000034bec00000)]
  0x000001a3012e9000 JavaThread "Cache worker for file hash cache (C:\Projects\Andriod\NMedia\.gradle\7.3.3\fileHashes)" [_thread_blocked, id=8980, stack(0x00000034bec00000,0x00000034bed00000)]
  0x000001a3012e7800 JavaThread "File watcher server" daemon [_thread_in_native, id=7140, stack(0x00000034bed00000,0x00000034bee00000)]
  0x000001a3012ea000 JavaThread "File watcher consumer" daemon [_thread_blocked, id=4136, stack(0x00000034bee00000,0x00000034bef00000)]
  0x000001a3012eb000 JavaThread "Cache worker for checksums cache (C:\Projects\Andriod\NMedia\.gradle\7.3.3\checksums)" [_thread_blocked, id=5080, stack(0x00000034bef00000,0x00000034bf000000)]
  0x000001a3043f2800 JavaThread "Cache worker for cache directory md-supplier (C:\Users\Ekaterina\.gradle\caches\7.3.3\md-supplier)" [_thread_blocked, id=768, stack(0x00000034bf000000,0x00000034bf100000)]
  0x000001a3043f6800 JavaThread "Cache worker for cache directory md-rule (C:\Users\Ekaterina\.gradle\caches\7.3.3\md-rule)" [_thread_blocked, id=10100, stack(0x00000034bf100000,0x00000034bf200000)]
  0x000001a3043f5000 JavaThread "Cache worker for execution history cache (C:\Users\Ekaterina\.gradle\caches\7.3.3\executionHistory)" [_thread_blocked, id=9856, stack(0x00000034bf200000,0x00000034bf300000)]
  0x000001a3043f3800 JavaThread "jar transforms" [_thread_blocked, id=9108, stack(0x00000034bf300000,0x00000034bf400000)]
  0x000001a3043f1800 JavaThread "Cache worker for file content cache (C:\Users\Ekaterina\.gradle\caches\7.3.3\fileContent)" [_thread_blocked, id=3916, stack(0x00000034bf400000,0x00000034bf500000)]
  0x000001a3043f9000 JavaThread "jar transforms Thread 2" [_thread_blocked, id=4440, stack(0x00000034bf500000,0x00000034bf600000)]
  0x000001a3043f7800 JavaThread "Cache worker for dependencies-accessors (C:\Projects\Andriod\NMedia\.gradle\7.3.3\dependencies-accessors)" [_thread_blocked, id=6016, stack(0x00000034bf600000,0x00000034bf700000)]
  0x000001a3043f8000 JavaThread "jar transforms Thread 3" [_thread_blocked, id=5932, stack(0x00000034bf700000,0x00000034bf800000)]
  0x000001a3043fa000 JavaThread "Cache worker for Build Output Cleanup Cache (C:\Projects\Andriod\NMedia\.gradle\buildOutputCleanup)" [_thread_blocked, id=7360, stack(0x00000034bf800000,0x00000034bf900000)]
=>0x000001a30094d800 JavaThread "C2 CompilerThread1" daemon [_thread_in_native, id=8272, stack(0x00000034be800000,0x00000034be900000)]
  0x000001a3043f4000 JavaThread "Unconstrained build operations" [_thread_blocked, id=6772, stack(0x00000034bfa00000,0x00000034bfb00000)]
  0x000001a3043ff800 JavaThread "Unconstrained build operations Thread 2" [_thread_blocked, id=804, stack(0x00000034bfb00000,0x00000034bfc00000)]
  0x000001a3043fe000 JavaThread "Unconstrained build operations Thread 3" [_thread_blocked, id=5824, stack(0x00000034bfc00000,0x00000034bfd00000)]
  0x000001a3043fe800 JavaThread "Unconstrained build operations Thread 4" [_thread_blocked, id=4396, stack(0x00000034bfd00000,0x00000034bfe00000)]
  0x000001a3043fb800 JavaThread "Unconstrained build operations Thread 5" [_thread_blocked, id=9592, stack(0x00000034bfe00000,0x00000034bff00000)]
  0x000001a3043fc800 JavaThread "Unconstrained build operations Thread 6" [_thread_blocked, id=3364, stack(0x00000034bff00000,0x00000034c0000000)]
  0x000001a3043fd000 JavaThread "Unconstrained build operations Thread 7" [_thread_blocked, id=8484, stack(0x00000034c0000000,0x00000034c0100000)]
  0x000001a3043fa800 JavaThread "Unconstrained build operations Thread 8" [_thread_blocked, id=7192, stack(0x00000034c0100000,0x00000034c0200000)]
  0x000001a302c9c000 JavaThread "Unconstrained build operations Thread 9" [_thread_blocked, id=8924, stack(0x00000034c0200000,0x00000034c0300000)]
  0x000001a302c9c800 JavaThread "Unconstrained build operations Thread 10" [_thread_blocked, id=8464, stack(0x00000034c0300000,0x00000034c0400000)]
  0x000001a302c99800 JavaThread "Unconstrained build operations Thread 11" [_thread_blocked, id=8076, stack(0x00000034c0400000,0x00000034c0500000)]
  0x000001a302c9a800 JavaThread "Unconstrained build operations Thread 12" [_thread_blocked, id=6424, stack(0x00000034c0500000,0x00000034c0600000)]
  0x000001a302c9d800 JavaThread "Unconstrained build operations Thread 13" [_thread_blocked, id=2288, stack(0x00000034c0600000,0x00000034c0700000)]
  0x000001a302c9b000 JavaThread "Unconstrained build operations Thread 14" [_thread_blocked, id=4732, stack(0x00000034c0700000,0x00000034c0800000)]
  0x000001a302c98000 JavaThread "Unconstrained build operations Thread 15" [_thread_blocked, id=7572, stack(0x00000034c0800000,0x00000034c0900000)]
  0x000001a302c9e800 JavaThread "Unconstrained build operations Thread 16" [_thread_blocked, id=892, stack(0x00000034c0900000,0x00000034c0a00000)]
  0x000001a302c98800 JavaThread "Unconstrained build operations Thread 17" [_thread_blocked, id=3272, stack(0x00000034c0a00000,0x00000034c0b00000)]
  0x000001a302ca1000 JavaThread "Unconstrained build operations Thread 18" [_thread_blocked, id=3548, stack(0x00000034c0b00000,0x00000034c0c00000)]
  0x000001a302ca1800 JavaThread "Unconstrained build operations Thread 19" [_thread_blocked, id=2816, stack(0x00000034c0c00000,0x00000034c0d00000)]
  0x000001a302ca2800 JavaThread "Unconstrained build operations Thread 20" [_thread_blocked, id=856, stack(0x00000034c0d00000,0x00000034c0e00000)]
  0x000001a302ca4000 JavaThread "Unconstrained build operations Thread 21" [_thread_blocked, id=7460, stack(0x00000034c0e00000,0x00000034c0f00000)]
  0x000001a302ca3000 JavaThread "Unconstrained build operations Thread 22" [_thread_blocked, id=6024, stack(0x00000034c0f00000,0x00000034c1000000)]
  0x000001a302ca5000 JavaThread "Unconstrained build operations Thread 23" [_thread_blocked, id=5616, stack(0x00000034c1000000,0x00000034c1100000)]
  0x000001a302c9f000 JavaThread "Unconstrained build operations Thread 24" [_thread_blocked, id=8136, stack(0x00000034c1100000,0x00000034c1200000)]
  0x000001a302ca0000 JavaThread "Unconstrained build operations Thread 25" [_thread_blocked, id=1372, stack(0x00000034c1200000,0x00000034c1300000)]
  0x000001a302ca5800 JavaThread "Unconstrained build operations Thread 26" [_thread_blocked, id=2864, stack(0x00000034c1300000,0x00000034c1400000)]
  0x000001a302ca6800 JavaThread "Unconstrained build operations Thread 27" [_thread_blocked, id=2324, stack(0x00000034c1400000,0x00000034c1500000)]
  0x000001a304cd5000 JavaThread "Unconstrained build operations Thread 28" [_thread_blocked, id=6256, stack(0x00000034c1500000,0x00000034c1600000)]
  0x000001a304cd4800 JavaThread "Unconstrained build operations Thread 29" [_thread_blocked, id=4748, stack(0x00000034c1600000,0x00000034c1700000)]
  0x000001a304cd6000 JavaThread "Unconstrained build operations Thread 30" [_thread_blocked, id=4644, stack(0x00000034c1700000,0x00000034c1800000)]
  0x000001a304cd3800 JavaThread "Unconstrained build operations Thread 31" [_thread_blocked, id=7380, stack(0x00000034c1800000,0x00000034c1900000)]
  0x000001a304cd7000 JavaThread "Unconstrained build operations Thread 32" [_thread_blocked, id=6484, stack(0x00000034c1900000,0x00000034c1a00000)]
  0x000001a304cd7800 JavaThread "Unconstrained build operations Thread 33" [_thread_blocked, id=3008, stack(0x00000034c1a00000,0x00000034c1b00000)]
  0x000001a304cd8800 JavaThread "Unconstrained build operations Thread 34" [_thread_blocked, id=5700, stack(0x00000034c1b00000,0x00000034c1c00000)]
  0x000001a304cd2800 JavaThread "Unconstrained build operations Thread 35" [_thread_blocked, id=3956, stack(0x00000034c1c00000,0x00000034c1d00000)]
  0x000001a304cde000 JavaThread "Unconstrained build operations Thread 36" [_thread_blocked, id=6100, stack(0x00000034c1d00000,0x00000034c1e00000)]
  0x000001a304cda000 JavaThread "Unconstrained build operations Thread 37" [_thread_blocked, id=10140, stack(0x00000034c1e00000,0x00000034c1f00000)]
  0x000001a304cdc800 JavaThread "Unconstrained build operations Thread 38" [_thread_blocked, id=3992, stack(0x00000034c1f00000,0x00000034c2000000)]
  0x000001a304cdb000 JavaThread "Unconstrained build operations Thread 39" [_thread_blocked, id=4760, stack(0x00000034c2000000,0x00000034c2100000)]
  0x000001a304cdb800 JavaThread "Unconstrained build operations Thread 40" [_thread_blocked, id=6356, stack(0x00000034c2100000,0x00000034c2200000)]
  0x000001a304cdd800 JavaThread "jar transforms Thread 4" [_thread_blocked, id=2932, stack(0x00000034c2200000,0x00000034c2300000)]

Other Threads:
  0x000001a37dce9000 VMThread "VM Thread" [stack: 0x00000034bd000000,0x00000034bd100000] [id=4404]
  0x000001a37e6e1800 WatcherThread [stack: 0x00000034bda00000,0x00000034bdb00000] [id=8112]
  0x000001a363963800 GCTaskThread "GC Thread#0" [stack: 0x00000034bcb00000,0x00000034bcc00000] [id=220]
  0x000001a37ed49800 GCTaskThread "GC Thread#1" [stack: 0x00000034bdc00000,0x00000034bdd00000] [id=1328]
  0x000001a30006a800 GCTaskThread "GC Thread#2" [stack: 0x00000034bdd00000,0x00000034bde00000] [id=3780]
  0x000001a30006b800 GCTaskThread "GC Thread#3" [stack: 0x00000034bde00000,0x00000034bdf00000] [id=3996]
  0x000001a363995800 ConcurrentGCThread "G1 Main Marker" [stack: 0x00000034bcc00000,0x00000034bcd00000] [id=1420]
  0x000001a363997000 ConcurrentGCThread "G1 Conc#0" [stack: 0x00000034bcd00000,0x00000034bce00000] [id=5552]
  0x000001a37db3e800 ConcurrentGCThread "G1 Refine#0" [stack: 0x00000034bce00000,0x00000034bcf00000] [id=5548]
  0x000001a363a2e000 ConcurrentGCThread "G1 Young RemSet Sampling" [stack: 0x00000034bcf00000,0x00000034bd000000] [id=6036]

Threads with active compile tasks:
C2 CompilerThread0  13288 6597       4       java.nio.ByteBuffer::limit (8 bytes)
C2 CompilerThread1  13288 6579       4       org.objectweb.asm.SymbolTable::addConstantMemberReference (147 bytes)

VM state:not at safepoint (normal execution)

VM Mutex/Monitor currently owned by a thread: None

Heap address: 0x0000000080000000, size: 2048 MB, Compressed Oops mode: 32-bit
Narrow klass base: 0x0000000000000000, Narrow klass shift: 3
Compressed class space size: 1073741824 Address: 0x0000000100000000

Heap:
 garbage-first heap   total 236544K, used 72955K [0x0000000080000000, 0x0000000100000000)
  region size 1024K, 32 young (32768K), 13 survivors (13312K)
 Metaspace       used 60914K, capacity 62412K, committed 62500K, reserved 1103872K
  class space    used 7710K, capacity 8272K, committed 8320K, reserved 1048576K
Heap Regions: E=young(eden), S=young(survivor), O=old, HS=humongous(starts), HC=humongous(continues), CS=collection set, F=free, A=archive, TAMS=top-at-mark-start (previous, next)
|   0|0x0000000080000000, 0x0000000080100000, 0x0000000080100000|100%| O|  |TAMS 0x0000000080100000, 0x0000000080000000| Untracked 
|   1|0x0000000080100000, 0x0000000080200000, 0x0000000080200000|100%| O|  |TAMS 0x0000000080200000, 0x0000000080100000| Untracked 
|   2|0x0000000080200000, 0x0000000080300000, 0x0000000080300000|100%| O|  |TAMS 0x0000000080300000, 0x0000000080200000| Untracked 
|   3|0x0000000080300000, 0x0000000080400000, 0x0000000080400000|100%|HS|  |TAMS 0x0000000080400000, 0x0000000080300000| Complete 
|   4|0x0000000080400000, 0x0000000080500000, 0x0000000080500000|100%|HC|  |TAMS 0x0000000080500000, 0x0000000080400000| Complete 
|   5|0x0000000080500000, 0x0000000080600000, 0x0000000080600000|100%|HC|  |TAMS 0x0000000080600000, 0x0000000080500000| Complete 
|   6|0x0000000080600000, 0x0000000080700000, 0x0000000080700000|100%| O|  |TAMS 0x0000000080700000, 0x0000000080600000| Untracked 
|   7|0x0000000080700000, 0x0000000080800000, 0x0000000080800000|100%| O|  |TAMS 0x0000000080800000, 0x0000000080700000| Untracked 
|   8|0x0000000080800000, 0x0000000080900000, 0x0000000080900000|100%| O|  |TAMS 0x0000000080900000, 0x0000000080800000| Untracked 
|   9|0x0000000080900000, 0x0000000080a00000, 0x0000000080a00000|100%| O|  |TAMS 0x0000000080a00000, 0x0000000080900000| Untracked 
|  10|0x0000000080a00000, 0x0000000080b00000, 0x0000000080b00000|100%| O|  |TAMS 0x0000000080b00000, 0x0000000080a00000| Untracked 
|  11|0x0000000080b00000, 0x0000000080c00000, 0x0000000080c00000|100%| O|  |TAMS 0x0000000080c00000, 0x0000000080b00000| Untracked 
|  12|0x0000000080c00000, 0x0000000080d00000, 0x0000000080d00000|100%| O|  |TAMS 0x0000000080d00000, 0x0000000080c00000| Untracked 
|  13|0x0000000080d00000, 0x0000000080e00000, 0x0000000080e00000|100%| O|  |TAMS 0x0000000080e00000, 0x0000000080d00000| Untracked 
|  14|0x0000000080e00000, 0x0000000080f00000, 0x0000000080f00000|100%| O|  |TAMS 0x0000000080f00000, 0x0000000080e00000| Untracked 
|  15|0x0000000080f00000, 0x0000000081000000, 0x0000000081000000|100%| O|  |TAMS 0x0000000081000000, 0x0000000080f00000| Untracked 
|  16|0x0000000081000000, 0x0000000081100000, 0x0000000081100000|100%| O|  |TAMS 0x0000000081100000, 0x0000000081000000| Untracked 
|  17|0x0000000081100000, 0x0000000081200000, 0x0000000081200000|100%| O|  |TAMS 0x0000000081200000, 0x0000000081100000| Untracked 
|  18|0x0000000081200000, 0x0000000081300000, 0x0000000081300000|100%| O|  |TAMS 0x0000000081300000, 0x0000000081200000| Untracked 
|  19|0x0000000081300000, 0x0000000081400000, 0x0000000081400000|100%| O|  |TAMS 0x0000000081400000, 0x0000000081300000| Untracked 
|  20|0x0000000081400000, 0x0000000081500000, 0x0000000081500000|100%| O|  |TAMS 0x0000000081500000, 0x0000000081400000| Untracked 
|  21|0x0000000081500000, 0x0000000081600000, 0x0000000081600000|100%| O|  |TAMS 0x0000000081600000, 0x0000000081500000| Untracked 
|  22|0x0000000081600000, 0x0000000081700000, 0x0000000081700000|100%| O|  |TAMS 0x0000000081700000, 0x0000000081600000| Untracked 
|  23|0x0000000081700000, 0x0000000081800000, 0x0000000081800000|100%| O|  |TAMS 0x0000000081800000, 0x0000000081700000| Untracked 
|  24|0x0000000081800000, 0x0000000081900000, 0x0000000081900000|100%| O|  |TAMS 0x0000000081900000, 0x0000000081800000| Untracked 
|  25|0x0000000081900000, 0x0000000081a00000, 0x0000000081a00000|100%| O|  |TAMS 0x0000000081a00000, 0x0000000081900000| Untracked 
|  26|0x0000000081a00000, 0x0000000081b00000, 0x0000000081b00000|100%| O|  |TAMS 0x0000000081b00000, 0x0000000081a00000| Untracked 
|  27|0x0000000081b00000, 0x0000000081c00000, 0x0000000081c00000|100%| O|  |TAMS 0x0000000081c00000, 0x0000000081b00000| Untracked 
|  28|0x0000000081c00000, 0x0000000081d00000, 0x0000000081d00000|100%| O|  |TAMS 0x0000000081d00000, 0x0000000081c00000| Untracked 
|  29|0x0000000081d00000, 0x0000000081e00000, 0x0000000081e00000|100%|HS|  |TAMS 0x0000000081e00000, 0x0000000081d00000| Complete 
|  30|0x0000000081e00000, 0x0000000081f00000, 0x0000000081f00000|100%|HS|  |TAMS 0x0000000081f00000, 0x0000000081e00000| Complete 
|  31|0x0000000081f00000, 0x0000000082000000, 0x0000000082000000|100%|HS|  |TAMS 0x0000000082000000, 0x0000000081f00000| Complete 
|  32|0x0000000082000000, 0x0000000082100000, 0x0000000082100000|100%|HS|  |TAMS 0x0000000082100000, 0x0000000082000000| Complete 
|  33|0x0000000082100000, 0x0000000082200000, 0x0000000082200000|100%|HC|  |TAMS 0x0000000082200000, 0x0000000082100000| Complete 
|  34|0x0000000082200000, 0x0000000082300000, 0x0000000082300000|100%|HC|  |TAMS 0x0000000082300000, 0x0000000082200000| Complete 
|  35|0x0000000082300000, 0x0000000082400000, 0x0000000082400000|100%|HS|  |TAMS 0x0000000082400000, 0x0000000082300000| Complete 
|  36|0x0000000082400000, 0x0000000082500000, 0x0000000082500000|100%|HC|  |TAMS 0x0000000082500000, 0x0000000082400000| Complete 
|  37|0x0000000082500000, 0x0000000082600000, 0x0000000082600000|100%| O|  |TAMS 0x0000000082600000, 0x0000000082500000| Untracked 
|  38|0x0000000082600000, 0x0000000082700000, 0x0000000082700000|100%| O|  |TAMS 0x0000000082700000, 0x0000000082600000| Untracked 
|  39|0x0000000082700000, 0x0000000082800000, 0x0000000082800000|100%| O|  |TAMS 0x0000000082800000, 0x0000000082700000| Untracked 
|  40|0x0000000082800000, 0x000000008283ee00, 0x0000000082900000| 24%| O|  |TAMS 0x000000008283ee00, 0x0000000082800000| Untracked 
|  41|0x0000000082900000, 0x0000000082900000, 0x0000000082a00000|  0%| F|  |TAMS 0x0000000082900000, 0x0000000082900000| Untracked 
|  42|0x0000000082a00000, 0x0000000082a00000, 0x0000000082b00000|  0%| F|  |TAMS 0x0000000082a00000, 0x0000000082a00000| Untracked 
|  43|0x0000000082b00000, 0x0000000082b00000, 0x0000000082c00000|  0%| F|  |TAMS 0x0000000082b00000, 0x0000000082b00000| Untracked 
|  44|0x0000000082c00000, 0x0000000082c00000, 0x0000000082d00000|  0%| F|  |TAMS 0x0000000082c00000, 0x0000000082c00000| Untracked 
|  45|0x0000000082d00000, 0x0000000082d00000, 0x0000000082e00000|  0%| F|  |TAMS 0x0000000082d00000, 0x0000000082d00000| Untracked 
|  46|0x0000000082e00000, 0x0000000082e00000, 0x0000000082f00000|  0%| F|  |TAMS 0x0000000082e00000, 0x0000000082e00000| Untracked 
|  47|0x0000000082f00000, 0x0000000082f00000, 0x0000000083000000|  0%| F|  |TAMS 0x0000000082f00000, 0x0000000082f00000| Untracked 
|  48|0x0000000083000000, 0x0000000083000000, 0x0000000083100000|  0%| F|  |TAMS 0x0000000083000000, 0x0000000083000000| Untracked 
|  49|0x0000000083100000, 0x0000000083100000, 0x0000000083200000|  0%| F|  |TAMS 0x0000000083100000, 0x0000000083100000| Untracked 
|  50|0x0000000083200000, 0x0000000083200000, 0x0000000083300000|  0%| F|  |TAMS 0x0000000083200000, 0x0000000083200000| Untracked 
|  51|0x0000000083300000, 0x0000000083300000, 0x0000000083400000|  0%| F|  |TAMS 0x0000000083300000, 0x0000000083300000| Untracked 
|  52|0x0000000083400000, 0x0000000083400000, 0x0000000083500000|  0%| F|  |TAMS 0x0000000083400000, 0x0000000083400000| Untracked 
|  53|0x0000000083500000, 0x0000000083500000, 0x0000000083600000|  0%| F|  |TAMS 0x0000000083500000, 0x0000000083500000| Untracked 
|  54|0x0000000083600000, 0x0000000083600000, 0x0000000083700000|  0%| F|  |TAMS 0x0000000083600000, 0x0000000083600000| Untracked 
|  55|0x0000000083700000, 0x0000000083700000, 0x0000000083800000|  0%| F|  |TAMS 0x0000000083700000, 0x0000000083700000| Untracked 
|  56|0x0000000083800000, 0x0000000083800000, 0x0000000083900000|  0%| F|  |TAMS 0x0000000083800000, 0x0000000083800000| Untracked 
|  57|0x0000000083900000, 0x0000000083900000, 0x0000000083a00000|  0%| F|  |TAMS 0x0000000083900000, 0x0000000083900000| Untracked 
|  58|0x0000000083a00000, 0x0000000083a00000, 0x0000000083b00000|  0%| F|  |TAMS 0x0000000083a00000, 0x0000000083a00000| Untracked 
|  59|0x0000000083b00000, 0x0000000083b00000, 0x0000000083c00000|  0%| F|  |TAMS 0x0000000083b00000, 0x0000000083b00000| Untracked 
|  60|0x0000000083c00000, 0x0000000083c00000, 0x0000000083d00000|  0%| F|  |TAMS 0x0000000083c00000, 0x0000000083c00000| Untracked 
|  61|0x0000000083d00000, 0x0000000083d00000, 0x0000000083e00000|  0%| F|  |TAMS 0x0000000083d00000, 0x0000000083d00000| Untracked 
|  62|0x0000000083e00000, 0x0000000083e00000, 0x0000000083f00000|  0%| F|  |TAMS 0x0000000083e00000, 0x0000000083e00000| Untracked 
|  63|0x0000000083f00000, 0x0000000083f00000, 0x0000000084000000|  0%| F|  |TAMS 0x0000000083f00000, 0x0000000083f00000| Untracked 
|  64|0x0000000084000000, 0x0000000084000000, 0x0000000084100000|  0%| F|  |TAMS 0x0000000084000000, 0x0000000084000000| Untracked 
|  65|0x0000000084100000, 0x0000000084100000, 0x0000000084200000|  0%| F|  |TAMS 0x0000000084100000, 0x0000000084100000| Untracked 
|  66|0x0000000084200000, 0x0000000084200000, 0x0000000084300000|  0%| F|  |TAMS 0x0000000084200000, 0x0000000084200000| Untracked 
|  67|0x0000000084300000, 0x0000000084300000, 0x0000000084400000|  0%| F|  |TAMS 0x0000000084300000, 0x0000000084300000| Untracked 
|  68|0x0000000084400000, 0x0000000084400000, 0x0000000084500000|  0%| F|  |TAMS 0x0000000084400000, 0x0000000084400000| Untracked 
|  69|0x0000000084500000, 0x0000000084500000, 0x0000000084600000|  0%| F|  |TAMS 0x0000000084500000, 0x0000000084500000| Untracked 
|  70|0x0000000084600000, 0x0000000084600000, 0x0000000084700000|  0%| F|  |TAMS 0x0000000084600000, 0x0000000084600000| Untracked 
|  71|0x0000000084700000, 0x0000000084700000, 0x0000000084800000|  0%| F|  |TAMS 0x0000000084700000, 0x0000000084700000| Untracked 
|  72|0x0000000084800000, 0x0000000084800000, 0x0000000084900000|  0%| F|  |TAMS 0x0000000084800000, 0x0000000084800000| Untracked 
|  73|0x0000000084900000, 0x0000000084900000, 0x0000000084a00000|  0%| F|  |TAMS 0x0000000084900000, 0x0000000084900000| Untracked 
|  74|0x0000000084a00000, 0x0000000084a00000, 0x0000000084b00000|  0%| F|  |TAMS 0x0000000084a00000, 0x0000000084a00000| Untracked 
|  75|0x0000000084b00000, 0x0000000084b00000, 0x0000000084c00000|  0%| F|  |TAMS 0x0000000084b00000, 0x0000000084b00000| Untracked 
|  76|0x0000000084c00000, 0x0000000084c00000, 0x0000000084d00000|  0%| F|  |TAMS 0x0000000084c00000, 0x0000000084c00000| Untracked 
|  77|0x0000000084d00000, 0x0000000084d00000, 0x0000000084e00000|  0%| F|  |TAMS 0x0000000084d00000, 0x0000000084d00000| Untracked 
|  78|0x0000000084e00000, 0x0000000084e00000, 0x0000000084f00000|  0%| F|  |TAMS 0x0000000084e00000, 0x0000000084e00000| Untracked 
|  79|0x0000000084f00000, 0x0000000084f00000, 0x0000000085000000|  0%| F|  |TAMS 0x0000000084f00000, 0x0000000084f00000| Untracked 
|  80|0x0000000085000000, 0x0000000085000000, 0x0000000085100000|  0%| F|  |TAMS 0x0000000085000000, 0x0000000085000000| Untracked 
|  81|0x0000000085100000, 0x0000000085100000, 0x0000000085200000|  0%| F|  |TAMS 0x0000000085100000, 0x0000000085100000| Untracked 
|  82|0x0000000085200000, 0x0000000085200000, 0x0000000085300000|  0%| F|  |TAMS 0x0000000085200000, 0x0000000085200000| Untracked 
|  83|0x0000000085300000, 0x0000000085300000, 0x0000000085400000|  0%| F|  |TAMS 0x0000000085300000, 0x0000000085300000| Untracked 
|  84|0x0000000085400000, 0x0000000085400000, 0x0000000085500000|  0%| F|  |TAMS 0x0000000085400000, 0x0000000085400000| Untracked 
|  85|0x0000000085500000, 0x0000000085500000, 0x0000000085600000|  0%| F|  |TAMS 0x0000000085500000, 0x0000000085500000| Untracked 
|  86|0x0000000085600000, 0x0000000085600000, 0x0000000085700000|  0%| F|  |TAMS 0x0000000085600000, 0x0000000085600000| Untracked 
|  87|0x0000000085700000, 0x0000000085700000, 0x0000000085800000|  0%| F|  |TAMS 0x0000000085700000, 0x0000000085700000| Untracked 
|  88|0x0000000085800000, 0x0000000085800000, 0x0000000085900000|  0%| F|  |TAMS 0x0000000085800000, 0x0000000085800000| Untracked 
|  89|0x0000000085900000, 0x0000000085900000, 0x0000000085a00000|  0%| F|  |TAMS 0x0000000085900000, 0x0000000085900000| Untracked 
|  90|0x0000000085a00000, 0x0000000085a00000, 0x0000000085b00000|  0%| F|  |TAMS 0x0000000085a00000, 0x0000000085a00000| Untracked 
|  91|0x0000000085b00000, 0x0000000085b00000, 0x0000000085c00000|  0%| F|  |TAMS 0x0000000085b00000, 0x0000000085b00000| Untracked 
|  92|0x0000000085c00000, 0x0000000085c00000, 0x0000000085d00000|  0%| F|  |TAMS 0x0000000085c00000, 0x0000000085c00000| Untracked 
|  93|0x0000000085d00000, 0x0000000085d00000, 0x0000000085e00000|  0%| F|  |TAMS 0x0000000085d00000, 0x0000000085d00000| Untracked 
|  94|0x0000000085e00000, 0x0000000085e00000, 0x0000000085f00000|  0%| F|  |TAMS 0x0000000085e00000, 0x0000000085e00000| Untracked 
|  95|0x0000000085f00000, 0x0000000085f00000, 0x0000000086000000|  0%| F|  |TAMS 0x0000000085f00000, 0x0000000085f00000| Untracked 
|  96|0x0000000086000000, 0x0000000086000000, 0x0000000086100000|  0%| F|  |TAMS 0x0000000086000000, 0x0000000086000000| Untracked 
|  97|0x0000000086100000, 0x0000000086100000, 0x0000000086200000|  0%| F|  |TAMS 0x0000000086100000, 0x0000000086100000| Untracked 
|  98|0x0000000086200000, 0x0000000086200000, 0x0000000086300000|  0%| F|  |TAMS 0x0000000086200000, 0x0000000086200000| Untracked 
|  99|0x0000000086300000, 0x0000000086300000, 0x0000000086400000|  0%| F|  |TAMS 0x0000000086300000, 0x0000000086300000| Untracked 
| 100|0x0000000086400000, 0x0000000086400000, 0x0000000086500000|  0%| F|  |TAMS 0x0000000086400000, 0x0000000086400000| Untracked 
| 101|0x0000000086500000, 0x0000000086500000, 0x0000000086600000|  0%| F|  |TAMS 0x0000000086500000, 0x0000000086500000| Untracked 
| 102|0x0000000086600000, 0x0000000086600000, 0x0000000086700000|  0%| F|  |TAMS 0x0000000086600000, 0x0000000086600000| Untracked 
| 103|0x0000000086700000, 0x0000000086700000, 0x0000000086800000|  0%| F|  |TAMS 0x0000000086700000, 0x0000000086700000| Untracked 
| 104|0x0000000086800000, 0x0000000086800000, 0x0000000086900000|  0%| F|  |TAMS 0x0000000086800000, 0x0000000086800000| Untracked 
| 105|0x0000000086900000, 0x0000000086900000, 0x0000000086a00000|  0%| F|  |TAMS 0x0000000086900000, 0x0000000086900000| Untracked 
| 106|0x0000000086a00000, 0x0000000086a00000, 0x0000000086b00000|  0%| F|  |TAMS 0x0000000086a00000, 0x0000000086a00000| Untracked 
| 107|0x0000000086b00000, 0x0000000086b00000, 0x0000000086c00000|  0%| F|  |TAMS 0x0000000086b00000, 0x0000000086b00000| Untracked 
| 108|0x0000000086c00000, 0x0000000086c00000, 0x0000000086d00000|  0%| F|  |TAMS 0x0000000086c00000, 0x0000000086c00000| Untracked 
| 109|0x0000000086d00000, 0x0000000086d00000, 0x0000000086e00000|  0%| F|  |TAMS 0x0000000086d00000, 0x0000000086d00000| Untracked 
| 110|0x0000000086e00000, 0x0000000086e00000, 0x0000000086f00000|  0%| F|  |TAMS 0x0000000086e00000, 0x0000000086e00000| Untracked 
| 111|0x0000000086f00000, 0x0000000086f00000, 0x0000000087000000|  0%| F|  |TAMS 0x0000000086f00000, 0x0000000086f00000| Untracked 
| 112|0x0000000087000000, 0x0000000087000000, 0x0000000087100000|  0%| F|  |TAMS 0x0000000087000000, 0x0000000087000000| Untracked 
| 113|0x0000000087100000, 0x0000000087100000, 0x0000000087200000|  0%| F|  |TAMS 0x0000000087100000, 0x0000000087100000| Untracked 
| 114|0x0000000087200000, 0x0000000087200000, 0x0000000087300000|  0%| F|  |TAMS 0x0000000087200000, 0x0000000087200000| Untracked 
| 115|0x0000000087300000, 0x0000000087300000, 0x0000000087400000|  0%| F|  |TAMS 0x0000000087300000, 0x0000000087300000| Untracked 
| 116|0x0000000087400000, 0x0000000087400000, 0x0000000087500000|  0%| F|  |TAMS 0x0000000087400000, 0x0000000087400000| Untracked 
| 117|0x0000000087500000, 0x0000000087500000, 0x0000000087600000|  0%| F|  |TAMS 0x0000000087500000, 0x0000000087500000| Untracked 
| 118|0x0000000087600000, 0x0000000087600000, 0x0000000087700000|  0%| F|  |TAMS 0x0000000087600000, 0x0000000087600000| Untracked 
| 119|0x0000000087700000, 0x0000000087700000, 0x0000000087800000|  0%| F|  |TAMS 0x0000000087700000, 0x0000000087700000| Untracked 
| 120|0x0000000087800000, 0x0000000087800000, 0x0000000087900000|  0%| F|  |TAMS 0x0000000087800000, 0x0000000087800000| Untracked 
| 121|0x0000000087900000, 0x0000000087900000, 0x0000000087a00000|  0%| F|  |TAMS 0x0000000087900000, 0x0000000087900000| Untracked 
| 122|0x0000000087a00000, 0x0000000087a00000, 0x0000000087b00000|  0%| F|  |TAMS 0x0000000087a00000, 0x0000000087a00000| Untracked 
| 123|0x0000000087b00000, 0x0000000087b00000, 0x0000000087c00000|  0%| F|  |TAMS 0x0000000087b00000, 0x0000000087b00000| Untracked 
| 124|0x0000000087c00000, 0x0000000087c00000, 0x0000000087d00000|  0%| F|  |TAMS 0x0000000087c00000, 0x0000000087c00000| Untracked 
| 125|0x0000000087d00000, 0x0000000087d00000, 0x0000000087e00000|  0%| F|  |TAMS 0x0000000087d00000, 0x0000000087d00000| Untracked 
| 126|0x0000000087e00000, 0x0000000087e00000, 0x0000000087f00000|  0%| F|  |TAMS 0x0000000087e00000, 0x0000000087e00000| Untracked 
| 127|0x0000000087f00000, 0x0000000087f00000, 0x0000000088000000|  0%| F|  |TAMS 0x0000000087f00000, 0x0000000087f00000| Untracked 
| 128|0x0000000088000000, 0x0000000088000000, 0x0000000088100000|  0%| F|  |TAMS 0x0000000088000000, 0x0000000088000000| Untracked 
| 129|0x0000000088100000, 0x0000000088100000, 0x0000000088200000|  0%| F|  |TAMS 0x0000000088100000, 0x0000000088100000| Untracked 
| 130|0x0000000088200000, 0x0000000088200000, 0x0000000088300000|  0%| F|  |TAMS 0x0000000088200000, 0x0000000088200000| Untracked 
| 131|0x0000000088300000, 0x0000000088300000, 0x0000000088400000|  0%| F|  |TAMS 0x0000000088300000, 0x0000000088300000| Untracked 
| 132|0x0000000088400000, 0x0000000088400000, 0x0000000088500000|  0%| F|  |TAMS 0x0000000088400000, 0x0000000088400000| Untracked 
| 133|0x0000000088500000, 0x0000000088500000, 0x0000000088600000|  0%| F|  |TAMS 0x0000000088500000, 0x0000000088500000| Untracked 
| 134|0x0000000088600000, 0x0000000088600000, 0x0000000088700000|  0%| F|  |TAMS 0x0000000088600000, 0x0000000088600000| Untracked 
| 135|0x0000000088700000, 0x0000000088700000, 0x0000000088800000|  0%| F|  |TAMS 0x0000000088700000, 0x0000000088700000| Untracked 
| 136|0x0000000088800000, 0x0000000088800000, 0x0000000088900000|  0%| F|  |TAMS 0x0000000088800000, 0x0000000088800000| Untracked 
| 137|0x0000000088900000, 0x0000000088900000, 0x0000000088a00000|  0%| F|  |TAMS 0x0000000088900000, 0x0000000088900000| Untracked 
| 138|0x0000000088a00000, 0x0000000088a00000, 0x0000000088b00000|  0%| F|  |TAMS 0x0000000088a00000, 0x0000000088a00000| Untracked 
| 139|0x0000000088b00000, 0x0000000088b00000, 0x0000000088c00000|  0%| F|  |TAMS 0x0000000088b00000, 0x0000000088b00000| Untracked 
| 140|0x0000000088c00000, 0x0000000088c00000, 0x0000000088d00000|  0%| F|  |TAMS 0x0000000088c00000, 0x0000000088c00000| Untracked 
| 141|0x0000000088d00000, 0x0000000088d00000, 0x0000000088e00000|  0%| F|  |TAMS 0x0000000088d00000, 0x0000000088d00000| Untracked 
| 142|0x0000000088e00000, 0x0000000088e00000, 0x0000000088f00000|  0%| F|  |TAMS 0x0000000088e00000, 0x0000000088e00000| Untracked 
| 143|0x0000000088f00000, 0x0000000088f00000, 0x0000000089000000|  0%| F|  |TAMS 0x0000000088f00000, 0x0000000088f00000| Untracked 
| 144|0x0000000089000000, 0x0000000089000000, 0x0000000089100000|  0%| F|  |TAMS 0x0000000089000000, 0x0000000089000000| Untracked 
| 145|0x0000000089100000, 0x0000000089100000, 0x0000000089200000|  0%| F|  |TAMS 0x0000000089100000, 0x0000000089100000| Untracked 
| 146|0x0000000089200000, 0x0000000089200000, 0x0000000089300000|  0%| F|  |TAMS 0x0000000089200000, 0x0000000089200000| Untracked 
| 147|0x0000000089300000, 0x0000000089300000, 0x0000000089400000|  0%| F|  |TAMS 0x0000000089300000, 0x0000000089300000| Untracked 
| 148|0x0000000089400000, 0x0000000089400000, 0x0000000089500000|  0%| F|  |TAMS 0x0000000089400000, 0x0000000089400000| Untracked 
| 149|0x0000000089500000, 0x0000000089500000, 0x0000000089600000|  0%| F|  |TAMS 0x0000000089500000, 0x0000000089500000| Untracked 
| 150|0x0000000089600000, 0x0000000089600000, 0x0000000089700000|  0%| F|  |TAMS 0x0000000089600000, 0x0000000089600000| Untracked 
| 151|0x0000000089700000, 0x0000000089700000, 0x0000000089800000|  0%| F|  |TAMS 0x0000000089700000, 0x0000000089700000| Untracked 
| 152|0x0000000089800000, 0x0000000089800000, 0x0000000089900000|  0%| F|  |TAMS 0x0000000089800000, 0x0000000089800000| Untracked 
| 153|0x0000000089900000, 0x0000000089900000, 0x0000000089a00000|  0%| F|  |TAMS 0x0000000089900000, 0x0000000089900000| Untracked 
| 154|0x0000000089a00000, 0x0000000089a00000, 0x0000000089b00000|  0%| F|  |TAMS 0x0000000089a00000, 0x0000000089a00000| Untracked 
| 155|0x0000000089b00000, 0x0000000089b00000, 0x0000000089c00000|  0%| F|  |TAMS 0x0000000089b00000, 0x0000000089b00000| Untracked 
| 156|0x0000000089c00000, 0x0000000089c00000, 0x0000000089d00000|  0%| F|  |TAMS 0x0000000089c00000, 0x0000000089c00000| Untracked 
| 157|0x0000000089d00000, 0x0000000089d00000, 0x0000000089e00000|  0%| F|  |TAMS 0x0000000089d00000, 0x0000000089d00000| Untracked 
| 158|0x0000000089e00000, 0x0000000089e00000, 0x0000000089f00000|  0%| F|  |TAMS 0x0000000089e00000, 0x0000000089e00000| Untracked 
| 159|0x0000000089f00000, 0x0000000089f00000, 0x000000008a000000|  0%| F|  |TAMS 0x0000000089f00000, 0x0000000089f00000| Untracked 
| 160|0x000000008a000000, 0x000000008a000000, 0x000000008a100000|  0%| F|  |TAMS 0x000000008a000000, 0x000000008a000000| Untracked 
| 161|0x000000008a100000, 0x000000008a100000, 0x000000008a200000|  0%| F|  |TAMS 0x000000008a100000, 0x000000008a100000| Untracked 
| 162|0x000000008a200000, 0x000000008a200000, 0x000000008a300000|  0%| F|  |TAMS 0x000000008a200000, 0x000000008a200000| Untracked 
| 163|0x000000008a300000, 0x000000008a300000, 0x000000008a400000|  0%| F|  |TAMS 0x000000008a300000, 0x000000008a300000| Untracked 
| 164|0x000000008a400000, 0x000000008a400000, 0x000000008a500000|  0%| F|  |TAMS 0x000000008a400000, 0x000000008a400000| Untracked 
| 165|0x000000008a500000, 0x000000008a500000, 0x000000008a600000|  0%| F|  |TAMS 0x000000008a500000, 0x000000008a500000| Untracked 
| 166|0x000000008a600000, 0x000000008a600000, 0x000000008a700000|  0%| F|  |TAMS 0x000000008a600000, 0x000000008a600000| Untracked 
| 167|0x000000008a700000, 0x000000008a700000, 0x000000008a800000|  0%| F|  |TAMS 0x000000008a700000, 0x000000008a700000| Untracked 
| 168|0x000000008a800000, 0x000000008a800000, 0x000000008a900000|  0%| F|  |TAMS 0x000000008a800000, 0x000000008a800000| Untracked 
| 169|0x000000008a900000, 0x000000008a900000, 0x000000008aa00000|  0%| F|  |TAMS 0x000000008a900000, 0x000000008a900000| Untracked 
| 170|0x000000008aa00000, 0x000000008aa00000, 0x000000008ab00000|  0%| F|  |TAMS 0x000000008aa00000, 0x000000008aa00000| Untracked 
| 171|0x000000008ab00000, 0x000000008ab00000, 0x000000008ac00000|  0%| F|  |TAMS 0x000000008ab00000, 0x000000008ab00000| Untracked 
| 172|0x000000008ac00000, 0x000000008ac00000, 0x000000008ad00000|  0%| F|  |TAMS 0x000000008ac00000, 0x000000008ac00000| Untracked 
| 173|0x000000008ad00000, 0x000000008ad00000, 0x000000008ae00000|  0%| F|  |TAMS 0x000000008ad00000, 0x000000008ad00000| Untracked 
| 174|0x000000008ae00000, 0x000000008ae00000, 0x000000008af00000|  0%| F|  |TAMS 0x000000008ae00000, 0x000000008ae00000| Untracked 
| 175|0x000000008af00000, 0x000000008af00000, 0x000000008b000000|  0%| F|  |TAMS 0x000000008af00000, 0x000000008af00000| Untracked 
| 176|0x000000008b000000, 0x000000008b000000, 0x000000008b100000|  0%| F|  |TAMS 0x000000008b000000, 0x000000008b000000| Untracked 
| 177|0x000000008b100000, 0x000000008b100000, 0x000000008b200000|  0%| F|  |TAMS 0x000000008b100000, 0x000000008b100000| Untracked 
| 178|0x000000008b200000, 0x000000008b200000, 0x000000008b300000|  0%| F|  |TAMS 0x000000008b200000, 0x000000008b200000| Untracked 
| 179|0x000000008b300000, 0x000000008b400000, 0x000000008b400000|100%| S|CS|TAMS 0x000000008b300000, 0x000000008b300000| Complete 
| 180|0x000000008b400000, 0x000000008b500000, 0x000000008b500000|100%| S|CS|TAMS 0x000000008b400000, 0x000000008b400000| Complete 
| 181|0x000000008b500000, 0x000000008b600000, 0x000000008b600000|100%| S|CS|TAMS 0x000000008b500000, 0x000000008b500000| Complete 
| 182|0x000000008b600000, 0x000000008b700000, 0x000000008b700000|100%| S|CS|TAMS 0x000000008b600000, 0x000000008b600000| Complete 
| 183|0x000000008b700000, 0x000000008b800000, 0x000000008b800000|100%| S|CS|TAMS 0x000000008b700000, 0x000000008b700000| Complete 
| 184|0x000000008b800000, 0x000000008b900000, 0x000000008b900000|100%| S|CS|TAMS 0x000000008b800000, 0x000000008b800000| Complete 
| 185|0x000000008b900000, 0x000000008ba00000, 0x000000008ba00000|100%| S|CS|TAMS 0x000000008b900000, 0x000000008b900000| Complete 
| 186|0x000000008ba00000, 0x000000008bb00000, 0x000000008bb00000|100%| S|CS|TAMS 0x000000008ba00000, 0x000000008ba00000| Complete 
| 187|0x000000008bb00000, 0x000000008bc00000, 0x000000008bc00000|100%| S|CS|TAMS 0x000000008bb00000, 0x000000008bb00000| Complete 
| 188|0x000000008bc00000, 0x000000008bd00000, 0x000000008bd00000|100%| S|CS|TAMS 0x000000008bc00000, 0x000000008bc00000| Complete 
| 189|0x000000008bd00000, 0x000000008be00000, 0x000000008be00000|100%| S|CS|TAMS 0x000000008bd00000, 0x000000008bd00000| Complete 
| 190|0x000000008be00000, 0x000000008bf00000, 0x000000008bf00000|100%| S|CS|TAMS 0x000000008be00000, 0x000000008be00000| Complete 
| 191|0x000000008bf00000, 0x000000008c000000, 0x000000008c000000|100%| S|CS|TAMS 0x000000008bf00000, 0x000000008bf00000| Complete 
| 192|0x000000008c000000, 0x000000008c000000, 0x000000008c100000|  0%| F|  |TAMS 0x000000008c000000, 0x000000008c000000| Untracked 
| 193|0x000000008c100000, 0x000000008c100000, 0x000000008c200000|  0%| F|  |TAMS 0x000000008c100000, 0x000000008c100000| Untracked 
| 194|0x000000008c200000, 0x000000008c200000, 0x000000008c300000|  0%| F|  |TAMS 0x000000008c200000, 0x000000008c200000| Untracked 
| 195|0x000000008c300000, 0x000000008c300000, 0x000000008c400000|  0%| F|  |TAMS 0x000000008c300000, 0x000000008c300000| Untracked 
| 196|0x000000008c400000, 0x000000008c400000, 0x000000008c500000|  0%| F|  |TAMS 0x000000008c400000, 0x000000008c400000| Untracked 
| 197|0x000000008c500000, 0x000000008c500000, 0x000000008c600000|  0%| F|  |TAMS 0x000000008c500000, 0x000000008c500000| Untracked 
| 198|0x000000008c600000, 0x000000008c600000, 0x000000008c700000|  0%| F|  |TAMS 0x000000008c600000, 0x000000008c600000| Untracked 
| 199|0x000000008c700000, 0x000000008c700000, 0x000000008c800000|  0%| F|  |TAMS 0x000000008c700000, 0x000000008c700000| Untracked 
| 200|0x000000008c800000, 0x000000008c800000, 0x000000008c900000|  0%| F|  |TAMS 0x000000008c800000, 0x000000008c800000| Untracked 
| 201|0x000000008c900000, 0x000000008c900000, 0x000000008ca00000|  0%| F|  |TAMS 0x000000008c900000, 0x000000008c900000| Untracked 
| 202|0x000000008ca00000, 0x000000008ca00000, 0x000000008cb00000|  0%| F|  |TAMS 0x000000008ca00000, 0x000000008ca00000| Untracked 
| 203|0x000000008cb00000, 0x000000008cb00000, 0x000000008cc00000|  0%| F|  |TAMS 0x000000008cb00000, 0x000000008cb00000| Untracked 
| 204|0x000000008cc00000, 0x000000008cc00000, 0x000000008cd00000|  0%| F|  |TAMS 0x000000008cc00000, 0x000000008cc00000| Untracked 
| 205|0x000000008cd00000, 0x000000008cd00000, 0x000000008ce00000|  0%| F|  |TAMS 0x000000008cd00000, 0x000000008cd00000| Untracked 
| 206|0x000000008ce00000, 0x000000008ce00000, 0x000000008cf00000|  0%| F|  |TAMS 0x000000008ce00000, 0x000000008ce00000| Untracked 
| 207|0x000000008cf00000, 0x000000008cf00000, 0x000000008d000000|  0%| F|  |TAMS 0x000000008cf00000, 0x000000008cf00000| Untracked 
| 208|0x000000008d000000, 0x000000008d000000, 0x000000008d100000|  0%| F|  |TAMS 0x000000008d000000, 0x000000008d000000| Untracked 
| 209|0x000000008d100000, 0x000000008d100000, 0x000000008d200000|  0%| F|  |TAMS 0x000000008d100000, 0x000000008d100000| Untracked 
| 210|0x000000008d200000, 0x000000008d200000, 0x000000008d300000|  0%| F|  |TAMS 0x000000008d200000, 0x000000008d200000| Untracked 
| 211|0x000000008d300000, 0x000000008d380800, 0x000000008d400000| 50%| E|  |TAMS 0x000000008d300000, 0x000000008d300000| Complete 
| 212|0x000000008d400000, 0x000000008d500000, 0x000000008d500000|100%| E|CS|TAMS 0x000000008d400000, 0x000000008d400000| Complete 
| 213|0x000000008d500000, 0x000000008d600000, 0x000000008d600000|100%| E|CS|TAMS 0x000000008d500000, 0x000000008d500000| Complete 
| 214|0x000000008d600000, 0x000000008d700000, 0x000000008d700000|100%| E|CS|TAMS 0x000000008d600000, 0x000000008d600000| Complete 
| 215|0x000000008d700000, 0x000000008d800000, 0x000000008d800000|100%| E|CS|TAMS 0x000000008d700000, 0x000000008d700000| Complete 
| 216|0x000000008d800000, 0x000000008d900000, 0x000000008d900000|100%| E|CS|TAMS 0x000000008d800000, 0x000000008d800000| Complete 
| 217|0x000000008d900000, 0x000000008da00000, 0x000000008da00000|100%| E|CS|TAMS 0x000000008d900000, 0x000000008d900000| Complete 
| 218|0x000000008da00000, 0x000000008db00000, 0x000000008db00000|100%| E|CS|TAMS 0x000000008da00000, 0x000000008da00000| Complete 
| 219|0x000000008db00000, 0x000000008dc00000, 0x000000008dc00000|100%| E|CS|TAMS 0x000000008db00000, 0x000000008db00000| Complete 
| 220|0x000000008dc00000, 0x000000008dd00000, 0x000000008dd00000|100%| E|CS|TAMS 0x000000008dc00000, 0x000000008dc00000| Complete 
| 221|0x000000008dd00000, 0x000000008de00000, 0x000000008de00000|100%| E|CS|TAMS 0x000000008dd00000, 0x000000008dd00000| Complete 
| 222|0x000000008de00000, 0x000000008df00000, 0x000000008df00000|100%| E|CS|TAMS 0x000000008de00000, 0x000000008de00000| Complete 
| 223|0x000000008df00000, 0x000000008e000000, 0x000000008e000000|100%| E|CS|TAMS 0x000000008df00000, 0x000000008df00000| Complete 
| 224|0x000000008e000000, 0x000000008e100000, 0x000000008e100000|100%| E|CS|TAMS 0x000000008e000000, 0x000000008e000000| Complete 
| 225|0x000000008e100000, 0x000000008e200000, 0x000000008e200000|100%| E|CS|TAMS 0x000000008e100000, 0x000000008e100000| Complete 
| 226|0x000000008e200000, 0x000000008e300000, 0x000000008e300000|100%| E|CS|TAMS 0x000000008e200000, 0x000000008e200000| Complete 
| 227|0x000000008e300000, 0x000000008e400000, 0x000000008e400000|100%| E|CS|TAMS 0x000000008e300000, 0x000000008e300000| Complete 
| 228|0x000000008e400000, 0x000000008e500000, 0x000000008e500000|100%| E|CS|TAMS 0x000000008e400000, 0x000000008e400000| Complete 
| 229|0x000000008e500000, 0x000000008e600000, 0x000000008e600000|100%| E|CS|TAMS 0x000000008e500000, 0x000000008e500000| Complete 
| 230|0x000000008e600000, 0x000000008e700000, 0x000000008e700000|100%| E|CS|TAMS 0x000000008e600000, 0x000000008e600000| Complete 

Card table byte_map: [0x000001a376e80000,0x000001a377280000] _byte_map_base: 0x000001a376a80000

Marking Bits (Prev, Next): (CMBitMap*) 0x000001a36398cec0, (CMBitMap*) 0x000001a36398ce88
 Prev Bits: [0x000001a379680000, 0x000001a37b680000)
 Next Bits: [0x000001a377680000, 0x000001a379680000)

Polling page: 0x000001a362000000

Metaspace:

Usage:
  Non-class:     52.87 MB capacity,    51.97 MB ( 98%) used,   767.03 KB (  1%) free+waste,   153.13 KB ( <1%) overhead. 
      Class:      8.08 MB capacity,     7.53 MB ( 93%) used,   488.16 KB (  6%) free+waste,    71.63 KB ( <1%) overhead. 
       Both:     60.95 MB capacity,    59.50 MB ( 98%) used,     1.23 MB (  2%) free+waste,   224.75 KB ( <1%) overhead. 

Virtual space:
  Non-class space:       54.00 MB reserved,      52.91 MB ( 98%) committed 
      Class space:        1.00 GB reserved,       8.13 MB ( <1%) committed 
             Both:        1.05 GB reserved,      61.04 MB (  6%) committed 

Chunk freelists:
   Non-Class:  40.00 KB
       Class:  16.00 KB
        Both:  56.00 KB

MaxMetaspaceSize: 17179869184.00 GB
CompressedClassSpaceSize: 1.00 GB
Initial GC threshold: 20.80 MB
Current GC threshold: 99.23 MB
CDS: off

CodeHeap 'non-profiled nmethods': size=120064Kb used=3669Kb max_used=3669Kb free=116394Kb
 bounds [0x000001a36ef20000, 0x000001a36f2c0000, 0x000001a376460000]
CodeHeap 'profiled nmethods': size=120000Kb used=14246Kb max_used=14246Kb free=105753Kb
 bounds [0x000001a3679f0000, 0x000001a3687e0000, 0x000001a36ef20000]
CodeHeap 'non-nmethods': size=5696Kb used=2335Kb max_used=2392Kb free=3360Kb
 bounds [0x000001a367460000, 0x000001a3676d0000, 0x000001a3679f0000]
 total_blobs=7461 nmethods=6619 adapters=754
 compilation: enabled
              stopped_count=0, restarted_count=0
 full_count=0

Compilation events (20 events):
Event: 13.161 Thread 0x000001a37e51e800 6642       3       java.lang.invoke.LambdaFormBuffer::indexOf (25 bytes)
Event: 13.161 Thread 0x000001a37e51e800 nmethod 6642 0x000001a3687ce410 code [0x000001a3687ce5c0, 0x000001a3687ce7b8]
Event: 13.163 Thread 0x000001a37e51e800 6643       3       java.lang.invoke.LambdaFormBuffer::endEdit (308 bytes)
Event: 13.164 Thread 0x000001a37e51e800 nmethod 6643 0x000001a3687ce890 code [0x000001a3687ceb20, 0x000001a3687cf898]
Event: 13.168 Thread 0x000001a37e51e800 6646       3       java.lang.invoke.ClassSpecializer$Factory$1Var::nextIndex (18 bytes)
Event: 13.168 Thread 0x000001a37e51e800 nmethod 6646 0x000001a3687cfc90 code [0x000001a3687cfe60, 0x000001a3687d0118]
Event: 13.169 Thread 0x000001a37e51e800 6648       3       jdk.internal.org.objectweb.asm.ClassWriter::newConstItem (320 bytes)
Event: 13.172 Thread 0x000001a37e51e800 nmethod 6648 0x000001a3687d0290 code [0x000001a3687d07e0, 0x000001a3687d36f8]
Event: 13.173 Thread 0x000001a37e51e800 6650       3       java.lang.invoke.ClassSpecializer$Factory$1Var::<init> (146 bytes)
Event: 13.175 Thread 0x000001a37e51e800 nmethod 6650 0x000001a3687d4210 code [0x000001a3687d4620, 0x000001a3687d5f18]
Event: 13.179 Thread 0x000001a37e51e800 6654       3       java.lang.invoke.DirectMethodHandle::preparedFieldLambdaForm (183 bytes)
Event: 13.179 Thread 0x000001a37e51e800 nmethod 6654 0x000001a3687d6910 code [0x000001a3687d6b80, 0x000001a3687d72d8]
Event: 13.180 Thread 0x000001a37e51e800 6656       3       java.lang.invoke.ClassSpecializer$Factory$1Var::emitVarInstruction (73 bytes)
Event: 13.181 Thread 0x000001a37e51e800 nmethod 6656 0x000001a3687d7610 code [0x000001a3687d78c0, 0x000001a3687d83f8]
Event: 13.184 Thread 0x000001a37e51e800 6659       3       java.util.concurrent.ConcurrentHashMap$ValuesView::iterator (34 bytes)
Event: 13.184 Thread 0x000001a37e51e800 nmethod 6659 0x000001a3687d8890 code [0x000001a3687d8a80, 0x000001a3687d8e18]
Event: 13.185 Thread 0x000001a37e51e800 6660       3       sun.net.www.protocol.jar.JarURLConnection::getUseCaches (8 bytes)
Event: 13.185 Thread 0x000001a37e51e800 nmethod 6660 0x000001a3687d9010 code [0x000001a3687d91c0, 0x000001a3687d9388]
Event: 13.252 Thread 0x000001a37e51e800 6661       3       java.util.LinkedList::<init> (11 bytes)
Event: 13.253 Thread 0x000001a37e51e800 nmethod 6661 0x000001a3687d9490 code [0x000001a3687d9680, 0x000001a3687d9a28]

GC Heap History (20 events):
Event: 1.412 GC heap before
{Heap before GC invocations=1 (full 0):
 garbage-first heap   total 196608K, used 20216K [0x0000000080000000, 0x0000000100000000)
  region size 1024K, 14 young (14336K), 2 survivors (2048K)
 Metaspace       used 10301K, capacity 10565K, committed 10624K, reserved 1058816K
  class space    used 1072K, capacity 1139K, committed 1152K, reserved 1048576K
}
Event: 1.416 GC heap after
{Heap after GC invocations=2 (full 0):
 garbage-first heap   total 196608K, used 9710K [0x0000000080000000, 0x0000000100000000)
  region size 1024K, 2 young (2048K), 2 survivors (2048K)
 Metaspace       used 10301K, capacity 10565K, committed 10624K, reserved 1058816K
  class space    used 1072K, capacity 1139K, committed 1152K, reserved 1048576K
}
Event: 1.959 GC heap before
{Heap before GC invocations=2 (full 0):
 garbage-first heap   total 196608K, used 40430K [0x0000000080000000, 0x0000000100000000)
  region size 1024K, 32 young (32768K), 2 survivors (2048K)
 Metaspace       used 11258K, capacity 11520K, committed 11776K, reserved 1060864K
  class space    used 1175K, capacity 1244K, committed 1280K, reserved 1048576K
}
Event: 1.962 GC heap after
{Heap after GC invocations=3 (full 0):
 garbage-first heap   total 196608K, used 13061K [0x0000000080000000, 0x0000000100000000)
  region size 1024K, 4 young (4096K), 4 survivors (4096K)
 Metaspace       used 11258K, capacity 11520K, committed 11776K, reserved 1060864K
  class space    used 1175K, capacity 1244K, committed 1280K, reserved 1048576K
}
Event: 3.451 GC heap before
{Heap before GC invocations=3 (full 0):
 garbage-first heap   total 196608K, used 57093K [0x0000000080000000, 0x0000000100000000)
  region size 1024K, 47 young (48128K), 4 survivors (4096K)
 Metaspace       used 18019K, capacity 18499K, committed 18688K, reserved 1064960K
  class space    used 2143K, capacity 2276K, committed 2304K, reserved 1048576K
}
Event: 3.463 GC heap after
{Heap after GC invocations=4 (full 0):
 garbage-first heap   total 196608K, used 16998K [0x0000000080000000, 0x0000000100000000)
  region size 1024K, 6 young (6144K), 6 survivors (6144K)
 Metaspace       used 18019K, capacity 18499K, committed 18688K, reserved 1064960K
  class space    used 2143K, capacity 2276K, committed 2304K, reserved 1048576K
}
Event: 3.802 GC heap before
{Heap before GC invocations=4 (full 0):
 garbage-first heap   total 196608K, used 40550K [0x0000000080000000, 0x0000000100000000)
  region size 1024K, 30 young (30720K), 6 survivors (6144K)
 Metaspace       used 20688K, capacity 21181K, committed 21296K, reserved 1069056K
  class space    used 2544K, capacity 2680K, committed 2688K, reserved 1048576K
}
Event: 3.809 GC heap after
{Heap after GC invocations=5 (full 0):
 garbage-first heap   total 196608K, used 17680K [0x0000000080000000, 0x0000000100000000)
  region size 1024K, 5 young (5120K), 5 survivors (5120K)
 Metaspace       used 20688K, capacity 21181K, committed 21296K, reserved 1069056K
  class space    used 2544K, capacity 2680K, committed 2688K, reserved 1048576K
}
Event: 4.768 GC heap before
{Heap before GC invocations=6 (full 0):
 garbage-first heap   total 196608K, used 69904K [0x0000000080000000, 0x0000000100000000)
  region size 1024K, 57 young (58368K), 5 survivors (5120K)
 Metaspace       used 26231K, capacity 26770K, committed 27008K, reserved 1073152K
  class space    used 3399K, capacity 3591K, committed 3712K, reserved 1048576K
}
Event: 4.778 GC heap after
{Heap after GC invocations=7 (full 0):
 garbage-first heap   total 196608K, used 19984K [0x0000000080000000, 0x0000000100000000)
  region size 1024K, 3 young (3072K), 3 survivors (3072K)
 Metaspace       used 26231K, capacity 26770K, committed 27008K, reserved 1073152K
  class space    used 3399K, capacity 3591K, committed 3712K, reserved 1048576K
}
Event: 6.058 GC heap before
{Heap before GC invocations=7 (full 0):
 garbage-first heap   total 196608K, used 80400K [0x0000000080000000, 0x0000000100000000)
  region size 1024K, 63 young (64512K), 3 survivors (3072K)
 Metaspace       used 35022K, capacity 35823K, committed 35968K, reserved 1081344K
  class space    used 4543K, capacity 4871K, committed 4992K, reserved 1048576K
}
Event: 6.077 GC heap after
{Heap after GC invocations=8 (full 0):
 garbage-first heap   total 196608K, used 23020K [0x0000000080000000, 0x0000000100000000)
  region size 1024K, 6 young (6144K), 6 survivors (6144K)
 Metaspace       used 35022K, capacity 35823K, committed 35968K, reserved 1081344K
  class space    used 4543K, capacity 4871K, committed 4992K, reserved 1048576K
}
Event: 7.408 GC heap before
{Heap before GC invocations=9 (full 0):
 garbage-first heap   total 196608K, used 105964K [0x0000000080000000, 0x0000000100000000)
  region size 1024K, 85 young (87040K), 6 survivors (6144K)
 Metaspace       used 41632K, capacity 42539K, committed 42624K, reserved 1085440K
  class space    used 5338K, capacity 5690K, committed 5760K, reserved 1048576K
}
Event: 7.429 GC heap after
{Heap after GC invocations=10 (full 0):
 garbage-first heap   total 196608K, used 29347K [0x0000000080000000, 0x0000000100000000)
  region size 1024K, 11 young (11264K), 11 survivors (11264K)
 Metaspace       used 41632K, capacity 42539K, committed 42624K, reserved 1085440K
  class space    used 5338K, capacity 5690K, committed 5760K, reserved 1048576K
}
Event: 9.005 GC heap before
{Heap before GC invocations=10 (full 0):
 garbage-first heap   total 196608K, used 119459K [0x0000000080000000, 0x0000000100000000)
  region size 1024K, 99 young (101376K), 11 survivors (11264K)
 Metaspace       used 49744K, capacity 51006K, committed 51200K, reserved 1093632K
  class space    used 6361K, capacity 6852K, committed 6912K, reserved 1048576K
}
Event: 9.031 GC heap after
{Heap after GC invocations=11 (full 0):
 garbage-first heap   total 196608K, used 33275K [0x0000000080000000, 0x0000000100000000)
  region size 1024K, 10 young (10240K), 10 survivors (10240K)
 Metaspace       used 49744K, capacity 51006K, committed 51200K, reserved 1093632K
  class space    used 6361K, capacity 6852K, committed 6912K, reserved 1048576K
}
Event: 11.972 GC heap before
{Heap before GC invocations=11 (full 0):
 garbage-first heap   total 196608K, used 129531K [0x0000000080000000, 0x0000000100000000)
  region size 1024K, 104 young (106496K), 10 survivors (10240K)
 Metaspace       used 55917K, capacity 57244K, committed 57600K, reserved 1099776K
  class space    used 7069K, capacity 7570K, committed 7680K, reserved 1048576K
}
Event: 11.995 GC heap after
{Heap after GC invocations=12 (full 0):
 garbage-first heap   total 236544K, used 39196K [0x0000000080000000, 0x0000000100000000)
  region size 1024K, 10 young (10240K), 10 survivors (10240K)
 Metaspace       used 55917K, capacity 57244K, committed 57600K, reserved 1099776K
  class space    used 7069K, capacity 7570K, committed 7680K, reserved 1048576K
}
Event: 12.748 GC heap before
{Heap before GC invocations=12 (full 0):
 garbage-first heap   total 236544K, used 86300K [0x0000000080000000, 0x0000000100000000)
  region size 1024K, 49 young (50176K), 10 survivors (10240K)
 Metaspace       used 58699K, capacity 60136K, committed 60288K, reserved 1101824K
  class space    used 7414K, capacity 7940K, committed 8064K, reserved 1048576K
}
Event: 12.767 GC heap after
{Heap after GC invocations=13 (full 0):
 garbage-first heap   total 236544K, used 54523K [0x0000000080000000, 0x0000000100000000)
  region size 1024K, 13 young (13312K), 13 survivors (13312K)
 Metaspace       used 58699K, capacity 60136K, committed 60288K, reserved 1101824K
  class space    used 7414K, capacity 7940K, committed 8064K, reserved 1048576K
}

Deoptimization events (20 events):
Event: 12.734 Thread 0x000001a300f76000 DEOPT PACKING pc=0x000001a36f064ef4 sp=0x00000034be4f83a0
Event: 12.734 Thread 0x000001a300f76000 DEOPT UNPACKING pc=0x000001a3674aa1af sp=0x00000034be4f8320 mode 2
Event: 13.047 Thread 0x000001a300f76000 Uncommon trap: trap_request=0xffffff4d fr.pc=0x000001a36f173560 relative=0x0000000000000480
Event: 13.047 Thread 0x000001a300f76000 Uncommon trap: reason=unstable_if action=reinterpret pc=0x000001a36f173560 method=java.lang.AbstractStringBuilder.putStringAt(ILjava/lang/String;)V @ 8 c2
Event: 13.047 Thread 0x000001a300f76000 DEOPT PACKING pc=0x000001a36f173560 sp=0x00000034be4f72a0
Event: 13.047 Thread 0x000001a300f76000 DEOPT UNPACKING pc=0x000001a3674aa1af sp=0x00000034be4f7200 mode 2
Event: 13.047 Thread 0x000001a300f76000 Uncommon trap: trap_request=0xffffff4d fr.pc=0x000001a36f01bb1c relative=0x00000000000005bc
Event: 13.047 Thread 0x000001a300f76000 Uncommon trap: reason=unstable_if action=reinterpret pc=0x000001a36f01bb1c method=java.lang.AbstractStringBuilder.appendChars(Ljava/lang/CharSequence;II)V @ 4 c2
Event: 13.047 Thread 0x000001a300f76000 DEOPT PACKING pc=0x000001a36f01bb1c sp=0x00000034be4f7280
Event: 13.047 Thread 0x000001a300f76000 DEOPT UNPACKING pc=0x000001a3674aa1af sp=0x00000034be4f71b0 mode 2
Event: 13.047 Thread 0x000001a300f76000 Uncommon trap: trap_request=0xffffff4d fr.pc=0x000001a36ef588ec relative=0x00000000000000cc
Event: 13.047 Thread 0x000001a300f76000 Uncommon trap: reason=unstable_if action=reinterpret pc=0x000001a36ef588ec method=java.lang.String.getBytes([BIB)V @ 5 c2
Event: 13.047 Thread 0x000001a300f76000 DEOPT PACKING pc=0x000001a36ef588ec sp=0x00000034be4f71b0
Event: 13.047 Thread 0x000001a300f76000 DEOPT UNPACKING pc=0x000001a3674aa1af sp=0x00000034be4f7158 mode 2
Event: 13.047 Thread 0x000001a300f76000 Uncommon trap: trap_request=0xffffff4d fr.pc=0x000001a36ef52e4c relative=0x000000000000022c
Event: 13.047 Thread 0x000001a300f76000 Uncommon trap: reason=unstable_if action=reinterpret pc=0x000001a36ef52e4c method=java.lang.AbstractStringBuilder.isLatin1()Z @ 10 c2
Event: 13.047 Thread 0x000001a300f76000 DEOPT PACKING pc=0x000001a36ef52e4c sp=0x00000034be4f7200
Event: 13.047 Thread 0x000001a300f76000 DEOPT UNPACKING pc=0x000001a3674aa1af sp=0x00000034be4f7140 mode 2
Event: 13.088 Thread 0x000001a300f76000 DEOPT PACKING pc=0x000001a3683d4318 sp=0x00000034be4f67c0
Event: 13.088 Thread 0x000001a300f76000 DEOPT UNPACKING pc=0x000001a3674aa95e sp=0x00000034be4f5cc0 mode 0

Classes redefined (0 events):
No events

Internal exceptions (20 events):
Event: 12.408 Thread 0x000001a300f76000 Exception <a 'java/lang/NoSuchMethodError'{0x000000008d483e48}: 'long java.lang.invoke.DirectMethodHandle$Holder.invokeVirtual(java.lang.Object, java.lang.Object)'> (0x000000008d483e48) thrown at [./src/hotspot/share/interpreter/linkResolver.cpp, line 773]
Event: 12.415 Thread 0x000001a3012e5000 Exception <a 'java/lang/NoSuchMethodError'{0x000000008d3089f8}: <clinit>> (0x000000008d3089f8) thrown at [./src/hotspot/share/prims/jni.cpp, line 1365]
Event: 12.419 Thread 0x000001a3012e5000 Exception <a 'java/lang/NoSuchMethodError'{0x000000008d3261a0}: <clinit>> (0x000000008d3261a0) thrown at [./src/hotspot/share/prims/jni.cpp, line 1365]
Event: 12.419 Thread 0x000001a3012e5000 Exception <a 'java/lang/NoSuchMethodError'{0x000000008d3272b0}: <clinit>> (0x000000008d3272b0) thrown at [./src/hotspot/share/prims/jni.cpp, line 1365]
Event: 12.420 Thread 0x000001a3012e5000 Exception <a 'java/lang/NoSuchMethodError'{0x000000008d3285b8}: <clinit>> (0x000000008d3285b8) thrown at [./src/hotspot/share/prims/jni.cpp, line 1365]
Event: 12.420 Thread 0x000001a3012e5000 Exception <a 'java/lang/NoSuchMethodError'{0x000000008d3295d8}: <clinit>> (0x000000008d3295d8) thrown at [./src/hotspot/share/prims/jni.cpp, line 1365]
Event: 12.422 Thread 0x000001a3012e5000 Exception <a 'java/lang/NoSuchMethodError'{0x000000008d33b938}: <clinit>> (0x000000008d33b938) thrown at [./src/hotspot/share/prims/jni.cpp, line 1365]
Event: 12.423 Thread 0x000001a3012e5000 Exception <a 'java/lang/NoSuchMethodError'{0x000000008d345e48}: <clinit>> (0x000000008d345e48) thrown at [./src/hotspot/share/prims/jni.cpp, line 1365]
Event: 12.427 Thread 0x000001a3012e5000 Exception <a 'java/lang/NoSuchMethodError'{0x000000008d359918}: <clinit>> (0x000000008d359918) thrown at [./src/hotspot/share/prims/jni.cpp, line 1365]
Event: 12.446 Thread 0x000001a300f76000 Exception <a 'java/lang/ClassNotFoundException'{0x000000008d20ad80}: build_a753gj71909h48v5t0h8in66nBeanInfo> (0x000000008d20ad80) thrown at [./src/hotspot/share/classfile/systemDictionary.cpp, line 231]
Event: 12.446 Thread 0x000001a300f76000 Exception <a 'java/lang/ClassNotFoundException'{0x000000008d215d38}: build_a753gj71909h48v5t0h8in66nCustomizer> (0x000000008d215d38) thrown at [./src/hotspot/share/classfile/systemDictionary.cpp, line 231]
Event: 12.471 Thread 0x000001a300f76000 Implicit null exception at 0x000001a36f20b2b1 to 0x000001a36f20bb18
Event: 12.471 Thread 0x000001a300f76000 Implicit null exception at 0x000001a36f20cc94 to 0x000001a36f20d4e4
Event: 12.558 Thread 0x000001a300f76000 Exception <a 'java/lang/ClassNotFoundException'{0x000000008ce58830}: org/gradle/api/internal/plugins/DefaultObjectConfigurationActionBeanInfo> (0x000000008ce58830) thrown at [./src/hotspot/share/classfile/systemDictionary.cpp, line 231]
Event: 12.560 Thread 0x000001a300f76000 Exception <a 'java/lang/ClassNotFoundException'{0x000000008ce8f8e0}: org/gradle/api/internal/plugins/DefaultObjectConfigurationActionCustomizer> (0x000000008ce8f8e0) thrown at [./src/hotspot/share/classfile/systemDictionary.cpp, line 231]
Event: 12.686 Thread 0x000001a300f76000 Exception <a 'java/lang/NoSuchMethodError'{0x000000008c366438}: 'java.lang.Object java.lang.invoke.DirectMethodHandle$Holder.invokeStatic(java.lang.Object, java.lang.Object, java.lang.Object, java.lang.Object, int)'> (0x000000008c366438) thrown at [./src/hotspot/share/interpreter/linkResolver.cpp, line 773]
Event: 12.687 Thread 0x000001a300f76000 Exception <a 'java/lang/NoSuchMethodError'{0x000000008c36ae30}: 'java.lang.Object java.lang.invoke.DirectMethodHandle$Holder.invokeSpecial(java.lang.Object, java.lang.Object, java.lang.Object, java.lang.Object, java.lang.Object, int)'> (0x000000008c36ae30) thrown at [./src/hotspot/share/interpreter/linkResolver.cpp, line 773]
Event: 12.687 Thread 0x000001a300f76000 Exception <a 'java/lang/NoSuchMethodError'{0x000000008c36f470}: 'java.lang.Object java.lang.invoke.Invokers$Holder.linkToTargetMethod(java.lang.Object, java.lang.Object, java.lang.Object, int, java.lang.Object)'> (0x000000008c36f470) thrown at [./src/hotspot/share/interpreter/linkResolver.cpp, line 773]
Event: 13.166 Thread 0x000001a300f76000 Exception <a 'java/lang/NoSuchMethodError'{0x000000008d95cd48}: 'java.lang.Object java.lang.invoke.DirectMethodHandle$Holder.invokeSpecial(java.lang.Object, java.lang.Object, int, int, java.lang.Object, java.lang.Object, java.lang.Object)'> (0x000000008d95cd48) thrown at [./src/hotspot/share/interpreter/linkResolver.cpp, line 773]
Event: 13.167 Thread 0x000001a300f76000 Exception <a 'java/lang/NoSuchMethodError'{0x000000008d9612c8}: 'java.lang.Object java.lang.invoke.DelegatingMethodHandle$Holder.reinvoke_L(java.lang.Object, int, int, java.lang.Object, java.lang.Object, java.lang.Object)'> (0x000000008d9612c8) thrown at [./src/hotspot/share/interpreter/linkResolver.cpp, line 773]

Events (20 events):
Event: 13.254 loading class com/google/common/collect/TransformedListIterator
Event: 13.254 loading class com/google/common/collect/TransformedListIterator done
Event: 13.255 loading class org/apache/xerces/impl/io/UTF16Reader
Event: 13.255 loading class org/apache/xerces/impl/io/UTF16Reader done
Event: 13.256 loading class org/apache/xerces/impl/io/ASCIIReader
Event: 13.256 loading class org/apache/xerces/impl/io/ASCIIReader done
Event: 13.257 loading class org/apache/xerces/impl/XMLEntityManager$RewindableInputStream
Event: 13.257 loading class org/apache/xerces/impl/XMLEntityManager$RewindableInputStream done
Event: 13.258 loading class org/apache/xerces/impl/XMLEntityManager$ExternalEntity
Event: 13.258 loading class org/apache/xerces/impl/XMLEntityManager$ExternalEntity done
Event: 13.258 loading class org/apache/xerces/impl/XMLEntityManager$Entity
Event: 13.258 loading class org/apache/xerces/impl/XMLEntityManager$Entity done
Event: 13.261 loading class org/apache/xerces/impl/XMLEntityManager$InternalEntity
Event: 13.261 loading class org/apache/xerces/impl/XMLEntityManager$InternalEntity done
Event: 13.262 loading class org/apache/xerces/impl/XMLEntityManager$ScannedEntity
Event: 13.262 loading class org/apache/xerces/impl/XMLEntityManager$ScannedEntity done
Event: 13.263 loading class org/apache/xerces/impl/XMLEntityScanner
Event: 13.263 loading class org/apache/xerces/impl/XMLEntityScanner done
Event: 13.264 loading class org/apache/xerces/impl/XML11EntityScanner
Event: 13.264 loading class org/apache/xerces/impl/XML11EntityScanner done


Dynamic libraries:
0x00007ff7db980000 - 0x00007ff7db98a000 	C:\Program Files\Android\Android Studio\jre\bin\java.exe
0x00007ffd80710000 - 0x00007ffd80905000 	C:\Windows\SYSTEM32\ntdll.dll
0x00007ffd80480000 - 0x00007ffd8053e000 	C:\Windows\System32\KERNEL32.DLL
0x00007ffd7e0e0000 - 0x00007ffd7e3a9000 	C:\Windows\System32\KERNELBASE.dll
0x00007ffd7ded0000 - 0x00007ffd7dfd0000 	C:\Windows\System32\ucrtbase.dll
0x00007ffd55ad0000 - 0x00007ffd55ae7000 	C:\Program Files\Android\Android Studio\jre\bin\VCRUNTIME140.dll
0x00007ffd5ef10000 - 0x00007ffd5ef29000 	C:\Program Files\Android\Android Studio\jre\bin\jli.dll
0x00007ffd80020000 - 0x00007ffd801c1000 	C:\Windows\System32\USER32.dll
0x00007ffd7e3b0000 - 0x00007ffd7e3d2000 	C:\Windows\System32\win32u.dll
0x00007ffd7fe10000 - 0x00007ffd7fe3b000 	C:\Windows\System32\GDI32.dll
0x00007ffd7dfd0000 - 0x00007ffd7e0db000 	C:\Windows\System32\gdi32full.dll
0x00007ffd7de30000 - 0x00007ffd7decd000 	C:\Windows\System32\msvcp_win.dll
0x00007ffd6a520000 - 0x00007ffd6a7ba000 	C:\Windows\WinSxS\amd64_microsoft.windows.common-controls_6595b64144ccf1df_6.0.19041.1110_none_60b5254171f9507e\COMCTL32.dll
0x00007ffd7e760000 - 0x00007ffd7e7fe000 	C:\Windows\System32\msvcrt.dll
0x00007ffd7fff0000 - 0x00007ffd80020000 	C:\Windows\System32\IMM32.DLL
0x00007ffd553a0000 - 0x00007ffd5543d000 	C:\Program Files\Android\Android Studio\jre\bin\msvcp140.dll
0x00007ffd38940000 - 0x00007ffd39425000 	C:\Program Files\Android\Android Studio\jre\bin\server\jvm.dll
0x00007ffd803d0000 - 0x00007ffd8047c000 	C:\Windows\System32\ADVAPI32.dll
0x00007ffd80250000 - 0x00007ffd802eb000 	C:\Windows\System32\sechost.dll
0x00007ffd7f630000 - 0x00007ffd7f75a000 	C:\Windows\System32\RPCRT4.dll
0x00007ffd7e800000 - 0x00007ffd7e808000 	C:\Windows\System32\PSAPI.DLL
0x00007ffd785f0000 - 0x00007ffd78617000 	C:\Windows\SYSTEM32\WINMM.dll
0x00007ffd7b5d0000 - 0x00007ffd7b5d9000 	C:\Windows\SYSTEM32\WSOCK32.dll
0x00007ffd773b0000 - 0x00007ffd773ba000 	C:\Windows\SYSTEM32\VERSION.dll
0x00007ffd7fbf0000 - 0x00007ffd7fc5b000 	C:\Windows\System32\WS2_32.dll
0x00007ffd7bd30000 - 0x00007ffd7bd42000 	C:\Windows\SYSTEM32\kernel.appcore.dll
0x00007ffd76be0000 - 0x00007ffd76bf1000 	C:\Program Files\Android\Android Studio\jre\bin\verify.dll
0x00007ffd63970000 - 0x00007ffd63b54000 	C:\Windows\SYSTEM32\DBGHELP.DLL
0x00007ffd688d0000 - 0x00007ffd688fc000 	C:\Windows\SYSTEM32\dbgcore.DLL
0x00007ffd7e410000 - 0x00007ffd7e493000 	C:\Windows\System32\bcryptPrimitives.dll
0x00007ffd76bb0000 - 0x00007ffd76bd9000 	C:\Program Files\Android\Android Studio\jre\bin\java.dll
0x00007ffd7b620000 - 0x00007ffd7b62b000 	C:\Program Files\Android\Android Studio\jre\bin\jimage.dll
0x00007ffd76b90000 - 0x00007ffd76ba8000 	C:\Program Files\Android\Android Studio\jre\bin\zip.dll
0x00007ffd7ed30000 - 0x00007ffd7f46f000 	C:\Windows\System32\SHELL32.dll
0x00007ffd7bf30000 - 0x00007ffd7c6c0000 	C:\Windows\SYSTEM32\windows.storage.dll
0x00007ffd7e810000 - 0x00007ffd7eb65000 	C:\Windows\System32\combase.dll
0x00007ffd7d880000 - 0x00007ffd7d8ac000 	C:\Windows\SYSTEM32\Wldp.dll
0x00007ffd7f520000 - 0x00007ffd7f5ce000 	C:\Windows\System32\SHCORE.dll
0x00007ffd805a0000 - 0x00007ffd805f5000 	C:\Windows\System32\shlwapi.dll
0x00007ffd7dd70000 - 0x00007ffd7dd8f000 	C:\Windows\SYSTEM32\profapi.dll
0x00007ffd76b70000 - 0x00007ffd76b8a000 	C:\Program Files\Android\Android Studio\jre\bin\net.dll
0x00007ffd6de40000 - 0x00007ffd6df48000 	C:\Windows\SYSTEM32\WINHTTP.dll
0x00007ffd7d5e0000 - 0x00007ffd7d64a000 	C:\Windows\system32\mswsock.dll
0x00007ffd76b50000 - 0x00007ffd76b64000 	C:\Program Files\Android\Android Studio\jre\bin\nio.dll
0x00007ffd5f330000 - 0x00007ffd5f357000 	C:\Users\Ekaterina\.gradle\native\e1d6ef7f7dcc3fd88c89a11ec53ec762bb8ba0a96d01ffa2cd45eb1d1d8dd5c5\windows-amd64\native-platform.dll
0x00007ffd39860000 - 0x00007ffd399a4000 	C:\Users\Ekaterina\.gradle\native\5664cfc778a61ccfe75a443a1ab52a65af34e5dc3c78e0209fed803814484fcb\windows-amd64\native-platform-file-events.dll
0x00007ffd76b40000 - 0x00007ffd76b4a000 	C:\Program Files\Android\Android Studio\jre\bin\management.dll
0x00007ffd76b30000 - 0x00007ffd76b3d000 	C:\Program Files\Android\Android Studio\jre\bin\management_ext.dll
0x00007ffd7d7d0000 - 0x00007ffd7d7e8000 	C:\Windows\SYSTEM32\CRYPTSP.dll
0x00007ffd7cef0000 - 0x00007ffd7cf24000 	C:\Windows\system32\rsaenh.dll
0x00007ffd7e3e0000 - 0x00007ffd7e407000 	C:\Windows\System32\bcrypt.dll
0x00007ffd7dd30000 - 0x00007ffd7dd5e000 	C:\Windows\SYSTEM32\USERENV.dll
0x00007ffd7d7f0000 - 0x00007ffd7d7fc000 	C:\Windows\SYSTEM32\CRYPTBASE.dll
0x00007ffd7d280000 - 0x00007ffd7d2bb000 	C:\Windows\SYSTEM32\IPHLPAPI.DLL
0x00007ffd7f760000 - 0x00007ffd7f768000 	C:\Windows\System32\NSI.dll
0x00007ffd761c0000 - 0x00007ffd761d7000 	C:\Windows\SYSTEM32\dhcpcsvc6.DLL
0x00007ffd76180000 - 0x00007ffd7619d000 	C:\Windows\SYSTEM32\dhcpcsvc.DLL
0x00007ffd7d2d0000 - 0x00007ffd7d39c000 	C:\Windows\SYSTEM32\DNSAPI.dll
0x00007ffd689b0000 - 0x00007ffd689d7000 	C:\Program Files\Android\Android Studio\jre\bin\sunec.dll
0x00007ffd6da10000 - 0x00007ffd6da1a000 	C:\Windows\System32\rasadhlp.dll
0x00007ffd6d740000 - 0x00007ffd6d7bf000 	C:\Windows\System32\fwpuclnt.dll

dbghelp: loaded successfully - version: 4.0.5 - missing functions: none
symbol engine: initialized successfully - sym options: 0x614 - pdb path: .;C:\Program Files\Android\Android Studio\jre\bin;C:\Windows\SYSTEM32;C:\Windows\WinSxS\amd64_microsoft.windows.common-controls_6595b64144ccf1df_6.0.19041.1110_none_60b5254171f9507e;C:\Program Files\Android\Android Studio\jre\bin\server;C:\Users\Ekaterina\.gradle\native\e1d6ef7f7dcc3fd88c89a11ec53ec762bb8ba0a96d01ffa2cd45eb1d1d8dd5c5\windows-amd64;C:\Users\Ekaterina\.gradle\native\5664cfc778a61ccfe75a443a1ab52a65af34e5dc3c78e0209fed803814484fcb\windows-amd64

VM Arguments:
jvm_args: --add-opens=java.base/java.util=ALL-UNNAMED --add-opens=java.base/java.lang=ALL-UNNAMED --add-opens=java.base/java.lang.invoke=ALL-UNNAMED --add-opens=java.base/java.util=ALL-UNNAMED --add-opens=java.prefs/java.util.prefs=ALL-UNNAMED --add-opens=java.prefs/java.util.prefs=ALL-UNNAMED --add-opens=java.base/java.nio.charset=ALL-UNNAMED --add-opens=java.base/java.net=ALL-UNNAMED --add-opens=java.base/java.util.concurrent.atomic=ALL-UNNAMED -Xmx2048m -Dfile.encoding=UTF-8 -Duser.country=RU -Duser.language=ru -Duser.variant 
java_command: org.gradle.launcher.daemon.bootstrap.GradleDaemon 7.3.3
java_class_path (initial): C:\Users\Ekaterina\.gradle\wrapper\dists\gradle-7.3.3-bin\6a41zxkdtcxs8rphpq6y0069z\gradle-7.3.3\lib\gradle-launcher-7.3.3.jar
Launcher Type: SUN_STANDARD

[Global flags]
     intx CICompilerCount                          = 3                                         {product} {ergonomic}
     uint ConcGCThreads                            = 1                                         {product} {ergonomic}
     uint G1ConcRefinementThreads                  = 4                                         {product} {ergonomic}
   size_t G1HeapRegionSize                         = 1048576                                   {product} {ergonomic}
    uintx GCDrainStackTargetSize                   = 64                                        {product} {ergonomic}
   size_t InitialHeapSize                          = 201326592                                 {product} {ergonomic}
   size_t MarkStackSize                            = 4194304                                   {product} {ergonomic}
   size_t MaxHeapSize                              = 2147483648                                {product} {command line}
   size_t MaxNewSize                               = 1287651328                                {product} {ergonomic}
   size_t MinHeapDeltaBytes                        = 1048576                                   {product} {ergonomic}
    uintx NonNMethodCodeHeapSize                   = 5830732                                {pd product} {ergonomic}
    uintx NonProfiledCodeHeapSize                  = 122913754                              {pd product} {ergonomic}
    uintx ProfiledCodeHeapSize                     = 122913754                              {pd product} {ergonomic}
    uintx ReservedCodeCacheSize                    = 251658240                              {pd product} {ergonomic}
     bool SegmentedCodeCache                       = true                                      {product} {ergonomic}
     bool UseCompressedClassPointers               = true                                 {lp64_product} {ergonomic}
     bool UseCompressedOops                        = true                                 {lp64_product} {ergonomic}
     bool UseG1GC                                  = true                                      {product} {ergonomic}
     bool UseLargePagesIndividualAllocation        = false                                  {pd product} {ergonomic}

Logging:
Log output configuration:
 #0: stdout all=warning uptime,level,tags
 #1: stderr all=off uptime,level,tags

Environment Variables:
PATH=C:\Windows\system32;C:\Windows;C:\Windows\System32\Wbem;C:\Windows\System32\WindowsPowerShell\v1.0\;C:\Program Files\Git\cmd;C:\Users\Ekaterina\AppData\Local\Microsoft\WindowsApps;;C:\Users\Ekaterina\AppData\Local\Programs\Microsoft VS Code\bin
USERNAME=Ekaterina
OS=Windows_NT
PROCESSOR_IDENTIFIER=Intel64 Family 6 Model 142 Stepping 9, GenuineIntel



---------------  S Y S T E M  ---------------

OS: Windows 10 , 64 bit Build 19041 (10.0.19041.1200)
OS uptime: 4 days 1:08 hours

CPU:total 4 (initial active 4) (2 cores per cpu, 2 threads per core) family 6 model 142 stepping 9 microcode 0xb4, cmov, cx8, fxsr, mmx, sse, sse2, sse3, ssse3, sse4.1, sse4.2, popcnt, avx, avx2, aes, clmul, erms, 3dnowpref, lzcnt, ht, tsc, tscinvbit, bmi1, bmi2, adx, fma

Memory: 4k page, system-wide physical 12197M (609M free)
TotalPageFile size 12197M (AvailPageFile size 12M)
current process WorkingSet (physical memory assigned to process): 392M, peak: 400M
current process commit charge ("private bytes"): 465M, peak: 475M

vm_info: OpenJDK 64-Bit Server VM (11.0.12+7-b1504.28-7817840) for windows-amd64 JRE (11.0.12+7-b1504.28-7817840), built on Oct 13 2021 22:12:33 by "builder" with MS VC++ 14.0 (VS2015)

END.
