#
# There is insufficient memory for the Java Runtime Environment to continue.
# Native memory allocation (mmap) failed to map 49283072 bytes for Failed to commit area from 0x000000008e700000 to 0x0000000091600000 of length 49283072.
# Possible reasons:
#   The system is out of physical RAM or swap space
#   The process is running with CompressedOops enabled, and the Java Heap may be blocking the growth of the native heap
# Possible solutions:
#   Reduce memory load on the system
#   Increase physical memory or swap space
#   Check if swap backing store is full
#   Decrease Java heap size (-Xmx/-Xms)
#   Decrease number of Java threads
#   Decrease Java thread stack sizes (-Xss)
#   Set larger code cache with -XX:ReservedCodeCacheSize=
#   JVM is running with Unscaled Compressed Oops mode in which the Java heap is
#     placed in the first 4GB address space. The Java Heap base address is the
#     maximum limit for the native heap growth. Please use -XX:HeapBaseMinAddress
#     to set the Java Heap base and to place the Java Heap above 4GB virtual address.
# This output file may be truncated or incomplete.
#
#  Out of Memory Error (./src/hotspot/os/windows/os_windows.cpp:3521), pid=2236, tid=3948
#
# JRE version: OpenJDK Runtime Environment (11.0.12+7) (build 11.0.12+7-b1504.28-7817840)
# Java VM: OpenJDK 64-Bit Server VM (11.0.12+7-b1504.28-7817840, mixed mode, tiered, compressed oops, g1 gc, windows-amd64)
# No core dump will be written. Minidumps are not enabled by default on client versions of Windows
#

---------------  S U M M A R Y ------------

Command Line: --add-opens=java.base/java.util=ALL-UNNAMED --add-opens=java.base/java.lang=ALL-UNNAMED --add-opens=java.base/java.lang.invoke=ALL-UNNAMED --add-opens=java.base/java.util=ALL-UNNAMED --add-opens=java.prefs/java.util.prefs=ALL-UNNAMED --add-opens=java.prefs/java.util.prefs=ALL-UNNAMED --add-opens=java.base/java.nio.charset=ALL-UNNAMED --add-opens=java.base/java.net=ALL-UNNAMED --add-opens=java.base/java.util.concurrent.atomic=ALL-UNNAMED -Xmx2048m -Dfile.encoding=UTF-8 -Duser.country=RU -Duser.language=ru -Duser.variant org.gradle.launcher.daemon.bootstrap.GradleDaemon 7.3.3

Host: Intel(R) Core(TM) i3-7020U CPU @ 2.30GHz, 4 cores, 11G,  Windows 10 , 64 bit Build 19041 (10.0.19041.1200)
Time: Wed Jul  6 19:34:28 2022 RTZ 2 (зима) elapsed time: 29.922279 seconds (0d 0h 0m 29s)

---------------  T H R E A D  ---------------

Current thread (0x000001fda9f41000):  VMThread "VM Thread" [stack: 0x0000003bad600000,0x0000003bad700000] [id=3948]

Stack: [0x0000003bad600000,0x0000003bad700000]
[error occurred during error reporting (printing stack bounds), id 0xc0000005, EXCEPTION_ACCESS_VIOLATION (0xc0000005) at pc=0x000001fd936f112d]

Native frames: (J=compiled Java code, j=interpreted, Vv=VM code, C=native code)
V  [jvm.dll+0x5fbcea]
V  [jvm.dll+0x731905]
V  [jvm.dll+0x732f1d]
V  [jvm.dll+0x733535]
V  [jvm.dll+0x7334eb]
V  [jvm.dll+0x5fb080]
V  [jvm.dll+0x5fb818]
C  [ntdll.dll+0xa20cf]
C  [ntdll.dll+0x51454]
C  [ntdll.dll+0xa0bfe]
C  0x000001fd936f112d

VM_Operation (0x0000003bb07fc1e0): G1CollectForAllocation, mode: safepoint, requested by thread 0x000001fdab10c000


---------------  P R O C E S S  ---------------

Threads class SMR info:
_java_thread_list=0x000001fdb4a7c180, length=84, elements={
0x000001fd8e3b7800, 0x000001fda9f54000, 0x000001fda9f4a000, 0x000001fdaa764800,
0x000001fdaa766800, 0x000001fdaa768000, 0x000001fdaa76b000, 0x000001fdaa7b3800,
0x000001fdaa7be800, 0x000001fdaa951800, 0x000001fdac9a4800, 0x000001fdacf1c000,
0x000001fdaccbb000, 0x000001fdabd16000, 0x000001fdaaa0b000, 0x000001fdac0e1000,
0x000001fdaca66000, 0x000001fdad7cc800, 0x000001fdac8ab000, 0x000001fdac8aa800,
0x000001fdac8ac800, 0x000001fdac8ad800, 0x000001fdac8ae800, 0x000001fdac8af000,
0x000001fdac8b0000, 0x000001fdac8b1000, 0x000001fdada26000, 0x000001fdada25000,
0x000001fdada20800, 0x000001fdada23000, 0x000001fdada24800, 0x000001fdada22000,
0x000001fdab0ff800, 0x000001fdab100800, 0x000001fdab102000, 0x000001fdab103000,
0x000001fdab106000, 0x000001fdab107000, 0x000001fdab10a000, 0x000001fdab109800,
0x000001fdab105800, 0x000001fdab10b000, 0x000001fdab108000, 0x000001fdab10c000,
0x000001fdab10d800, 0x000001fdab10c800, 0x000001fdab108800, 0x000001fdac8ac000,
0x000001fdae67b800, 0x000001fdae67c000, 0x000001fdae679000, 0x000001fdae679800,
0x000001fdae67d000, 0x000001fdae67a800, 0x000001fdae677800, 0x000001fdae67e000,
0x000001fdae678000, 0x000001fdae680800, 0x000001fdae67e800, 0x000001fdae682800,
0x000001fdae67f800, 0x000001fdae681000, 0x000001fdae684800, 0x000001fdae686000,
0x000001fdae682000, 0x000001fdae683800, 0x000001fdae685000, 0x000001fdacd2f800,
0x000001fdacd2e800, 0x000001fdacd2c800, 0x000001fdacd2e000, 0x000001fdacd30800,
0x000001fdacd32000, 0x000001fdacd31000, 0x000001fdacd33000, 0x000001fdacd2d000,
0x000001fdacd35000, 0x000001fdacd33800, 0x000001fdacd3a000, 0x000001fdacd34800,
0x000001fdacd36000, 0x000001fdacd37800, 0x000001fdacd38800, 0x000001fdacd39800
}

Java Threads: ( => current thread )
  0x000001fd8e3b7800 JavaThread "main" [_thread_blocked, id=2392, stack(0x0000003bad000000,0x0000003bad100000)]
  0x000001fda9f54000 JavaThread "Reference Handler" daemon [_thread_blocked, id=3796, stack(0x0000003bad700000,0x0000003bad800000)]
  0x000001fda9f4a000 JavaThread "Finalizer" daemon [_thread_blocked, id=2384, stack(0x0000003bad800000,0x0000003bad900000)]
  0x000001fdaa764800 JavaThread "Signal Dispatcher" daemon [_thread_blocked, id=5188, stack(0x0000003bad900000,0x0000003bada00000)]
  0x000001fdaa766800 JavaThread "Attach Listener" daemon [_thread_blocked, id=3312, stack(0x0000003bada00000,0x0000003badb00000)]
  0x000001fdaa768000 JavaThread "Service Thread" daemon [_thread_blocked, id=7884, stack(0x0000003badb00000,0x0000003badc00000)]
  0x000001fdaa76b000 JavaThread "C2 CompilerThread0" daemon [_thread_blocked, id=5828, stack(0x0000003badc00000,0x0000003badd00000)]
  0x000001fdaa7b3800 JavaThread "C1 CompilerThread0" daemon [_thread_blocked, id=7968, stack(0x0000003badd00000,0x0000003bade00000)]
  0x000001fdaa7be800 JavaThread "Sweeper thread" daemon [_thread_blocked, id=1920, stack(0x0000003bade00000,0x0000003badf00000)]
  0x000001fdaa951800 JavaThread "Common-Cleaner" daemon [_thread_blocked, id=9820, stack(0x0000003badf00000,0x0000003bae000000)]
  0x000001fdac9a4800 JavaThread "Daemon health stats" [_thread_blocked, id=4940, stack(0x0000003bae500000,0x0000003bae600000)]
  0x000001fdacf1c000 JavaThread "Incoming local TCP Connector on port 55806" [_thread_in_native, id=5452, stack(0x0000003bae100000,0x0000003bae200000)]
  0x000001fdaccbb000 JavaThread "Daemon periodic checks" [_thread_blocked, id=4744, stack(0x0000003bae600000,0x0000003bae700000)]
  0x000001fdabd16000 JavaThread "Daemon" [_thread_blocked, id=1284, stack(0x0000003bae700000,0x0000003bae800000)]
  0x000001fdaaa0b000 JavaThread "Handler for socket connection from /127.0.0.1:55806 to /127.0.0.1:55807" [_thread_in_native, id=1204, stack(0x0000003bae800000,0x0000003bae900000)]
  0x000001fdac0e1000 JavaThread "Cancel handler" [_thread_blocked, id=5008, stack(0x0000003bae900000,0x0000003baea00000)]
  0x000001fdaca66000 JavaThread "Daemon worker" [_thread_blocked, id=9852, stack(0x0000003baea00000,0x0000003baeb00000)]
  0x000001fdad7cc800 JavaThread "Asynchronous log dispatcher for DefaultDaemonConnection: socket connection from /127.0.0.1:55806 to /127.0.0.1:55807" [_thread_blocked, id=5884, stack(0x0000003baeb00000,0x0000003baec00000)]
  0x000001fdac8ab000 JavaThread "Stdin handler" [_thread_blocked, id=1652, stack(0x0000003baec00000,0x0000003baed00000)]
  0x000001fdac8aa800 JavaThread "Daemon client event forwarder" [_thread_blocked, id=3280, stack(0x0000003baed00000,0x0000003baee00000)]
  0x000001fdac8ac800 JavaThread "Cache worker for journal cache (C:\Users\Ekaterina\.gradle\caches\journal-1)" [_thread_blocked, id=1356, stack(0x0000003baef00000,0x0000003baf000000)]
  0x000001fdac8ad800 JavaThread "File lock request listener" [_thread_in_native, id=9196, stack(0x0000003baf000000,0x0000003baf100000)]
  0x000001fdac8ae800 JavaThread "Cache worker for file hash cache (C:\Users\Ekaterina\.gradle\caches\7.3.3\fileHashes)" [_thread_blocked, id=1380, stack(0x0000003baf100000,0x0000003baf200000)]
  0x000001fdac8af000 JavaThread "Cache worker for file hash cache (C:\Projects\Andriod\NMedia\.gradle\7.3.3\fileHashes)" [_thread_blocked, id=8948, stack(0x0000003baf200000,0x0000003baf300000)]
  0x000001fdac8b0000 JavaThread "File watcher server" daemon [_thread_blocked, id=9640, stack(0x0000003baf300000,0x0000003baf400000)]
  0x000001fdac8b1000 JavaThread "File watcher consumer" daemon [_thread_blocked, id=9900, stack(0x0000003baf400000,0x0000003baf500000)]
  0x000001fdada26000 JavaThread "Cache worker for checksums cache (C:\Projects\Andriod\NMedia\.gradle\7.3.3\checksums)" [_thread_blocked, id=1704, stack(0x0000003baf500000,0x0000003baf600000)]
  0x000001fdada25000 JavaThread "Cache worker for cache directory md-supplier (C:\Users\Ekaterina\.gradle\caches\7.3.3\md-supplier)" [_thread_blocked, id=7668, stack(0x0000003baf600000,0x0000003baf700000)]
  0x000001fdada20800 JavaThread "Cache worker for cache directory md-rule (C:\Users\Ekaterina\.gradle\caches\7.3.3\md-rule)" [_thread_blocked, id=888, stack(0x0000003baf700000,0x0000003baf800000)]
  0x000001fdada23000 JavaThread "Cache worker for execution history cache (C:\Users\Ekaterina\.gradle\caches\7.3.3\executionHistory)" [_thread_blocked, id=2448, stack(0x0000003baf800000,0x0000003baf900000)]
  0x000001fdada24800 JavaThread "jar transforms" [_thread_blocked, id=8408, stack(0x0000003baf900000,0x0000003bafa00000)]
  0x000001fdada22000 JavaThread "Cache worker for file content cache (C:\Users\Ekaterina\.gradle\caches\7.3.3\fileContent)" [_thread_blocked, id=4904, stack(0x0000003bafa00000,0x0000003bafb00000)]
  0x000001fdab0ff800 JavaThread "jar transforms Thread 2" [_thread_blocked, id=6972, stack(0x0000003bafb00000,0x0000003bafc00000)]
  0x000001fdab100800 JavaThread "Cache worker for dependencies-accessors (C:\Projects\Andriod\NMedia\.gradle\7.3.3\dependencies-accessors)" [_thread_blocked, id=7240, stack(0x0000003bafc00000,0x0000003bafd00000)]
  0x000001fdab102000 JavaThread "jar transforms Thread 3" [_thread_blocked, id=9140, stack(0x0000003bafd00000,0x0000003bafe00000)]
  0x000001fdab103000 JavaThread "Cache worker for Build Output Cleanup Cache (C:\Projects\Andriod\NMedia\.gradle\buildOutputCleanup)" [_thread_blocked, id=8300, stack(0x0000003bafe00000,0x0000003baff00000)]
  0x000001fdab106000 JavaThread "Unconstrained build operations" [_thread_blocked, id=7724, stack(0x0000003bb0000000,0x0000003bb0100000)]
  0x000001fdab107000 JavaThread "Unconstrained build operations Thread 2" [_thread_blocked, id=8412, stack(0x0000003bb0100000,0x0000003bb0200000)]
  0x000001fdab10a000 JavaThread "Unconstrained build operations Thread 3" [_thread_blocked, id=6468, stack(0x0000003bb0200000,0x0000003bb0300000)]
  0x000001fdab109800 JavaThread "Unconstrained build operations Thread 4" [_thread_blocked, id=7676, stack(0x0000003bb0300000,0x0000003bb0400000)]
  0x000001fdab105800 JavaThread "Unconstrained build operations Thread 5" [_thread_blocked, id=6448, stack(0x0000003bb0400000,0x0000003bb0500000)]
  0x000001fdab10b000 JavaThread "Unconstrained build operations Thread 6" [_thread_blocked, id=8616, stack(0x0000003bb0500000,0x0000003bb0600000)]
  0x000001fdab108000 JavaThread "Unconstrained build operations Thread 7" [_thread_blocked, id=9080, stack(0x0000003bb0600000,0x0000003bb0700000)]
  0x000001fdab10c000 JavaThread "Unconstrained build operations Thread 8" [_thread_blocked, id=9028, stack(0x0000003bb0700000,0x0000003bb0800000)]
  0x000001fdab10d800 JavaThread "Unconstrained build operations Thread 9" [_thread_blocked, id=9664, stack(0x0000003bb0800000,0x0000003bb0900000)]
  0x000001fdab10c800 JavaThread "Unconstrained build operations Thread 10" [_thread_blocked, id=3276, stack(0x0000003bb0900000,0x0000003bb0a00000)]
  0x000001fdab108800 JavaThread "Unconstrained build operations Thread 11" [_thread_blocked, id=5312, stack(0x0000003bb0a00000,0x0000003bb0b00000)]
  0x000001fdac8ac000 JavaThread "Unconstrained build operations Thread 12" [_thread_blocked, id=4312, stack(0x0000003bb0b00000,0x0000003bb0c00000)]
  0x000001fdae67b800 JavaThread "Unconstrained build operations Thread 13" [_thread_blocked, id=5208, stack(0x0000003bb0c00000,0x0000003bb0d00000)]
  0x000001fdae67c000 JavaThread "Unconstrained build operations Thread 14" [_thread_blocked, id=9888, stack(0x0000003bb0d00000,0x0000003bb0e00000)]
  0x000001fdae679000 JavaThread "Unconstrained build operations Thread 15" [_thread_blocked, id=6236, stack(0x0000003bb0e00000,0x0000003bb0f00000)]
  0x000001fdae679800 JavaThread "Unconstrained build operations Thread 16" [_thread_blocked, id=1156, stack(0x0000003bb0f00000,0x0000003bb1000000)]
  0x000001fdae67d000 JavaThread "Unconstrained build operations Thread 17" [_thread_blocked, id=6912, stack(0x0000003bb1000000,0x0000003bb1100000)]
  0x000001fdae67a800 JavaThread "Unconstrained build operations Thread 18" [_thread_blocked, id=6620, stack(0x0000003bb1100000,0x0000003bb1200000)]
  0x000001fdae677800 JavaThread "Unconstrained build operations Thread 19" [_thread_blocked, id=1836, stack(0x0000003bb1200000,0x0000003bb1300000)]
  0x000001fdae67e000 JavaThread "Unconstrained build operations Thread 20" [_thread_blocked, id=9280, stack(0x0000003bb1300000,0x0000003bb1400000)]
  0x000001fdae678000 JavaThread "Unconstrained build operations Thread 21" [_thread_blocked, id=4700, stack(0x0000003bb1400000,0x0000003bb1500000)]
  0x000001fdae680800 JavaThread "Unconstrained build operations Thread 22" [_thread_blocked, id=1008, stack(0x0000003bb1500000,0x0000003bb1600000)]
  0x000001fdae67e800 JavaThread "Unconstrained build operations Thread 23" [_thread_blocked, id=8652, stack(0x0000003bb1600000,0x0000003bb1700000)]
  0x000001fdae682800 JavaThread "Unconstrained build operations Thread 24" [_thread_blocked, id=8904, stack(0x0000003bb1700000,0x0000003bb1800000)]
  0x000001fdae67f800 JavaThread "Unconstrained build operations Thread 25" [_thread_blocked, id=6344, stack(0x0000003bb1800000,0x0000003bb1900000)]
  0x000001fdae681000 JavaThread "Unconstrained build operations Thread 26" [_thread_blocked, id=2472, stack(0x0000003bb1900000,0x0000003bb1a00000)]
  0x000001fdae684800 JavaThread "Unconstrained build operations Thread 27" [_thread_blocked, id=9808, stack(0x0000003bb1a00000,0x0000003bb1b00000)]
  0x000001fdae686000 JavaThread "Unconstrained build operations Thread 28" [_thread_blocked, id=452, stack(0x0000003bb1b00000,0x0000003bb1c00000)]
  0x000001fdae682000 JavaThread "Unconstrained build operations Thread 29" [_thread_blocked, id=8288, stack(0x0000003bb1c00000,0x0000003bb1d00000)]
  0x000001fdae683800 JavaThread "Unconstrained build operations Thread 30" [_thread_blocked, id=8236, stack(0x0000003bb1d00000,0x0000003bb1e00000)]
  0x000001fdae685000 JavaThread "Unconstrained build operations Thread 31" [_thread_blocked, id=6192, stack(0x0000003bb1e00000,0x0000003bb1f00000)]
  0x000001fdacd2f800 JavaThread "Unconstrained build operations Thread 32" [_thread_blocked, id=5916, stack(0x0000003bb1f00000,0x0000003bb2000000)]
  0x000001fdacd2e800 JavaThread "Unconstrained build operations Thread 33" [_thread_blocked, id=6472, stack(0x0000003bb2000000,0x0000003bb2100000)]
  0x000001fdacd2c800 JavaThread "Unconstrained build operations Thread 34" [_thread_blocked, id=1292, stack(0x0000003bb2100000,0x0000003bb2200000)]
  0x000001fdacd2e000 JavaThread "Unconstrained build operations Thread 35" [_thread_blocked, id=8248, stack(0x0000003bb2200000,0x0000003bb2300000)]
  0x000001fdacd30800 JavaThread "Unconstrained build operations Thread 36" [_thread_blocked, id=2464, stack(0x0000003bb2300000,0x0000003bb2400000)]
  0x000001fdacd32000 JavaThread "Unconstrained build operations Thread 37" [_thread_blocked, id=5112, stack(0x0000003bb2400000,0x0000003bb2500000)]
  0x000001fdacd31000 JavaThread "Unconstrained build operations Thread 38" [_thread_blocked, id=4268, stack(0x0000003bb2500000,0x0000003bb2600000)]
  0x000001fdacd33000 JavaThread "Unconstrained build operations Thread 39" [_thread_blocked, id=8528, stack(0x0000003bb2600000,0x0000003bb2700000)]
  0x000001fdacd2d000 JavaThread "Unconstrained build operations Thread 40" [_thread_blocked, id=9164, stack(0x0000003bb2700000,0x0000003bb2800000)]
  0x000001fdacd35000 JavaThread "jar transforms Thread 4" [_thread_blocked, id=8388, stack(0x0000003bb2800000,0x0000003bb2900000)]
  0x000001fdacd33800 JavaThread "Memory manager" [_thread_blocked, id=4172, stack(0x0000003bb2900000,0x0000003bb2a00000)]
  0x000001fdacd3a000 JavaThread "build event listener" [_thread_blocked, id=4336, stack(0x0000003bb2a00000,0x0000003bb2b00000)]
  0x000001fdacd34800 JavaThread "Execution worker for ':'" [_thread_blocked, id=9912, stack(0x0000003bb2b00000,0x0000003bb2c00000)]
  0x000001fdacd36000 JavaThread "Execution worker for ':' Thread 2" [_thread_blocked, id=2720, stack(0x0000003bb2c00000,0x0000003bb2d00000)]
  0x000001fdacd37800 JavaThread "Execution worker for ':' Thread 3" [_thread_blocked, id=4924, stack(0x0000003bb2d00000,0x0000003bb2e00000)]
  0x000001fdacd38800 JavaThread "Cache worker for execution history cache (C:\Projects\Andriod\NMedia\.gradle\7.3.3\executionHistory)" [_thread_blocked, id=8316, stack(0x0000003bb2e00000,0x0000003bb2f00000)]
  0x000001fdacd39800 JavaThread "C2 CompilerThread1" daemon [_thread_blocked, id=10200, stack(0x0000003baee00000,0x0000003baef00000)]

Other Threads:
=>0x000001fda9f41000 VMThread "VM Thread" [stack: 0x0000003bad600000,0x0000003bad700000] [id=3948]
  0x000001fdaa95e800 WatcherThread [stack: 0x0000003bae000000,0x0000003bae100000] [id=2340]
  0x000001fd8e3d1000 GCTaskThread "GC Thread#0" [stack: 0x0000003bad100000,0x0000003bad200000] [id=7464]
  0x000001fdab323000 GCTaskThread "GC Thread#1" [stack: 0x0000003bae200000,0x0000003bae300000] [id=9000]
  0x000001fdaad72000 GCTaskThread "GC Thread#2" [stack: 0x0000003bae300000,0x0000003bae400000] [id=7680]
  0x000001fdaae85800 GCTaskThread "GC Thread#3" [stack: 0x0000003bae400000,0x0000003bae500000] [id=8940]
  0x000001fd8e401800 ConcurrentGCThread "G1 Main Marker" [stack: 0x0000003bad200000,0x0000003bad300000] [id=2068]
  0x000001fd8e403000 ConcurrentGCThread "G1 Conc#0" [stack: 0x0000003bad300000,0x0000003bad400000] [id=8444]
  0x000001fda9d8c800 ConcurrentGCThread "G1 Refine#0" [stack: 0x0000003bad400000,0x0000003bad500000] [id=5712]
  0x000001fda9d8d800 ConcurrentGCThread "G1 Young RemSet Sampling" [stack: 0x0000003bad500000,0x0000003bad600000] [id=4680]

Threads with active compile tasks:
C2 CompilerThread0  29932 11426       4       org.gradle.internal.file.FileHierarchySet$Node::contains (101 bytes)
C2 CompilerThread1  29932 11418       4       org.gradle.internal.component.external.model.DefaultModuleComponentIdentifier::getDisplayName (87 bytes)

VM state:at safepoint (normal execution)

VM Mutex/Monitor currently owned by a thread:  ([mutex/lock_event])
[0x000001fd8e3b4880] Threads_lock - owner thread: 0x000001fda9f41000
[0x000001fd8e3b4be0] Heap_lock - owner thread: 0x000001fdab10c000

Heap address: 0x0000000080000000, size: 2048 MB, Compressed Oops mode: 32-bit
Narrow klass base: 0x0000000000000000, Narrow klass shift: 3
Compressed class space size: 1073741824 Address: 0x0000000100000000

Heap:
 garbage-first heap   total 284672K, used 88008K [0x0000000080000000, 0x0000000100000000)
  region size 1024K, 12 young (12288K), 12 survivors (12288K)
 Metaspace       used 92541K, capacity 94732K, committed 95052K, reserved 1132544K
  class space    used 11998K, capacity 12855K, committed 12928K, reserved 1048576K
Heap Regions: E=young(eden), S=young(survivor), O=old, HS=humongous(starts), HC=humongous(continues), CS=collection set, F=free, A=archive, TAMS=top-at-mark-start (previous, next)
|   0|0x0000000080000000, 0x0000000080100000, 0x0000000080100000|100%| O|  |TAMS 0x0000000080100000, 0x0000000080000000| Untracked 
|   1|0x0000000080100000, 0x0000000080200000, 0x0000000080200000|100%| O|  |TAMS 0x0000000080200000, 0x0000000080100000| Untracked 
|   2|0x0000000080200000, 0x0000000080300000, 0x0000000080300000|100%| O|  |TAMS 0x0000000080300000, 0x0000000080200000| Untracked 
|   3|0x0000000080300000, 0x0000000080400000, 0x0000000080400000|100%|HS|  |TAMS 0x0000000080400000, 0x0000000080300000| Complete 
|   4|0x0000000080400000, 0x0000000080500000, 0x0000000080500000|100%|HC|  |TAMS 0x0000000080500000, 0x0000000080400000| Complete 
|   5|0x0000000080500000, 0x0000000080600000, 0x0000000080600000|100%|HC|  |TAMS 0x0000000080600000, 0x0000000080500000| Complete 
|   6|0x0000000080600000, 0x0000000080700000, 0x0000000080700000|100%| O|  |TAMS 0x0000000080700000, 0x0000000080600000| Untracked 
|   7|0x0000000080700000, 0x0000000080800000, 0x0000000080800000|100%| O|  |TAMS 0x0000000080800000, 0x0000000080700000| Untracked 
|   8|0x0000000080800000, 0x0000000080900000, 0x0000000080900000|100%| O|  |TAMS 0x0000000080900000, 0x0000000080800000| Untracked 
|   9|0x0000000080900000, 0x0000000080a00000, 0x0000000080a00000|100%| O|  |TAMS 0x0000000080a00000, 0x0000000080900000| Untracked 
|  10|0x0000000080a00000, 0x0000000080b00000, 0x0000000080b00000|100%| O|  |TAMS 0x0000000080b00000, 0x0000000080a00000| Untracked 
|  11|0x0000000080b00000, 0x0000000080c00000, 0x0000000080c00000|100%| O|  |TAMS 0x0000000080c00000, 0x0000000080b00000| Untracked 
|  12|0x0000000080c00000, 0x0000000080d00000, 0x0000000080d00000|100%| O|  |TAMS 0x0000000080d00000, 0x0000000080c00000| Untracked 
|  13|0x0000000080d00000, 0x0000000080e00000, 0x0000000080e00000|100%| O|  |TAMS 0x0000000080e00000, 0x0000000080d00000| Untracked 
|  14|0x0000000080e00000, 0x0000000080f00000, 0x0000000080f00000|100%| O|  |TAMS 0x0000000080f00000, 0x0000000080e00000| Untracked 
|  15|0x0000000080f00000, 0x0000000081000000, 0x0000000081000000|100%| O|  |TAMS 0x0000000081000000, 0x0000000080f00000| Untracked 
|  16|0x0000000081000000, 0x0000000081100000, 0x0000000081100000|100%| O|  |TAMS 0x0000000081100000, 0x0000000081000000| Untracked 
|  17|0x0000000081100000, 0x0000000081200000, 0x0000000081200000|100%| O|  |TAMS 0x0000000081200000, 0x0000000081100000| Untracked 
|  18|0x0000000081200000, 0x0000000081300000, 0x0000000081300000|100%| O|  |TAMS 0x0000000081300000, 0x0000000081200000| Untracked 
|  19|0x0000000081300000, 0x0000000081400000, 0x0000000081400000|100%| O|  |TAMS 0x0000000081400000, 0x0000000081300000| Untracked 
|  20|0x0000000081400000, 0x0000000081500000, 0x0000000081500000|100%| O|  |TAMS 0x0000000081500000, 0x0000000081400000| Untracked 
|  21|0x0000000081500000, 0x0000000081600000, 0x0000000081600000|100%| O|  |TAMS 0x0000000081600000, 0x0000000081500000| Untracked 
|  22|0x0000000081600000, 0x0000000081700000, 0x0000000081700000|100%| O|  |TAMS 0x0000000081700000, 0x0000000081600000| Untracked 
|  23|0x0000000081700000, 0x0000000081800000, 0x0000000081800000|100%| O|  |TAMS 0x0000000081800000, 0x0000000081700000| Untracked 
|  24|0x0000000081800000, 0x0000000081900000, 0x0000000081900000|100%| O|  |TAMS 0x0000000081900000, 0x0000000081800000| Untracked 
|  25|0x0000000081900000, 0x0000000081a00000, 0x0000000081a00000|100%| O|  |TAMS 0x0000000081a00000, 0x0000000081900000| Untracked 
|  26|0x0000000081a00000, 0x0000000081b00000, 0x0000000081b00000|100%| O|  |TAMS 0x0000000081b00000, 0x0000000081a00000| Untracked 
|  27|0x0000000081b00000, 0x0000000081c00000, 0x0000000081c00000|100%| O|  |TAMS 0x0000000081c00000, 0x0000000081b00000| Untracked 
|  28|0x0000000081c00000, 0x0000000081d00000, 0x0000000081d00000|100%|HS|  |TAMS 0x0000000081d00000, 0x0000000081c00000| Complete 
|  29|0x0000000081d00000, 0x0000000081e00000, 0x0000000081e00000|100%|HS|  |TAMS 0x0000000081e00000, 0x0000000081d00000| Complete 
|  30|0x0000000081e00000, 0x0000000081f00000, 0x0000000081f00000|100%|HS|  |TAMS 0x0000000081f00000, 0x0000000081e00000| Complete 
|  31|0x0000000081f00000, 0x0000000082000000, 0x0000000082000000|100%|HS|  |TAMS 0x0000000082000000, 0x0000000081f00000| Complete 
|  32|0x0000000082000000, 0x0000000082100000, 0x0000000082100000|100%|HC|  |TAMS 0x0000000082100000, 0x0000000082000000| Complete 
|  33|0x0000000082100000, 0x0000000082200000, 0x0000000082200000|100%|HC|  |TAMS 0x0000000082200000, 0x0000000082100000| Complete 
|  34|0x0000000082200000, 0x0000000082300000, 0x0000000082300000|100%|HS|  |TAMS 0x0000000082300000, 0x0000000082200000| Complete 
|  35|0x0000000082300000, 0x0000000082400000, 0x0000000082400000|100%|HC|  |TAMS 0x0000000082400000, 0x0000000082300000| Complete 
|  36|0x0000000082400000, 0x0000000082500000, 0x0000000082500000|100%| O|  |TAMS 0x0000000082500000, 0x0000000082400000| Untracked 
|  37|0x0000000082500000, 0x0000000082600000, 0x0000000082600000|100%| O|  |TAMS 0x0000000082600000, 0x0000000082500000| Untracked 
|  38|0x0000000082600000, 0x0000000082700000, 0x0000000082700000|100%| O|  |TAMS 0x0000000082700000, 0x0000000082600000| Untracked 
|  39|0x0000000082700000, 0x0000000082800000, 0x0000000082800000|100%| O|  |TAMS 0x0000000082800000, 0x0000000082700000| Untracked 
|  40|0x0000000082800000, 0x0000000082900000, 0x0000000082900000|100%| O|  |TAMS 0x0000000082800000, 0x0000000082800000| Untracked 
|  41|0x0000000082900000, 0x0000000082a00000, 0x0000000082a00000|100%| O|  |TAMS 0x0000000082a00000, 0x0000000082900000| Untracked 
|  42|0x0000000082a00000, 0x0000000082b00000, 0x0000000082b00000|100%| O|  |TAMS 0x0000000082b00000, 0x0000000082a00000| Untracked 
|  43|0x0000000082b00000, 0x0000000082c00000, 0x0000000082c00000|100%| O|  |TAMS 0x0000000082c00000, 0x0000000082b00000| Untracked 
|  44|0x0000000082c00000, 0x0000000082d00000, 0x0000000082d00000|100%| O|  |TAMS 0x0000000082d00000, 0x0000000082c00000| Untracked 
|  45|0x0000000082d00000, 0x0000000082e00000, 0x0000000082e00000|100%| O|  |TAMS 0x0000000082e00000, 0x0000000082d00000| Untracked 
|  46|0x0000000082e00000, 0x0000000082f00000, 0x0000000082f00000|100%| O|  |TAMS 0x0000000082e31400, 0x0000000082e00000| Untracked 
|  47|0x0000000082f00000, 0x0000000083000000, 0x0000000083000000|100%| O|  |TAMS 0x0000000082f00000, 0x0000000082f00000| Untracked 
|  48|0x0000000083000000, 0x0000000083100000, 0x0000000083100000|100%| O|  |TAMS 0x0000000083000000, 0x0000000083000000| Untracked 
|  49|0x0000000083100000, 0x0000000083200000, 0x0000000083200000|100%| O|  |TAMS 0x0000000083100000, 0x0000000083100000| Untracked 
|  50|0x0000000083200000, 0x0000000083300000, 0x0000000083300000|100%| O|  |TAMS 0x0000000083200000, 0x0000000083200000| Untracked 
|  51|0x0000000083300000, 0x0000000083400000, 0x0000000083400000|100%| O|  |TAMS 0x0000000083300000, 0x0000000083300000| Untracked 
|  52|0x0000000083400000, 0x0000000083500000, 0x0000000083500000|100%| O|  |TAMS 0x0000000083400000, 0x0000000083400000| Untracked 
|  53|0x0000000083500000, 0x0000000083600000, 0x0000000083600000|100%| O|  |TAMS 0x0000000083500000, 0x0000000083500000| Untracked 
|  54|0x0000000083600000, 0x0000000083700000, 0x0000000083700000|100%| O|  |TAMS 0x0000000083600000, 0x0000000083600000| Untracked 
|  55|0x0000000083700000, 0x0000000083800000, 0x0000000083800000|100%| O|  |TAMS 0x0000000083700000, 0x0000000083700000| Untracked 
|  56|0x0000000083800000, 0x0000000083900000, 0x0000000083900000|100%| O|  |TAMS 0x0000000083800000, 0x0000000083800000| Untracked 
|  57|0x0000000083900000, 0x0000000083a00000, 0x0000000083a00000|100%| O|  |TAMS 0x0000000083900000, 0x0000000083900000| Untracked 
|  58|0x0000000083a00000, 0x0000000083b00000, 0x0000000083b00000|100%| O|  |TAMS 0x0000000083a00000, 0x0000000083a00000| Untracked 
|  59|0x0000000083b00000, 0x0000000083c00000, 0x0000000083c00000|100%| O|  |TAMS 0x0000000083b00000, 0x0000000083b00000| Untracked 
|  60|0x0000000083c00000, 0x0000000083d00000, 0x0000000083d00000|100%| O|  |TAMS 0x0000000083c00000, 0x0000000083c00000| Untracked 
|  61|0x0000000083d00000, 0x0000000083e00000, 0x0000000083e00000|100%| O|  |TAMS 0x0000000083d00000, 0x0000000083d00000| Untracked 
|  62|0x0000000083e00000, 0x0000000083f00000, 0x0000000083f00000|100%| O|  |TAMS 0x0000000083e00000, 0x0000000083e00000| Untracked 
|  63|0x0000000083f00000, 0x0000000084000000, 0x0000000084000000|100%| O|  |TAMS 0x0000000083f00000, 0x0000000083f00000| Untracked 
|  64|0x0000000084000000, 0x0000000084100000, 0x0000000084100000|100%| O|  |TAMS 0x0000000084000000, 0x0000000084000000| Untracked 
|  65|0x0000000084100000, 0x0000000084200000, 0x0000000084200000|100%| O|  |TAMS 0x0000000084100000, 0x0000000084100000| Untracked 
|  66|0x0000000084200000, 0x0000000084300000, 0x0000000084300000|100%| O|  |TAMS 0x0000000084200000, 0x0000000084200000| Untracked 
|  67|0x0000000084300000, 0x0000000084400000, 0x0000000084400000|100%| O|  |TAMS 0x0000000084300000, 0x0000000084300000| Untracked 
|  68|0x0000000084400000, 0x0000000084500000, 0x0000000084500000|100%| O|  |TAMS 0x0000000084400000, 0x0000000084400000| Untracked 
|  69|0x0000000084500000, 0x0000000084600000, 0x0000000084600000|100%| O|  |TAMS 0x0000000084500000, 0x0000000084500000| Untracked 
|  70|0x0000000084600000, 0x0000000084700000, 0x0000000084700000|100%| O|  |TAMS 0x0000000084600000, 0x0000000084600000| Untracked 
|  71|0x0000000084700000, 0x0000000084800000, 0x0000000084800000|100%| O|  |TAMS 0x0000000084700000, 0x0000000084700000| Untracked 
|  72|0x0000000084800000, 0x0000000084900000, 0x0000000084900000|100%| O|  |TAMS 0x0000000084800000, 0x0000000084800000| Untracked 
|  73|0x0000000084900000, 0x00000000849f2200, 0x0000000084a00000| 94%| O|  |TAMS 0x0000000084900000, 0x0000000084900000| Untracked 
|  74|0x0000000084a00000, 0x0000000084a00000, 0x0000000084b00000|  0%| F|  |TAMS 0x0000000084a00000, 0x0000000084a00000| Untracked 
|  75|0x0000000084b00000, 0x0000000084b00000, 0x0000000084c00000|  0%| F|  |TAMS 0x0000000084b00000, 0x0000000084b00000| Untracked 
|  76|0x0000000084c00000, 0x0000000084c00000, 0x0000000084d00000|  0%| F|  |TAMS 0x0000000084c00000, 0x0000000084c00000| Untracked 
|  77|0x0000000084d00000, 0x0000000084d00000, 0x0000000084e00000|  0%| F|  |TAMS 0x0000000084d00000, 0x0000000084d00000| Untracked 
|  78|0x0000000084e00000, 0x0000000084e00000, 0x0000000084f00000|  0%| F|  |TAMS 0x0000000084e00000, 0x0000000084e00000| Untracked 
|  79|0x0000000084f00000, 0x0000000084f00000, 0x0000000085000000|  0%| F|  |TAMS 0x0000000084f00000, 0x0000000084f00000| Untracked 
|  80|0x0000000085000000, 0x0000000085000000, 0x0000000085100000|  0%| F|  |TAMS 0x0000000085000000, 0x0000000085000000| Untracked 
|  81|0x0000000085100000, 0x0000000085100000, 0x0000000085200000|  0%| F|  |TAMS 0x0000000085100000, 0x0000000085100000| Untracked 
|  82|0x0000000085200000, 0x0000000085200000, 0x0000000085300000|  0%| F|  |TAMS 0x0000000085200000, 0x0000000085200000| Untracked 
|  83|0x0000000085300000, 0x0000000085300000, 0x0000000085400000|  0%| F|  |TAMS 0x0000000085300000, 0x0000000085300000| Untracked 
|  84|0x0000000085400000, 0x0000000085400000, 0x0000000085500000|  0%| F|  |TAMS 0x0000000085400000, 0x0000000085400000| Untracked 
|  85|0x0000000085500000, 0x0000000085500000, 0x0000000085600000|  0%| F|  |TAMS 0x0000000085500000, 0x0000000085500000| Untracked 
|  86|0x0000000085600000, 0x0000000085600000, 0x0000000085700000|  0%| F|  |TAMS 0x0000000085600000, 0x0000000085600000| Untracked 
|  87|0x0000000085700000, 0x0000000085700000, 0x0000000085800000|  0%| F|  |TAMS 0x0000000085700000, 0x0000000085700000| Untracked 
|  88|0x0000000085800000, 0x0000000085800000, 0x0000000085900000|  0%| F|  |TAMS 0x0000000085800000, 0x0000000085800000| Untracked 
|  89|0x0000000085900000, 0x0000000085900000, 0x0000000085a00000|  0%| F|  |TAMS 0x0000000085900000, 0x0000000085900000| Untracked 
|  90|0x0000000085a00000, 0x0000000085a00000, 0x0000000085b00000|  0%| F|  |TAMS 0x0000000085a00000, 0x0000000085a00000| Untracked 
|  91|0x0000000085b00000, 0x0000000085b00000, 0x0000000085c00000|  0%| F|  |TAMS 0x0000000085b00000, 0x0000000085b00000| Untracked 
|  92|0x0000000085c00000, 0x0000000085c00000, 0x0000000085d00000|  0%| F|  |TAMS 0x0000000085c00000, 0x0000000085c00000| Untracked 
|  93|0x0000000085d00000, 0x0000000085d00000, 0x0000000085e00000|  0%| F|  |TAMS 0x0000000085d00000, 0x0000000085d00000| Untracked 
|  94|0x0000000085e00000, 0x0000000085e00000, 0x0000000085f00000|  0%| F|  |TAMS 0x0000000085e00000, 0x0000000085e00000| Untracked 
|  95|0x0000000085f00000, 0x0000000085f00000, 0x0000000086000000|  0%| F|  |TAMS 0x0000000085f00000, 0x0000000085f00000| Untracked 
|  96|0x0000000086000000, 0x0000000086000000, 0x0000000086100000|  0%| F|  |TAMS 0x0000000086000000, 0x0000000086000000| Untracked 
|  97|0x0000000086100000, 0x0000000086100000, 0x0000000086200000|  0%| F|  |TAMS 0x0000000086100000, 0x0000000086100000| Untracked 
|  98|0x0000000086200000, 0x0000000086200000, 0x0000000086300000|  0%| F|  |TAMS 0x0000000086200000, 0x0000000086200000| Untracked 
|  99|0x0000000086300000, 0x0000000086300000, 0x0000000086400000|  0%| F|  |TAMS 0x0000000086300000, 0x0000000086300000| Untracked 
| 100|0x0000000086400000, 0x0000000086400000, 0x0000000086500000|  0%| F|  |TAMS 0x0000000086400000, 0x0000000086400000| Untracked 
| 101|0x0000000086500000, 0x0000000086600000, 0x0000000086600000|100%| S|CS|TAMS 0x0000000086500000, 0x0000000086500000| Complete 
| 102|0x0000000086600000, 0x0000000086700000, 0x0000000086700000|100%| S|CS|TAMS 0x0000000086600000, 0x0000000086600000| Complete 
| 103|0x0000000086700000, 0x0000000086800000, 0x0000000086800000|100%| S|CS|TAMS 0x0000000086700000, 0x0000000086700000| Complete 
| 104|0x0000000086800000, 0x0000000086900000, 0x0000000086900000|100%| S|CS|TAMS 0x0000000086800000, 0x0000000086800000| Complete 
| 105|0x0000000086900000, 0x0000000086a00000, 0x0000000086a00000|100%| S|CS|TAMS 0x0000000086900000, 0x0000000086900000| Complete 
| 106|0x0000000086a00000, 0x0000000086a00000, 0x0000000086b00000|  0%| F|  |TAMS 0x0000000086a00000, 0x0000000086a00000| Untracked 
| 107|0x0000000086b00000, 0x0000000086b00000, 0x0000000086c00000|  0%| F|  |TAMS 0x0000000086b00000, 0x0000000086b00000| Untracked 
| 108|0x0000000086c00000, 0x0000000086c00000, 0x0000000086d00000|  0%| F|  |TAMS 0x0000000086c00000, 0x0000000086c00000| Untracked 
| 109|0x0000000086d00000, 0x0000000086d00000, 0x0000000086e00000|  0%| F|  |TAMS 0x0000000086d00000, 0x0000000086d00000| Untracked 
| 110|0x0000000086e00000, 0x0000000086e00000, 0x0000000086f00000|  0%| F|  |TAMS 0x0000000086e00000, 0x0000000086e00000| Untracked 
| 111|0x0000000086f00000, 0x0000000086f00000, 0x0000000087000000|  0%| F|  |TAMS 0x0000000086f00000, 0x0000000086f00000| Untracked 
| 112|0x0000000087000000, 0x0000000087000000, 0x0000000087100000|  0%| F|  |TAMS 0x0000000087000000, 0x0000000087000000| Untracked 
| 113|0x0000000087100000, 0x0000000087100000, 0x0000000087200000|  0%| F|  |TAMS 0x0000000087100000, 0x0000000087100000| Untracked 
| 114|0x0000000087200000, 0x0000000087200000, 0x0000000087300000|  0%| F|  |TAMS 0x0000000087200000, 0x0000000087200000| Untracked 
| 115|0x0000000087300000, 0x0000000087400000, 0x0000000087400000|100%| S|CS|TAMS 0x0000000087300000, 0x0000000087300000| Complete 
| 116|0x0000000087400000, 0x0000000087500000, 0x0000000087500000|100%| S|CS|TAMS 0x0000000087400000, 0x0000000087400000| Complete 
| 117|0x0000000087500000, 0x0000000087600000, 0x0000000087600000|100%| S|CS|TAMS 0x0000000087500000, 0x0000000087500000| Complete 
| 118|0x0000000087600000, 0x0000000087600000, 0x0000000087700000|  0%| F|  |TAMS 0x0000000087600000, 0x0000000087600000| Untracked 
| 119|0x0000000087700000, 0x0000000087700000, 0x0000000087800000|  0%| F|  |TAMS 0x0000000087700000, 0x0000000087700000| Untracked 
| 120|0x0000000087800000, 0x0000000087800000, 0x0000000087900000|  0%| F|  |TAMS 0x0000000087800000, 0x0000000087800000| Untracked 
| 121|0x0000000087900000, 0x0000000087900000, 0x0000000087a00000|  0%| F|  |TAMS 0x0000000087900000, 0x0000000087900000| Untracked 
| 122|0x0000000087a00000, 0x0000000087b00000, 0x0000000087b00000|100%| S|CS|TAMS 0x0000000087a00000, 0x0000000087a00000| Complete 
| 123|0x0000000087b00000, 0x0000000087c00000, 0x0000000087c00000|100%| S|CS|TAMS 0x0000000087b00000, 0x0000000087b00000| Complete 
| 124|0x0000000087c00000, 0x0000000087d00000, 0x0000000087d00000|100%| S|CS|TAMS 0x0000000087c00000, 0x0000000087c00000| Complete 
| 125|0x0000000087d00000, 0x0000000087e00000, 0x0000000087e00000|100%| S|CS|TAMS 0x0000000087d00000, 0x0000000087d00000| Complete 
| 126|0x0000000087e00000, 0x0000000087e00000, 0x0000000087f00000|  0%| F|  |TAMS 0x0000000087e00000, 0x0000000087e00000| Untracked 
| 127|0x0000000087f00000, 0x0000000087f00000, 0x0000000088000000|  0%| F|  |TAMS 0x0000000087f00000, 0x0000000087f00000| Untracked 
| 128|0x0000000088000000, 0x0000000088000000, 0x0000000088100000|  0%| F|  |TAMS 0x0000000088000000, 0x0000000088000000| Untracked 
| 129|0x0000000088100000, 0x0000000088100000, 0x0000000088200000|  0%| F|  |TAMS 0x0000000088100000, 0x0000000088100000| Untracked 
| 130|0x0000000088200000, 0x0000000088200000, 0x0000000088300000|  0%| F|  |TAMS 0x0000000088200000, 0x0000000088200000| Untracked 
| 131|0x0000000088300000, 0x0000000088300000, 0x0000000088400000|  0%| F|  |TAMS 0x0000000088300000, 0x0000000088300000| Untracked 
| 132|0x0000000088400000, 0x0000000088400000, 0x0000000088500000|  0%| F|  |TAMS 0x0000000088400000, 0x0000000088400000| Untracked 
| 133|0x0000000088500000, 0x0000000088500000, 0x0000000088600000|  0%| F|  |TAMS 0x0000000088500000, 0x0000000088500000| Untracked 
| 134|0x0000000088600000, 0x0000000088600000, 0x0000000088700000|  0%| F|  |TAMS 0x0000000088600000, 0x0000000088600000| Untracked 
| 135|0x0000000088700000, 0x0000000088700000, 0x0000000088800000|  0%| F|  |TAMS 0x0000000088700000, 0x0000000088700000| Untracked 
| 136|0x0000000088800000, 0x0000000088800000, 0x0000000088900000|  0%| F|  |TAMS 0x0000000088800000, 0x0000000088800000| Untracked 
| 137|0x0000000088900000, 0x0000000088900000, 0x0000000088a00000|  0%| F|  |TAMS 0x0000000088900000, 0x0000000088900000| Untracked 
| 138|0x0000000088a00000, 0x0000000088a00000, 0x0000000088b00000|  0%| F|  |TAMS 0x0000000088a00000, 0x0000000088a00000| Untracked 
| 139|0x0000000088b00000, 0x0000000088b00000, 0x0000000088c00000|  0%| F|  |TAMS 0x0000000088b00000, 0x0000000088b00000| Untracked 
| 140|0x0000000088c00000, 0x0000000088c00000, 0x0000000088d00000|  0%| F|  |TAMS 0x0000000088c00000, 0x0000000088c00000| Untracked 
| 141|0x0000000088d00000, 0x0000000088d00000, 0x0000000088e00000|  0%| F|  |TAMS 0x0000000088d00000, 0x0000000088d00000| Untracked 
| 142|0x0000000088e00000, 0x0000000088e00000, 0x0000000088f00000|  0%| F|  |TAMS 0x0000000088e00000, 0x0000000088e00000| Untracked 
| 143|0x0000000088f00000, 0x0000000088f00000, 0x0000000089000000|  0%| F|  |TAMS 0x0000000088f00000, 0x0000000088f00000| Untracked 
| 144|0x0000000089000000, 0x0000000089000000, 0x0000000089100000|  0%| F|  |TAMS 0x0000000089000000, 0x0000000089000000| Untracked 
| 145|0x0000000089100000, 0x0000000089100000, 0x0000000089200000|  0%| F|  |TAMS 0x0000000089100000, 0x0000000089100000| Untracked 
| 146|0x0000000089200000, 0x0000000089200000, 0x0000000089300000|  0%| F|  |TAMS 0x0000000089200000, 0x0000000089200000| Untracked 
| 147|0x0000000089300000, 0x0000000089300000, 0x0000000089400000|  0%| F|  |TAMS 0x0000000089300000, 0x0000000089300000| Untracked 
| 148|0x0000000089400000, 0x0000000089400000, 0x0000000089500000|  0%| F|  |TAMS 0x0000000089400000, 0x0000000089400000| Untracked 
| 149|0x0000000089500000, 0x0000000089500000, 0x0000000089600000|  0%| F|  |TAMS 0x0000000089500000, 0x0000000089500000| Untracked 
| 150|0x0000000089600000, 0x0000000089600000, 0x0000000089700000|  0%| F|  |TAMS 0x0000000089600000, 0x0000000089600000| Untracked 
| 151|0x0000000089700000, 0x0000000089700000, 0x0000000089800000|  0%| F|  |TAMS 0x0000000089700000, 0x0000000089700000| Untracked 
| 152|0x0000000089800000, 0x0000000089800000, 0x0000000089900000|  0%| F|  |TAMS 0x0000000089800000, 0x0000000089800000| Untracked 
| 153|0x0000000089900000, 0x0000000089900000, 0x0000000089a00000|  0%| F|  |TAMS 0x0000000089900000, 0x0000000089900000| Untracked 
| 154|0x0000000089a00000, 0x0000000089a00000, 0x0000000089b00000|  0%| F|  |TAMS 0x0000000089a00000, 0x0000000089a00000| Untracked 
| 155|0x0000000089b00000, 0x0000000089b00000, 0x0000000089c00000|  0%| F|  |TAMS 0x0000000089b00000, 0x0000000089b00000| Untracked 
| 156|0x0000000089c00000, 0x0000000089c00000, 0x0000000089d00000|  0%| F|  |TAMS 0x0000000089c00000, 0x0000000089c00000| Untracked 
| 157|0x0000000089d00000, 0x0000000089d00000, 0x0000000089e00000|  0%| F|  |TAMS 0x0000000089d00000, 0x0000000089d00000| Untracked 
| 158|0x0000000089e00000, 0x0000000089e00000, 0x0000000089f00000|  0%| F|  |TAMS 0x0000000089e00000, 0x0000000089e00000| Untracked 
| 159|0x0000000089f00000, 0x0000000089f00000, 0x000000008a000000|  0%| F|  |TAMS 0x0000000089f00000, 0x0000000089f00000| Untracked 
| 160|0x000000008a000000, 0x000000008a000000, 0x000000008a100000|  0%| F|  |TAMS 0x000000008a000000, 0x000000008a000000| Untracked 
| 161|0x000000008a100000, 0x000000008a100000, 0x000000008a200000|  0%| F|  |TAMS 0x000000008a100000, 0x000000008a100000| Untracked 
| 162|0x000000008a200000, 0x000000008a200000, 0x000000008a300000|  0%| F|  |TAMS 0x000000008a200000, 0x000000008a200000| Untracked 
| 163|0x000000008a300000, 0x000000008a300000, 0x000000008a400000|  0%| F|  |TAMS 0x000000008a300000, 0x000000008a300000| Untracked 
| 164|0x000000008a400000, 0x000000008a400000, 0x000000008a500000|  0%| F|  |TAMS 0x000000008a400000, 0x000000008a400000| Untracked 
| 165|0x000000008a500000, 0x000000008a500000, 0x000000008a600000|  0%| F|  |TAMS 0x000000008a500000, 0x000000008a500000| Untracked 
| 166|0x000000008a600000, 0x000000008a600000, 0x000000008a700000|  0%| F|  |TAMS 0x000000008a600000, 0x000000008a600000| Untracked 
| 167|0x000000008a700000, 0x000000008a700000, 0x000000008a800000|  0%| F|  |TAMS 0x000000008a700000, 0x000000008a700000| Untracked 
| 168|0x000000008a800000, 0x000000008a800000, 0x000000008a900000|  0%| F|  |TAMS 0x000000008a800000, 0x000000008a800000| Untracked 
| 169|0x000000008a900000, 0x000000008a900000, 0x000000008aa00000|  0%| F|  |TAMS 0x000000008a900000, 0x000000008a900000| Untracked 
| 170|0x000000008aa00000, 0x000000008aa00000, 0x000000008ab00000|  0%| F|  |TAMS 0x000000008aa00000, 0x000000008aa00000| Untracked 
| 171|0x000000008ab00000, 0x000000008ab00000, 0x000000008ac00000|  0%| F|  |TAMS 0x000000008ab00000, 0x000000008ab00000| Untracked 
| 172|0x000000008ac00000, 0x000000008ac00000, 0x000000008ad00000|  0%| F|  |TAMS 0x000000008ac00000, 0x000000008ac00000| Untracked 
| 173|0x000000008ad00000, 0x000000008ad00000, 0x000000008ae00000|  0%| F|  |TAMS 0x000000008ad00000, 0x000000008ad00000| Untracked 
| 174|0x000000008ae00000, 0x000000008ae00000, 0x000000008af00000|  0%| F|  |TAMS 0x000000008ae00000, 0x000000008ae00000| Untracked 
| 175|0x000000008af00000, 0x000000008af00000, 0x000000008b000000|  0%| F|  |TAMS 0x000000008af00000, 0x000000008af00000| Untracked 
| 176|0x000000008b000000, 0x000000008b000000, 0x000000008b100000|  0%| F|  |TAMS 0x000000008b000000, 0x000000008b000000| Untracked 
| 177|0x000000008b100000, 0x000000008b100000, 0x000000008b200000|  0%| F|  |TAMS 0x000000008b100000, 0x000000008b100000| Untracked 
| 178|0x000000008b200000, 0x000000008b200000, 0x000000008b300000|  0%| F|  |TAMS 0x000000008b200000, 0x000000008b200000| Untracked 
| 179|0x000000008b300000, 0x000000008b300000, 0x000000008b400000|  0%| F|  |TAMS 0x000000008b300000, 0x000000008b300000| Untracked 
| 180|0x000000008b400000, 0x000000008b400000, 0x000000008b500000|  0%| F|  |TAMS 0x000000008b400000, 0x000000008b400000| Untracked 
| 181|0x000000008b500000, 0x000000008b500000, 0x000000008b600000|  0%| F|  |TAMS 0x000000008b500000, 0x000000008b500000| Untracked 
| 182|0x000000008b600000, 0x000000008b600000, 0x000000008b700000|  0%| F|  |TAMS 0x000000008b600000, 0x000000008b600000| Untracked 
| 183|0x000000008b700000, 0x000000008b700000, 0x000000008b800000|  0%| F|  |TAMS 0x000000008b700000, 0x000000008b700000| Untracked 
| 184|0x000000008b800000, 0x000000008b800000, 0x000000008b900000|  0%| F|  |TAMS 0x000000008b800000, 0x000000008b800000| Untracked 
| 185|0x000000008b900000, 0x000000008b900000, 0x000000008ba00000|  0%| F|  |TAMS 0x000000008b900000, 0x000000008b900000| Untracked 
| 186|0x000000008ba00000, 0x000000008ba00000, 0x000000008bb00000|  0%| F|  |TAMS 0x000000008ba00000, 0x000000008ba00000| Untracked 
| 187|0x000000008bb00000, 0x000000008bb00000, 0x000000008bc00000|  0%| F|  |TAMS 0x000000008bb00000, 0x000000008bb00000| Untracked 
| 188|0x000000008bc00000, 0x000000008bc00000, 0x000000008bd00000|  0%| F|  |TAMS 0x000000008bc00000, 0x000000008bc00000| Untracked 
| 189|0x000000008bd00000, 0x000000008bd00000, 0x000000008be00000|  0%| F|  |TAMS 0x000000008bd00000, 0x000000008bd00000| Untracked 
| 190|0x000000008be00000, 0x000000008be00000, 0x000000008bf00000|  0%| F|  |TAMS 0x000000008be00000, 0x000000008be00000| Untracked 
| 191|0x000000008bf00000, 0x000000008bf00000, 0x000000008c000000|  0%| F|  |TAMS 0x000000008bf00000, 0x000000008bf00000| Untracked 
| 192|0x000000008c000000, 0x000000008c000000, 0x000000008c100000|  0%| F|  |TAMS 0x000000008c000000, 0x000000008c000000| Untracked 
| 193|0x000000008c100000, 0x000000008c100000, 0x000000008c200000|  0%| F|  |TAMS 0x000000008c100000, 0x000000008c100000| Untracked 
| 194|0x000000008c200000, 0x000000008c200000, 0x000000008c300000|  0%| F|  |TAMS 0x000000008c200000, 0x000000008c200000| Untracked 
| 195|0x000000008c300000, 0x000000008c300000, 0x000000008c400000|  0%| F|  |TAMS 0x000000008c300000, 0x000000008c300000| Untracked 
| 196|0x000000008c400000, 0x000000008c400000, 0x000000008c500000|  0%| F|  |TAMS 0x000000008c400000, 0x000000008c400000| Untracked 
| 197|0x000000008c500000, 0x000000008c500000, 0x000000008c600000|  0%| F|  |TAMS 0x000000008c500000, 0x000000008c500000| Untracked 
| 198|0x000000008c600000, 0x000000008c600000, 0x000000008c700000|  0%| F|  |TAMS 0x000000008c600000, 0x000000008c600000| Untracked 
| 199|0x000000008c700000, 0x000000008c700000, 0x000000008c800000|  0%| F|  |TAMS 0x000000008c700000, 0x000000008c700000| Untracked 
| 200|0x000000008c800000, 0x000000008c800000, 0x000000008c900000|  0%| F|  |TAMS 0x000000008c800000, 0x000000008c800000| Untracked 
| 201|0x000000008c900000, 0x000000008c900000, 0x000000008ca00000|  0%| F|  |TAMS 0x000000008c900000, 0x000000008c900000| Untracked 
| 202|0x000000008ca00000, 0x000000008ca00000, 0x000000008cb00000|  0%| F|  |TAMS 0x000000008ca00000, 0x000000008ca00000| Untracked 
| 203|0x000000008cb00000, 0x000000008cb00000, 0x000000008cc00000|  0%| F|  |TAMS 0x000000008cb00000, 0x000000008cb00000| Untracked 
| 204|0x000000008cc00000, 0x000000008cc00000, 0x000000008cd00000|  0%| F|  |TAMS 0x000000008cc00000, 0x000000008cc00000| Untracked 
| 205|0x000000008cd00000, 0x000000008cd00000, 0x000000008ce00000|  0%| F|  |TAMS 0x000000008cd00000, 0x000000008cd00000| Untracked 
| 206|0x000000008ce00000, 0x000000008ce00000, 0x000000008cf00000|  0%| F|  |TAMS 0x000000008ce00000, 0x000000008ce00000| Untracked 
| 207|0x000000008cf00000, 0x000000008cf00000, 0x000000008d000000|  0%| F|  |TAMS 0x000000008cf00000, 0x000000008cf00000| Untracked 
| 208|0x000000008d000000, 0x000000008d000000, 0x000000008d100000|  0%| F|  |TAMS 0x000000008d000000, 0x000000008d000000| Untracked 
| 209|0x000000008d100000, 0x000000008d100000, 0x000000008d200000|  0%| F|  |TAMS 0x000000008d100000, 0x000000008d100000| Untracked 
| 210|0x000000008d200000, 0x000000008d200000, 0x000000008d300000|  0%| F|  |TAMS 0x000000008d200000, 0x000000008d200000| Untracked 
| 211|0x000000008d300000, 0x000000008d300000, 0x000000008d400000|  0%| F|  |TAMS 0x000000008d300000, 0x000000008d300000| Untracked 
| 212|0x000000008d400000, 0x000000008d400000, 0x000000008d500000|  0%| F|  |TAMS 0x000000008d400000, 0x000000008d400000| Untracked 
| 213|0x000000008d500000, 0x000000008d500000, 0x000000008d600000|  0%| F|  |TAMS 0x000000008d500000, 0x000000008d500000| Untracked 
| 214|0x000000008d600000, 0x000000008d600000, 0x000000008d700000|  0%| F|  |TAMS 0x000000008d600000, 0x000000008d600000| Untracked 
| 215|0x000000008d700000, 0x000000008d700000, 0x000000008d800000|  0%| F|  |TAMS 0x000000008d700000, 0x000000008d700000| Untracked 
| 216|0x000000008d800000, 0x000000008d800000, 0x000000008d900000|  0%| F|  |TAMS 0x000000008d800000, 0x000000008d800000| Untracked 
| 217|0x000000008d900000, 0x000000008d900000, 0x000000008da00000|  0%| F|  |TAMS 0x000000008d900000, 0x000000008d900000| Untracked 
| 218|0x000000008da00000, 0x000000008da00000, 0x000000008db00000|  0%| F|  |TAMS 0x000000008da00000, 0x000000008da00000| Untracked 
| 219|0x000000008db00000, 0x000000008db00000, 0x000000008dc00000|  0%| F|  |TAMS 0x000000008db00000, 0x000000008db00000| Untracked 
| 220|0x000000008dc00000, 0x000000008dc00000, 0x000000008dd00000|  0%| F|  |TAMS 0x000000008dc00000, 0x000000008dc00000| Untracked 
| 221|0x000000008dd00000, 0x000000008dd00000, 0x000000008de00000|  0%| F|  |TAMS 0x000000008dd00000, 0x000000008dd00000| Untracked 
| 222|0x000000008de00000, 0x000000008de00000, 0x000000008df00000|  0%| F|  |TAMS 0x000000008de00000, 0x000000008de00000| Untracked 
| 223|0x000000008df00000, 0x000000008df00000, 0x000000008e000000|  0%| F|  |TAMS 0x000000008df00000, 0x000000008df00000| Untracked 
| 224|0x000000008e000000, 0x000000008e000000, 0x000000008e100000|  0%| F|  |TAMS 0x000000008e000000, 0x000000008e000000| Untracked 
| 225|0x000000008e100000, 0x000000008e100000, 0x000000008e200000|  0%| F|  |TAMS 0x000000008e100000, 0x000000008e100000| Untracked 
| 226|0x000000008e200000, 0x000000008e200000, 0x000000008e300000|  0%| F|  |TAMS 0x000000008e200000, 0x000000008e200000| Untracked 
| 227|0x000000008e300000, 0x000000008e300000, 0x000000008e400000|  0%| F|  |TAMS 0x000000008e300000, 0x000000008e300000| Untracked 
| 228|0x000000008e400000, 0x000000008e400000, 0x000000008e500000|  0%| F|  |TAMS 0x000000008e400000, 0x000000008e400000| Untracked 
| 229|0x000000008e500000, 0x000000008e500000, 0x000000008e600000|  0%| F|  |TAMS 0x000000008e500000, 0x000000008e500000| Untracked 
| 230|0x000000008e600000, 0x000000008e600000, 0x000000008e700000|  0%| F|  |TAMS 0x000000008e600000, 0x000000008e600000| Untracked 

Card table byte_map: [0x000001fda3120000,0x000001fda3520000] _byte_map_base: 0x000001fda2d20000

Marking Bits (Prev, Next): (CMBitMap*) 0x000001fd8e3f8e88, (CMBitMap*) 0x000001fd8e3f8ec0
 Prev Bits: [0x000001fda3920000, 0x000001fda5920000)
 Next Bits: [0x000001fda5920000, 0x000001fda7920000)

Polling page: 0x000001fd8e230000

Metaspace:

Usage:
  Non-class:     79.96 MB capacity,    78.65 MB ( 98%) used,     1.05 MB (  1%) free+waste,   258.44 KB ( <1%) overhead. 
      Class:     12.55 MB capacity,    11.72 MB ( 93%) used,   740.73 KB (  6%) free+waste,   115.50 KB ( <1%) overhead. 
       Both:     92.51 MB capacity,    90.37 MB ( 98%) used,     1.77 MB (  2%) free+waste,   373.94 KB ( <1%) overhead. 

Virtual space:
  Non-class space:       82.00 MB reserved,      80.20 MB ( 98%) committed 
      Class space:        1.00 GB reserved,      12.63 MB (  1%) committed 
             Both:        1.08 GB reserved,      92.82 MB (  8%) committed 

Chunk freelists:
   Non-Class:  0 bytes
       Class:  9.00 KB
        Both:  9.00 KB

MaxMetaspaceSize: 17179869184.00 GB
CompressedClassSpaceSize: 1.00 GB
Initial GC threshold: 20.80 MB
Current GC threshold: 119.08 MB
CDS: off

CodeHeap 'non-profiled nmethods': size=120064Kb used=7455Kb max_used=7455Kb free=112608Kb
 bounds [0x000001fd9b1b0000, 0x000001fd9b900000, 0x000001fda26f0000]
CodeHeap 'profiled nmethods': size=120000Kb used=25142Kb max_used=25142Kb free=94857Kb
 bounds [0x000001fd93c80000, 0x000001fd95510000, 0x000001fd9b1b0000]
CodeHeap 'non-nmethods': size=5696Kb used=2391Kb max_used=2436Kb free=3304Kb
 bounds [0x000001fd936f0000, 0x000001fd93960000, 0x000001fd93c80000]
 total_blobs=12249 nmethods=11338 adapters=823
 compilation: enabled
              stopped_count=0, restarted_count=0
 full_count=0

Compilation events (20 events):
Event: 29.797 Thread 0x000001fdacd39800 11418       4       org.gradle.internal.component.external.model.DefaultModuleComponentIdentifier::getDisplayName (87 bytes)
Event: 29.817 Thread 0x000001fdaa7b3800 11419       1       org.gradle.internal.fingerprint.classpath.impl.ClasspathFingerprintingStrategy::normalizePath (3 bytes)
Event: 29.817 Thread 0x000001fdaa7b3800 nmethod 11419 0x000001fd9b8f6d10 code [0x000001fd9b8f6ec0, 0x000001fd9b8f6f78]
Event: 29.838 Thread 0x000001fdaa7b3800 11420       3       org.gradle.internal.resources.AbstractResourceLockRegistry::associateResourceLock (34 bytes)
Event: 29.839 Thread 0x000001fdaa7b3800 nmethod 11420 0x000001fd95505f90 code [0x000001fd95506180, 0x000001fd955064a8]
Event: 29.849 Thread 0x000001fdaa7b3800 11421       3       org.gradle.internal.work.DefaultWorkerLeaseService$WorkerLeaseLockRegistry::getResourceLock (50 bytes)
Event: 29.851 Thread 0x000001fdaa7b3800 nmethod 11421 0x000001fd95506610 code [0x000001fd955069a0, 0x000001fd95508278]
Event: 29.851 Thread 0x000001fdaa7b3800 11422   !   3       org.gradle.internal.work.DefaultWorkerLeaseService::withLocks (51 bytes)
Event: 29.852 Thread 0x000001fdaa7b3800 nmethod 11422 0x000001fd95508c90 code [0x000001fd95508f40, 0x000001fd95509b88]
Event: 29.852 Thread 0x000001fdaa7b3800 11423       3       com.google.common.cache.LocalCache$Strength$3::referenceValue (38 bytes)
Event: 29.853 Thread 0x000001fdaa7b3800 nmethod 11423 0x000001fd9550a110 code [0x000001fd9550a320, 0x000001fd9550a868]
Event: 29.862 Thread 0x000001fdaa76b000 11424       4       org.gradle.internal.snapshot.impl.HashCodeSnapshot::equals (6 bytes)
Event: 29.866 Thread 0x000001fdaa76b000 nmethod 11424 0x000001fd9b8f7010 code [0x000001fd9b8f71c0, 0x000001fd9b8f7458]
Event: 29.867 Thread 0x000001fdaa76b000 11425       4       org.gradle.internal.snapshot.DirectorySnapshot$$Lambda$346/0x0000000100503040::apply (8 bytes)
Event: 29.873 Thread 0x000001fdaa76b000 nmethod 11425 0x000001fd9b8f7610 code [0x000001fd9b8f77c0, 0x000001fd9b8f7a78]
Event: 29.874 Thread 0x000001fdaa76b000 11426       4       org.gradle.internal.file.FileHierarchySet$Node::contains (101 bytes)
Event: 29.875 Thread 0x000001fdaa7b3800 11428   !   3       java.util.concurrent.ConcurrentHashMap::putVal (432 bytes)
Event: 29.878 Thread 0x000001fdaa7b3800 nmethod 11428 0x000001fd9550aa90 code [0x000001fd9550ae20, 0x000001fd9550ced8]
Event: 29.880 Thread 0x000001fdaa7b3800 11429       1       org.gradle.api.internal.artifacts.transform.TransformationResult$Builder$ProducedOutput::getOutputLocation (5 bytes)
Event: 29.880 Thread 0x000001fdaa7b3800 nmethod 11429 0x000001fd9b8f7b90 code [0x000001fd9b8f7d40, 0x000001fd9b8f7df8]

GC Heap History (20 events):
Event: 4.519 GC heap after
{Heap after GC invocations=7 (full 0):
 garbage-first heap   total 196608K, used 19374K [0x0000000080000000, 0x0000000100000000)
  region size 1024K, 3 young (3072K), 3 survivors (3072K)
 Metaspace       used 26151K, capacity 26754K, committed 27008K, reserved 1073152K
  class space    used 3386K, capacity 3588K, committed 3712K, reserved 1048576K
}
Event: 5.909 GC heap before
{Heap before GC invocations=7 (full 0):
 garbage-first heap   total 196608K, used 79790K [0x0000000080000000, 0x0000000100000000)
  region size 1024K, 63 young (64512K), 3 survivors (3072K)
 Metaspace       used 34971K, capacity 35783K, committed 35840K, reserved 1081344K
  class space    used 4525K, capacity 4839K, committed 4864K, reserved 1048576K
}
Event: 5.928 GC heap after
{Heap after GC invocations=8 (full 0):
 garbage-first heap   total 196608K, used 22416K [0x0000000080000000, 0x0000000100000000)
  region size 1024K, 6 young (6144K), 6 survivors (6144K)
 Metaspace       used 34971K, capacity 35783K, committed 35840K, reserved 1081344K
  class space    used 4525K, capacity 4839K, committed 4864K, reserved 1048576K
}
Event: 7.653 GC heap before
{Heap before GC invocations=9 (full 0):
 garbage-first heap   total 196608K, used 104336K [0x0000000080000000, 0x0000000100000000)
  region size 1024K, 84 young (86016K), 6 survivors (6144K)
 Metaspace       used 41593K, capacity 42530K, committed 42828K, reserved 1087488K
  class space    used 5335K, capacity 5690K, committed 5760K, reserved 1048576K
}
Event: 7.675 GC heap after
{Heap after GC invocations=10 (full 0):
 garbage-first heap   total 196608K, used 29143K [0x0000000080000000, 0x0000000100000000)
  region size 1024K, 11 young (11264K), 11 survivors (11264K)
 Metaspace       used 41593K, capacity 42530K, committed 42828K, reserved 1087488K
  class space    used 5335K, capacity 5690K, committed 5760K, reserved 1048576K
}
Event: 9.012 GC heap before
{Heap before GC invocations=10 (full 0):
 garbage-first heap   total 196608K, used 118231K [0x0000000080000000, 0x0000000100000000)
  region size 1024K, 98 young (100352K), 11 survivors (11264K)
 Metaspace       used 48951K, capacity 50156K, committed 50380K, reserved 1093632K
  class space    used 6300K, capacity 6785K, committed 6912K, reserved 1048576K
}
Event: 9.035 GC heap after
{Heap after GC invocations=11 (full 0):
 garbage-first heap   total 196608K, used 32921K [0x0000000080000000, 0x0000000100000000)
  region size 1024K, 10 young (10240K), 10 survivors (10240K)
 Metaspace       used 48951K, capacity 50156K, committed 50380K, reserved 1093632K
  class space    used 6300K, capacity 6785K, committed 6912K, reserved 1048576K
}
Event: 12.346 GC heap before
{Heap before GC invocations=11 (full 0):
 garbage-first heap   total 196608K, used 128153K [0x0000000080000000, 0x0000000100000000)
  region size 1024K, 103 young (105472K), 10 survivors (10240K)
 Metaspace       used 55848K, capacity 57181K, committed 57292K, reserved 1099776K
  class space    used 7071K, capacity 7573K, committed 7680K, reserved 1048576K
}
Event: 12.374 GC heap after
{Heap after GC invocations=12 (full 0):
 garbage-first heap   total 196608K, used 38237K [0x0000000080000000, 0x0000000100000000)
  region size 1024K, 10 young (10240K), 10 survivors (10240K)
 Metaspace       used 55848K, capacity 57181K, committed 57292K, reserved 1099776K
  class space    used 7071K, capacity 7573K, committed 7680K, reserved 1048576K
}
Event: 14.109 GC heap before
{Heap before GC invocations=12 (full 0):
 garbage-first heap   total 196608K, used 88413K [0x0000000080000000, 0x0000000100000000)
  region size 1024K, 52 young (53248K), 10 survivors (10240K)
 Metaspace       used 58757K, capacity 60084K, committed 60236K, reserved 1101824K
  class space    used 7431K, capacity 7946K, committed 8064K, reserved 1048576K
}
Event: 14.138 GC heap after
{Heap after GC invocations=13 (full 0):
 garbage-first heap   total 236544K, used 55150K [0x0000000080000000, 0x0000000100000000)
  region size 1024K, 14 young (14336K), 14 survivors (14336K)
 Metaspace       used 58757K, capacity 60084K, committed 60236K, reserved 1101824K
  class space    used 7431K, capacity 7946K, committed 8064K, reserved 1048576K
}
Event: 16.626 GC heap before
{Heap before GC invocations=14 (full 0):
 garbage-first heap   total 236544K, used 175982K [0x0000000080000000, 0x0000000100000000)
  region size 1024K, 132 young (135168K), 14 survivors (14336K)
 Metaspace       used 71032K, capacity 72689K, committed 72908K, reserved 1112064K
  class space    used 8989K, capacity 9617K, committed 9728K, reserved 1048576K
}
Event: 16.662 GC heap after
{Heap after GC invocations=15 (full 0):
 garbage-first heap   total 236544K, used 62149K [0x0000000080000000, 0x0000000100000000)
  region size 1024K, 16 young (16384K), 16 survivors (16384K)
 Metaspace       used 71032K, capacity 72689K, committed 72908K, reserved 1112064K
  class space    used 8989K, capacity 9617K, committed 9728K, reserved 1048576K
}
Event: 19.512 GC heap before
{Heap before GC invocations=16 (full 0):
 garbage-first heap   total 236544K, used 180933K [0x0000000080000000, 0x0000000100000000)
  region size 1024K, 132 young (135168K), 16 survivors (16384K)
 Metaspace       used 79003K, capacity 80708K, committed 80972K, reserved 1120256K
  class space    used 10192K, capacity 10827K, committed 10880K, reserved 1048576K
}
Event: 19.546 GC heap after
{Heap after GC invocations=17 (full 0):
 garbage-first heap   total 236544K, used 69071K [0x0000000080000000, 0x0000000100000000)
  region size 1024K, 14 young (14336K), 14 survivors (14336K)
 Metaspace       used 79003K, capacity 80708K, committed 80972K, reserved 1120256K
  class space    used 10192K, capacity 10827K, committed 10880K, reserved 1048576K
}
Event: 22.839 GC heap before
{Heap before GC invocations=17 (full 0):
 garbage-first heap   total 236544K, used 184783K [0x0000000080000000, 0x0000000100000000)
  region size 1024K, 127 young (130048K), 14 survivors (14336K)
 Metaspace       used 88522K, capacity 90418K, committed 90572K, reserved 1128448K
  class space    used 11486K, capacity 12196K, committed 12288K, reserved 1048576K
}
Event: 22.870 GC heap after
{Heap after GC invocations=18 (full 0):
 garbage-first heap   total 236544K, used 75683K [0x0000000080000000, 0x0000000100000000)
  region size 1024K, 14 young (14336K), 14 survivors (14336K)
 Metaspace       used 88522K, capacity 90418K, committed 90572K, reserved 1128448K
  class space    used 11486K, capacity 12196K, committed 12288K, reserved 1048576K
}
Event: 25.808 GC heap before
{Heap before GC invocations=18 (full 0):
 garbage-first heap   total 236544K, used 186275K [0x0000000080000000, 0x0000000100000000)
  region size 1024K, 123 young (125952K), 14 survivors (14336K)
 Metaspace       used 91812K, capacity 93966K, committed 94156K, reserved 1130496K
  class space    used 11938K, capacity 12756K, committed 12800K, reserved 1048576K
}
Event: 25.854 GC heap after
{Heap after GC invocations=19 (full 0):
 garbage-first heap   total 236544K, used 81920K [0x0000000080000000, 0x0000000100000000)
  region size 1024K, 13 young (13312K), 13 survivors (13312K)
 Metaspace       used 91812K, capacity 93966K, committed 94156K, reserved 1130496K
  class space    used 11938K, capacity 12756K, committed 12800K, reserved 1048576K
}
Event: 29.884 GC heap before
{Heap before GC invocations=19 (full 0):
 garbage-first heap   total 236544K, used 188416K [0x0000000080000000, 0x0000000100000000)
  region size 1024K, 118 young (120832K), 13 survivors (13312K)
 Metaspace       used 92541K, capacity 94732K, committed 95052K, reserved 1132544K
  class space    used 11998K, capacity 12855K, committed 12928K, reserved 1048576K
}

Deoptimization events (20 events):
Event: 29.065 Thread 0x000001fdacd37800 Uncommon trap: trap_request=0xffffff4d fr.pc=0x000001fd9b8d005c relative=0x000000000000085c
Event: 29.065 Thread 0x000001fdacd37800 Uncommon trap: reason=unstable_if action=reinterpret pc=0x000001fd9b8d005c method=org.gradle.internal.snapshot.VfsRelativePath.lengthOfCommonPrefix(Ljava/lang/String;Lorg/gradle/internal/snapshot/CaseSensitivity;)I @ 117 c2
Event: 29.065 Thread 0x000001fdacd37800 DEOPT PACKING pc=0x000001fd9b8d005c sp=0x0000003bb2dfc480
Event: 29.065 Thread 0x000001fdacd37800 DEOPT UNPACKING pc=0x000001fd9373a1af sp=0x0000003bb2dfc408 mode 2
Event: 29.065 Thread 0x000001fdacd37800 Uncommon trap: trap_request=0xffffffc6 fr.pc=0x000001fd9b8baf40 relative=0x00000000000002e0
Event: 29.065 Thread 0x000001fdacd37800 Uncommon trap: reason=bimorphic_or_optimized_type_check action=maybe_recompile pc=0x000001fd9b8baf40 method=org.gradle.internal.snapshot.ChildMapFactory.childMapFromSorted(Ljava/util/List;)Lorg/gradle/internal/snapshot/ChildMap; @ 1 c2
Event: 29.065 Thread 0x000001fdacd37800 DEOPT PACKING pc=0x000001fd9b8baf40 sp=0x0000003bb2dfc380
Event: 29.065 Thread 0x000001fdacd37800 DEOPT UNPACKING pc=0x000001fd9373a1af sp=0x0000003bb2dfc348 mode 2
Event: 29.094 Thread 0x000001fdaca66000 Uncommon trap: trap_request=0xffffffbe fr.pc=0x000001fd9b8cc890 relative=0x0000000000002c90
Event: 29.094 Thread 0x000001fdaca66000 Uncommon trap: reason=profile_predicate action=maybe_recompile pc=0x000001fd9b8cc890 method=java.util.TimSort.binarySort([Ljava/lang/Object;IIILjava/util/Comparator;)V @ 73 c2
Event: 29.094 Thread 0x000001fdaca66000 DEOPT PACKING pc=0x000001fd9b8cc890 sp=0x0000003baeafad70
Event: 29.094 Thread 0x000001fdaca66000 DEOPT UNPACKING pc=0x000001fd9373a1af sp=0x0000003baeafac40 mode 2
Event: 29.692 Thread 0x000001fdaca66000 Uncommon trap: trap_request=0xffffff4d fr.pc=0x000001fd9b7af8fc relative=0x00000000000020dc
Event: 29.692 Thread 0x000001fdaca66000 Uncommon trap: reason=unstable_if action=reinterpret pc=0x000001fd9b7af8fc method=java.io.ObjectOutputStream.writeObject0(Ljava/lang/Object;Z)V @ 477 c2
Event: 29.692 Thread 0x000001fdaca66000 DEOPT PACKING pc=0x000001fd9b7af8fc sp=0x0000003baeaf90c0
Event: 29.692 Thread 0x000001fdaca66000 DEOPT UNPACKING pc=0x000001fd9373a1af sp=0x0000003baeaf90a0 mode 2
Event: 29.874 Thread 0x000001fdae67e000 Uncommon trap: trap_request=0xffffff4d fr.pc=0x000001fd9b8ab0a0 relative=0x0000000000000bc0
Event: 29.874 Thread 0x000001fdae67e000 Uncommon trap: reason=unstable_if action=reinterpret pc=0x000001fd9b8ab0a0 method=java.util.concurrent.ConcurrentHashMap.addCount(JI)V @ 110 c2
Event: 29.874 Thread 0x000001fdae67e000 DEOPT PACKING pc=0x000001fd9b8ab0a0 sp=0x0000003bb13fe2e0
Event: 29.874 Thread 0x000001fdae67e000 DEOPT UNPACKING pc=0x000001fd9373a1af sp=0x0000003bb13fe1a8 mode 2

Classes redefined (0 events):
No events

Internal exceptions (20 events):
Event: 23.335 Thread 0x000001fdacd3a000 Exception <a 'java/lang/NoSuchMethodError'{0x000000008d3e7df0}: <clinit>> (0x000000008d3e7df0) thrown at [./src/hotspot/share/prims/jni.cpp, line 1365]
Event: 23.369 Thread 0x000001fdacd3a000 Exception <a 'java/lang/NoSuchMethodError'{0x000000008d210f88}: <clinit>> (0x000000008d210f88) thrown at [./src/hotspot/share/prims/jni.cpp, line 1365]
Event: 23.374 Thread 0x000001fdacd3a000 Exception <a 'java/lang/NoSuchMethodError'{0x000000008d21b480}: 'void java.lang.invoke.DirectMethodHandle$Holder.invokeSpecial(java.lang.Object, java.lang.Object, java.lang.Object, int)'> (0x000000008d21b480) thrown at [./src/hotspot/share/interpreter/linkResolver.cpp, line 773]
Event: 23.436 Thread 0x000001fdaca66000 Exception <a 'java/lang/IncompatibleClassChangeError'{0x000000008d2ad9a8}: Found class java.lang.Object, but interface was expected> (0x000000008d2ad9a8) thrown at [./src/hotspot/share/interpreter/linkResolver.cpp, line 839]
Event: 23.475 Thread 0x000001fdac8aa800 Exception <a 'java/lang/NoSuchMethodError'{0x000000008cf3ae68}: <clinit>> (0x000000008cf3ae68) thrown at [./src/hotspot/share/prims/jni.cpp, line 1365]
Event: 23.484 Thread 0x000001fdacd37800 Exception <a 'java/lang/NoSuchMethodError'{0x000000008d8ed3d0}: 'java.lang.Object java.lang.invoke.DirectMethodHandle$Holder.invokeInterface(java.lang.Object, java.lang.Object, int)'> (0x000000008d8ed3d0) thrown at [./src/hotspot/share/interpreter/linkResolver.cpp, line 773]
Event: 23.489 Thread 0x000001fdacd37800 Exception <a 'java/lang/NoSuchMethodError'{0x000000008d8ff9b0}: 'void java.lang.invoke.DirectMethodHandle$Holder.invokeStatic(java.lang.Object, java.lang.Object, java.lang.Object, int)'> (0x000000008d8ff9b0) thrown at [./src/hotspot/share/interpreter/linkResolver.cpp, line 773]
Event: 23.569 Thread 0x000001fdacd37800 Implicit null exception at 0x000001fd9b5153f7 to 0x000001fd9b515580
Event: 23.583 Thread 0x000001fdacd37800 Exception <a 'java/lang/IncompatibleClassChangeError'{0x000000008cd7a9e0}: Found class java.lang.Object, but interface was expected> (0x000000008cd7a9e0) thrown at [./src/hotspot/share/interpreter/linkResolver.cpp, line 839]
Event: 24.208 Thread 0x000001fdacd37800 Exception <a 'java/lang/NoSuchMethodError'{0x000000008b8416f0}: 'void java.lang.invoke.DirectMethodHandle$Holder.invokeStatic(java.lang.Object, java.lang.Object, java.lang.Object, java.lang.Object, int, java.lang.Object, java.lang.Object)'> (0x000000008b8416f0) thrown at [./src/hotspot/share/interpreter/linkResolver.cpp, line 773]
Event: 24.245 Thread 0x000001fdab105800 Exception <a 'java/lang/NoSuchMethodError'{0x000000008b60f140}: 'java.lang.Object java.lang.invoke.DirectMethodHandle$Holder.invokeSpecialIFC(java.lang.Object, java.lang.Object, java.lang.Object)'> (0x000000008b60f140) thrown at [./src/hotspot/share/interpreter/linkResolver.cpp, line 773]
Event: 24.245 Thread 0x000001fdacd37800 Exception <a 'java/lang/NoSuchMethodError'{0x000000008b585e60}: 'java.lang.Object java.lang.invoke.DirectMethodHandle$Holder.invokeSpecialIFC(java.lang.Object, java.lang.Object, java.lang.Object)'> (0x000000008b585e60) thrown at [./src/hotspot/share/interpreter/linkResolver.cpp, line 773]
Event: 24.293 Thread 0x000001fdab105800 Exception <a 'java/lang/NoSuchMethodError'{0x000000008aff1e90}: 'int java.lang.invoke.DirectMethodHandle$Holder.invokeStaticInit(java.lang.Object, java.lang.Object, java.lang.Object, java.lang.Object, java.lang.Object)'> (0x000000008aff1e90) thrown at [./src/hotspot/share/interpreter/linkResolver.cpp, line 773]
Event: 24.376 Thread 0x000001fdae67a800 Implicit null exception at 0x000001fd9b7f4624 to 0x000001fd9b7f47c4
Event: 24.663 Thread 0x000001fdab105800 Implicit null exception at 0x000001fd9b80ce96 to 0x000001fd9b80d790
Event: 29.691 Thread 0x000001fdaca66000 Exception <a 'java/lang/NoSuchMethodError'{0x00000000884163f0}: <clinit>> (0x00000000884163f0) thrown at [./src/hotspot/share/prims/jni.cpp, line 1365]
Event: 29.691 Thread 0x000001fdaca66000 Exception <a 'java/lang/NoSuchMethodError'{0x0000000088418498}: <clinit>> (0x0000000088418498) thrown at [./src/hotspot/share/prims/jni.cpp, line 1365]
Event: 29.691 Thread 0x000001fdaca66000 Exception <a 'java/lang/NoSuchMethodError'{0x000000008841bb38}: <clinit>> (0x000000008841bb38) thrown at [./src/hotspot/share/prims/jni.cpp, line 1365]
Event: 29.694 Thread 0x000001fdaca66000 Exception <a 'java/lang/NoSuchMethodError'{0x0000000088440888}: <clinit>> (0x0000000088440888) thrown at [./src/hotspot/share/prims/jni.cpp, line 1365]
Event: 29.694 Thread 0x000001fdaca66000 Exception <a 'java/lang/NoSuchMethodError'{0x0000000088442560}: <clinit>> (0x0000000088442560) thrown at [./src/hotspot/share/prims/jni.cpp, line 1365]

Events (20 events):
Event: 29.696 loading class org/gradle/internal/fingerprint/impl/IgnoredPathFingerprintingStrategy done
Event: 29.697 loading class org/gradle/internal/fingerprint/impl/IgnoredPathFingerprintingStrategy$1
Event: 29.697 loading class org/gradle/internal/fingerprint/impl/IgnoredPathFingerprintingStrategy$1 done
Event: 29.748 loading class org/gradle/api/internal/artifacts/ivyservice/clientmodule/ClientModuleResolver$ClientModuleComponentResolveMetadata
Event: 29.748 loading class org/gradle/api/internal/artifacts/ivyservice/clientmodule/ClientModuleResolver$ClientModuleComponentResolveMetadata done
Event: 29.749 loading class org/gradle/api/internal/artifacts/ivyservice/clientmodule/ClientModuleResolver$ClientModuleConfigurationMetadata
Event: 29.749 loading class org/gradle/api/internal/artifacts/ivyservice/clientmodule/ClientModuleResolver$ClientModuleConfigurationMetadata done
Event: 29.750 Executing VM operation: Deoptimize
Event: 29.752 Executing VM operation: Deoptimize done
Event: 29.854 Executing VM operation: RevokeBias
Event: 29.856 Executing VM operation: RevokeBias done
Event: 29.872 loading class org/gradle/internal/Try$1
Event: 29.872 loading class org/gradle/internal/Try$1 done
Event: 29.872 Executing VM operation: RevokeBias
Event: 29.873 Executing VM operation: RevokeBias done
Event: 29.873 Executing VM operation: RevokeBias
Event: 29.873 Executing VM operation: RevokeBias done
Event: 29.882 Executing VM operation: RevokeBias
Event: 29.882 Executing VM operation: RevokeBias done
Event: 29.884 Executing VM operation: G1CollectForAllocation


Dynamic libraries:
0x00007ff7db980000 - 0x00007ff7db98a000 	C:\Program Files\Android\Android Studio\jre\bin\java.exe
0x00007ffd80710000 - 0x00007ffd80905000 	C:\Windows\SYSTEM32\ntdll.dll
0x00007ffd80480000 - 0x00007ffd8053e000 	C:\Windows\System32\KERNEL32.DLL
0x00007ffd7e0e0000 - 0x00007ffd7e3a9000 	C:\Windows\System32\KERNELBASE.dll
0x00007ffd7ded0000 - 0x00007ffd7dfd0000 	C:\Windows\System32\ucrtbase.dll
0x00007ffd5ef10000 - 0x00007ffd5ef29000 	C:\Program Files\Android\Android Studio\jre\bin\jli.dll
0x00007ffd80020000 - 0x00007ffd801c1000 	C:\Windows\System32\USER32.dll
0x00007ffd55ad0000 - 0x00007ffd55ae7000 	C:\Program Files\Android\Android Studio\jre\bin\VCRUNTIME140.dll
0x00007ffd7e3b0000 - 0x00007ffd7e3d2000 	C:\Windows\System32\win32u.dll
0x00007ffd7fe10000 - 0x00007ffd7fe3b000 	C:\Windows\System32\GDI32.dll
0x00007ffd7dfd0000 - 0x00007ffd7e0db000 	C:\Windows\System32\gdi32full.dll
0x00007ffd6a520000 - 0x00007ffd6a7ba000 	C:\Windows\WinSxS\amd64_microsoft.windows.common-controls_6595b64144ccf1df_6.0.19041.1110_none_60b5254171f9507e\COMCTL32.dll
0x00007ffd7de30000 - 0x00007ffd7decd000 	C:\Windows\System32\msvcp_win.dll
0x00007ffd7e760000 - 0x00007ffd7e7fe000 	C:\Windows\System32\msvcrt.dll
0x00007ffd7fff0000 - 0x00007ffd80020000 	C:\Windows\System32\IMM32.DLL
0x00007ffd553a0000 - 0x00007ffd5543d000 	C:\Program Files\Android\Android Studio\jre\bin\msvcp140.dll
0x00007ffd38940000 - 0x00007ffd39425000 	C:\Program Files\Android\Android Studio\jre\bin\server\jvm.dll
0x00007ffd803d0000 - 0x00007ffd8047c000 	C:\Windows\System32\ADVAPI32.dll
0x00007ffd80250000 - 0x00007ffd802eb000 	C:\Windows\System32\sechost.dll
0x00007ffd7f630000 - 0x00007ffd7f75a000 	C:\Windows\System32\RPCRT4.dll
0x00007ffd7e800000 - 0x00007ffd7e808000 	C:\Windows\System32\PSAPI.DLL
0x00007ffd7b5d0000 - 0x00007ffd7b5d9000 	C:\Windows\SYSTEM32\WSOCK32.dll
0x00007ffd785f0000 - 0x00007ffd78617000 	C:\Windows\SYSTEM32\WINMM.dll
0x00007ffd7fbf0000 - 0x00007ffd7fc5b000 	C:\Windows\System32\WS2_32.dll
0x00007ffd773b0000 - 0x00007ffd773ba000 	C:\Windows\SYSTEM32\VERSION.dll
0x00007ffd7bd30000 - 0x00007ffd7bd42000 	C:\Windows\SYSTEM32\kernel.appcore.dll
0x00007ffd76be0000 - 0x00007ffd76bf1000 	C:\Program Files\Android\Android Studio\jre\bin\verify.dll
0x00007ffd63970000 - 0x00007ffd63b54000 	C:\Windows\SYSTEM32\DBGHELP.DLL
0x00007ffd688d0000 - 0x00007ffd688fc000 	C:\Windows\SYSTEM32\dbgcore.DLL
0x00007ffd7e410000 - 0x00007ffd7e493000 	C:\Windows\System32\bcryptPrimitives.dll
0x00007ffd76bb0000 - 0x00007ffd76bd9000 	C:\Program Files\Android\Android Studio\jre\bin\java.dll
0x00007ffd7b620000 - 0x00007ffd7b62b000 	C:\Program Files\Android\Android Studio\jre\bin\jimage.dll
0x00007ffd76b90000 - 0x00007ffd76ba8000 	C:\Program Files\Android\Android Studio\jre\bin\zip.dll
0x00007ffd7ed30000 - 0x00007ffd7f46f000 	C:\Windows\System32\SHELL32.dll
0x00007ffd7bf30000 - 0x00007ffd7c6c0000 	C:\Windows\SYSTEM32\windows.storage.dll
0x00007ffd7e810000 - 0x00007ffd7eb65000 	C:\Windows\System32\combase.dll
0x00007ffd7d880000 - 0x00007ffd7d8ac000 	C:\Windows\SYSTEM32\Wldp.dll
0x00007ffd7f520000 - 0x00007ffd7f5ce000 	C:\Windows\System32\SHCORE.dll
0x00007ffd805a0000 - 0x00007ffd805f5000 	C:\Windows\System32\shlwapi.dll
0x00007ffd7dd70000 - 0x00007ffd7dd8f000 	C:\Windows\SYSTEM32\profapi.dll
0x00007ffd76b70000 - 0x00007ffd76b8a000 	C:\Program Files\Android\Android Studio\jre\bin\net.dll
0x00007ffd6de40000 - 0x00007ffd6df48000 	C:\Windows\SYSTEM32\WINHTTP.dll
0x00007ffd7d5e0000 - 0x00007ffd7d64a000 	C:\Windows\system32\mswsock.dll
0x00007ffd76b50000 - 0x00007ffd76b64000 	C:\Program Files\Android\Android Studio\jre\bin\nio.dll
0x00007ffd5f330000 - 0x00007ffd5f357000 	C:\Users\Ekaterina\.gradle\native\e1d6ef7f7dcc3fd88c89a11ec53ec762bb8ba0a96d01ffa2cd45eb1d1d8dd5c5\windows-amd64\native-platform.dll
0x00007ffd39860000 - 0x00007ffd399a4000 	C:\Users\Ekaterina\.gradle\native\5664cfc778a61ccfe75a443a1ab52a65af34e5dc3c78e0209fed803814484fcb\windows-amd64\native-platform-file-events.dll
0x00007ffd76b40000 - 0x00007ffd76b4a000 	C:\Program Files\Android\Android Studio\jre\bin\management.dll
0x00007ffd76b30000 - 0x00007ffd76b3d000 	C:\Program Files\Android\Android Studio\jre\bin\management_ext.dll
0x00007ffd7d7d0000 - 0x00007ffd7d7e8000 	C:\Windows\SYSTEM32\CRYPTSP.dll
0x00007ffd7cef0000 - 0x00007ffd7cf24000 	C:\Windows\system32\rsaenh.dll
0x00007ffd7e3e0000 - 0x00007ffd7e407000 	C:\Windows\System32\bcrypt.dll
0x00007ffd7dd30000 - 0x00007ffd7dd5e000 	C:\Windows\SYSTEM32\USERENV.dll
0x00007ffd7d7f0000 - 0x00007ffd7d7fc000 	C:\Windows\SYSTEM32\CRYPTBASE.dll
0x00007ffd7d280000 - 0x00007ffd7d2bb000 	C:\Windows\SYSTEM32\IPHLPAPI.DLL
0x00007ffd7f760000 - 0x00007ffd7f768000 	C:\Windows\System32\NSI.dll
0x00007ffd761c0000 - 0x00007ffd761d7000 	C:\Windows\SYSTEM32\dhcpcsvc6.DLL
0x00007ffd76180000 - 0x00007ffd7619d000 	C:\Windows\SYSTEM32\dhcpcsvc.DLL
0x00007ffd7d2d0000 - 0x00007ffd7d39c000 	C:\Windows\SYSTEM32\DNSAPI.dll
0x00007ffd689b0000 - 0x00007ffd689d7000 	C:\Program Files\Android\Android Studio\jre\bin\sunec.dll
0x00007ffd6da10000 - 0x00007ffd6da1a000 	C:\Windows\System32\rasadhlp.dll
0x00007ffd6d740000 - 0x00007ffd6d7bf000 	C:\Windows\System32\fwpuclnt.dll

dbghelp: loaded successfully - version: 4.0.5 - missing functions: none
symbol engine: initialized successfully - sym options: 0x614 - pdb path: .;C:\Program Files\Android\Android Studio\jre\bin;C:\Windows\SYSTEM32;C:\Windows\WinSxS\amd64_microsoft.windows.common-controls_6595b64144ccf1df_6.0.19041.1110_none_60b5254171f9507e;C:\Program Files\Android\Android Studio\jre\bin\server;C:\Users\Ekaterina\.gradle\native\e1d6ef7f7dcc3fd88c89a11ec53ec762bb8ba0a96d01ffa2cd45eb1d1d8dd5c5\windows-amd64;C:\Users\Ekaterina\.gradle\native\5664cfc778a61ccfe75a443a1ab52a65af34e5dc3c78e0209fed803814484fcb\windows-amd64

VM Arguments:
jvm_args: --add-opens=java.base/java.util=ALL-UNNAMED --add-opens=java.base/java.lang=ALL-UNNAMED --add-opens=java.base/java.lang.invoke=ALL-UNNAMED --add-opens=java.base/java.util=ALL-UNNAMED --add-opens=java.prefs/java.util.prefs=ALL-UNNAMED --add-opens=java.prefs/java.util.prefs=ALL-UNNAMED --add-opens=java.base/java.nio.charset=ALL-UNNAMED --add-opens=java.base/java.net=ALL-UNNAMED --add-opens=java.base/java.util.concurrent.atomic=ALL-UNNAMED -Xmx2048m -Dfile.encoding=UTF-8 -Duser.country=RU -Duser.language=ru -Duser.variant 
java_command: org.gradle.launcher.daemon.bootstrap.GradleDaemon 7.3.3
java_class_path (initial): C:\Users\Ekaterina\.gradle\wrapper\dists\gradle-7.3.3-bin\6a41zxkdtcxs8rphpq6y0069z\gradle-7.3.3\lib\gradle-launcher-7.3.3.jar
Launcher Type: SUN_STANDARD

[Global flags]
     intx CICompilerCount                          = 3                                         {product} {ergonomic}
     uint ConcGCThreads                            = 1                                         {product} {ergonomic}
     uint G1ConcRefinementThreads                  = 4                                         {product} {ergonomic}
   size_t G1HeapRegionSize                         = 1048576                                   {product} {ergonomic}
    uintx GCDrainStackTargetSize                   = 64                                        {product} {ergonomic}
   size_t InitialHeapSize                          = 201326592                                 {product} {ergonomic}
   size_t MarkStackSize                            = 4194304                                   {product} {ergonomic}
   size_t MaxHeapSize                              = 2147483648                                {product} {command line}
   size_t MaxNewSize                               = 1287651328                                {product} {ergonomic}
   size_t MinHeapDeltaBytes                        = 1048576                                   {product} {ergonomic}
    uintx NonNMethodCodeHeapSize                   = 5830732                                {pd product} {ergonomic}
    uintx NonProfiledCodeHeapSize                  = 122913754                              {pd product} {ergonomic}
    uintx ProfiledCodeHeapSize                     = 122913754                              {pd product} {ergonomic}
    uintx ReservedCodeCacheSize                    = 251658240                              {pd product} {ergonomic}
     bool SegmentedCodeCache                       = true                                      {product} {ergonomic}
     bool UseCompressedClassPointers               = true                                 {lp64_product} {ergonomic}
     bool UseCompressedOops                        = true                                 {lp64_product} {ergonomic}
     bool UseG1GC                                  = true                                      {product} {ergonomic}
     bool UseLargePagesIndividualAllocation        = false                                  {pd product} {ergonomic}

Logging:
Log output configuration:
 #0: stdout all=warning uptime,level,tags
 #1: stderr all=off uptime,level,tags

Environment Variables:
PATH=C:\Windows\system32;C:\Windows;C:\Windows\System32\Wbem;C:\Windows\System32\WindowsPowerShell\v1.0\;C:\Program Files\Git\cmd;C:\Users\Ekaterina\AppData\Local\Microsoft\WindowsApps;;C:\Users\Ekaterina\AppData\Local\Programs\Microsoft VS Code\bin
USERNAME=Ekaterina
OS=Windows_NT
PROCESSOR_IDENTIFIER=Intel64 Family 6 Model 142 Stepping 9, GenuineIntel



---------------  S Y S T E M  ---------------

OS: Windows 10 , 64 bit Build 19041 (10.0.19041.1200)
OS uptime: 4 days 1:06 hours

CPU:total 4 (initial active 4) (2 cores per cpu, 2 threads per core) family 6 model 142 stepping 9 microcode 0xb4, cmov, cx8, fxsr, mmx, sse, sse2, sse3, ssse3, sse4.1, sse4.2, popcnt, avx, avx2, aes, clmul, erms, 3dnowpref, lzcnt, ht, tsc, tscinvbit, bmi1, bmi2, adx, fma

Memory: 4k page, system-wide physical 12197M (596M free)
TotalPageFile size 12197M (AvailPageFile size 33M)
current process WorkingSet (physical memory assigned to process): 486M, peak: 486M
current process commit charge ("private bytes"): 525M, peak: 572M

vm_info: OpenJDK 64-Bit Server VM (11.0.12+7-b1504.28-7817840) for windows-amd64 JRE (11.0.12+7-b1504.28-7817840), built on Oct 13 2021 22:12:33 by "builder" with MS VC++ 14.0 (VS2015)

END.
