#
# There is insufficient memory for the Java Runtime Environment to continue.
# Native memory allocation (mmap) failed to map 42991616 bytes for Failed to commit area from 0x000000008cd00000 to 0x000000008f600000 of length 42991616.
# Possible reasons:
#   The system is out of physical RAM or swap space
#   The process is running with CompressedOops enabled, and the Java Heap may be blocking the growth of the native heap
# Possible solutions:
#   Reduce memory load on the system
#   Increase physical memory or swap space
#   Check if swap backing store is full
#   Decrease Java heap size (-Xmx/-Xms)
#   Decrease number of Java threads
#   Decrease Java thread stack sizes (-Xss)
#   Set larger code cache with -XX:ReservedCodeCacheSize=
#   JVM is running with Unscaled Compressed Oops mode in which the Java heap is
#     placed in the first 4GB address space. The Java Heap base address is the
#     maximum limit for the native heap growth. Please use -XX:HeapBaseMinAddress
#     to set the Java Heap base and to place the Java Heap above 4GB virtual address.
# This output file may be truncated or incomplete.
#
#  Out of Memory Error (./src/hotspot/os/windows/os_windows.cpp:3521), pid=8088, tid=6120
#
# JRE version: OpenJDK Runtime Environment (11.0.12+7) (build 11.0.12+7-b1504.28-7817840)
# Java VM: OpenJDK 64-Bit Server VM (11.0.12+7-b1504.28-7817840, mixed mode, tiered, compressed oops, g1 gc, windows-amd64)
# No core dump will be written. Minidumps are not enabled by default on client versions of Windows
#

---------------  S U M M A R Y ------------

Command Line: --add-opens=java.base/java.util=ALL-UNNAMED --add-opens=java.base/java.lang=ALL-UNNAMED --add-opens=java.base/java.lang.invoke=ALL-UNNAMED --add-opens=java.base/java.util=ALL-UNNAMED --add-opens=java.prefs/java.util.prefs=ALL-UNNAMED --add-opens=java.prefs/java.util.prefs=ALL-UNNAMED --add-opens=java.base/java.nio.charset=ALL-UNNAMED --add-opens=java.base/java.net=ALL-UNNAMED --add-opens=java.base/java.util.concurrent.atomic=ALL-UNNAMED -Xmx2048m -Dfile.encoding=UTF-8 -Duser.country=RU -Duser.language=ru -Duser.variant org.gradle.launcher.daemon.bootstrap.GradleDaemon 7.3.3

Host: Intel(R) Core(TM) i3-7020U CPU @ 2.30GHz, 4 cores, 11G,  Windows 10 , 64 bit Build 19041 (10.0.19041.1200)
Time: Wed Jul  6 19:33:35 2022 RTZ 2 (зима) elapsed time: 101.117039 seconds (0d 0h 1m 41s)

---------------  T H R E A D  ---------------

Current thread (0x000002640261c000):  VMThread "VM Thread" [stack: 0x000000d77f200000,0x000000d77f300000] [id=6120]

Stack: [0x000000d77f200000,0x000000d77f300000]
[error occurred during error reporting (printing stack bounds), id 0xc0000005, EXCEPTION_ACCESS_VIOLATION (0xc0000005) at pc=0x000002646bd5112d]

Native frames: (J=compiled Java code, j=interpreted, Vv=VM code, C=native code)
V  [jvm.dll+0x5fbcea]
V  [jvm.dll+0x731905]
V  [jvm.dll+0x732f1d]
V  [jvm.dll+0x733535]
V  [jvm.dll+0x7334eb]
V  [jvm.dll+0x5fb080]
V  [jvm.dll+0x5fb818]
C  [ntdll.dll+0xa20cf]
C  [ntdll.dll+0x51454]
C  [ntdll.dll+0xa0bfe]
C  0x000002646bd5112d

VM_Operation (0x000000d7059fe420): G1CollectForAllocation, mode: safepoint, requested by thread 0x0000026407146000


---------------  P R O C E S S  ---------------

Threads class SMR info:
_java_thread_list=0x0000026409d20500, length=95, elements={
0x0000026468239800, 0x0000026402631800, 0x0000026402633000, 0x0000026402e4d800,
0x0000026402e4f800, 0x0000026402e50800, 0x0000026402e54000, 0x0000026402eac000,
0x000002640263a800, 0x0000026402ff5000, 0x0000026403fda800, 0x0000026403975800,
0x00000264034c8800, 0x0000026404a03800, 0x000002640411a800, 0x0000026404877000,
0x0000026404877800, 0x0000026405343000, 0x0000026405345000, 0x0000026405342800,
0x0000026405347000, 0x0000026405346800, 0x000002640534a800, 0x000002640534e800,
0x0000026408749000, 0x0000026408475000, 0x000002640847b800, 0x0000026408746800,
0x000002640874b000, 0x000002640874c800, 0x0000026408748800, 0x000002640874b800,
0x000002640874d800, 0x000002640874f000, 0x0000026408752000, 0x000002640874e000,
0x0000026408753000, 0x0000026408751800, 0x0000026408754000, 0x0000026408754800,
0x000002640874f800, 0x0000026408755800, 0x0000026408750800, 0x0000026408477800,
0x0000026408478000, 0x0000026408479000, 0x0000026408474000, 0x000002640847c000,
0x000002640847d000, 0x000002640847a000, 0x000002640847e000, 0x000002640847a800,
0x000002640847f800, 0x0000026408481000, 0x0000026408482000, 0x0000026408480800,
0x0000026408483000, 0x0000026405345800, 0x0000026405340800, 0x0000026405340000,
0x0000026405341800, 0x0000026405344000, 0x0000026404875000, 0x0000026404876000,
0x00000264048a4800, 0x00000264048a3000, 0x00000264048a6000, 0x00000264048a5800,
0x00000264048a3800, 0x00000264048a9800, 0x00000264048ab000, 0x00000264048aa000,
0x00000264048a8000, 0x00000264048ac000, 0x00000264048a8800, 0x00000264048ac800,
0x00000264048a7000, 0x00000264048ad800, 0x00000264048ae800, 0x00000264048af000,
0x00000264048b0000, 0x00000264048b0800, 0x000002640713f800, 0x000002640713c000,
0x0000026407141000, 0x000002640713d800, 0x0000026407140000, 0x0000026407142000,
0x000002640713d000, 0x0000026407146800, 0x0000026407144000, 0x0000026407148800,
0x0000026407143800, 0x0000026407145000, 0x0000026407146000
}

Java Threads: ( => current thread )
  0x0000026468239800 JavaThread "main" [_thread_blocked, id=6028, stack(0x000000d77ec00000,0x000000d77ed00000)]
  0x0000026402631800 JavaThread "Reference Handler" daemon [_thread_blocked, id=7628, stack(0x000000d77f300000,0x000000d77f400000)]
  0x0000026402633000 JavaThread "Finalizer" daemon [_thread_blocked, id=6288, stack(0x000000d77f400000,0x000000d77f500000)]
  0x0000026402e4d800 JavaThread "Signal Dispatcher" daemon [_thread_blocked, id=8956, stack(0x000000d77f500000,0x000000d77f600000)]
  0x0000026402e4f800 JavaThread "Attach Listener" daemon [_thread_blocked, id=3880, stack(0x000000d77f600000,0x000000d77f700000)]
  0x0000026402e50800 JavaThread "Service Thread" daemon [_thread_blocked, id=8504, stack(0x000000d77f700000,0x000000d77f800000)]
  0x0000026402e54000 JavaThread "C2 CompilerThread0" daemon [_thread_in_native, id=1732, stack(0x000000d77f800000,0x000000d77f900000)]
  0x0000026402eac000 JavaThread "C1 CompilerThread0" daemon [_thread_blocked, id=9920, stack(0x000000d77f900000,0x000000d77fa00000)]
  0x000002640263a800 JavaThread "Sweeper thread" daemon [_thread_blocked, id=1348, stack(0x000000d77fa00000,0x000000d77fb00000)]
  0x0000026402ff5000 JavaThread "Common-Cleaner" daemon [_thread_blocked, id=5868, stack(0x000000d77fb00000,0x000000d77fc00000)]
  0x0000026403fda800 JavaThread "Daemon health stats" [_thread_blocked, id=4028, stack(0x000000d700100000,0x000000d700200000)]
  0x0000026403975800 JavaThread "Incoming local TCP Connector on port 55754" [_thread_in_native, id=8692, stack(0x000000d700200000,0x000000d700300000)]
  0x00000264034c8800 JavaThread "Daemon periodic checks" [_thread_blocked, id=9740, stack(0x000000d700300000,0x000000d700400000)]
  0x0000026404a03800 JavaThread "Daemon" [_thread_blocked, id=2564, stack(0x000000d700400000,0x000000d700500000)]
  0x000002640411a800 JavaThread "Daemon worker" [_thread_blocked, id=8812, stack(0x000000d700700000,0x000000d700800000)]
  0x0000026404877000 JavaThread "Cache worker for journal cache (C:\Users\Ekaterina\.gradle\caches\journal-1)" [_thread_blocked, id=6560, stack(0x000000d700b00000,0x000000d700c00000)]
  0x0000026404877800 JavaThread "File lock request listener" [_thread_in_native, id=9104, stack(0x000000d700c00000,0x000000d700d00000)]
  0x0000026405343000 JavaThread "Cache worker for file hash cache (C:\Users\Ekaterina\.gradle\caches\7.3.3\fileHashes)" [_thread_blocked, id=1152, stack(0x000000d700d00000,0x000000d700e00000)]
  0x0000026405345000 JavaThread "File watcher server" daemon [_thread_blocked, id=1988, stack(0x000000d701000000,0x000000d701100000)]
  0x0000026405342800 JavaThread "File watcher consumer" daemon [_thread_blocked, id=8704, stack(0x000000d701100000,0x000000d701200000)]
  0x0000026405347000 JavaThread "Cache worker for execution history cache (C:\Users\Ekaterina\.gradle\caches\7.3.3\executionHistory)" [_thread_blocked, id=7896, stack(0x000000d701500000,0x000000d701600000)]
  0x0000026405346800 JavaThread "jar transforms" [_thread_blocked, id=6676, stack(0x000000d701600000,0x000000d701700000)]
  0x000002640534a800 JavaThread "Cache worker for file content cache (C:\Users\Ekaterina\.gradle\caches\7.3.3\fileContent)" [_thread_blocked, id=7736, stack(0x000000d701700000,0x000000d701800000)]
  0x000002640534e800 JavaThread "jar transforms Thread 2" [_thread_blocked, id=3220, stack(0x000000d701800000,0x000000d701900000)]
  0x0000026408749000 JavaThread "jar transforms Thread 3" [_thread_blocked, id=9376, stack(0x000000d701a00000,0x000000d701b00000)]
  0x0000026408475000 JavaThread "jar transforms Thread 4" [_thread_blocked, id=6992, stack(0x000000d704500000,0x000000d704600000)]
  0x000002640847b800 JavaThread "Memory manager" [_thread_blocked, id=1668, stack(0x000000d704600000,0x000000d704700000)]
  0x0000026408746800 JavaThread "Handler for socket connection from /127.0.0.1:55754 to /127.0.0.1:55786" [_thread_in_native, id=5192, stack(0x000000d700500000,0x000000d700600000)]
  0x000002640874b000 JavaThread "Cancel handler" [_thread_blocked, id=4796, stack(0x000000d700600000,0x000000d700700000)]
  0x000002640874c800 JavaThread "Asynchronous log dispatcher for DefaultDaemonConnection: socket connection from /127.0.0.1:55754 to /127.0.0.1:55786" [_thread_blocked, id=10192, stack(0x000000d700800000,0x000000d700900000)]
  0x0000026408748800 JavaThread "Stdin handler" [_thread_blocked, id=8168, stack(0x000000d700900000,0x000000d700a00000)]
  0x000002640874b800 JavaThread "Daemon client event forwarder" [_thread_blocked, id=6940, stack(0x000000d700a00000,0x000000d700b00000)]
  0x000002640874d800 JavaThread "Cache worker for file hash cache (C:\Projects\Andriod\NMedia\.gradle\7.3.3\fileHashes)" [_thread_blocked, id=9832, stack(0x000000d700e00000,0x000000d700f00000)]
  0x000002640874f000 JavaThread "Cache worker for checksums cache (C:\Projects\Andriod\NMedia\.gradle\7.3.3\checksums)" [_thread_blocked, id=2168, stack(0x000000d701200000,0x000000d701300000)]
  0x0000026408752000 JavaThread "Cache worker for cache directory md-supplier (C:\Users\Ekaterina\.gradle\caches\7.3.3\md-supplier)" [_thread_blocked, id=1436, stack(0x000000d701300000,0x000000d701400000)]
  0x000002640874e000 JavaThread "Cache worker for cache directory md-rule (C:\Users\Ekaterina\.gradle\caches\7.3.3\md-rule)" [_thread_blocked, id=1416, stack(0x000000d701400000,0x000000d701500000)]
  0x0000026408753000 JavaThread "Cache worker for dependencies-accessors (C:\Projects\Andriod\NMedia\.gradle\7.3.3\dependencies-accessors)" [_thread_blocked, id=5244, stack(0x000000d701900000,0x000000d701a00000)]
  0x0000026408751800 JavaThread "Cache worker for Build Output Cleanup Cache (C:\Projects\Andriod\NMedia\.gradle\buildOutputCleanup)" [_thread_blocked, id=836, stack(0x000000d701b00000,0x000000d701c00000)]
  0x0000026408754000 JavaThread "Unconstrained build operations" [_thread_blocked, id=4608, stack(0x000000d701d00000,0x000000d701e00000)]
  0x0000026408754800 JavaThread "Unconstrained build operations Thread 2" [_thread_blocked, id=7012, stack(0x000000d701e00000,0x000000d701f00000)]
  0x000002640874f800 JavaThread "Unconstrained build operations Thread 3" [_thread_blocked, id=1304, stack(0x000000d701f00000,0x000000d702000000)]
  0x0000026408755800 JavaThread "Unconstrained build operations Thread 4" [_thread_blocked, id=8772, stack(0x000000d702000000,0x000000d702100000)]
  0x0000026408750800 JavaThread "Unconstrained build operations Thread 5" [_thread_blocked, id=712, stack(0x000000d702100000,0x000000d702200000)]
  0x0000026408477800 JavaThread "Unconstrained build operations Thread 6" [_thread_blocked, id=1084, stack(0x000000d702200000,0x000000d702300000)]
  0x0000026408478000 JavaThread "Unconstrained build operations Thread 7" [_thread_blocked, id=6388, stack(0x000000d702300000,0x000000d702400000)]
  0x0000026408479000 JavaThread "Unconstrained build operations Thread 8" [_thread_blocked, id=5372, stack(0x000000d702400000,0x000000d702500000)]
  0x0000026408474000 JavaThread "Unconstrained build operations Thread 9" [_thread_blocked, id=4032, stack(0x000000d702500000,0x000000d702600000)]
  0x000002640847c000 JavaThread "Unconstrained build operations Thread 10" [_thread_blocked, id=200, stack(0x000000d702600000,0x000000d702700000)]
  0x000002640847d000 JavaThread "Unconstrained build operations Thread 11" [_thread_blocked, id=6260, stack(0x000000d702700000,0x000000d702800000)]
  0x000002640847a000 JavaThread "Unconstrained build operations Thread 12" [_thread_blocked, id=8048, stack(0x000000d702800000,0x000000d702900000)]
  0x000002640847e000 JavaThread "Unconstrained build operations Thread 13" [_thread_blocked, id=4376, stack(0x000000d702900000,0x000000d702a00000)]
  0x000002640847a800 JavaThread "Unconstrained build operations Thread 14" [_thread_blocked, id=5268, stack(0x000000d702a00000,0x000000d702b00000)]
  0x000002640847f800 JavaThread "Unconstrained build operations Thread 15" [_thread_blocked, id=2344, stack(0x000000d702b00000,0x000000d702c00000)]
  0x0000026408481000 JavaThread "Unconstrained build operations Thread 16" [_thread_blocked, id=5564, stack(0x000000d702c00000,0x000000d702d00000)]
  0x0000026408482000 JavaThread "Unconstrained build operations Thread 17" [_thread_blocked, id=10176, stack(0x000000d702d00000,0x000000d702e00000)]
  0x0000026408480800 JavaThread "Unconstrained build operations Thread 18" [_thread_blocked, id=7824, stack(0x000000d702e00000,0x000000d702f00000)]
  0x0000026408483000 JavaThread "Unconstrained build operations Thread 19" [_thread_blocked, id=9708, stack(0x000000d702f00000,0x000000d703000000)]
  0x0000026405345800 JavaThread "Unconstrained build operations Thread 20" [_thread_blocked, id=3912, stack(0x000000d703000000,0x000000d703100000)]
  0x0000026405340800 JavaThread "Unconstrained build operations Thread 21" [_thread_blocked, id=7424, stack(0x000000d703100000,0x000000d703200000)]
  0x0000026405340000 JavaThread "Unconstrained build operations Thread 22" [_thread_blocked, id=5140, stack(0x000000d703200000,0x000000d703300000)]
  0x0000026405341800 JavaThread "Unconstrained build operations Thread 23" [_thread_blocked, id=4348, stack(0x000000d703300000,0x000000d703400000)]
  0x0000026405344000 JavaThread "Unconstrained build operations Thread 24" [_thread_blocked, id=4040, stack(0x000000d703400000,0x000000d703500000)]
  0x0000026404875000 JavaThread "Unconstrained build operations Thread 25" [_thread_blocked, id=8040, stack(0x000000d703500000,0x000000d703600000)]
  0x0000026404876000 JavaThread "Unconstrained build operations Thread 26" [_thread_blocked, id=2920, stack(0x000000d703600000,0x000000d703700000)]
  0x00000264048a4800 JavaThread "Unconstrained build operations Thread 27" [_thread_blocked, id=8220, stack(0x000000d703700000,0x000000d703800000)]
  0x00000264048a3000 JavaThread "Unconstrained build operations Thread 28" [_thread_blocked, id=9588, stack(0x000000d703800000,0x000000d703900000)]
  0x00000264048a6000 JavaThread "Unconstrained build operations Thread 29" [_thread_blocked, id=3076, stack(0x000000d703900000,0x000000d703a00000)]
  0x00000264048a5800 JavaThread "Unconstrained build operations Thread 30" [_thread_blocked, id=8828, stack(0x000000d703a00000,0x000000d703b00000)]
  0x00000264048a3800 JavaThread "Unconstrained build operations Thread 31" [_thread_blocked, id=7916, stack(0x000000d703b00000,0x000000d703c00000)]
  0x00000264048a9800 JavaThread "Unconstrained build operations Thread 32" [_thread_blocked, id=4456, stack(0x000000d703c00000,0x000000d703d00000)]
  0x00000264048ab000 JavaThread "Unconstrained build operations Thread 33" [_thread_blocked, id=9176, stack(0x000000d703d00000,0x000000d703e00000)]
  0x00000264048aa000 JavaThread "Unconstrained build operations Thread 34" [_thread_blocked, id=7508, stack(0x000000d703e00000,0x000000d703f00000)]
  0x00000264048a8000 JavaThread "Unconstrained build operations Thread 35" [_thread_blocked, id=4668, stack(0x000000d703f00000,0x000000d704000000)]
  0x00000264048ac000 JavaThread "Unconstrained build operations Thread 36" [_thread_blocked, id=9016, stack(0x000000d704000000,0x000000d704100000)]
  0x00000264048a8800 JavaThread "Unconstrained build operations Thread 37" [_thread_blocked, id=10020, stack(0x000000d704100000,0x000000d704200000)]
  0x00000264048ac800 JavaThread "Unconstrained build operations Thread 38" [_thread_blocked, id=8892, stack(0x000000d704200000,0x000000d704300000)]
  0x00000264048a7000 JavaThread "Unconstrained build operations Thread 39" [_thread_blocked, id=6528, stack(0x000000d704300000,0x000000d704400000)]
  0x00000264048ad800 JavaThread "Unconstrained build operations Thread 40" [_thread_blocked, id=9992, stack(0x000000d704400000,0x000000d704500000)]
  0x00000264048ae800 JavaThread "build event listener" [_thread_blocked, id=216, stack(0x000000d704700000,0x000000d704800000)]
  0x00000264048af000 JavaThread "Execution worker for ':'" [_thread_blocked, id=8656, stack(0x000000d704800000,0x000000d704900000)]
  0x00000264048b0000 JavaThread "Execution worker for ':' Thread 2" [_thread_blocked, id=5044, stack(0x000000d704900000,0x000000d704a00000)]
  0x00000264048b0800 JavaThread "Execution worker for ':' Thread 3" [_thread_blocked, id=9860, stack(0x000000d704a00000,0x000000d704b00000)]
  0x000002640713f800 JavaThread "Cache worker for execution history cache (C:\Projects\Andriod\NMedia\.gradle\7.3.3\executionHistory)" [_thread_blocked, id=2632, stack(0x000000d704b00000,0x000000d704c00000)]
  0x000002640713c000 JavaThread "WorkerExecutor Queue" [_thread_blocked, id=7804, stack(0x000000d704e00000,0x000000d704f00000)]
  0x0000026407141000 JavaThread "WorkerExecutor Queue Thread 2" [_thread_blocked, id=1272, stack(0x000000d704f00000,0x000000d705000000)]
  0x000002640713d800 JavaThread "WorkerExecutor Queue Thread 3" [_thread_blocked, id=9824, stack(0x000000d705000000,0x000000d705100000)]
  0x0000026407140000 JavaThread "WorkerExecutor Queue Thread 4" [_thread_blocked, id=5772, stack(0x000000d705100000,0x000000d705200000)]
  0x0000026407142000 JavaThread "pool-4-thread-1" [_thread_blocked, id=5332, stack(0x000000d700f00000,0x000000d701000000)]
  0x000002640713d000 JavaThread "stderr" [_thread_in_native, id=7292, stack(0x000000d705400000,0x000000d705500000)]
  0x0000026407146800 JavaThread "stdout" [_thread_in_native, id=7188, stack(0x000000d705500000,0x000000d705600000)]
  0x0000026407144000 JavaThread "C2 CompilerThread1" daemon [_thread_in_native, id=10056, stack(0x000000d705300000,0x000000d705400000)]
  0x0000026407148800 JavaThread "ForkJoinPool-1-worker-3" daemon [_thread_blocked, id=4300, stack(0x000000d705600000,0x000000d705700000)]
  0x0000026407143800 JavaThread "ForkJoinPool-1-worker-5" daemon [_thread_blocked, id=1520, stack(0x000000d705700000,0x000000d705800000)]
  0x0000026407145000 JavaThread "ForkJoinPool-1-worker-7" daemon [_thread_blocked, id=7264, stack(0x000000d705800000,0x000000d705900000)]
  0x0000026407146000 JavaThread "ForkJoinPool-1-worker-1" daemon [_thread_blocked, id=4372, stack(0x000000d705900000,0x000000d705a00000)]

Other Threads:
=>0x000002640261c000 VMThread "VM Thread" [stack: 0x000000d77f200000,0x000000d77f300000] [id=6120]
  0x0000026402ffe000 WatcherThread [stack: 0x000000d77fc00000,0x000000d77fd00000] [id=1340]
  0x0000026468253000 GCTaskThread "GC Thread#0" [stack: 0x000000d77ed00000,0x000000d77ee00000] [id=9348]
  0x0000026403906000 GCTaskThread "GC Thread#1" [stack: 0x000000d77fe00000,0x000000d77ff00000] [id=4676]
  0x0000026403952800 GCTaskThread "GC Thread#2" [stack: 0x000000d77ff00000,0x000000d780000000] [id=7456]
  0x0000026403953000 GCTaskThread "GC Thread#3" [stack: 0x000000d700000000,0x000000d700100000] [id=2004]
  0x0000026468283000 ConcurrentGCThread "G1 Main Marker" [stack: 0x000000d77ee00000,0x000000d77ef00000] [id=6308]
  0x0000026468284800 ConcurrentGCThread "G1 Conc#0" [stack: 0x000000d77ef00000,0x000000d77f000000] [id=8880]
  0x000002640246e800 ConcurrentGCThread "G1 Refine#0" [stack: 0x000000d77f000000,0x000000d77f100000] [id=9296]
  0x000002640246f000 ConcurrentGCThread "G1 Young RemSet Sampling" [stack: 0x000000d77f100000,0x000000d77f200000] [id=7640]

Threads with active compile tasks:
C2 CompilerThread0 101131 15735       4       com.android.tools.r8.code.y1::a (4129 bytes)
C2 CompilerThread1 101131 15790 %     4       com.android.tools.r8.dex.j::a @ 313 (1042 bytes)

VM state:at safepoint (normal execution)

VM Mutex/Monitor currently owned by a thread:  ([mutex/lock_event])
[0x0000026468236a50] Threads_lock - owner thread: 0x000002640261c000
[0x0000026468234da0] Heap_lock - owner thread: 0x0000026407146000

Heap address: 0x0000000080000000, size: 2048 MB, Compressed Oops mode: 32-bit
Narrow klass base: 0x0000000000000000, Narrow klass shift: 3
Compressed class space size: 1073741824 Address: 0x0000000100000000

Heap:
 garbage-first heap   total 251904K, used 179420K [0x0000000080000000, 0x0000000100000000)
  region size 1024K, 2 young (2048K), 2 survivors (2048K)
 Metaspace       used 111250K, capacity 113904K, committed 114072K, reserved 1148928K
  class space    used 14368K, capacity 15359K, committed 15436K, reserved 1048576K
Heap Regions: E=young(eden), S=young(survivor), O=old, HS=humongous(starts), HC=humongous(continues), CS=collection set, F=free, A=archive, TAMS=top-at-mark-start (previous, next)
|   0|0x0000000080000000, 0x0000000080100000, 0x0000000080100000|100%|HS|  |TAMS 0x0000000080100000, 0x0000000080100000| Complete 
|   1|0x0000000080100000, 0x0000000080200000, 0x0000000080200000|100%|HC|  |TAMS 0x0000000080200000, 0x0000000080200000| Complete 
|   2|0x0000000080200000, 0x0000000080300000, 0x0000000080300000|100%|HC|  |TAMS 0x0000000080300000, 0x0000000080300000| Complete 
|   3|0x0000000080300000, 0x0000000080400000, 0x0000000080400000|100%| O|  |TAMS 0x0000000080400000, 0x0000000080400000| Untracked 
|   4|0x0000000080400000, 0x0000000080500000, 0x0000000080500000|100%| O|  |TAMS 0x0000000080500000, 0x0000000080500000| Untracked 
|   5|0x0000000080500000, 0x0000000080600000, 0x0000000080600000|100%| O|  |TAMS 0x0000000080600000, 0x0000000080600000| Untracked 
|   6|0x0000000080600000, 0x0000000080700000, 0x0000000080700000|100%| O|  |TAMS 0x0000000080700000, 0x0000000080700000| Untracked 
|   7|0x0000000080700000, 0x0000000080800000, 0x0000000080800000|100%| O|  |TAMS 0x0000000080800000, 0x0000000080800000| Untracked 
|   8|0x0000000080800000, 0x0000000080900000, 0x0000000080900000|100%| O|  |TAMS 0x0000000080900000, 0x0000000080900000| Untracked 
|   9|0x0000000080900000, 0x0000000080a00000, 0x0000000080a00000|100%| O|  |TAMS 0x0000000080a00000, 0x0000000080a00000| Untracked 
|  10|0x0000000080a00000, 0x0000000080b00000, 0x0000000080b00000|100%| O|  |TAMS 0x0000000080b00000, 0x0000000080b00000| Untracked 
|  11|0x0000000080b00000, 0x0000000080c00000, 0x0000000080c00000|100%| O|  |TAMS 0x0000000080c00000, 0x0000000080c00000| Untracked 
|  12|0x0000000080c00000, 0x0000000080d00000, 0x0000000080d00000|100%| O|  |TAMS 0x0000000080d00000, 0x0000000080d00000| Untracked 
|  13|0x0000000080d00000, 0x0000000080e00000, 0x0000000080e00000|100%| O|  |TAMS 0x0000000080e00000, 0x0000000080e00000| Untracked 
|  14|0x0000000080e00000, 0x0000000080f00000, 0x0000000080f00000|100%| O|  |TAMS 0x0000000080f00000, 0x0000000080f00000| Untracked 
|  15|0x0000000080f00000, 0x0000000081000000, 0x0000000081000000|100%| O|  |TAMS 0x0000000081000000, 0x0000000081000000| Untracked 
|  16|0x0000000081000000, 0x0000000081100000, 0x0000000081100000|100%| O|  |TAMS 0x0000000081100000, 0x0000000081100000| Untracked 
|  17|0x0000000081100000, 0x0000000081200000, 0x0000000081200000|100%| O|  |TAMS 0x0000000081200000, 0x0000000081200000| Untracked 
|  18|0x0000000081200000, 0x0000000081300000, 0x0000000081300000|100%| O|  |TAMS 0x0000000081300000, 0x0000000081300000| Untracked 
|  19|0x0000000081300000, 0x0000000081400000, 0x0000000081400000|100%| O|  |TAMS 0x0000000081400000, 0x0000000081400000| Untracked 
|  20|0x0000000081400000, 0x0000000081500000, 0x0000000081500000|100%| O|  |TAMS 0x0000000081500000, 0x0000000081500000| Untracked 
|  21|0x0000000081500000, 0x0000000081600000, 0x0000000081600000|100%| O|  |TAMS 0x0000000081600000, 0x0000000081600000| Untracked 
|  22|0x0000000081600000, 0x0000000081700000, 0x0000000081700000|100%|HS|  |TAMS 0x0000000081700000, 0x0000000081700000| Complete 
|  23|0x0000000081700000, 0x0000000081800000, 0x0000000081800000|100%|HS|  |TAMS 0x0000000081800000, 0x0000000081800000| Complete 
|  24|0x0000000081800000, 0x0000000081900000, 0x0000000081900000|100%|HS|  |TAMS 0x0000000081900000, 0x0000000081900000| Complete 
|  25|0x0000000081900000, 0x0000000081a00000, 0x0000000081a00000|100%|HS|  |TAMS 0x0000000081a00000, 0x0000000081a00000| Complete 
|  26|0x0000000081a00000, 0x0000000081b00000, 0x0000000081b00000|100%|HC|  |TAMS 0x0000000081b00000, 0x0000000081b00000| Complete 
|  27|0x0000000081b00000, 0x0000000081c00000, 0x0000000081c00000|100%|HC|  |TAMS 0x0000000081c00000, 0x0000000081c00000| Complete 
|  28|0x0000000081c00000, 0x0000000081d00000, 0x0000000081d00000|100%|HS|  |TAMS 0x0000000081d00000, 0x0000000081d00000| Complete 
|  29|0x0000000081d00000, 0x0000000081e00000, 0x0000000081e00000|100%|HC|  |TAMS 0x0000000081e00000, 0x0000000081e00000| Complete 
|  30|0x0000000081e00000, 0x0000000081f00000, 0x0000000081f00000|100%| O|  |TAMS 0x0000000081f00000, 0x0000000081f00000| Untracked 
|  31|0x0000000081f00000, 0x0000000082000000, 0x0000000082000000|100%| O|  |TAMS 0x0000000082000000, 0x0000000082000000| Untracked 
|  32|0x0000000082000000, 0x0000000082100000, 0x0000000082100000|100%| O|  |TAMS 0x0000000082100000, 0x0000000082100000| Untracked 
|  33|0x0000000082100000, 0x0000000082200000, 0x0000000082200000|100%| O|  |TAMS 0x0000000082200000, 0x0000000082200000| Untracked 
|  34|0x0000000082200000, 0x0000000082300000, 0x0000000082300000|100%| O|  |TAMS 0x0000000082300000, 0x0000000082300000| Untracked 
|  35|0x0000000082300000, 0x0000000082400000, 0x0000000082400000|100%| O|  |TAMS 0x0000000082400000, 0x0000000082400000| Untracked 
|  36|0x0000000082400000, 0x0000000082500000, 0x0000000082500000|100%| O|  |TAMS 0x0000000082500000, 0x0000000082500000| Untracked 
|  37|0x0000000082500000, 0x0000000082600000, 0x0000000082600000|100%| O|  |TAMS 0x0000000082600000, 0x0000000082600000| Untracked 
|  38|0x0000000082600000, 0x0000000082700000, 0x0000000082700000|100%| O|  |TAMS 0x0000000082700000, 0x0000000082700000| Untracked 
|  39|0x0000000082700000, 0x0000000082800000, 0x0000000082800000|100%| O|  |TAMS 0x0000000082800000, 0x0000000082800000| Untracked 
|  40|0x0000000082800000, 0x0000000082900000, 0x0000000082900000|100%| O|  |TAMS 0x0000000082900000, 0x0000000082900000| Untracked 
|  41|0x0000000082900000, 0x0000000082a00000, 0x0000000082a00000|100%| O|  |TAMS 0x0000000082a00000, 0x0000000082a00000| Untracked 
|  42|0x0000000082a00000, 0x0000000082b00000, 0x0000000082b00000|100%| O|  |TAMS 0x0000000082b00000, 0x0000000082b00000| Untracked 
|  43|0x0000000082b00000, 0x0000000082c00000, 0x0000000082c00000|100%| O|  |TAMS 0x0000000082c00000, 0x0000000082c00000| Untracked 
|  44|0x0000000082c00000, 0x0000000082d00000, 0x0000000082d00000|100%| O|  |TAMS 0x0000000082d00000, 0x0000000082d00000| Untracked 
|  45|0x0000000082d00000, 0x0000000082e00000, 0x0000000082e00000|100%| O|  |TAMS 0x0000000082e00000, 0x0000000082e00000| Untracked 
|  46|0x0000000082e00000, 0x0000000082f00000, 0x0000000082f00000|100%| O|  |TAMS 0x0000000082f00000, 0x0000000082f00000| Untracked 
|  47|0x0000000082f00000, 0x0000000083000000, 0x0000000083000000|100%| O|  |TAMS 0x0000000083000000, 0x0000000083000000| Untracked 
|  48|0x0000000083000000, 0x0000000083100000, 0x0000000083100000|100%| O|  |TAMS 0x0000000083100000, 0x0000000083100000| Untracked 
|  49|0x0000000083100000, 0x0000000083200000, 0x0000000083200000|100%| O|  |TAMS 0x0000000083200000, 0x0000000083200000| Untracked 
|  50|0x0000000083200000, 0x0000000083300000, 0x0000000083300000|100%| O|  |TAMS 0x0000000083300000, 0x0000000083300000| Untracked 
|  51|0x0000000083300000, 0x0000000083400000, 0x0000000083400000|100%| O|  |TAMS 0x0000000083400000, 0x0000000083400000| Untracked 
|  52|0x0000000083400000, 0x0000000083500000, 0x0000000083500000|100%| O|  |TAMS 0x0000000083500000, 0x0000000083500000| Untracked 
|  53|0x0000000083500000, 0x0000000083600000, 0x0000000083600000|100%| O|  |TAMS 0x0000000083600000, 0x0000000083600000| Untracked 
|  54|0x0000000083600000, 0x0000000083700000, 0x0000000083700000|100%| O|  |TAMS 0x0000000083700000, 0x0000000083700000| Untracked 
|  55|0x0000000083700000, 0x0000000083800000, 0x0000000083800000|100%| O|  |TAMS 0x0000000083800000, 0x0000000083800000| Untracked 
|  56|0x0000000083800000, 0x0000000083900000, 0x0000000083900000|100%| O|  |TAMS 0x0000000083900000, 0x0000000083900000| Untracked 
|  57|0x0000000083900000, 0x0000000083a00000, 0x0000000083a00000|100%| O|  |TAMS 0x0000000083a00000, 0x0000000083a00000| Untracked 
|  58|0x0000000083a00000, 0x0000000083b00000, 0x0000000083b00000|100%| O|  |TAMS 0x0000000083b00000, 0x0000000083b00000| Untracked 
|  59|0x0000000083b00000, 0x0000000083c00000, 0x0000000083c00000|100%| O|  |TAMS 0x0000000083c00000, 0x0000000083c00000| Untracked 
|  60|0x0000000083c00000, 0x0000000083d00000, 0x0000000083d00000|100%| O|  |TAMS 0x0000000083d00000, 0x0000000083d00000| Untracked 
|  61|0x0000000083d00000, 0x0000000083e00000, 0x0000000083e00000|100%| O|  |TAMS 0x0000000083e00000, 0x0000000083e00000| Untracked 
|  62|0x0000000083e00000, 0x0000000083f00000, 0x0000000083f00000|100%| O|  |TAMS 0x0000000083f00000, 0x0000000083f00000| Untracked 
|  63|0x0000000083f00000, 0x0000000084000000, 0x0000000084000000|100%| O|  |TAMS 0x0000000084000000, 0x0000000084000000| Untracked 
|  64|0x0000000084000000, 0x0000000084100000, 0x0000000084100000|100%| O|  |TAMS 0x0000000084100000, 0x0000000084100000| Untracked 
|  65|0x0000000084100000, 0x0000000084200000, 0x0000000084200000|100%| O|  |TAMS 0x0000000084200000, 0x0000000084200000| Untracked 
|  66|0x0000000084200000, 0x0000000084300000, 0x0000000084300000|100%| O|  |TAMS 0x0000000084300000, 0x0000000084300000| Untracked 
|  67|0x0000000084300000, 0x0000000084400000, 0x0000000084400000|100%| O|  |TAMS 0x0000000084400000, 0x0000000084400000| Untracked 
|  68|0x0000000084400000, 0x0000000084500000, 0x0000000084500000|100%| O|  |TAMS 0x0000000084500000, 0x0000000084500000| Untracked 
|  69|0x0000000084500000, 0x0000000084600000, 0x0000000084600000|100%| O|  |TAMS 0x0000000084600000, 0x0000000084600000| Untracked 
|  70|0x0000000084600000, 0x0000000084700000, 0x0000000084700000|100%| O|  |TAMS 0x0000000084700000, 0x0000000084700000| Untracked 
|  71|0x0000000084700000, 0x0000000084800000, 0x0000000084800000|100%| O|  |TAMS 0x0000000084800000, 0x0000000084800000| Untracked 
|  72|0x0000000084800000, 0x0000000084900000, 0x0000000084900000|100%| O|  |TAMS 0x0000000084900000, 0x0000000084900000| Untracked 
|  73|0x0000000084900000, 0x0000000084a00000, 0x0000000084a00000|100%|HS|  |TAMS 0x0000000084a00000, 0x0000000084a00000| Complete 
|  74|0x0000000084a00000, 0x0000000084b00000, 0x0000000084b00000|100%| O|  |TAMS 0x0000000084b00000, 0x0000000084b00000| Untracked 
|  75|0x0000000084b00000, 0x0000000084c00000, 0x0000000084c00000|100%| O|  |TAMS 0x0000000084c00000, 0x0000000084c00000| Untracked 
|  76|0x0000000084c00000, 0x0000000084d00000, 0x0000000084d00000|100%| O|  |TAMS 0x0000000084d00000, 0x0000000084d00000| Untracked 
|  77|0x0000000084d00000, 0x0000000084e00000, 0x0000000084e00000|100%| O|  |TAMS 0x0000000084d00000, 0x0000000084e00000| Untracked 
|  78|0x0000000084e00000, 0x0000000084f00000, 0x0000000084f00000|100%|HS|  |TAMS 0x0000000084e00000, 0x0000000084f00000| Complete 
|  79|0x0000000084f00000, 0x0000000085000000, 0x0000000085000000|100%| O|  |TAMS 0x0000000085000000, 0x0000000085000000| Untracked 
|  80|0x0000000085000000, 0x0000000085100000, 0x0000000085100000|100%| O|  |TAMS 0x0000000085100000, 0x0000000085100000| Untracked 
|  81|0x0000000085100000, 0x0000000085200000, 0x0000000085200000|100%| O|  |TAMS 0x0000000085200000, 0x0000000085200000| Untracked 
|  82|0x0000000085200000, 0x0000000085300000, 0x0000000085300000|100%|HS|  |TAMS 0x0000000085300000, 0x0000000085300000| Complete 
|  83|0x0000000085300000, 0x0000000085400000, 0x0000000085400000|100%| O|  |TAMS 0x0000000085400000, 0x0000000085400000| Untracked 
|  84|0x0000000085400000, 0x0000000085500000, 0x0000000085500000|100%| O|  |TAMS 0x0000000085500000, 0x0000000085500000| Untracked 
|  85|0x0000000085500000, 0x0000000085600000, 0x0000000085600000|100%| O|  |TAMS 0x0000000085600000, 0x0000000085600000| Untracked 
|  86|0x0000000085600000, 0x0000000085700000, 0x0000000085700000|100%| O|  |TAMS 0x0000000085700000, 0x0000000085700000| Untracked 
|  87|0x0000000085700000, 0x0000000085800000, 0x0000000085800000|100%| O|  |TAMS 0x0000000085800000, 0x0000000085800000| Untracked 
|  88|0x0000000085800000, 0x0000000085900000, 0x0000000085900000|100%| O|  |TAMS 0x0000000085900000, 0x0000000085900000| Untracked 
|  89|0x0000000085900000, 0x0000000085a00000, 0x0000000085a00000|100%| O|  |TAMS 0x0000000085a00000, 0x0000000085a00000| Untracked 
|  90|0x0000000085a00000, 0x0000000085b00000, 0x0000000085b00000|100%| O|  |TAMS 0x0000000085b00000, 0x0000000085b00000| Untracked 
|  91|0x0000000085b00000, 0x0000000085c00000, 0x0000000085c00000|100%| O|  |TAMS 0x0000000085c00000, 0x0000000085c00000| Untracked 
|  92|0x0000000085c00000, 0x0000000085d00000, 0x0000000085d00000|100%| O|  |TAMS 0x0000000085d00000, 0x0000000085d00000| Untracked 
|  93|0x0000000085d00000, 0x0000000085e00000, 0x0000000085e00000|100%| O|  |TAMS 0x0000000085e00000, 0x0000000085e00000| Untracked 
|  94|0x0000000085e00000, 0x0000000085f00000, 0x0000000085f00000|100%| O|  |TAMS 0x0000000085f00000, 0x0000000085f00000| Untracked 
|  95|0x0000000085f00000, 0x0000000086000000, 0x0000000086000000|100%| O|  |TAMS 0x0000000086000000, 0x0000000086000000| Untracked 
|  96|0x0000000086000000, 0x0000000086100000, 0x0000000086100000|100%| O|  |TAMS 0x0000000086100000, 0x0000000086100000| Untracked 
|  97|0x0000000086100000, 0x0000000086200000, 0x0000000086200000|100%| O|  |TAMS 0x0000000086200000, 0x0000000086200000| Untracked 
|  98|0x0000000086200000, 0x0000000086300000, 0x0000000086300000|100%| O|  |TAMS 0x0000000086300000, 0x0000000086300000| Untracked 
|  99|0x0000000086300000, 0x0000000086400000, 0x0000000086400000|100%| O|  |TAMS 0x0000000086400000, 0x0000000086400000| Untracked 
| 100|0x0000000086400000, 0x0000000086500000, 0x0000000086500000|100%| O|  |TAMS 0x0000000086400000, 0x0000000086500000| Untracked 
| 101|0x0000000086500000, 0x0000000086600000, 0x0000000086600000|100%|HS|  |TAMS 0x0000000086600000, 0x0000000086600000| Complete 
| 102|0x0000000086600000, 0x0000000086700000, 0x0000000086700000|100%|HC|  |TAMS 0x0000000086700000, 0x0000000086700000| Complete 
| 103|0x0000000086700000, 0x0000000086800000, 0x0000000086800000|100%|HS|  |TAMS 0x0000000086800000, 0x0000000086800000| Complete 
| 104|0x0000000086800000, 0x0000000086900000, 0x0000000086900000|100%|HC|  |TAMS 0x0000000086900000, 0x0000000086900000| Complete 
| 105|0x0000000086900000, 0x0000000086a00000, 0x0000000086a00000|100%|HS|  |TAMS 0x0000000086a00000, 0x0000000086a00000| Complete 
| 106|0x0000000086a00000, 0x0000000086b00000, 0x0000000086b00000|100%|HS|  |TAMS 0x0000000086b00000, 0x0000000086b00000| Complete 
| 107|0x0000000086b00000, 0x0000000086c00000, 0x0000000086c00000|100%|HS|  |TAMS 0x0000000086c00000, 0x0000000086c00000| Complete 
| 108|0x0000000086c00000, 0x0000000086d00000, 0x0000000086d00000|100%|HC|  |TAMS 0x0000000086d00000, 0x0000000086d00000| Complete 
| 109|0x0000000086d00000, 0x0000000086e00000, 0x0000000086e00000|100%|HS|  |TAMS 0x0000000086e00000, 0x0000000086e00000| Complete 
| 110|0x0000000086e00000, 0x0000000086f00000, 0x0000000086f00000|100%|HC|  |TAMS 0x0000000086f00000, 0x0000000086f00000| Complete 
| 111|0x0000000086f00000, 0x0000000087000000, 0x0000000087000000|100%|HC|  |TAMS 0x0000000087000000, 0x0000000087000000| Complete 
| 112|0x0000000087000000, 0x0000000087100000, 0x0000000087100000|100%| O|  |TAMS 0x0000000087100000, 0x0000000087100000| Untracked 
| 113|0x0000000087100000, 0x0000000087200000, 0x0000000087200000|100%| O|  |TAMS 0x0000000087200000, 0x0000000087200000| Untracked 
| 114|0x0000000087200000, 0x0000000087300000, 0x0000000087300000|100%| O|  |TAMS 0x0000000087300000, 0x0000000087300000| Untracked 
| 115|0x0000000087300000, 0x0000000087400000, 0x0000000087400000|100%| O|  |TAMS 0x0000000087400000, 0x0000000087400000| Untracked 
| 116|0x0000000087400000, 0x0000000087500000, 0x0000000087500000|100%| O|  |TAMS 0x0000000087500000, 0x0000000087500000| Untracked 
| 117|0x0000000087500000, 0x0000000087600000, 0x0000000087600000|100%| O|  |TAMS 0x0000000087600000, 0x0000000087600000| Untracked 
| 118|0x0000000087600000, 0x0000000087700000, 0x0000000087700000|100%| O|  |TAMS 0x0000000087700000, 0x0000000087700000| Untracked 
| 119|0x0000000087700000, 0x0000000087800000, 0x0000000087800000|100%| O|  |TAMS 0x0000000087800000, 0x0000000087800000| Untracked 
| 120|0x0000000087800000, 0x0000000087900000, 0x0000000087900000|100%| O|  |TAMS 0x0000000087900000, 0x0000000087900000| Untracked 
| 121|0x0000000087900000, 0x0000000087a00000, 0x0000000087a00000|100%| O|  |TAMS 0x0000000087a00000, 0x0000000087a00000| Untracked 
| 122|0x0000000087a00000, 0x0000000087b00000, 0x0000000087b00000|100%| O|  |TAMS 0x0000000087b00000, 0x0000000087b00000| Untracked 
| 123|0x0000000087b00000, 0x0000000087c00000, 0x0000000087c00000|100%| O|  |TAMS 0x0000000087c00000, 0x0000000087c00000| Untracked 
| 124|0x0000000087c00000, 0x0000000087d00000, 0x0000000087d00000|100%| O|  |TAMS 0x0000000087d00000, 0x0000000087d00000| Untracked 
| 125|0x0000000087d00000, 0x0000000087e00000, 0x0000000087e00000|100%| O|  |TAMS 0x0000000087e00000, 0x0000000087e00000| Untracked 
| 126|0x0000000087e00000, 0x0000000087f00000, 0x0000000087f00000|100%| O|  |TAMS 0x0000000087f00000, 0x0000000087f00000| Untracked 
| 127|0x0000000087f00000, 0x0000000088000000, 0x0000000088000000|100%| O|  |TAMS 0x0000000088000000, 0x0000000088000000| Untracked 
| 128|0x0000000088000000, 0x0000000088100000, 0x0000000088100000|100%| O|  |TAMS 0x00000000880b8c00, 0x0000000088100000| Untracked 
| 129|0x0000000088100000, 0x0000000088200000, 0x0000000088200000|100%|HS|  |TAMS 0x0000000088200000, 0x0000000088200000| Complete 
| 130|0x0000000088200000, 0x0000000088300000, 0x0000000088300000|100%|HC|  |TAMS 0x0000000088300000, 0x0000000088300000| Complete 
| 131|0x0000000088300000, 0x0000000088400000, 0x0000000088400000|100%|HS|  |TAMS 0x0000000088300000, 0x0000000088400000| Complete 
| 132|0x0000000088400000, 0x0000000088500000, 0x0000000088500000|100%| O|  |TAMS 0x0000000088400000, 0x0000000088500000| Untracked 
| 133|0x0000000088500000, 0x0000000088600000, 0x0000000088600000|100%|HS|  |TAMS 0x0000000088600000, 0x0000000088600000| Complete 
| 134|0x0000000088600000, 0x0000000088700000, 0x0000000088700000|100%|HC|  |TAMS 0x0000000088700000, 0x0000000088700000| Complete 
| 135|0x0000000088700000, 0x0000000088800000, 0x0000000088800000|100%| O|  |TAMS 0x0000000088700000, 0x0000000088800000| Untracked 
| 136|0x0000000088800000, 0x0000000088900000, 0x0000000088900000|100%| O|  |TAMS 0x0000000088800000, 0x0000000088900000| Untracked 
| 137|0x0000000088900000, 0x0000000088a00000, 0x0000000088a00000|100%|HS|  |TAMS 0x0000000088a00000, 0x0000000088a00000| Complete 
| 138|0x0000000088a00000, 0x0000000088b00000, 0x0000000088b00000|100%|HC|  |TAMS 0x0000000088b00000, 0x0000000088b00000| Complete 
| 139|0x0000000088b00000, 0x0000000088c00000, 0x0000000088c00000|100%| O|  |TAMS 0x0000000088b00000, 0x0000000088c00000| Untracked 
| 140|0x0000000088c00000, 0x0000000088d00000, 0x0000000088d00000|100%| O|  |TAMS 0x0000000088c00000, 0x0000000088d00000| Untracked 
| 141|0x0000000088d00000, 0x0000000088e00000, 0x0000000088e00000|100%| O|  |TAMS 0x0000000088d00000, 0x0000000088e00000| Untracked 
| 142|0x0000000088e00000, 0x0000000088f00000, 0x0000000088f00000|100%| O|  |TAMS 0x0000000088e00000, 0x0000000088f00000| Untracked 
| 143|0x0000000088f00000, 0x0000000089000000, 0x0000000089000000|100%| O|  |TAMS 0x0000000088f00000, 0x0000000089000000| Untracked 
| 144|0x0000000089000000, 0x0000000089100000, 0x0000000089100000|100%| O|  |TAMS 0x0000000089000000, 0x0000000089100000| Untracked 
| 145|0x0000000089100000, 0x0000000089200000, 0x0000000089200000|100%|HS|  |TAMS 0x0000000089200000, 0x0000000089200000| Complete 
| 146|0x0000000089200000, 0x0000000089300000, 0x0000000089300000|100%|HC|  |TAMS 0x0000000089300000, 0x0000000089300000| Complete 
| 147|0x0000000089300000, 0x0000000089400000, 0x0000000089400000|100%|HC|  |TAMS 0x0000000089400000, 0x0000000089400000| Complete 
| 148|0x0000000089400000, 0x0000000089500000, 0x0000000089500000|100%| O|  |TAMS 0x0000000089400000, 0x0000000089500000| Untracked 
| 149|0x0000000089500000, 0x0000000089600000, 0x0000000089600000|100%| O|  |TAMS 0x0000000089500000, 0x0000000089600000| Untracked 
| 150|0x0000000089600000, 0x0000000089700000, 0x0000000089700000|100%| O|  |TAMS 0x0000000089600000, 0x0000000089700000| Untracked 
| 151|0x0000000089700000, 0x0000000089800000, 0x0000000089800000|100%| O|  |TAMS 0x0000000089700000, 0x0000000089800000| Untracked 
| 152|0x0000000089800000, 0x0000000089900000, 0x0000000089900000|100%| O|  |TAMS 0x0000000089800000, 0x0000000089900000| Untracked 
| 153|0x0000000089900000, 0x0000000089a00000, 0x0000000089a00000|100%| O|  |TAMS 0x0000000089900000, 0x0000000089a00000| Untracked 
| 154|0x0000000089a00000, 0x0000000089b00000, 0x0000000089b00000|100%| O|  |TAMS 0x0000000089a00000, 0x0000000089b00000| Untracked 
| 155|0x0000000089b00000, 0x0000000089c00000, 0x0000000089c00000|100%| O|  |TAMS 0x0000000089b00000, 0x0000000089c00000| Untracked 
| 156|0x0000000089c00000, 0x0000000089d00000, 0x0000000089d00000|100%| O|  |TAMS 0x0000000089c00000, 0x0000000089d00000| Untracked 
| 157|0x0000000089d00000, 0x0000000089e00000, 0x0000000089e00000|100%| O|  |TAMS 0x0000000089d00000, 0x0000000089e00000| Untracked 
| 158|0x0000000089e00000, 0x0000000089f00000, 0x0000000089f00000|100%| O|  |TAMS 0x0000000089e00000, 0x0000000089eca800| Untracked 
| 159|0x0000000089f00000, 0x000000008a000000, 0x000000008a000000|100%| O|  |TAMS 0x0000000089f00000, 0x0000000089f00000| Untracked 
| 160|0x000000008a000000, 0x000000008a100000, 0x000000008a100000|100%| O|  |TAMS 0x000000008a000000, 0x000000008a000000| Untracked 
| 161|0x000000008a100000, 0x000000008a200000, 0x000000008a200000|100%| O|  |TAMS 0x000000008a100000, 0x000000008a100000| Untracked 
| 162|0x000000008a200000, 0x000000008a300000, 0x000000008a300000|100%| O|  |TAMS 0x000000008a200000, 0x000000008a200000| Untracked 
| 163|0x000000008a300000, 0x000000008a337200, 0x000000008a400000| 21%| O|  |TAMS 0x000000008a300000, 0x000000008a300000| Untracked 
| 164|0x000000008a400000, 0x000000008a400000, 0x000000008a500000|  0%| F|  |TAMS 0x000000008a400000, 0x000000008a400000| Untracked 
| 165|0x000000008a500000, 0x000000008a500000, 0x000000008a600000|  0%| F|  |TAMS 0x000000008a500000, 0x000000008a500000| Untracked 
| 166|0x000000008a600000, 0x000000008a600000, 0x000000008a700000|  0%| F|  |TAMS 0x000000008a600000, 0x000000008a600000| Untracked 
| 167|0x000000008a700000, 0x000000008a700000, 0x000000008a800000|  0%| F|  |TAMS 0x000000008a700000, 0x000000008a700000| Untracked 
| 168|0x000000008a800000, 0x000000008a800000, 0x000000008a900000|  0%| F|  |TAMS 0x000000008a800000, 0x000000008a800000| Untracked 
| 169|0x000000008a900000, 0x000000008a900000, 0x000000008aa00000|  0%| F|  |TAMS 0x000000008a900000, 0x000000008a900000| Untracked 
| 170|0x000000008aa00000, 0x000000008aa00000, 0x000000008ab00000|  0%| F|  |TAMS 0x000000008aa00000, 0x000000008aa00000| Untracked 
| 171|0x000000008ab00000, 0x000000008ab00000, 0x000000008ac00000|  0%| F|  |TAMS 0x000000008ab00000, 0x000000008ab00000| Untracked 
| 172|0x000000008ac00000, 0x000000008ac00000, 0x000000008ad00000|  0%| F|  |TAMS 0x000000008ac00000, 0x000000008ac00000| Untracked 
| 173|0x000000008ad00000, 0x000000008ad00000, 0x000000008ae00000|  0%| F|  |TAMS 0x000000008ad00000, 0x000000008ad00000| Untracked 
| 174|0x000000008ae00000, 0x000000008ae00000, 0x000000008af00000|  0%| F|  |TAMS 0x000000008ae00000, 0x000000008ae00000| Untracked 
| 175|0x000000008af00000, 0x000000008af00000, 0x000000008b000000|  0%| F|  |TAMS 0x000000008af00000, 0x000000008af00000| Untracked 
| 176|0x000000008b000000, 0x000000008b000000, 0x000000008b100000|  0%| F|  |TAMS 0x000000008b000000, 0x000000008b000000| Untracked 
| 177|0x000000008b100000, 0x000000008b100000, 0x000000008b200000|  0%| F|  |TAMS 0x000000008b100000, 0x000000008b100000| Untracked 
| 178|0x000000008b200000, 0x000000008b200000, 0x000000008b300000|  0%| F|  |TAMS 0x000000008b200000, 0x000000008b200000| Untracked 
| 179|0x000000008b300000, 0x000000008b300000, 0x000000008b400000|  0%| F|  |TAMS 0x000000008b300000, 0x000000008b300000| Untracked 
| 180|0x000000008b400000, 0x000000008b400000, 0x000000008b500000|  0%| F|  |TAMS 0x000000008b400000, 0x000000008b400000| Untracked 
| 181|0x000000008b500000, 0x000000008b500000, 0x000000008b600000|  0%| F|  |TAMS 0x000000008b500000, 0x000000008b500000| Untracked 
| 182|0x000000008b600000, 0x000000008b600000, 0x000000008b700000|  0%| F|  |TAMS 0x000000008b600000, 0x000000008b600000| Untracked 
| 183|0x000000008b700000, 0x000000008b700000, 0x000000008b800000|  0%| F|  |TAMS 0x000000008b700000, 0x000000008b700000| Untracked 
| 184|0x000000008b800000, 0x000000008b800000, 0x000000008b900000|  0%| F|  |TAMS 0x000000008b800000, 0x000000008b800000| Untracked 
| 185|0x000000008b900000, 0x000000008ba00000, 0x000000008ba00000|100%| S|CS|TAMS 0x000000008b900000, 0x000000008b900000| Complete 
| 186|0x000000008ba00000, 0x000000008bb00000, 0x000000008bb00000|100%| S|CS|TAMS 0x000000008ba00000, 0x000000008ba00000| Complete 
| 187|0x000000008bb00000, 0x000000008bb00000, 0x000000008bc00000|  0%| F|  |TAMS 0x000000008bb00000, 0x000000008bb00000| Untracked 
| 188|0x000000008bc00000, 0x000000008bc00000, 0x000000008bd00000|  0%| F|  |TAMS 0x000000008bc00000, 0x000000008bc00000| Untracked 
| 189|0x000000008bd00000, 0x000000008bd00000, 0x000000008be00000|  0%| F|  |TAMS 0x000000008bd00000, 0x000000008bd00000| Untracked 
| 190|0x000000008be00000, 0x000000008be00000, 0x000000008bf00000|  0%| F|  |TAMS 0x000000008be00000, 0x000000008be00000| Untracked 
| 191|0x000000008bf00000, 0x000000008bf00000, 0x000000008c000000|  0%| F|  |TAMS 0x000000008bf00000, 0x000000008bf00000| Untracked 
| 192|0x000000008c000000, 0x000000008c000000, 0x000000008c100000|  0%| F|  |TAMS 0x000000008c000000, 0x000000008c000000| Untracked 
| 193|0x000000008c100000, 0x000000008c100000, 0x000000008c200000|  0%| F|  |TAMS 0x000000008c100000, 0x000000008c100000| Untracked 
| 194|0x000000008c200000, 0x000000008c200000, 0x000000008c300000|  0%| F|  |TAMS 0x000000008c200000, 0x000000008c200000| Untracked 
| 195|0x000000008c300000, 0x000000008c400000, 0x000000008c400000|100%| O|  |TAMS 0x000000008c400000, 0x000000008c400000| Untracked 
| 196|0x000000008c400000, 0x000000008c500000, 0x000000008c500000|100%| O|  |TAMS 0x000000008c500000, 0x000000008c500000| Untracked 
| 197|0x000000008c500000, 0x000000008c600000, 0x000000008c600000|100%| O|  |TAMS 0x000000008c600000, 0x000000008c600000| Untracked 
| 198|0x000000008c600000, 0x000000008c700000, 0x000000008c700000|100%| O|  |TAMS 0x000000008c700000, 0x000000008c700000| Untracked 
| 199|0x000000008c700000, 0x000000008c800000, 0x000000008c800000|100%| O|  |TAMS 0x000000008c800000, 0x000000008c800000| Untracked 
| 200|0x000000008c800000, 0x000000008c900000, 0x000000008c900000|100%| O|  |TAMS 0x000000008c900000, 0x000000008c900000| Untracked 
| 201|0x000000008c900000, 0x000000008ca00000, 0x000000008ca00000|100%| O|  |TAMS 0x000000008ca00000, 0x000000008ca00000| Untracked 
| 202|0x000000008ca00000, 0x000000008cb00000, 0x000000008cb00000|100%| O|  |TAMS 0x000000008cb00000, 0x000000008cb00000| Untracked 
| 203|0x000000008cb00000, 0x000000008cc00000, 0x000000008cc00000|100%| O|  |TAMS 0x000000008cc00000, 0x000000008cc00000| Untracked 
| 204|0x000000008cc00000, 0x000000008cd00000, 0x000000008cd00000|100%| O|  |TAMS 0x000000008cd00000, 0x000000008cd00000| Untracked 

Card table byte_map: [0x000002647b770000,0x000002647bb70000] _byte_map_base: 0x000002647b370000

Marking Bits (Prev, Next): (CMBitMap*) 0x000002646827a550, (CMBitMap*) 0x000002646827a518
 Prev Bits: [0x000002647df70000, 0x000002647ff70000)
 Next Bits: [0x000002647bf70000, 0x000002647df70000)

Polling page: 0x0000026466980000

Metaspace:

Usage:
  Non-class:     96.24 MB capacity,    94.61 MB ( 98%) used,     1.32 MB (  1%) free+waste,   316.38 KB ( <1%) overhead. 
      Class:     15.00 MB capacity,    14.03 MB ( 94%) used,   851.96 KB (  6%) free+waste,   138.31 KB ( <1%) overhead. 
       Both:    111.23 MB capacity,   108.64 MB ( 98%) used,     2.15 MB (  2%) free+waste,   454.69 KB ( <1%) overhead. 

Virtual space:
  Non-class space:       98.00 MB reserved,      96.32 MB ( 98%) committed 
      Class space:        1.00 GB reserved,      15.07 MB (  1%) committed 
             Both:        1.10 GB reserved,     111.40 MB ( 10%) committed 

Chunk freelists:
   Non-Class:  27.00 KB
       Class:  1.00 KB
        Both:  28.00 KB

MaxMetaspaceSize: 17179869184.00 GB
CompressedClassSpaceSize: 1.00 GB
Initial GC threshold: 20.80 MB
Current GC threshold: 184.83 MB
CDS: off

CodeHeap 'non-profiled nmethods': size=120064Kb used=11328Kb max_used=11328Kb free=108735Kb
 bounds [0x0000026473810000, 0x0000026474330000, 0x000002647ad50000]
CodeHeap 'profiled nmethods': size=120000Kb used=35603Kb max_used=35603Kb free=84396Kb
 bounds [0x000002646c2e0000, 0x000002646e5b0000, 0x0000026473810000]
CodeHeap 'non-nmethods': size=5696Kb used=2456Kb max_used=2505Kb free=3239Kb
 bounds [0x000002646bd50000, 0x000002646bfd0000, 0x000002646c2e0000]
 total_blobs=16692 nmethods=15703 adapters=899
 compilation: enabled
              stopped_count=0, restarted_count=0
 full_count=0

Compilation events (20 events):
Event: 100.991 Thread 0x0000026402eac000 15855       2       com.android.tools.r8.code.j1::<init> (7 bytes)
Event: 100.992 Thread 0x0000026402eac000 nmethod 15855 0x000002646e5a1410 code [0x000002646e5a15e0, 0x000002646e5a17a8]
Event: 100.992 Thread 0x0000026402eac000 15856       2       com.android.tools.r8.code.P::<init> (7 bytes)
Event: 100.993 Thread 0x0000026402eac000 nmethod 15856 0x000002646e5a1910 code [0x000002646e5a1ae0, 0x000002646e5a1d18]
Event: 101.008 Thread 0x0000026402eac000 15858       1       com.android.tools.r8.internal.bH::size (5 bytes)
Event: 101.008 Thread 0x0000026402eac000 nmethod 15858 0x000002647431ff10 code [0x00000264743200c0, 0x0000026474320178]
Event: 101.011 Thread 0x0000026402eac000 15859       2       com.android.tools.r8.code.c::<init> (7 bytes)
Event: 101.011 Thread 0x0000026402eac000 nmethod 15859 0x000002646e5a1f10 code [0x000002646e5a20c0, 0x000002646e5a2218]
Event: 101.012 Thread 0x0000026402eac000 15860       2       com.android.tools.r8.code.K0::<init> (20 bytes)
Event: 101.013 Thread 0x0000026402eac000 nmethod 15860 0x000002646e5a2310 code [0x000002646e5a24e0, 0x000002646e5a26a8]
Event: 101.027 Thread 0x0000026402eac000 15864       2       com.android.tools.r8.code.M1::<init> (8 bytes)
Event: 101.028 Thread 0x0000026402eac000 nmethod 15864 0x000002646e5a2810 code [0x000002646e5a29e0, 0x000002646e5a2cb8]
Event: 101.039 Thread 0x0000026402eac000 15867       2       com.android.tools.r8.internal.bH::<init> (88 bytes)
Event: 101.040 Thread 0x0000026402eac000 nmethod 15867 0x000002646e5a2f10 code [0x000002646e5a3140, 0x000002646e5a36c8]
Event: 101.043 Thread 0x0000026402eac000 15868       2       com.android.tools.r8.code.T::<init> (7 bytes)
Event: 101.043 Thread 0x0000026402eac000 nmethod 15868 0x000002646e5a3890 code [0x000002646e5a3a60, 0x000002646e5a3cb8]
Event: 101.054 Thread 0x0000026402eac000 15869       2       com.android.tools.r8.code.S3::<init> (7 bytes)
Event: 101.054 Thread 0x0000026402eac000 nmethod 15869 0x000002646e5a3e90 code [0x000002646e5a4060, 0x000002646e5a4298]
Event: 101.098 Thread 0x0000026402eac000 15871       2       com.android.tools.r8.graph.z::d (73 bytes)
Event: 101.099 Thread 0x0000026402eac000 nmethod 15871 0x000002646e5a4490 code [0x000002646e5a46c0, 0x000002646e5a4bd8]

GC Heap History (20 events):
Event: 98.753 GC heap after
{Heap after GC invocations=32 (full 0):
 garbage-first heap   total 196608K, used 126020K [0x0000000080000000, 0x0000000100000000)
  region size 1024K, 8 young (8192K), 8 survivors (8192K)
 Metaspace       used 106389K, capacity 108923K, committed 109080K, reserved 1144832K
  class space    used 13571K, capacity 14508K, committed 14540K, reserved 1048576K
}
Event: 98.778 GC heap before
{Heap before GC invocations=32 (full 0):
 garbage-first heap   total 196608K, used 126020K [0x0000000080000000, 0x0000000100000000)
  region size 1024K, 9 young (9216K), 8 survivors (8192K)
 Metaspace       used 106577K, capacity 109051K, committed 109336K, reserved 1144832K
  class space    used 13592K, capacity 14508K, committed 14540K, reserved 1048576K
}
Event: 98.825 GC heap after
{Heap after GC invocations=33 (full 0):
 garbage-first heap   total 196608K, used 123536K [0x0000000080000000, 0x0000000100000000)
  region size 1024K, 1 young (1024K), 1 survivors (1024K)
 Metaspace       used 106577K, capacity 109051K, committed 109336K, reserved 1144832K
  class space    used 13592K, capacity 14508K, committed 14540K, reserved 1048576K
}
Event: 99.227 GC heap before
{Heap before GC invocations=33 (full 0):
 garbage-first heap   total 196608K, used 133776K [0x0000000080000000, 0x0000000100000000)
  region size 1024K, 13 young (13312K), 1 survivors (1024K)
 Metaspace       used 108726K, capacity 111307K, committed 111512K, reserved 1146880K
  class space    used 13892K, capacity 14815K, committed 14924K, reserved 1048576K
}
Event: 99.238 GC heap after
{Heap after GC invocations=34 (full 0):
 garbage-first heap   total 196608K, used 125244K [0x0000000080000000, 0x0000000100000000)
  region size 1024K, 3 young (3072K), 3 survivors (3072K)
 Metaspace       used 108726K, capacity 111307K, committed 111512K, reserved 1146880K
  class space    used 13892K, capacity 14815K, committed 14924K, reserved 1048576K
}
Event: 99.980 GC heap before
{Heap before GC invocations=35 (full 0):
 garbage-first heap   total 196608K, used 191804K [0x0000000080000000, 0x0000000100000000)
  region size 1024K, 41 young (41984K), 3 survivors (3072K)
 Metaspace       used 108968K, capacity 111553K, committed 111768K, reserved 1146880K
  class space    used 13922K, capacity 14854K, committed 14924K, reserved 1048576K
}
Event: 100.007 GC heap after
{Heap after GC invocations=36 (full 0):
 garbage-first heap   total 209920K, used 149979K [0x0000000080000000, 0x0000000100000000)
  region size 1024K, 6 young (6144K), 6 survivors (6144K)
 Metaspace       used 108968K, capacity 111553K, committed 111768K, reserved 1146880K
  class space    used 13922K, capacity 14854K, committed 14924K, reserved 1048576K
}
Event: 100.038 GC heap before
{Heap before GC invocations=36 (full 0):
 garbage-first heap   total 209920K, used 154075K [0x0000000080000000, 0x0000000100000000)
  region size 1024K, 10 young (10240K), 6 survivors (6144K)
 Metaspace       used 108968K, capacity 111553K, committed 111768K, reserved 1146880K
  class space    used 13922K, capacity 14854K, committed 14924K, reserved 1048576K
}
Event: 100.058 GC heap after
{Heap after GC invocations=37 (full 0):
 garbage-first heap   total 209920K, used 151714K [0x0000000080000000, 0x0000000100000000)
  region size 1024K, 2 young (2048K), 2 survivors (2048K)
 Metaspace       used 108968K, capacity 111553K, committed 111768K, reserved 1146880K
  class space    used 13922K, capacity 14854K, committed 14924K, reserved 1048576K
}
Event: 100.069 GC heap before
{Heap before GC invocations=37 (full 0):
 garbage-first heap   total 209920K, used 152738K [0x0000000080000000, 0x0000000100000000)
  region size 1024K, 4 young (4096K), 2 survivors (2048K)
 Metaspace       used 108968K, capacity 111553K, committed 111768K, reserved 1146880K
  class space    used 13922K, capacity 14854K, committed 14924K, reserved 1048576K
}
Event: 100.077 GC heap after
{Heap after GC invocations=38 (full 0):
 garbage-first heap   total 209920K, used 152236K [0x0000000080000000, 0x0000000100000000)
  region size 1024K, 2 young (2048K), 2 survivors (2048K)
 Metaspace       used 108968K, capacity 111553K, committed 111768K, reserved 1146880K
  class space    used 13922K, capacity 14854K, committed 14924K, reserved 1048576K
}
Event: 100.347 GC heap before
{Heap before GC invocations=38 (full 0):
 garbage-first heap   total 209920K, used 174764K [0x0000000080000000, 0x0000000100000000)
  region size 1024K, 22 young (22528K), 2 survivors (2048K)
 Metaspace       used 109842K, capacity 112459K, committed 112792K, reserved 1146880K
  class space    used 14096K, capacity 15073K, committed 15180K, reserved 1048576K
}
Event: 100.371 GC heap after
{Heap after GC invocations=39 (full 0):
 garbage-first heap   total 209920K, used 161136K [0x0000000080000000, 0x0000000100000000)
  region size 1024K, 3 young (3072K), 3 survivors (3072K)
 Metaspace       used 109842K, capacity 112459K, committed 112792K, reserved 1146880K
  class space    used 14096K, capacity 15073K, committed 15180K, reserved 1048576K
}
Event: 100.834 GC heap before
{Heap before GC invocations=40 (full 0):
 garbage-first heap   total 209920K, used 175472K [0x0000000080000000, 0x0000000100000000)
  region size 1024K, 17 young (17408K), 3 survivors (3072K)
 Metaspace       used 111213K, capacity 113903K, committed 114072K, reserved 1148928K
  class space    used 14368K, capacity 15359K, committed 15436K, reserved 1048576K
}
Event: 100.860 GC heap after
{Heap after GC invocations=41 (full 0):
 garbage-first heap   total 209920K, used 167127K [0x0000000080000000, 0x0000000100000000)
  region size 1024K, 3 young (3072K), 3 survivors (3072K)
 Metaspace       used 111213K, capacity 113903K, committed 114072K, reserved 1148928K
  class space    used 14368K, capacity 15359K, committed 15436K, reserved 1048576K
}
Event: 100.905 GC heap before
{Heap before GC invocations=41 (full 0):
 garbage-first heap   total 209920K, used 173271K [0x0000000080000000, 0x0000000100000000)
  region size 1024K, 10 young (10240K), 3 survivors (3072K)
 Metaspace       used 111225K, capacity 113903K, committed 114072K, reserved 1148928K
  class space    used 14368K, capacity 15359K, committed 15436K, reserved 1048576K
}
Event: 100.921 GC heap after
{Heap after GC invocations=42 (full 0):
 garbage-first heap   total 209920K, used 169984K [0x0000000080000000, 0x0000000100000000)
  region size 1024K, 2 young (2048K), 2 survivors (2048K)
 Metaspace       used 111225K, capacity 113903K, committed 114072K, reserved 1148928K
  class space    used 14368K, capacity 15359K, committed 15436K, reserved 1048576K
}
Event: 100.976 GC heap before
{Heap before GC invocations=42 (full 0):
 garbage-first heap   total 209920K, used 178176K [0x0000000080000000, 0x0000000100000000)
  region size 1024K, 10 young (10240K), 2 survivors (2048K)
 Metaspace       used 111246K, capacity 113904K, committed 114072K, reserved 1148928K
  class space    used 14368K, capacity 15359K, committed 15436K, reserved 1048576K
}
Event: 100.989 GC heap after
{Heap after GC invocations=43 (full 0):
 garbage-first heap   total 209920K, used 174890K [0x0000000080000000, 0x0000000100000000)
  region size 1024K, 2 young (2048K), 2 survivors (2048K)
 Metaspace       used 111246K, capacity 113904K, committed 114072K, reserved 1148928K
  class space    used 14368K, capacity 15359K, committed 15436K, reserved 1048576K
}
Event: 101.104 GC heap before
{Heap before GC invocations=43 (full 0):
 garbage-first heap   total 209920K, used 183082K [0x0000000080000000, 0x0000000100000000)
  region size 1024K, 10 young (10240K), 2 survivors (2048K)
 Metaspace       used 111250K, capacity 113904K, committed 114072K, reserved 1148928K
  class space    used 14368K, capacity 15359K, committed 15436K, reserved 1048576K
}

Deoptimization events (20 events):
Event: 100.298 Thread 0x0000026407143800 DEOPT PACKING pc=0x00000264742f6920 sp=0x000000d7057fea20
Event: 100.298 Thread 0x0000026407143800 DEOPT UNPACKING pc=0x000002646bd9a1af sp=0x000000d7057fea30 mode 2
Event: 100.298 Thread 0x0000026407143800 Uncommon trap: trap_request=0xffffffde fr.pc=0x00000264742f6920 relative=0x0000000000001320
Event: 100.298 Thread 0x0000026407143800 Uncommon trap: reason=class_check action=maybe_recompile pc=0x00000264742f6920 method=com.android.tools.r8.dex.j.a(ILjava/util/function/Supplier;)Ljava/lang/Object; @ 31 c2
Event: 100.298 Thread 0x0000026407143800 DEOPT PACKING pc=0x00000264742f6920 sp=0x000000d7057fe830
Event: 100.298 Thread 0x0000026407143800 DEOPT UNPACKING pc=0x000002646bd9a1af sp=0x000000d7057fe840 mode 2
Event: 100.469 Thread 0x0000026407148800 Uncommon trap: trap_request=0xffffff4d fr.pc=0x00000264742f3b84 relative=0x0000000000000144
Event: 100.469 Thread 0x0000026407148800 Uncommon trap: reason=unstable_if action=reinterpret pc=0x00000264742f3b84 method=com.android.tools.r8.internal.Hq.get(I)Ljava/lang/Object; @ 1 c2
Event: 100.469 Thread 0x0000026407148800 DEOPT PACKING pc=0x00000264742f3b84 sp=0x000000d7056feca0
Event: 100.469 Thread 0x0000026407148800 DEOPT UNPACKING pc=0x000002646bd9a1af sp=0x000000d7056fec38 mode 2
Event: 100.758 Thread 0x0000026407146000 Uncommon trap: trap_request=0xffffff4d fr.pc=0x0000026473b95dac relative=0x000000000000036c
Event: 100.758 Thread 0x0000026407146000 Uncommon trap: reason=unstable_if action=reinterpret pc=0x0000026473b95dac method=java.util.concurrent.ConcurrentLinkedQueue.offer(Ljava/lang/Object;)Z @ 42 c2
Event: 100.758 Thread 0x0000026407146000 DEOPT PACKING pc=0x0000026473b95dac sp=0x000000d7059febc0
Event: 100.758 Thread 0x0000026407146000 DEOPT UNPACKING pc=0x000002646bd9a1af sp=0x000000d7059feaf8 mode 2
Event: 100.788 Thread 0x0000026407143800 Uncommon trap: trap_request=0xffffff4d fr.pc=0x000002647430e328 relative=0x0000000000001148
Event: 100.788 Thread 0x0000026407143800 Uncommon trap: reason=unstable_if action=reinterpret pc=0x000002647430e328 method=com.android.tools.r8.dex.j.i()Lcom/android/tools/r8/graph/j1; @ 64 c2
Event: 100.788 Thread 0x0000026407143800 DEOPT PACKING pc=0x000002647430e328 sp=0x000000d7057fead0
Event: 100.788 Thread 0x0000026407143800 DEOPT UNPACKING pc=0x000002646bd9a1af sp=0x000000d7057feab8 mode 2
Event: 100.791 Thread 0x0000026407143800 DEOPT PACKING pc=0x000002646e5487fe sp=0x000000d7057fe780
Event: 100.791 Thread 0x0000026407143800 DEOPT UNPACKING pc=0x000002646bd9a95e sp=0x000000d7057fdd08 mode 0

Classes redefined (0 events):
No events

Internal exceptions (20 events):
Event: 46.924 Thread 0x0000026404a03800 Exception <a 'java/lang/NoSuchMethodError'{0x000000008ac03790}: <clinit>> (0x000000008ac03790) thrown at [./src/hotspot/share/prims/jni.cpp, line 1365]
Event: 46.930 Thread 0x0000026404a03800 Exception <a 'java/lang/NoSuchMethodError'{0x000000008ac1aee8}: <clinit>> (0x000000008ac1aee8) thrown at [./src/hotspot/share/prims/jni.cpp, line 1365]
Event: 46.984 Thread 0x0000026404a03800 Implicit null exception at 0x0000026473d17d44 to 0x0000026473d17da0
Event: 89.605 Thread 0x000002640411a800 Exception <a 'sun/nio/fs/WindowsException'{0x000000008b5d86d8}> (0x000000008b5d86d8) thrown at [./src/hotspot/share/prims/jni.cpp, line 615]
Event: 91.210 Thread 0x000002640411a800 Exception <a 'sun/nio/fs/WindowsException'{0x00000000890f3da0}> (0x00000000890f3da0) thrown at [./src/hotspot/share/prims/jni.cpp, line 615]
Event: 91.263 Thread 0x000002640411a800 Exception <a 'sun/nio/fs/WindowsException'{0x0000000088f92a10}> (0x0000000088f92a10) thrown at [./src/hotspot/share/prims/jni.cpp, line 615]
Event: 91.263 Thread 0x000002640411a800 Exception <a 'sun/nio/fs/WindowsException'{0x0000000088f93d98}> (0x0000000088f93d98) thrown at [./src/hotspot/share/prims/jni.cpp, line 615]
Event: 91.263 Thread 0x000002640411a800 Exception <a 'sun/nio/fs/WindowsException'{0x0000000088f95170}> (0x0000000088f95170) thrown at [./src/hotspot/share/prims/jni.cpp, line 615]
Event: 91.264 Thread 0x000002640411a800 Exception <a 'sun/nio/fs/WindowsException'{0x0000000088f96548}> (0x0000000088f96548) thrown at [./src/hotspot/share/prims/jni.cpp, line 615]
Event: 94.530 Thread 0x00000264048af000 Exception <a 'java/lang/NoSuchMethodError'{0x000000008bc87098}: 'java.lang.Object java.lang.invoke.DirectMethodHandle$Holder.newInvokeSpecial(java.lang.Object, java.lang.Object, java.lang.Object, java.lang.Object)'> (0x000000008bc87098) thrown at [./src/hotspot/share/interpreter/linkResolver.cpp, line 773]
Event: 97.620 Thread 0x00000264048af000 Exception <a 'java/lang/NoSuchMethodError'{0x0000000088fb1500}: <clinit>> (0x0000000088fb1500) thrown at [./src/hotspot/share/prims/jni.cpp, line 1365]
Event: 97.627 Thread 0x00000264048af000 Exception <a 'java/lang/NoSuchMethodError'{0x0000000088fe49b0}: <clinit>> (0x0000000088fe49b0) thrown at [./src/hotspot/share/prims/jni.cpp, line 1365]
Event: 97.628 Thread 0x00000264048af000 Exception <a 'java/lang/NoSuchMethodError'{0x0000000088ff7398}: <clinit>> (0x0000000088ff7398) thrown at [./src/hotspot/share/prims/jni.cpp, line 1365]
Event: 98.729 Thread 0x0000026407140000 Exception <a 'sun/nio/fs/WindowsException'{0x00000000889bfb98}> (0x00000000889bfb98) thrown at [./src/hotspot/share/prims/jni.cpp, line 615]
Event: 99.213 Thread 0x0000026407140000 Exception <a 'java/lang/NoSuchMethodError'{0x000000008b6fd4b8}: 'java.lang.Object java.lang.invoke.DirectMethodHandle$Holder.invokeStaticInit(java.lang.Object, java.lang.Object, java.lang.Object, java.lang.Object, java.lang.Object, java.lang.Object, java.lang.Object, java.lang.Object, java.lang.Object, java.lang.Object, java.lang.Object, java.lang.Object, java.lang.Object, java.lang.Object, java.lang.Object, java.lang.Object, java.lang.Object, java.lang.Object, int, java.lang.Object, java.lang.Object)'> (0
Event: 99.539 Thread 0x0000026407141000 Exception <a 'java/lang/NoSuchMethodError'{0x000000008b316608}: 'int java.lang.invoke.DirectMethodHandle$Holder.invokeSpecialIFC(java.lang.Object, java.lang.Object, java.lang.Object)'> (0x000000008b316608) thrown at [./src/hotspot/share/interpreter/linkResolver.cpp, line 773]
Event: 100.293 Thread 0x0000026407148800 Exception <a 'java/lang/NoSuchMethodError'{0x000000008ae80208}: 'java.lang.Object java.lang.invoke.DirectMethodHandle$Holder.newInvokeSpecial(java.lang.Object, int)'> (0x000000008ae80208) thrown at [./src/hotspot/share/interpreter/linkResolver.cpp, line 773]
Event: 100.299 Thread 0x0000026407143800 Exception <a 'java/lang/IncompatibleClassChangeError'{0x000000008ae887a8}: Found class java.lang.Object, but interface was expected> (0x000000008ae887a8) thrown at [./src/hotspot/share/interpreter/linkResolver.cpp, line 839]
Event: 100.304 Thread 0x0000026407143800 Exception <a 'java/lang/IncompatibleClassChangeError'{0x000000008aedb168}: Found class java.lang.Object, but interface was expected> (0x000000008aedb168) thrown at [./src/hotspot/share/interpreter/linkResolver.cpp, line 839]
Event: 100.305 Thread 0x0000026407143800 Exception <a 'java/lang/IncompatibleClassChangeError'{0x000000008aee0f98}: Found class java.lang.Object, but interface was expected> (0x000000008aee0f98) thrown at [./src/hotspot/share/interpreter/linkResolver.cpp, line 839]

Events (20 events):
Event: 100.738 loading class com/android/tools/r8/internal/XG done
Event: 100.738 loading class com/android/tools/r8/internal/cH
Event: 100.738 loading class com/android/tools/r8/internal/cH done
Event: 100.740 Executing VM operation: CGC_Operation
Event: 100.740 Executing VM operation: CGC_Operation done
Event: 100.749 loading class com/android/tools/r8/internal/wZ
Event: 100.749 loading class com/android/tools/r8/internal/wZ done
Event: 100.751 loading class com/android/tools/r8/internal/aB
Event: 100.751 loading class com/android/tools/r8/internal/aB done
Event: 100.766 loading class com/android/tools/r8/internal/vg
Event: 100.766 loading class com/android/tools/r8/internal/vg done
Event: 100.793 loading class com/android/tools/r8/internal/Dj
Event: 100.793 loading class com/android/tools/r8/internal/Dj done
Event: 100.833 Executing VM operation: G1CollectForAllocation
Event: 100.860 Executing VM operation: G1CollectForAllocation done
Event: 100.905 Executing VM operation: G1CollectForAllocation
Event: 100.921 Executing VM operation: G1CollectForAllocation done
Event: 100.974 Executing VM operation: G1CollectForAllocation
Event: 100.989 Executing VM operation: G1CollectForAllocation done
Event: 101.103 Executing VM operation: G1CollectForAllocation


Dynamic libraries:
0x00007ff7db980000 - 0x00007ff7db98a000 	C:\Program Files\Android\Android Studio\jre\bin\java.exe
0x00007ffd80710000 - 0x00007ffd80905000 	C:\Windows\SYSTEM32\ntdll.dll
0x00007ffd80480000 - 0x00007ffd8053e000 	C:\Windows\System32\KERNEL32.DLL
0x00007ffd7e0e0000 - 0x00007ffd7e3a9000 	C:\Windows\System32\KERNELBASE.dll
0x00007ffd7ded0000 - 0x00007ffd7dfd0000 	C:\Windows\System32\ucrtbase.dll
0x00007ffd5ef10000 - 0x00007ffd5ef29000 	C:\Program Files\Android\Android Studio\jre\bin\jli.dll
0x00007ffd80020000 - 0x00007ffd801c1000 	C:\Windows\System32\USER32.dll
0x00007ffd7e3b0000 - 0x00007ffd7e3d2000 	C:\Windows\System32\win32u.dll
0x00007ffd7fe10000 - 0x00007ffd7fe3b000 	C:\Windows\System32\GDI32.dll
0x00007ffd7dfd0000 - 0x00007ffd7e0db000 	C:\Windows\System32\gdi32full.dll
0x00007ffd7de30000 - 0x00007ffd7decd000 	C:\Windows\System32\msvcp_win.dll
0x00007ffd55ad0000 - 0x00007ffd55ae7000 	C:\Program Files\Android\Android Studio\jre\bin\VCRUNTIME140.dll
0x00007ffd6a520000 - 0x00007ffd6a7ba000 	C:\Windows\WinSxS\amd64_microsoft.windows.common-controls_6595b64144ccf1df_6.0.19041.1110_none_60b5254171f9507e\COMCTL32.dll
0x00007ffd7e760000 - 0x00007ffd7e7fe000 	C:\Windows\System32\msvcrt.dll
0x00007ffd7fff0000 - 0x00007ffd80020000 	C:\Windows\System32\IMM32.DLL
0x00007ffd3c8e0000 - 0x00007ffd3c97d000 	C:\Program Files\Android\Android Studio\jre\bin\msvcp140.dll
0x00007ffd38940000 - 0x00007ffd39425000 	C:\Program Files\Android\Android Studio\jre\bin\server\jvm.dll
0x00007ffd803d0000 - 0x00007ffd8047c000 	C:\Windows\System32\ADVAPI32.dll
0x00007ffd80250000 - 0x00007ffd802eb000 	C:\Windows\System32\sechost.dll
0x00007ffd7f630000 - 0x00007ffd7f75a000 	C:\Windows\System32\RPCRT4.dll
0x00007ffd7e800000 - 0x00007ffd7e808000 	C:\Windows\System32\PSAPI.DLL
0x00007ffd7b5d0000 - 0x00007ffd7b5d9000 	C:\Windows\SYSTEM32\WSOCK32.dll
0x00007ffd7fbf0000 - 0x00007ffd7fc5b000 	C:\Windows\System32\WS2_32.dll
0x00007ffd785f0000 - 0x00007ffd78617000 	C:\Windows\SYSTEM32\WINMM.dll
0x00007ffd773b0000 - 0x00007ffd773ba000 	C:\Windows\SYSTEM32\VERSION.dll
0x00007ffd7bd30000 - 0x00007ffd7bd42000 	C:\Windows\SYSTEM32\kernel.appcore.dll
0x00007ffd76be0000 - 0x00007ffd76bf1000 	C:\Program Files\Android\Android Studio\jre\bin\verify.dll
0x00007ffd63970000 - 0x00007ffd63b54000 	C:\Windows\SYSTEM32\DBGHELP.DLL
0x00007ffd688d0000 - 0x00007ffd688fc000 	C:\Windows\SYSTEM32\dbgcore.DLL
0x00007ffd7e410000 - 0x00007ffd7e493000 	C:\Windows\System32\bcryptPrimitives.dll
0x00007ffd76bb0000 - 0x00007ffd76bd9000 	C:\Program Files\Android\Android Studio\jre\bin\java.dll
0x00007ffd7b620000 - 0x00007ffd7b62b000 	C:\Program Files\Android\Android Studio\jre\bin\jimage.dll
0x00007ffd76b90000 - 0x00007ffd76ba8000 	C:\Program Files\Android\Android Studio\jre\bin\zip.dll
0x00007ffd7ed30000 - 0x00007ffd7f46f000 	C:\Windows\System32\SHELL32.dll
0x00007ffd7bf30000 - 0x00007ffd7c6c0000 	C:\Windows\SYSTEM32\windows.storage.dll
0x00007ffd7e810000 - 0x00007ffd7eb65000 	C:\Windows\System32\combase.dll
0x00007ffd7d880000 - 0x00007ffd7d8ac000 	C:\Windows\SYSTEM32\Wldp.dll
0x00007ffd7f520000 - 0x00007ffd7f5ce000 	C:\Windows\System32\SHCORE.dll
0x00007ffd805a0000 - 0x00007ffd805f5000 	C:\Windows\System32\shlwapi.dll
0x00007ffd7dd70000 - 0x00007ffd7dd8f000 	C:\Windows\SYSTEM32\profapi.dll
0x00007ffd76b70000 - 0x00007ffd76b8a000 	C:\Program Files\Android\Android Studio\jre\bin\net.dll
0x00007ffd6de40000 - 0x00007ffd6df48000 	C:\Windows\SYSTEM32\WINHTTP.dll
0x00007ffd7d5e0000 - 0x00007ffd7d64a000 	C:\Windows\system32\mswsock.dll
0x00007ffd76b50000 - 0x00007ffd76b64000 	C:\Program Files\Android\Android Studio\jre\bin\nio.dll
0x00007ffd5f330000 - 0x00007ffd5f357000 	C:\Users\Ekaterina\.gradle\native\e1d6ef7f7dcc3fd88c89a11ec53ec762bb8ba0a96d01ffa2cd45eb1d1d8dd5c5\windows-amd64\native-platform.dll
0x00007ffd39860000 - 0x00007ffd399a4000 	C:\Users\Ekaterina\.gradle\native\5664cfc778a61ccfe75a443a1ab52a65af34e5dc3c78e0209fed803814484fcb\windows-amd64\native-platform-file-events.dll
0x00007ffd76b40000 - 0x00007ffd76b4a000 	C:\Program Files\Android\Android Studio\jre\bin\management.dll
0x00007ffd76b30000 - 0x00007ffd76b3d000 	C:\Program Files\Android\Android Studio\jre\bin\management_ext.dll
0x00007ffd7d7d0000 - 0x00007ffd7d7e8000 	C:\Windows\SYSTEM32\CRYPTSP.dll
0x00007ffd7cef0000 - 0x00007ffd7cf24000 	C:\Windows\system32\rsaenh.dll
0x00007ffd7e3e0000 - 0x00007ffd7e407000 	C:\Windows\System32\bcrypt.dll
0x00007ffd7dd30000 - 0x00007ffd7dd5e000 	C:\Windows\SYSTEM32\USERENV.dll
0x00007ffd7d7f0000 - 0x00007ffd7d7fc000 	C:\Windows\SYSTEM32\CRYPTBASE.dll
0x00007ffd7d280000 - 0x00007ffd7d2bb000 	C:\Windows\SYSTEM32\IPHLPAPI.DLL
0x00007ffd7f760000 - 0x00007ffd7f768000 	C:\Windows\System32\NSI.dll
0x00007ffd761c0000 - 0x00007ffd761d7000 	C:\Windows\SYSTEM32\dhcpcsvc6.DLL
0x00007ffd76180000 - 0x00007ffd7619d000 	C:\Windows\SYSTEM32\dhcpcsvc.DLL
0x00007ffd7d2d0000 - 0x00007ffd7d39c000 	C:\Windows\SYSTEM32\DNSAPI.dll
0x00007ffd689b0000 - 0x00007ffd689d7000 	C:\Program Files\Android\Android Studio\jre\bin\sunec.dll
0x00007ffd6da10000 - 0x00007ffd6da1a000 	C:\Windows\System32\rasadhlp.dll
0x00007ffd6d740000 - 0x00007ffd6d7bf000 	C:\Windows\System32\fwpuclnt.dll
0x00007ffd559e0000 - 0x00007ffd559fe000 	C:\Temp\native-platform3519976133286344531dir\native-platform.dll

dbghelp: loaded successfully - version: 4.0.5 - missing functions: none
symbol engine: initialized successfully - sym options: 0x614 - pdb path: .;C:\Program Files\Android\Android Studio\jre\bin;C:\Windows\SYSTEM32;C:\Windows\WinSxS\amd64_microsoft.windows.common-controls_6595b64144ccf1df_6.0.19041.1110_none_60b5254171f9507e;C:\Program Files\Android\Android Studio\jre\bin\server;C:\Users\Ekaterina\.gradle\native\e1d6ef7f7dcc3fd88c89a11ec53ec762bb8ba0a96d01ffa2cd45eb1d1d8dd5c5\windows-amd64;C:\Users\Ekaterina\.gradle\native\5664cfc778a61ccfe75a443a1ab52a65af34e5dc3c78e0209fed803814484fcb\windows-amd64;C:\Temp\native-platform3519976133286344531dir

VM Arguments:
jvm_args: --add-opens=java.base/java.util=ALL-UNNAMED --add-opens=java.base/java.lang=ALL-UNNAMED --add-opens=java.base/java.lang.invoke=ALL-UNNAMED --add-opens=java.base/java.util=ALL-UNNAMED --add-opens=java.prefs/java.util.prefs=ALL-UNNAMED --add-opens=java.prefs/java.util.prefs=ALL-UNNAMED --add-opens=java.base/java.nio.charset=ALL-UNNAMED --add-opens=java.base/java.net=ALL-UNNAMED --add-opens=java.base/java.util.concurrent.atomic=ALL-UNNAMED -Xmx2048m -Dfile.encoding=UTF-8 -Duser.country=RU -Duser.language=ru -Duser.variant 
java_command: org.gradle.launcher.daemon.bootstrap.GradleDaemon 7.3.3
java_class_path (initial): C:\Users\Ekaterina\.gradle\wrapper\dists\gradle-7.3.3-bin\6a41zxkdtcxs8rphpq6y0069z\gradle-7.3.3\lib\gradle-launcher-7.3.3.jar
Launcher Type: SUN_STANDARD

[Global flags]
     intx CICompilerCount                          = 3                                         {product} {ergonomic}
     uint ConcGCThreads                            = 1                                         {product} {ergonomic}
     uint G1ConcRefinementThreads                  = 4                                         {product} {ergonomic}
   size_t G1HeapRegionSize                         = 1048576                                   {product} {ergonomic}
    uintx GCDrainStackTargetSize                   = 64                                        {product} {ergonomic}
   size_t InitialHeapSize                          = 201326592                                 {product} {ergonomic}
   size_t MarkStackSize                            = 4194304                                   {product} {ergonomic}
   size_t MaxHeapSize                              = 2147483648                                {product} {command line}
   size_t MaxNewSize                               = 1287651328                                {product} {ergonomic}
   size_t MinHeapDeltaBytes                        = 1048576                                   {product} {ergonomic}
    uintx NonNMethodCodeHeapSize                   = 5830732                                {pd product} {ergonomic}
    uintx NonProfiledCodeHeapSize                  = 122913754                              {pd product} {ergonomic}
    uintx ProfiledCodeHeapSize                     = 122913754                              {pd product} {ergonomic}
    uintx ReservedCodeCacheSize                    = 251658240                              {pd product} {ergonomic}
     bool SegmentedCodeCache                       = true                                      {product} {ergonomic}
     bool UseCompressedClassPointers               = true                                 {lp64_product} {ergonomic}
     bool UseCompressedOops                        = true                                 {lp64_product} {ergonomic}
     bool UseG1GC                                  = true                                      {product} {ergonomic}
     bool UseLargePagesIndividualAllocation        = false                                  {pd product} {ergonomic}

Logging:
Log output configuration:
 #0: stdout all=warning uptime,level,tags
 #1: stderr all=off uptime,level,tags

Environment Variables:
PATH=C:\Windows\system32;C:\Windows;C:\Windows\System32\Wbem;C:\Windows\System32\WindowsPowerShell\v1.0\;C:\Program Files\Git\cmd;C:\Users\Ekaterina\AppData\Local\Microsoft\WindowsApps;;C:\Users\Ekaterina\AppData\Local\Programs\Microsoft VS Code\bin
USERNAME=Ekaterina
OS=Windows_NT
PROCESSOR_IDENTIFIER=Intel64 Family 6 Model 142 Stepping 9, GenuineIntel



---------------  S Y S T E M  ---------------

OS: Windows 10 , 64 bit Build 19041 (10.0.19041.1200)
OS uptime: 4 days 1:05 hours

CPU:total 4 (initial active 4) (2 cores per cpu, 2 threads per core) family 6 model 142 stepping 9 microcode 0xb4, cmov, cx8, fxsr, mmx, sse, sse2, sse3, ssse3, sse4.1, sse4.2, popcnt, avx, avx2, aes, clmul, erms, 3dnowpref, lzcnt, ht, tsc, tscinvbit, bmi1, bmi2, adx, fma

Memory: 4k page, system-wide physical 12197M (574M free)
TotalPageFile size 12197M (AvailPageFile size 42M)
current process WorkingSet (physical memory assigned to process): 526M, peak: 529M
current process commit charge ("private bytes"): 556M, peak: 598M

vm_info: OpenJDK 64-Bit Server VM (11.0.12+7-b1504.28-7817840) for windows-amd64 JRE (11.0.12+7-b1504.28-7817840), built on Oct 13 2021 22:12:33 by "builder" with MS VC++ 14.0 (VS2015)

END.
