#
# There is insufficient memory for the Java Runtime Environment to continue.
# Native memory allocation (malloc) failed to allocate 1159456 bytes for Chunk::new
# Possible reasons:
#   The system is out of physical RAM or swap space
#   The process is running with CompressedOops enabled, and the Java Heap may be blocking the growth of the native heap
# Possible solutions:
#   Reduce memory load on the system
#   Increase physical memory or swap space
#   Check if swap backing store is full
#   Decrease Java heap size (-Xmx/-Xms)
#   Decrease number of Java threads
#   Decrease Java thread stack sizes (-Xss)
#   Set larger code cache with -XX:ReservedCodeCacheSize=
#   JVM is running with Unscaled Compressed Oops mode in which the Java heap is
#     placed in the first 4GB address space. The Java Heap base address is the
#     maximum limit for the native heap growth. Please use -XX:HeapBaseMinAddress
#     to set the Java Heap base and to place the Java Heap above 4GB virtual address.
# This output file may be truncated or incomplete.
#
#  Out of Memory Error (./src/hotspot/share/memory/arena.cpp:197), pid=1272, tid=8692
#
# JRE version: OpenJDK Runtime Environment (11.0.12+7) (build 11.0.12+7-b1504.28-7817840)
# Java VM: OpenJDK 64-Bit Server VM (11.0.12+7-b1504.28-7817840, mixed mode, tiered, compressed oops, g1 gc, windows-amd64)
# No core dump will be written. Minidumps are not enabled by default on client versions of Windows
#

---------------  S U M M A R Y ------------

Command Line: --add-opens=java.base/java.util=ALL-UNNAMED --add-opens=java.base/java.lang=ALL-UNNAMED --add-opens=java.base/java.lang.invoke=ALL-UNNAMED --add-opens=java.base/java.util=ALL-UNNAMED --add-opens=java.prefs/java.util.prefs=ALL-UNNAMED --add-opens=java.prefs/java.util.prefs=ALL-UNNAMED --add-opens=java.base/java.nio.charset=ALL-UNNAMED --add-opens=java.base/java.net=ALL-UNNAMED --add-opens=java.base/java.util.concurrent.atomic=ALL-UNNAMED -Xmx2048m -Dfile.encoding=UTF-8 -Duser.country=RU -Duser.language=ru -Duser.variant org.gradle.launcher.daemon.bootstrap.GradleDaemon 7.3.3

Host: Intel(R) Core(TM) i3-7020U CPU @ 2.30GHz, 4 cores, 11G,  Windows 10 , 64 bit Build 19041 (10.0.19041.1200)
Time: Wed Jul  6 19:35:30 2022 RTZ 2 (зима) elapsed time: 18.402454 seconds (0d 0h 0m 18s)

---------------  T H R E A D  ---------------

Current thread (0x0000026bbecea000):  JavaThread "C2 CompilerThread0" daemon [_thread_in_native, id=8692, stack(0x000000f94c300000,0x000000f94c400000)]


Current CompileTask:
C2:  18402 8232 %     4       org.gradle.internal.instantiation.generator.AbstractClassGenerator::inspectType @ 250 (560 bytes)

Stack: [0x000000f94c300000,0x000000f94c400000]
Native frames: (J=compiled Java code, j=interpreted, Vv=VM code, C=native code)
V  [jvm.dll+0x5fbcea]
V  [jvm.dll+0x731905]
V  [jvm.dll+0x732f1d]
V  [jvm.dll+0x7335d3]
V  [jvm.dll+0x247bf8]
V  [jvm.dll+0xc018c]
V  [jvm.dll+0xc06cc]
V  [jvm.dll+0x2bcc04]
V  [jvm.dll+0x5113a8]
V  [jvm.dll+0x201c5a]
V  [jvm.dll+0x1ff71f]
V  [jvm.dll+0x18868c]
V  [jvm.dll+0x20e0d7]
V  [jvm.dll+0x20c901]
V  [jvm.dll+0x6f9b7f]
V  [jvm.dll+0x6f26a5]
V  [jvm.dll+0x5fabf6]
C  [ucrtbase.dll+0x21bb2]
C  [KERNEL32.DLL+0x17034]
C  [ntdll.dll+0x52651]


---------------  P R O C E S S  ---------------

Threads class SMR info:
_java_thread_list=0x0000026bc683e6d0, length=79, elements={
0x0000026ba50ac000, 0x0000026bbecc7000, 0x0000026bbecca800, 0x0000026bbf54e000,
0x0000026bbf550000, 0x0000026bbf551000, 0x0000026bbecea000, 0x0000026bbeceb000,
0x0000026bbecf8800, 0x0000026bbf6e5800, 0x0000026bc1d5a800, 0x0000026bbf8ed000,
0x0000026bc0f50000, 0x0000026bc1b81800, 0x0000026bc0e89800, 0x0000026bc16e6000,
0x0000026bc0530800, 0x0000026bc195e000, 0x0000026bc195d000, 0x0000026bc195e800,
0x0000026bc1960800, 0x0000026bc195f800, 0x0000026bc1961000, 0x0000026bc1962000,
0x0000026bc195c800, 0x0000026bc1963000, 0x0000026bc50c2000, 0x0000026bc50c0800,
0x0000026bc50bf800, 0x0000026bc50c4800, 0x0000026bc50c6000, 0x0000026bc50c7000,
0x0000026bc50c1000, 0x0000026bc50c8000, 0x0000026bc50c9800, 0x0000026bc50ca000,
0x0000026bc50cb000, 0x0000026bc50cc000, 0x0000026bc50cc800, 0x0000026bc50cd800,
0x0000026bc50ce800, 0x0000026bc50c8800, 0x0000026bc1ed3000, 0x0000026bc1ed7000,
0x0000026bc1ed3800, 0x0000026bc1ed8000, 0x0000026bc1ed5800, 0x0000026bc1ed8800,
0x0000026bc1eda000, 0x0000026bc1ed4800, 0x0000026bc1edb000, 0x0000026bc1ed9800,
0x0000026bc1edc000, 0x0000026bc1ed6000, 0x0000026bc1ede800, 0x0000026bc1edc800,
0x0000026bc1edd800, 0x0000026bc1edf000, 0x0000026bc1ee0000, 0x0000026bc1ee0800,
0x0000026bc1ee1800, 0x0000026bc208d800, 0x0000026bc208e000, 0x0000026bc208b800,
0x0000026bc208a000, 0x0000026bc208c800, 0x0000026bc2090800, 0x0000026bc208f000,
0x0000026bc208b000, 0x0000026bc2094000, 0x0000026bc2091800, 0x0000026bc2095800,
0x0000026bc2092000, 0x0000026bc2094800, 0x0000026bc2093000, 0x0000026bc208f800,
0x0000026bc2098800, 0x0000026bc2253000, 0x0000026bc2096800
}

Java Threads: ( => current thread )
  0x0000026ba50ac000 JavaThread "main" [_thread_blocked, id=4040, stack(0x000000f94b700000,0x000000f94b800000)]
  0x0000026bbecc7000 JavaThread "Reference Handler" daemon [_thread_blocked, id=8220, stack(0x000000f94be00000,0x000000f94bf00000)]
  0x0000026bbecca800 JavaThread "Finalizer" daemon [_thread_blocked, id=8040, stack(0x000000f94bf00000,0x000000f94c000000)]
  0x0000026bbf54e000 JavaThread "Signal Dispatcher" daemon [_thread_blocked, id=9588, stack(0x000000f94c000000,0x000000f94c100000)]
  0x0000026bbf550000 JavaThread "Attach Listener" daemon [_thread_blocked, id=7804, stack(0x000000f94c100000,0x000000f94c200000)]
  0x0000026bbf551000 JavaThread "Service Thread" daemon [_thread_blocked, id=3076, stack(0x000000f94c200000,0x000000f94c300000)]
=>0x0000026bbecea000 JavaThread "C2 CompilerThread0" daemon [_thread_in_native, id=8692, stack(0x000000f94c300000,0x000000f94c400000)]
  0x0000026bbeceb000 JavaThread "C1 CompilerThread0" daemon [_thread_blocked, id=10176, stack(0x000000f94c400000,0x000000f94c500000)]
  0x0000026bbecf8800 JavaThread "Sweeper thread" daemon [_thread_blocked, id=4376, stack(0x000000f94c500000,0x000000f94c600000)]
  0x0000026bbf6e5800 JavaThread "Common-Cleaner" daemon [_thread_blocked, id=5504, stack(0x000000f94c600000,0x000000f94c700000)]
  0x0000026bc1d5a800 JavaThread "Daemon health stats" [_thread_blocked, id=2920, stack(0x000000f94cc00000,0x000000f94cd00000)]
  0x0000026bbf8ed000 JavaThread "Incoming local TCP Connector on port 55844" [_thread_in_native, id=4300, stack(0x000000f94c800000,0x000000f94c900000)]
  0x0000026bc0f50000 JavaThread "Daemon periodic checks" [_thread_blocked, id=1520, stack(0x000000f94cd00000,0x000000f94ce00000)]
  0x0000026bc1b81800 JavaThread "Daemon" [_thread_blocked, id=7264, stack(0x000000f94ce00000,0x000000f94cf00000)]
  0x0000026bc0e89800 JavaThread "Handler for socket connection from /127.0.0.1:55844 to /127.0.0.1:55845" [_thread_in_native, id=4372, stack(0x000000f94cf00000,0x000000f94d000000)]
  0x0000026bc16e6000 JavaThread "Cancel handler" [_thread_blocked, id=1772, stack(0x000000f94d000000,0x000000f94d100000)]
  0x0000026bc0530800 JavaThread "Daemon worker" [_thread_in_vm, id=7292, stack(0x000000f94d100000,0x000000f94d200000)]
  0x0000026bc195e000 JavaThread "Asynchronous log dispatcher for DefaultDaemonConnection: socket connection from /127.0.0.1:55844 to /127.0.0.1:55845" [_thread_blocked, id=2532, stack(0x000000f94d200000,0x000000f94d300000)]
  0x0000026bc195d000 JavaThread "Stdin handler" [_thread_blocked, id=5464, stack(0x000000f94d300000,0x000000f94d400000)]
  0x0000026bc195e800 JavaThread "Daemon client event forwarder" [_thread_blocked, id=1316, stack(0x000000f94d400000,0x000000f94d500000)]
  0x0000026bc1960800 JavaThread "Cache worker for journal cache (C:\Users\Ekaterina\.gradle\caches\journal-1)" [_thread_blocked, id=7388, stack(0x000000f94d600000,0x000000f94d700000)]
  0x0000026bc195f800 JavaThread "File lock request listener" [_thread_in_native, id=6864, stack(0x000000f94d700000,0x000000f94d800000)]
  0x0000026bc1961000 JavaThread "Cache worker for file hash cache (C:\Users\Ekaterina\.gradle\caches\7.3.3\fileHashes)" [_thread_blocked, id=7956, stack(0x000000f94d800000,0x000000f94d900000)]
  0x0000026bc1962000 JavaThread "Cache worker for file hash cache (C:\Projects\Andriod\NMedia\.gradle\7.3.3\fileHashes)" [_thread_blocked, id=6048, stack(0x000000f94d900000,0x000000f94da00000)]
  0x0000026bc195c800 JavaThread "File watcher server" daemon [_thread_in_native, id=6908, stack(0x000000f94da00000,0x000000f94db00000)]
  0x0000026bc1963000 JavaThread "File watcher consumer" daemon [_thread_blocked, id=9932, stack(0x000000f94db00000,0x000000f94dc00000)]
  0x0000026bc50c2000 JavaThread "Cache worker for checksums cache (C:\Projects\Andriod\NMedia\.gradle\7.3.3\checksums)" [_thread_blocked, id=10112, stack(0x000000f94dc00000,0x000000f94dd00000)]
  0x0000026bc50c0800 JavaThread "Cache worker for cache directory md-supplier (C:\Users\Ekaterina\.gradle\caches\7.3.3\md-supplier)" [_thread_blocked, id=5376, stack(0x000000f94dd00000,0x000000f94de00000)]
  0x0000026bc50bf800 JavaThread "Cache worker for cache directory md-rule (C:\Users\Ekaterina\.gradle\caches\7.3.3\md-rule)" [_thread_blocked, id=7472, stack(0x000000f94de00000,0x000000f94df00000)]
  0x0000026bc50c4800 JavaThread "Cache worker for execution history cache (C:\Users\Ekaterina\.gradle\caches\7.3.3\executionHistory)" [_thread_blocked, id=5640, stack(0x000000f94df00000,0x000000f94e000000)]
  0x0000026bc50c6000 JavaThread "jar transforms" [_thread_blocked, id=8268, stack(0x000000f94e000000,0x000000f94e100000)]
  0x0000026bc50c7000 JavaThread "Cache worker for file content cache (C:\Users\Ekaterina\.gradle\caches\7.3.3\fileContent)" [_thread_blocked, id=3928, stack(0x000000f94e100000,0x000000f94e200000)]
  0x0000026bc50c1000 JavaThread "jar transforms Thread 2" [_thread_blocked, id=4204, stack(0x000000f94e200000,0x000000f94e300000)]
  0x0000026bc50c8000 JavaThread "Cache worker for dependencies-accessors (C:\Projects\Andriod\NMedia\.gradle\7.3.3\dependencies-accessors)" [_thread_blocked, id=6784, stack(0x000000f94e300000,0x000000f94e400000)]
  0x0000026bc50c9800 JavaThread "jar transforms Thread 3" [_thread_blocked, id=1756, stack(0x000000f94e400000,0x000000f94e500000)]
  0x0000026bc50ca000 JavaThread "Cache worker for Build Output Cleanup Cache (C:\Projects\Andriod\NMedia\.gradle\buildOutputCleanup)" [_thread_blocked, id=424, stack(0x000000f94e500000,0x000000f94e600000)]
  0x0000026bc50cb000 JavaThread "Unconstrained build operations" [_thread_blocked, id=7232, stack(0x000000f94e700000,0x000000f94e800000)]
  0x0000026bc50cc000 JavaThread "Unconstrained build operations Thread 2" [_thread_blocked, id=7180, stack(0x000000f94e800000,0x000000f94e900000)]
  0x0000026bc50cc800 JavaThread "Unconstrained build operations Thread 3" [_thread_blocked, id=4868, stack(0x000000f94e900000,0x000000f94ea00000)]
  0x0000026bc50cd800 JavaThread "Unconstrained build operations Thread 4" [_thread_blocked, id=1076, stack(0x000000f94ea00000,0x000000f94eb00000)]
  0x0000026bc50ce800 JavaThread "Unconstrained build operations Thread 5" [_thread_blocked, id=6816, stack(0x000000f94eb00000,0x000000f94ec00000)]
  0x0000026bc50c8800 JavaThread "Unconstrained build operations Thread 6" [_thread_blocked, id=2660, stack(0x000000f94ec00000,0x000000f94ed00000)]
  0x0000026bc1ed3000 JavaThread "Unconstrained build operations Thread 7" [_thread_blocked, id=5752, stack(0x000000f94ed00000,0x000000f94ee00000)]
  0x0000026bc1ed7000 JavaThread "Unconstrained build operations Thread 8" [_thread_blocked, id=5512, stack(0x000000f94ee00000,0x000000f94ef00000)]
  0x0000026bc1ed3800 JavaThread "Unconstrained build operations Thread 9" [_thread_blocked, id=6540, stack(0x000000f94ef00000,0x000000f94f000000)]
  0x0000026bc1ed8000 JavaThread "Unconstrained build operations Thread 10" [_thread_blocked, id=8404, stack(0x000000f94f000000,0x000000f94f100000)]
  0x0000026bc1ed5800 JavaThread "Unconstrained build operations Thread 11" [_thread_blocked, id=8344, stack(0x000000f94f100000,0x000000f94f200000)]
  0x0000026bc1ed8800 JavaThread "Unconstrained build operations Thread 12" [_thread_blocked, id=3376, stack(0x000000f94f200000,0x000000f94f300000)]
  0x0000026bc1eda000 JavaThread "Unconstrained build operations Thread 13" [_thread_blocked, id=4836, stack(0x000000f94f300000,0x000000f94f400000)]
  0x0000026bc1ed4800 JavaThread "Unconstrained build operations Thread 14" [_thread_blocked, id=9928, stack(0x000000f94f400000,0x000000f94f500000)]
  0x0000026bc1edb000 JavaThread "Unconstrained build operations Thread 15" [_thread_blocked, id=6656, stack(0x000000f94f500000,0x000000f94f600000)]
  0x0000026bc1ed9800 JavaThread "Unconstrained build operations Thread 16" [_thread_blocked, id=7216, stack(0x000000f94f600000,0x000000f94f700000)]
  0x0000026bc1edc000 JavaThread "Unconstrained build operations Thread 17" [_thread_blocked, id=5400, stack(0x000000f94f700000,0x000000f94f800000)]
  0x0000026bc1ed6000 JavaThread "Unconstrained build operations Thread 18" [_thread_blocked, id=5160, stack(0x000000f94f800000,0x000000f94f900000)]
  0x0000026bc1ede800 JavaThread "Unconstrained build operations Thread 19" [_thread_blocked, id=2736, stack(0x000000f94f900000,0x000000f94fa00000)]
  0x0000026bc1edc800 JavaThread "Unconstrained build operations Thread 20" [_thread_blocked, id=2908, stack(0x000000f94fa00000,0x000000f94fb00000)]
  0x0000026bc1edd800 JavaThread "Unconstrained build operations Thread 21" [_thread_blocked, id=5476, stack(0x000000f94fb00000,0x000000f94fc00000)]
  0x0000026bc1edf000 JavaThread "Unconstrained build operations Thread 22" [_thread_blocked, id=7384, stack(0x000000f94fc00000,0x000000f94fd00000)]
  0x0000026bc1ee0000 JavaThread "Unconstrained build operations Thread 23" [_thread_blocked, id=5260, stack(0x000000f94fd00000,0x000000f94fe00000)]
  0x0000026bc1ee0800 JavaThread "Unconstrained build operations Thread 24" [_thread_blocked, id=5584, stack(0x000000f94fe00000,0x000000f94ff00000)]
  0x0000026bc1ee1800 JavaThread "Unconstrained build operations Thread 25" [_thread_blocked, id=5036, stack(0x000000f94ff00000,0x000000f950000000)]
  0x0000026bc208d800 JavaThread "Unconstrained build operations Thread 26" [_thread_blocked, id=1236, stack(0x000000f950000000,0x000000f950100000)]
  0x0000026bc208e000 JavaThread "Unconstrained build operations Thread 27" [_thread_blocked, id=5024, stack(0x000000f950100000,0x000000f950200000)]
  0x0000026bc208b800 JavaThread "Unconstrained build operations Thread 28" [_thread_blocked, id=5348, stack(0x000000f950200000,0x000000f950300000)]
  0x0000026bc208a000 JavaThread "Unconstrained build operations Thread 29" [_thread_blocked, id=6660, stack(0x000000f950300000,0x000000f950400000)]
  0x0000026bc208c800 JavaThread "Unconstrained build operations Thread 30" [_thread_blocked, id=6496, stack(0x000000f950400000,0x000000f950500000)]
  0x0000026bc2090800 JavaThread "Unconstrained build operations Thread 31" [_thread_blocked, id=6480, stack(0x000000f950500000,0x000000f950600000)]
  0x0000026bc208f000 JavaThread "Unconstrained build operations Thread 32" [_thread_blocked, id=8680, stack(0x000000f950600000,0x000000f950700000)]
  0x0000026bc208b000 JavaThread "Unconstrained build operations Thread 33" [_thread_blocked, id=9504, stack(0x000000f950700000,0x000000f950800000)]
  0x0000026bc2094000 JavaThread "Unconstrained build operations Thread 34" [_thread_blocked, id=4224, stack(0x000000f950800000,0x000000f950900000)]
  0x0000026bc2091800 JavaThread "Unconstrained build operations Thread 35" [_thread_blocked, id=9372, stack(0x000000f950900000,0x000000f950a00000)]
  0x0000026bc2095800 JavaThread "Unconstrained build operations Thread 36" [_thread_blocked, id=5900, stack(0x000000f950a00000,0x000000f950b00000)]
  0x0000026bc2092000 JavaThread "Unconstrained build operations Thread 37" [_thread_blocked, id=8088, stack(0x000000f950b00000,0x000000f950c00000)]
  0x0000026bc2094800 JavaThread "Unconstrained build operations Thread 38" [_thread_blocked, id=4604, stack(0x000000f950c00000,0x000000f950d00000)]
  0x0000026bc2093000 JavaThread "Unconstrained build operations Thread 39" [_thread_blocked, id=6428, stack(0x000000f950d00000,0x000000f950e00000)]
  0x0000026bc208f800 JavaThread "Unconstrained build operations Thread 40" [_thread_blocked, id=5716, stack(0x000000f950e00000,0x000000f950f00000)]
  0x0000026bc2098800 JavaThread "jar transforms Thread 4" [_thread_blocked, id=7084, stack(0x000000f950f00000,0x000000f951000000)]
  0x0000026bc2253000 JavaThread "C2 CompilerThread1" daemon [_thread_in_native, id=6232, stack(0x000000f94d500000,0x000000f94d600000)]
  0x0000026bc2096800 JavaThread "Memory manager" [_thread_blocked, id=8824, stack(0x000000f951000000,0x000000f951100000)]

Other Threads:
  0x0000026bbecc3000 VMThread "VM Thread" [stack: 0x000000f94bd00000,0x000000f94be00000] [id=7188]
  0x0000026bbf6f4000 WatcherThread [stack: 0x000000f94c700000,0x000000f94c800000] [id=8048]
  0x0000026ba50c3800 GCTaskThread "GC Thread#0" [stack: 0x000000f94b800000,0x000000f94b900000] [id=5372]
  0x0000026bc036c000 GCTaskThread "GC Thread#1" [stack: 0x000000f94c900000,0x000000f94ca00000] [id=2344]
  0x0000026bbfece800 GCTaskThread "GC Thread#2" [stack: 0x000000f94ca00000,0x000000f94cb00000] [id=6260]
  0x0000026bbfee1000 GCTaskThread "GC Thread#3" [stack: 0x000000f94cb00000,0x000000f94cc00000] [id=5192]
  0x0000026ba50f6000 ConcurrentGCThread "G1 Main Marker" [stack: 0x000000f94b900000,0x000000f94ba00000] [id=200]
  0x0000026ba50f7000 ConcurrentGCThread "G1 Conc#0" [stack: 0x000000f94ba00000,0x000000f94bb00000] [id=4032]
  0x0000026bbeb30800 ConcurrentGCThread "G1 Refine#0" [stack: 0x000000f94bb00000,0x000000f94bc00000] [id=4348]
  0x0000026bbeb31000 ConcurrentGCThread "G1 Young RemSet Sampling" [stack: 0x000000f94bc00000,0x000000f94bd00000] [id=9860]

Threads with active compile tasks:
C2 CompilerThread0  18424 8232 %     4       org.gradle.internal.instantiation.generator.AbstractClassGenerator::inspectType @ 250 (560 bytes)
C2 CompilerThread1  18424 8293       4       org.objectweb.asm.Type::appendDescriptor (185 bytes)

VM state:not at safepoint (normal execution)

VM Mutex/Monitor currently owned by a thread: None

Heap address: 0x0000000080000000, size: 2048 MB, Compressed Oops mode: 32-bit
Narrow klass base: 0x0000000000000000, Narrow klass shift: 3
Compressed class space size: 1073741824 Address: 0x0000000100000000

Heap:
 garbage-first heap   total 284672K, used 198978K [0x0000000080000000, 0x0000000100000000)
  region size 1024K, 143 young (146432K), 8 survivors (8192K)
 Metaspace       used 80563K, capacity 82266K, committed 82340K, reserved 1120256K
  class space    used 10386K, capacity 11062K, committed 11084K, reserved 1048576K
Heap Regions: E=young(eden), S=young(survivor), O=old, HS=humongous(starts), HC=humongous(continues), CS=collection set, F=free, A=archive, TAMS=top-at-mark-start (previous, next)
|   0|0x0000000080000000, 0x0000000080100000, 0x0000000080100000|100%| O|  |TAMS 0x0000000080100000, 0x0000000080000000| Untracked 
|   1|0x0000000080100000, 0x0000000080200000, 0x0000000080200000|100%| O|  |TAMS 0x0000000080200000, 0x0000000080100000| Untracked 
|   2|0x0000000080200000, 0x0000000080300000, 0x0000000080300000|100%| O|  |TAMS 0x0000000080300000, 0x0000000080200000| Untracked 
|   3|0x0000000080300000, 0x0000000080400000, 0x0000000080400000|100%|HS|  |TAMS 0x0000000080400000, 0x0000000080300000| Complete 
|   4|0x0000000080400000, 0x0000000080500000, 0x0000000080500000|100%|HC|  |TAMS 0x0000000080500000, 0x0000000080400000| Complete 
|   5|0x0000000080500000, 0x0000000080600000, 0x0000000080600000|100%|HC|  |TAMS 0x0000000080600000, 0x0000000080500000| Complete 
|   6|0x0000000080600000, 0x0000000080700000, 0x0000000080700000|100%| O|  |TAMS 0x0000000080700000, 0x0000000080600000| Untracked 
|   7|0x0000000080700000, 0x0000000080800000, 0x0000000080800000|100%| O|  |TAMS 0x0000000080800000, 0x0000000080700000| Untracked 
|   8|0x0000000080800000, 0x0000000080900000, 0x0000000080900000|100%| O|  |TAMS 0x0000000080900000, 0x0000000080800000| Untracked 
|   9|0x0000000080900000, 0x0000000080a00000, 0x0000000080a00000|100%| O|  |TAMS 0x0000000080a00000, 0x0000000080900000| Untracked 
|  10|0x0000000080a00000, 0x0000000080b00000, 0x0000000080b00000|100%| O|  |TAMS 0x0000000080b00000, 0x0000000080a00000| Untracked 
|  11|0x0000000080b00000, 0x0000000080c00000, 0x0000000080c00000|100%| O|  |TAMS 0x0000000080c00000, 0x0000000080b00000| Untracked 
|  12|0x0000000080c00000, 0x0000000080d00000, 0x0000000080d00000|100%| O|  |TAMS 0x0000000080d00000, 0x0000000080c00000| Untracked 
|  13|0x0000000080d00000, 0x0000000080e00000, 0x0000000080e00000|100%| O|  |TAMS 0x0000000080e00000, 0x0000000080d00000| Untracked 
|  14|0x0000000080e00000, 0x0000000080f00000, 0x0000000080f00000|100%| O|  |TAMS 0x0000000080f00000, 0x0000000080e00000| Untracked 
|  15|0x0000000080f00000, 0x0000000081000000, 0x0000000081000000|100%| O|  |TAMS 0x0000000081000000, 0x0000000080f00000| Untracked 
|  16|0x0000000081000000, 0x0000000081100000, 0x0000000081100000|100%| O|  |TAMS 0x0000000081100000, 0x0000000081000000| Untracked 
|  17|0x0000000081100000, 0x0000000081200000, 0x0000000081200000|100%| O|  |TAMS 0x0000000081200000, 0x0000000081100000| Untracked 
|  18|0x0000000081200000, 0x0000000081300000, 0x0000000081300000|100%| O|  |TAMS 0x0000000081300000, 0x0000000081200000| Untracked 
|  19|0x0000000081300000, 0x0000000081400000, 0x0000000081400000|100%| O|  |TAMS 0x0000000081400000, 0x0000000081300000| Untracked 
|  20|0x0000000081400000, 0x0000000081500000, 0x0000000081500000|100%| O|  |TAMS 0x0000000081500000, 0x0000000081400000| Untracked 
|  21|0x0000000081500000, 0x0000000081600000, 0x0000000081600000|100%| O|  |TAMS 0x0000000081600000, 0x0000000081500000| Untracked 
|  22|0x0000000081600000, 0x0000000081700000, 0x0000000081700000|100%|HS|  |TAMS 0x0000000081700000, 0x0000000081600000| Complete 
|  23|0x0000000081700000, 0x0000000081800000, 0x0000000081800000|100%|HS|  |TAMS 0x0000000081800000, 0x0000000081700000| Complete 
|  24|0x0000000081800000, 0x0000000081900000, 0x0000000081900000|100%|HS|  |TAMS 0x0000000081900000, 0x0000000081800000| Complete 
|  25|0x0000000081900000, 0x0000000081a00000, 0x0000000081a00000|100%|HS|  |TAMS 0x0000000081a00000, 0x0000000081900000| Complete 
|  26|0x0000000081a00000, 0x0000000081b00000, 0x0000000081b00000|100%|HC|  |TAMS 0x0000000081b00000, 0x0000000081a00000| Complete 
|  27|0x0000000081b00000, 0x0000000081c00000, 0x0000000081c00000|100%|HC|  |TAMS 0x0000000081c00000, 0x0000000081b00000| Complete 
|  28|0x0000000081c00000, 0x0000000081d00000, 0x0000000081d00000|100%|HS|  |TAMS 0x0000000081d00000, 0x0000000081c00000| Complete 
|  29|0x0000000081d00000, 0x0000000081e00000, 0x0000000081e00000|100%|HC|  |TAMS 0x0000000081e00000, 0x0000000081d00000| Complete 
|  30|0x0000000081e00000, 0x0000000081f00000, 0x0000000081f00000|100%| O|  |TAMS 0x0000000081f00000, 0x0000000081e00000| Untracked 
|  31|0x0000000081f00000, 0x0000000082000000, 0x0000000082000000|100%| O|  |TAMS 0x0000000082000000, 0x0000000081f00000| Untracked 
|  32|0x0000000082000000, 0x0000000082100000, 0x0000000082100000|100%| O|  |TAMS 0x0000000082100000, 0x0000000082000000| Untracked 
|  33|0x0000000082100000, 0x0000000082200000, 0x0000000082200000|100%| O|  |TAMS 0x0000000082200000, 0x0000000082100000| Untracked 
|  34|0x0000000082200000, 0x0000000082300000, 0x0000000082300000|100%| O|  |TAMS 0x0000000082300000, 0x0000000082200000| Untracked 
|  35|0x0000000082300000, 0x0000000082400000, 0x0000000082400000|100%| O|  |TAMS 0x0000000082400000, 0x0000000082300000| Untracked 
|  36|0x0000000082400000, 0x0000000082500000, 0x0000000082500000|100%| O|  |TAMS 0x0000000082500000, 0x0000000082400000| Untracked 
|  37|0x0000000082500000, 0x0000000082500000, 0x0000000082600000|  0%| F|  |TAMS 0x0000000082500000, 0x0000000082500000| Untracked 
|  38|0x0000000082600000, 0x0000000082700000, 0x0000000082700000|100%| O|  |TAMS 0x0000000082600000, 0x0000000082600000| Untracked 
|  39|0x0000000082700000, 0x0000000082800000, 0x0000000082800000|100%| O|  |TAMS 0x0000000082700000, 0x0000000082700000| Untracked 
|  40|0x0000000082800000, 0x0000000082900000, 0x0000000082900000|100%| O|  |TAMS 0x0000000082800000, 0x0000000082800000| Untracked 
|  41|0x0000000082900000, 0x0000000082a00000, 0x0000000082a00000|100%| O|  |TAMS 0x0000000082900000, 0x0000000082900000| Untracked 
|  42|0x0000000082a00000, 0x0000000082b00000, 0x0000000082b00000|100%| O|  |TAMS 0x0000000082a00000, 0x0000000082a00000| Untracked 
|  43|0x0000000082b00000, 0x0000000082c00000, 0x0000000082c00000|100%| O|  |TAMS 0x0000000082b00000, 0x0000000082b00000| Untracked 
|  44|0x0000000082c00000, 0x0000000082d00000, 0x0000000082d00000|100%| O|  |TAMS 0x0000000082c00000, 0x0000000082c00000| Untracked 
|  45|0x0000000082d00000, 0x0000000082e00000, 0x0000000082e00000|100%| O|  |TAMS 0x0000000082d00000, 0x0000000082d00000| Untracked 
|  46|0x0000000082e00000, 0x0000000082f00000, 0x0000000082f00000|100%| O|  |TAMS 0x0000000082e00000, 0x0000000082e00000| Untracked 
|  47|0x0000000082f00000, 0x0000000083000000, 0x0000000083000000|100%| O|  |TAMS 0x0000000082f00000, 0x0000000082f00000| Untracked 
|  48|0x0000000083000000, 0x0000000083100000, 0x0000000083100000|100%| O|  |TAMS 0x0000000083000000, 0x0000000083000000| Untracked 
|  49|0x0000000083100000, 0x0000000083200000, 0x0000000083200000|100%| O|  |TAMS 0x0000000083100000, 0x0000000083100000| Untracked 
|  50|0x0000000083200000, 0x0000000083300000, 0x0000000083300000|100%| O|  |TAMS 0x0000000083200000, 0x0000000083200000| Untracked 
|  51|0x0000000083300000, 0x0000000083400000, 0x0000000083400000|100%| O|  |TAMS 0x0000000083300000, 0x0000000083300000| Untracked 
|  52|0x0000000083400000, 0x0000000083500000, 0x0000000083500000|100%| O|  |TAMS 0x0000000083400000, 0x0000000083400000| Untracked 
|  53|0x0000000083500000, 0x0000000083550800, 0x0000000083600000| 31%| O|  |TAMS 0x0000000083500000, 0x0000000083500000| Untracked 
|  54|0x0000000083600000, 0x0000000083600000, 0x0000000083700000|  0%| F|  |TAMS 0x0000000083600000, 0x0000000083600000| Untracked 
|  55|0x0000000083700000, 0x0000000083700000, 0x0000000083800000|  0%| F|  |TAMS 0x0000000083700000, 0x0000000083700000| Untracked 
|  56|0x0000000083800000, 0x0000000083800000, 0x0000000083900000|  0%| F|  |TAMS 0x0000000083800000, 0x0000000083800000| Untracked 
|  57|0x0000000083900000, 0x0000000083900000, 0x0000000083a00000|  0%| F|  |TAMS 0x0000000083900000, 0x0000000083900000| Untracked 
|  58|0x0000000083a00000, 0x0000000083a00000, 0x0000000083b00000|  0%| F|  |TAMS 0x0000000083a00000, 0x0000000083a00000| Untracked 
|  59|0x0000000083b00000, 0x0000000083b00000, 0x0000000083c00000|  0%| F|  |TAMS 0x0000000083b00000, 0x0000000083b00000| Untracked 
|  60|0x0000000083c00000, 0x0000000083c00000, 0x0000000083d00000|  0%| F|  |TAMS 0x0000000083c00000, 0x0000000083c00000| Untracked 
|  61|0x0000000083d00000, 0x0000000083d00000, 0x0000000083e00000|  0%| F|  |TAMS 0x0000000083d00000, 0x0000000083d00000| Untracked 
|  62|0x0000000083e00000, 0x0000000083e00000, 0x0000000083f00000|  0%| F|  |TAMS 0x0000000083e00000, 0x0000000083e00000| Untracked 
|  63|0x0000000083f00000, 0x0000000083f00000, 0x0000000084000000|  0%| F|  |TAMS 0x0000000083f00000, 0x0000000083f00000| Untracked 
|  64|0x0000000084000000, 0x0000000084000000, 0x0000000084100000|  0%| F|  |TAMS 0x0000000084000000, 0x0000000084000000| Untracked 
|  65|0x0000000084100000, 0x0000000084100000, 0x0000000084200000|  0%| F|  |TAMS 0x0000000084100000, 0x0000000084100000| Untracked 
|  66|0x0000000084200000, 0x0000000084200000, 0x0000000084300000|  0%| F|  |TAMS 0x0000000084200000, 0x0000000084200000| Untracked 
|  67|0x0000000084300000, 0x0000000084300000, 0x0000000084400000|  0%| F|  |TAMS 0x0000000084300000, 0x0000000084300000| Untracked 
|  68|0x0000000084400000, 0x0000000084400000, 0x0000000084500000|  0%| F|  |TAMS 0x0000000084400000, 0x0000000084400000| Untracked 
|  69|0x0000000084500000, 0x0000000084500000, 0x0000000084600000|  0%| F|  |TAMS 0x0000000084500000, 0x0000000084500000| Untracked 
|  70|0x0000000084600000, 0x0000000084600000, 0x0000000084700000|  0%| F|  |TAMS 0x0000000084600000, 0x0000000084600000| Untracked 
|  71|0x0000000084700000, 0x0000000084700000, 0x0000000084800000|  0%| F|  |TAMS 0x0000000084700000, 0x0000000084700000| Untracked 
|  72|0x0000000084800000, 0x0000000084800000, 0x0000000084900000|  0%| F|  |TAMS 0x0000000084800000, 0x0000000084800000| Untracked 
|  73|0x0000000084900000, 0x0000000084900000, 0x0000000084a00000|  0%| F|  |TAMS 0x0000000084900000, 0x0000000084900000| Untracked 
|  74|0x0000000084a00000, 0x0000000084a00000, 0x0000000084b00000|  0%| F|  |TAMS 0x0000000084a00000, 0x0000000084a00000| Untracked 
|  75|0x0000000084b00000, 0x0000000084b00000, 0x0000000084c00000|  0%| F|  |TAMS 0x0000000084b00000, 0x0000000084b00000| Untracked 
|  76|0x0000000084c00000, 0x0000000084c00000, 0x0000000084d00000|  0%| F|  |TAMS 0x0000000084c00000, 0x0000000084c00000| Untracked 
|  77|0x0000000084d00000, 0x0000000084d00000, 0x0000000084e00000|  0%| F|  |TAMS 0x0000000084d00000, 0x0000000084d00000| Untracked 
|  78|0x0000000084e00000, 0x0000000084e00000, 0x0000000084f00000|  0%| F|  |TAMS 0x0000000084e00000, 0x0000000084e00000| Untracked 
|  79|0x0000000084f00000, 0x0000000084f00000, 0x0000000085000000|  0%| F|  |TAMS 0x0000000084f00000, 0x0000000084f00000| Untracked 
|  80|0x0000000085000000, 0x0000000085000000, 0x0000000085100000|  0%| F|  |TAMS 0x0000000085000000, 0x0000000085000000| Untracked 
|  81|0x0000000085100000, 0x0000000085100000, 0x0000000085200000|  0%| F|  |TAMS 0x0000000085100000, 0x0000000085100000| Untracked 
|  82|0x0000000085200000, 0x0000000085200000, 0x0000000085300000|  0%| F|  |TAMS 0x0000000085200000, 0x0000000085200000| Untracked 
|  83|0x0000000085300000, 0x0000000085300000, 0x0000000085400000|  0%| F|  |TAMS 0x0000000085300000, 0x0000000085300000| Untracked 
|  84|0x0000000085400000, 0x0000000085400000, 0x0000000085500000|  0%| F|  |TAMS 0x0000000085400000, 0x0000000085400000| Untracked 
|  85|0x0000000085500000, 0x0000000085500000, 0x0000000085600000|  0%| F|  |TAMS 0x0000000085500000, 0x0000000085500000| Untracked 
|  86|0x0000000085600000, 0x0000000085600000, 0x0000000085700000|  0%| F|  |TAMS 0x0000000085600000, 0x0000000085600000| Untracked 
|  87|0x0000000085700000, 0x0000000085700000, 0x0000000085800000|  0%| F|  |TAMS 0x0000000085700000, 0x0000000085700000| Untracked 
|  88|0x0000000085800000, 0x0000000085800000, 0x0000000085900000|  0%| F|  |TAMS 0x0000000085800000, 0x0000000085800000| Untracked 
|  89|0x0000000085900000, 0x0000000085a00000, 0x0000000085a00000|100%| S|CS|TAMS 0x0000000085900000, 0x0000000085900000| Complete 
|  90|0x0000000085a00000, 0x0000000085b00000, 0x0000000085b00000|100%| S|CS|TAMS 0x0000000085a00000, 0x0000000085a00000| Complete 
|  91|0x0000000085b00000, 0x0000000085c00000, 0x0000000085c00000|100%| S|CS|TAMS 0x0000000085b00000, 0x0000000085b00000| Complete 
|  92|0x0000000085c00000, 0x0000000085d00000, 0x0000000085d00000|100%| S|CS|TAMS 0x0000000085c00000, 0x0000000085c00000| Complete 
|  93|0x0000000085d00000, 0x0000000085e00000, 0x0000000085e00000|100%| S|CS|TAMS 0x0000000085d00000, 0x0000000085d00000| Complete 
|  94|0x0000000085e00000, 0x0000000085f00000, 0x0000000085f00000|100%| S|CS|TAMS 0x0000000085e00000, 0x0000000085e00000| Complete 
|  95|0x0000000085f00000, 0x0000000086000000, 0x0000000086000000|100%| S|CS|TAMS 0x0000000085f00000, 0x0000000085f00000| Complete 
|  96|0x0000000086000000, 0x0000000086100000, 0x0000000086100000|100%| S|CS|TAMS 0x0000000086000000, 0x0000000086000000| Complete 
|  97|0x0000000086100000, 0x0000000086100000, 0x0000000086200000|  0%| F|  |TAMS 0x0000000086100000, 0x0000000086100000| Untracked 
|  98|0x0000000086200000, 0x0000000086200000, 0x0000000086300000|  0%| F|  |TAMS 0x0000000086200000, 0x0000000086200000| Untracked 
|  99|0x0000000086300000, 0x0000000086300000, 0x0000000086400000|  0%| F|  |TAMS 0x0000000086300000, 0x0000000086300000| Untracked 
| 100|0x0000000086400000, 0x0000000086400000, 0x0000000086500000|  0%| F|  |TAMS 0x0000000086400000, 0x0000000086400000| Untracked 
| 101|0x0000000086500000, 0x0000000086500000, 0x0000000086600000|  0%| F|  |TAMS 0x0000000086500000, 0x0000000086500000| Untracked 
| 102|0x0000000086600000, 0x0000000086600000, 0x0000000086700000|  0%| F|  |TAMS 0x0000000086600000, 0x0000000086600000| Untracked 
| 103|0x0000000086700000, 0x0000000086700000, 0x0000000086800000|  0%| F|  |TAMS 0x0000000086700000, 0x0000000086700000| Untracked 
| 104|0x0000000086800000, 0x0000000086800000, 0x0000000086900000|  0%| F|  |TAMS 0x0000000086800000, 0x0000000086800000| Untracked 
| 105|0x0000000086900000, 0x0000000086900000, 0x0000000086a00000|  0%| F|  |TAMS 0x0000000086900000, 0x0000000086900000| Untracked 
| 106|0x0000000086a00000, 0x0000000086a00000, 0x0000000086b00000|  0%| F|  |TAMS 0x0000000086a00000, 0x0000000086a00000| Untracked 
| 107|0x0000000086b00000, 0x0000000086b00000, 0x0000000086c00000|  0%| F|  |TAMS 0x0000000086b00000, 0x0000000086b00000| Untracked 
| 108|0x0000000086c00000, 0x0000000086c00000, 0x0000000086d00000|  0%| F|  |TAMS 0x0000000086c00000, 0x0000000086c00000| Untracked 
| 109|0x0000000086d00000, 0x0000000086d00000, 0x0000000086e00000|  0%| F|  |TAMS 0x0000000086d00000, 0x0000000086d00000| Untracked 
| 110|0x0000000086e00000, 0x0000000086e00000, 0x0000000086f00000|  0%| F|  |TAMS 0x0000000086e00000, 0x0000000086e00000| Untracked 
| 111|0x0000000086f00000, 0x0000000086f00000, 0x0000000087000000|  0%| F|  |TAMS 0x0000000086f00000, 0x0000000086f00000| Untracked 
| 112|0x0000000087000000, 0x0000000087000000, 0x0000000087100000|  0%| F|  |TAMS 0x0000000087000000, 0x0000000087000000| Untracked 
| 113|0x0000000087100000, 0x0000000087100000, 0x0000000087200000|  0%| F|  |TAMS 0x0000000087100000, 0x0000000087100000| Untracked 
| 114|0x0000000087200000, 0x0000000087200000, 0x0000000087300000|  0%| F|  |TAMS 0x0000000087200000, 0x0000000087200000| Untracked 
| 115|0x0000000087300000, 0x0000000087300000, 0x0000000087400000|  0%| F|  |TAMS 0x0000000087300000, 0x0000000087300000| Untracked 
| 116|0x0000000087400000, 0x0000000087400000, 0x0000000087500000|  0%| F|  |TAMS 0x0000000087400000, 0x0000000087400000| Untracked 
| 117|0x0000000087500000, 0x0000000087500000, 0x0000000087600000|  0%| F|  |TAMS 0x0000000087500000, 0x0000000087500000| Untracked 
| 118|0x0000000087600000, 0x0000000087600000, 0x0000000087700000|  0%| F|  |TAMS 0x0000000087600000, 0x0000000087600000| Untracked 
| 119|0x0000000087700000, 0x0000000087700000, 0x0000000087800000|  0%| F|  |TAMS 0x0000000087700000, 0x0000000087700000| Untracked 
| 120|0x0000000087800000, 0x0000000087800000, 0x0000000087900000|  0%| F|  |TAMS 0x0000000087800000, 0x0000000087800000| Untracked 
| 121|0x0000000087900000, 0x0000000087900000, 0x0000000087a00000|  0%| F|  |TAMS 0x0000000087900000, 0x0000000087900000| Untracked 
| 122|0x0000000087a00000, 0x0000000087a00000, 0x0000000087b00000|  0%| F|  |TAMS 0x0000000087a00000, 0x0000000087a00000| Untracked 
| 123|0x0000000087b00000, 0x0000000087b00000, 0x0000000087c00000|  0%| F|  |TAMS 0x0000000087b00000, 0x0000000087b00000| Untracked 
| 124|0x0000000087c00000, 0x0000000087c00000, 0x0000000087d00000|  0%| F|  |TAMS 0x0000000087c00000, 0x0000000087c00000| Untracked 
| 125|0x0000000087d00000, 0x0000000087d00000, 0x0000000087e00000|  0%| F|  |TAMS 0x0000000087d00000, 0x0000000087d00000| Untracked 
| 126|0x0000000087e00000, 0x0000000087e00000, 0x0000000087f00000|  0%| F|  |TAMS 0x0000000087e00000, 0x0000000087e00000| Untracked 
| 127|0x0000000087f00000, 0x0000000087f00000, 0x0000000088000000|  0%| F|  |TAMS 0x0000000087f00000, 0x0000000087f00000| Untracked 
| 128|0x0000000088000000, 0x0000000088000000, 0x0000000088100000|  0%| F|  |TAMS 0x0000000088000000, 0x0000000088000000| Untracked 
| 129|0x0000000088100000, 0x0000000088100000, 0x0000000088200000|  0%| F|  |TAMS 0x0000000088100000, 0x0000000088100000| Untracked 
| 130|0x0000000088200000, 0x0000000088200000, 0x0000000088300000|  0%| F|  |TAMS 0x0000000088200000, 0x0000000088200000| Untracked 
| 131|0x0000000088300000, 0x0000000088300000, 0x0000000088400000|  0%| F|  |TAMS 0x0000000088300000, 0x0000000088300000| Untracked 
| 132|0x0000000088400000, 0x0000000088400000, 0x0000000088500000|  0%| F|  |TAMS 0x0000000088400000, 0x0000000088400000| Untracked 
| 133|0x0000000088500000, 0x0000000088500000, 0x0000000088600000|  0%| F|  |TAMS 0x0000000088500000, 0x0000000088500000| Untracked 
| 134|0x0000000088600000, 0x0000000088600000, 0x0000000088700000|  0%| F|  |TAMS 0x0000000088600000, 0x0000000088600000| Untracked 
| 135|0x0000000088700000, 0x0000000088700000, 0x0000000088800000|  0%| F|  |TAMS 0x0000000088700000, 0x0000000088700000| Untracked 
| 136|0x0000000088800000, 0x0000000088800000, 0x0000000088900000|  0%| F|  |TAMS 0x0000000088800000, 0x0000000088800000| Untracked 
| 137|0x0000000088900000, 0x0000000088900000, 0x0000000088a00000|  0%| F|  |TAMS 0x0000000088900000, 0x0000000088900000| Untracked 
| 138|0x0000000088a00000, 0x0000000088a00000, 0x0000000088b00000|  0%| F|  |TAMS 0x0000000088a00000, 0x0000000088a00000| Untracked 
| 139|0x0000000088b00000, 0x0000000088b00000, 0x0000000088c00000|  0%| F|  |TAMS 0x0000000088b00000, 0x0000000088b00000| Untracked 
| 140|0x0000000088c00000, 0x0000000088c00000, 0x0000000088d00000|  0%| F|  |TAMS 0x0000000088c00000, 0x0000000088c00000| Untracked 
| 141|0x0000000088d00000, 0x0000000088d00000, 0x0000000088e00000|  0%| F|  |TAMS 0x0000000088d00000, 0x0000000088d00000| Untracked 
| 142|0x0000000088e00000, 0x0000000088e00000, 0x0000000088f00000|  0%| F|  |TAMS 0x0000000088e00000, 0x0000000088e00000| Untracked 
| 143|0x0000000088f00000, 0x0000000089000000, 0x0000000089000000|100%| E|  |TAMS 0x0000000088f00000, 0x0000000088f00000| Complete 
| 144|0x0000000089000000, 0x0000000089100000, 0x0000000089100000|100%| E|CS|TAMS 0x0000000089000000, 0x0000000089000000| Complete 
| 145|0x0000000089100000, 0x0000000089200000, 0x0000000089200000|100%| E|CS|TAMS 0x0000000089100000, 0x0000000089100000| Complete 
| 146|0x0000000089200000, 0x0000000089300000, 0x0000000089300000|100%| E|CS|TAMS 0x0000000089200000, 0x0000000089200000| Complete 
| 147|0x0000000089300000, 0x0000000089400000, 0x0000000089400000|100%| E|CS|TAMS 0x0000000089300000, 0x0000000089300000| Complete 
| 148|0x0000000089400000, 0x0000000089500000, 0x0000000089500000|100%| E|CS|TAMS 0x0000000089400000, 0x0000000089400000| Complete 
| 149|0x0000000089500000, 0x0000000089600000, 0x0000000089600000|100%| E|CS|TAMS 0x0000000089500000, 0x0000000089500000| Complete 
| 150|0x0000000089600000, 0x0000000089700000, 0x0000000089700000|100%| E|CS|TAMS 0x0000000089600000, 0x0000000089600000| Complete 
| 151|0x0000000089700000, 0x0000000089800000, 0x0000000089800000|100%| E|CS|TAMS 0x0000000089700000, 0x0000000089700000| Complete 
| 152|0x0000000089800000, 0x0000000089900000, 0x0000000089900000|100%| E|CS|TAMS 0x0000000089800000, 0x0000000089800000| Complete 
| 153|0x0000000089900000, 0x0000000089a00000, 0x0000000089a00000|100%| E|CS|TAMS 0x0000000089900000, 0x0000000089900000| Complete 
| 154|0x0000000089a00000, 0x0000000089b00000, 0x0000000089b00000|100%| E|CS|TAMS 0x0000000089a00000, 0x0000000089a00000| Complete 
| 155|0x0000000089b00000, 0x0000000089c00000, 0x0000000089c00000|100%| E|CS|TAMS 0x0000000089b00000, 0x0000000089b00000| Complete 
| 156|0x0000000089c00000, 0x0000000089d00000, 0x0000000089d00000|100%| E|CS|TAMS 0x0000000089c00000, 0x0000000089c00000| Complete 
| 157|0x0000000089d00000, 0x0000000089e00000, 0x0000000089e00000|100%| E|CS|TAMS 0x0000000089d00000, 0x0000000089d00000| Complete 
| 158|0x0000000089e00000, 0x0000000089f00000, 0x0000000089f00000|100%| E|CS|TAMS 0x0000000089e00000, 0x0000000089e00000| Complete 
| 159|0x0000000089f00000, 0x000000008a000000, 0x000000008a000000|100%| E|CS|TAMS 0x0000000089f00000, 0x0000000089f00000| Complete 
| 160|0x000000008a000000, 0x000000008a100000, 0x000000008a100000|100%| E|CS|TAMS 0x000000008a000000, 0x000000008a000000| Complete 
| 161|0x000000008a100000, 0x000000008a200000, 0x000000008a200000|100%| E|CS|TAMS 0x000000008a100000, 0x000000008a100000| Complete 
| 162|0x000000008a200000, 0x000000008a300000, 0x000000008a300000|100%| E|CS|TAMS 0x000000008a200000, 0x000000008a200000| Complete 
| 163|0x000000008a300000, 0x000000008a400000, 0x000000008a400000|100%| E|CS|TAMS 0x000000008a300000, 0x000000008a300000| Complete 
| 164|0x000000008a400000, 0x000000008a500000, 0x000000008a500000|100%| E|CS|TAMS 0x000000008a400000, 0x000000008a400000| Complete 
| 165|0x000000008a500000, 0x000000008a600000, 0x000000008a600000|100%| E|CS|TAMS 0x000000008a500000, 0x000000008a500000| Complete 
| 166|0x000000008a600000, 0x000000008a700000, 0x000000008a700000|100%| E|CS|TAMS 0x000000008a600000, 0x000000008a600000| Complete 
| 167|0x000000008a700000, 0x000000008a800000, 0x000000008a800000|100%| E|CS|TAMS 0x000000008a700000, 0x000000008a700000| Complete 
| 168|0x000000008a800000, 0x000000008a900000, 0x000000008a900000|100%| E|CS|TAMS 0x000000008a800000, 0x000000008a800000| Complete 
| 169|0x000000008a900000, 0x000000008aa00000, 0x000000008aa00000|100%| E|CS|TAMS 0x000000008a900000, 0x000000008a900000| Complete 
| 170|0x000000008aa00000, 0x000000008ab00000, 0x000000008ab00000|100%| E|CS|TAMS 0x000000008aa00000, 0x000000008aa00000| Complete 
| 171|0x000000008ab00000, 0x000000008ac00000, 0x000000008ac00000|100%| E|CS|TAMS 0x000000008ab00000, 0x000000008ab00000| Complete 
| 172|0x000000008ac00000, 0x000000008ad00000, 0x000000008ad00000|100%| E|CS|TAMS 0x000000008ac00000, 0x000000008ac00000| Complete 
| 173|0x000000008ad00000, 0x000000008ae00000, 0x000000008ae00000|100%| E|CS|TAMS 0x000000008ad00000, 0x000000008ad00000| Complete 
| 174|0x000000008ae00000, 0x000000008af00000, 0x000000008af00000|100%| E|CS|TAMS 0x000000008ae00000, 0x000000008ae00000| Complete 
| 175|0x000000008af00000, 0x000000008b000000, 0x000000008b000000|100%| E|CS|TAMS 0x000000008af00000, 0x000000008af00000| Complete 
| 176|0x000000008b000000, 0x000000008b100000, 0x000000008b100000|100%| E|CS|TAMS 0x000000008b000000, 0x000000008b000000| Complete 
| 177|0x000000008b100000, 0x000000008b200000, 0x000000008b200000|100%| E|CS|TAMS 0x000000008b100000, 0x000000008b100000| Complete 
| 178|0x000000008b200000, 0x000000008b300000, 0x000000008b300000|100%| E|CS|TAMS 0x000000008b200000, 0x000000008b200000| Complete 
| 179|0x000000008b300000, 0x000000008b400000, 0x000000008b400000|100%| E|CS|TAMS 0x000000008b300000, 0x000000008b300000| Complete 
| 180|0x000000008b400000, 0x000000008b500000, 0x000000008b500000|100%| E|CS|TAMS 0x000000008b400000, 0x000000008b400000| Complete 
| 181|0x000000008b500000, 0x000000008b600000, 0x000000008b600000|100%| E|CS|TAMS 0x000000008b500000, 0x000000008b500000| Complete 
| 182|0x000000008b600000, 0x000000008b700000, 0x000000008b700000|100%| E|CS|TAMS 0x000000008b600000, 0x000000008b600000| Complete 
| 183|0x000000008b700000, 0x000000008b800000, 0x000000008b800000|100%| E|CS|TAMS 0x000000008b700000, 0x000000008b700000| Complete 
| 184|0x000000008b800000, 0x000000008b900000, 0x000000008b900000|100%| E|CS|TAMS 0x000000008b800000, 0x000000008b800000| Complete 
| 185|0x000000008b900000, 0x000000008ba00000, 0x000000008ba00000|100%| E|CS|TAMS 0x000000008b900000, 0x000000008b900000| Complete 
| 186|0x000000008ba00000, 0x000000008bb00000, 0x000000008bb00000|100%| E|CS|TAMS 0x000000008ba00000, 0x000000008ba00000| Complete 
| 187|0x000000008bb00000, 0x000000008bc00000, 0x000000008bc00000|100%| E|CS|TAMS 0x000000008bb00000, 0x000000008bb00000| Complete 
| 188|0x000000008bc00000, 0x000000008bd00000, 0x000000008bd00000|100%| E|CS|TAMS 0x000000008bc00000, 0x000000008bc00000| Complete 
| 189|0x000000008bd00000, 0x000000008be00000, 0x000000008be00000|100%| E|CS|TAMS 0x000000008bd00000, 0x000000008bd00000| Complete 
| 190|0x000000008be00000, 0x000000008bf00000, 0x000000008bf00000|100%| E|CS|TAMS 0x000000008be00000, 0x000000008be00000| Complete 
| 191|0x000000008bf00000, 0x000000008c000000, 0x000000008c000000|100%| E|CS|TAMS 0x000000008bf00000, 0x000000008bf00000| Complete 
| 192|0x000000008c000000, 0x000000008c100000, 0x000000008c100000|100%| E|CS|TAMS 0x000000008c000000, 0x000000008c000000| Complete 
| 193|0x000000008c100000, 0x000000008c200000, 0x000000008c200000|100%| E|CS|TAMS 0x000000008c100000, 0x000000008c100000| Complete 
| 194|0x000000008c200000, 0x000000008c300000, 0x000000008c300000|100%| E|CS|TAMS 0x000000008c200000, 0x000000008c200000| Complete 
| 195|0x000000008c300000, 0x000000008c400000, 0x000000008c400000|100%| E|CS|TAMS 0x000000008c300000, 0x000000008c300000| Complete 
| 196|0x000000008c400000, 0x000000008c500000, 0x000000008c500000|100%| E|CS|TAMS 0x000000008c400000, 0x000000008c400000| Complete 
| 197|0x000000008c500000, 0x000000008c600000, 0x000000008c600000|100%| E|CS|TAMS 0x000000008c500000, 0x000000008c500000| Complete 
| 198|0x000000008c600000, 0x000000008c700000, 0x000000008c700000|100%| E|CS|TAMS 0x000000008c600000, 0x000000008c600000| Complete 
| 199|0x000000008c700000, 0x000000008c800000, 0x000000008c800000|100%| E|CS|TAMS 0x000000008c700000, 0x000000008c700000| Complete 
| 200|0x000000008c800000, 0x000000008c900000, 0x000000008c900000|100%| E|CS|TAMS 0x000000008c800000, 0x000000008c800000| Complete 
| 201|0x000000008c900000, 0x000000008ca00000, 0x000000008ca00000|100%| E|CS|TAMS 0x000000008c900000, 0x000000008c900000| Complete 
| 202|0x000000008ca00000, 0x000000008cb00000, 0x000000008cb00000|100%| E|CS|TAMS 0x000000008ca00000, 0x000000008ca00000| Complete 
| 203|0x000000008cb00000, 0x000000008cc00000, 0x000000008cc00000|100%| E|CS|TAMS 0x000000008cb00000, 0x000000008cb00000| Complete 
| 204|0x000000008cc00000, 0x000000008cd00000, 0x000000008cd00000|100%| E|CS|TAMS 0x000000008cc00000, 0x000000008cc00000| Complete 
| 205|0x000000008cd00000, 0x000000008ce00000, 0x000000008ce00000|100%| E|CS|TAMS 0x000000008cd00000, 0x000000008cd00000| Complete 
| 206|0x000000008ce00000, 0x000000008cf00000, 0x000000008cf00000|100%| E|CS|TAMS 0x000000008ce00000, 0x000000008ce00000| Complete 
| 207|0x000000008cf00000, 0x000000008d000000, 0x000000008d000000|100%| E|CS|TAMS 0x000000008cf00000, 0x000000008cf00000| Complete 
| 208|0x000000008d000000, 0x000000008d100000, 0x000000008d100000|100%| E|CS|TAMS 0x000000008d000000, 0x000000008d000000| Complete 
| 209|0x000000008d100000, 0x000000008d200000, 0x000000008d200000|100%| E|CS|TAMS 0x000000008d100000, 0x000000008d100000| Complete 
| 210|0x000000008d200000, 0x000000008d300000, 0x000000008d300000|100%| E|CS|TAMS 0x000000008d200000, 0x000000008d200000| Complete 
| 211|0x000000008d300000, 0x000000008d400000, 0x000000008d400000|100%| E|CS|TAMS 0x000000008d300000, 0x000000008d300000| Complete 
| 212|0x000000008d400000, 0x000000008d500000, 0x000000008d500000|100%| E|CS|TAMS 0x000000008d400000, 0x000000008d400000| Complete 
| 213|0x000000008d500000, 0x000000008d600000, 0x000000008d600000|100%| E|CS|TAMS 0x000000008d500000, 0x000000008d500000| Complete 
| 214|0x000000008d600000, 0x000000008d700000, 0x000000008d700000|100%| E|CS|TAMS 0x000000008d600000, 0x000000008d600000| Complete 
| 215|0x000000008d700000, 0x000000008d800000, 0x000000008d800000|100%| E|CS|TAMS 0x000000008d700000, 0x000000008d700000| Complete 
| 216|0x000000008d800000, 0x000000008d900000, 0x000000008d900000|100%| E|CS|TAMS 0x000000008d800000, 0x000000008d800000| Complete 
| 217|0x000000008d900000, 0x000000008da00000, 0x000000008da00000|100%| E|CS|TAMS 0x000000008d900000, 0x000000008d900000| Complete 
| 218|0x000000008da00000, 0x000000008db00000, 0x000000008db00000|100%| E|CS|TAMS 0x000000008da00000, 0x000000008da00000| Complete 
| 219|0x000000008db00000, 0x000000008dc00000, 0x000000008dc00000|100%| E|CS|TAMS 0x000000008db00000, 0x000000008db00000| Complete 
| 220|0x000000008dc00000, 0x000000008dd00000, 0x000000008dd00000|100%| E|CS|TAMS 0x000000008dc00000, 0x000000008dc00000| Complete 
| 221|0x000000008dd00000, 0x000000008de00000, 0x000000008de00000|100%| E|CS|TAMS 0x000000008dd00000, 0x000000008dd00000| Complete 
| 222|0x000000008de00000, 0x000000008df00000, 0x000000008df00000|100%| E|CS|TAMS 0x000000008de00000, 0x000000008de00000| Complete 
| 223|0x000000008df00000, 0x000000008e000000, 0x000000008e000000|100%| E|CS|TAMS 0x000000008df00000, 0x000000008df00000| Complete 
| 224|0x000000008e000000, 0x000000008e100000, 0x000000008e100000|100%| E|CS|TAMS 0x000000008e000000, 0x000000008e000000| Complete 
| 225|0x000000008e100000, 0x000000008e200000, 0x000000008e200000|100%| E|CS|TAMS 0x000000008e100000, 0x000000008e100000| Complete 
| 226|0x000000008e200000, 0x000000008e300000, 0x000000008e300000|100%| E|CS|TAMS 0x000000008e200000, 0x000000008e200000| Complete 
| 227|0x000000008e300000, 0x000000008e400000, 0x000000008e400000|100%| E|CS|TAMS 0x000000008e300000, 0x000000008e300000| Complete 
| 228|0x000000008e400000, 0x000000008e500000, 0x000000008e500000|100%| E|CS|TAMS 0x000000008e400000, 0x000000008e400000| Complete 
| 229|0x000000008e500000, 0x000000008e600000, 0x000000008e600000|100%| E|CS|TAMS 0x000000008e500000, 0x000000008e500000| Complete 
| 230|0x000000008e600000, 0x000000008e700000, 0x000000008e700000|100%| E|CS|TAMS 0x000000008e600000, 0x000000008e600000| Complete 
| 231|0x000000008e700000, 0x000000008e800000, 0x000000008e800000|100%| E|CS|TAMS 0x000000008e700000, 0x000000008e700000| Complete 
| 232|0x000000008e800000, 0x000000008e900000, 0x000000008e900000|100%| E|CS|TAMS 0x000000008e800000, 0x000000008e800000| Complete 
| 233|0x000000008e900000, 0x000000008ea00000, 0x000000008ea00000|100%| E|CS|TAMS 0x000000008e900000, 0x000000008e900000| Complete 
| 234|0x000000008ea00000, 0x000000008eb00000, 0x000000008eb00000|100%| E|CS|TAMS 0x000000008ea00000, 0x000000008ea00000| Complete 
| 235|0x000000008eb00000, 0x000000008ec00000, 0x000000008ec00000|100%| E|CS|TAMS 0x000000008eb00000, 0x000000008eb00000| Complete 
| 236|0x000000008ec00000, 0x000000008ed00000, 0x000000008ed00000|100%| E|CS|TAMS 0x000000008ec00000, 0x000000008ec00000| Complete 
| 237|0x000000008ed00000, 0x000000008ee00000, 0x000000008ee00000|100%| E|CS|TAMS 0x000000008ed00000, 0x000000008ed00000| Complete 
| 238|0x000000008ee00000, 0x000000008ef00000, 0x000000008ef00000|100%| E|CS|TAMS 0x000000008ee00000, 0x000000008ee00000| Complete 
| 239|0x000000008ef00000, 0x000000008f000000, 0x000000008f000000|100%| E|CS|TAMS 0x000000008ef00000, 0x000000008ef00000| Complete 
| 240|0x000000008f000000, 0x000000008f100000, 0x000000008f100000|100%| E|CS|TAMS 0x000000008f000000, 0x000000008f000000| Complete 
| 241|0x000000008f100000, 0x000000008f200000, 0x000000008f200000|100%| E|CS|TAMS 0x000000008f100000, 0x000000008f100000| Complete 
| 242|0x000000008f200000, 0x000000008f300000, 0x000000008f300000|100%| E|CS|TAMS 0x000000008f200000, 0x000000008f200000| Complete 
| 243|0x000000008f300000, 0x000000008f400000, 0x000000008f400000|100%| E|CS|TAMS 0x000000008f300000, 0x000000008f300000| Complete 
| 244|0x000000008f400000, 0x000000008f500000, 0x000000008f500000|100%| E|CS|TAMS 0x000000008f400000, 0x000000008f400000| Complete 
| 245|0x000000008f500000, 0x000000008f600000, 0x000000008f600000|100%| E|CS|TAMS 0x000000008f500000, 0x000000008f500000| Complete 
| 246|0x000000008f600000, 0x000000008f700000, 0x000000008f700000|100%| E|CS|TAMS 0x000000008f600000, 0x000000008f600000| Complete 
| 247|0x000000008f700000, 0x000000008f800000, 0x000000008f800000|100%| E|CS|TAMS 0x000000008f700000, 0x000000008f700000| Complete 
| 248|0x000000008f800000, 0x000000008f900000, 0x000000008f900000|100%| E|CS|TAMS 0x000000008f800000, 0x000000008f800000| Complete 
| 249|0x000000008f900000, 0x000000008fa00000, 0x000000008fa00000|100%| E|CS|TAMS 0x000000008f900000, 0x000000008f900000| Complete 
| 250|0x000000008fa00000, 0x000000008fb00000, 0x000000008fb00000|100%| E|CS|TAMS 0x000000008fa00000, 0x000000008fa00000| Complete 
| 251|0x000000008fb00000, 0x000000008fc00000, 0x000000008fc00000|100%| E|CS|TAMS 0x000000008fb00000, 0x000000008fb00000| Complete 
| 252|0x000000008fc00000, 0x000000008fd00000, 0x000000008fd00000|100%| E|CS|TAMS 0x000000008fc00000, 0x000000008fc00000| Complete 
| 253|0x000000008fd00000, 0x000000008fe00000, 0x000000008fe00000|100%| E|CS|TAMS 0x000000008fd00000, 0x000000008fd00000| Complete 
| 254|0x000000008fe00000, 0x000000008ff00000, 0x000000008ff00000|100%| E|CS|TAMS 0x000000008fe00000, 0x000000008fe00000| Complete 
| 255|0x000000008ff00000, 0x0000000090000000, 0x0000000090000000|100%| E|CS|TAMS 0x000000008ff00000, 0x000000008ff00000| Complete 
| 256|0x0000000090000000, 0x0000000090100000, 0x0000000090100000|100%| E|CS|TAMS 0x0000000090000000, 0x0000000090000000| Complete 
| 257|0x0000000090100000, 0x0000000090200000, 0x0000000090200000|100%| E|CS|TAMS 0x0000000090100000, 0x0000000090100000| Complete 
| 258|0x0000000090200000, 0x0000000090300000, 0x0000000090300000|100%| E|CS|TAMS 0x0000000090200000, 0x0000000090200000| Complete 
| 259|0x0000000090300000, 0x0000000090400000, 0x0000000090400000|100%| E|CS|TAMS 0x0000000090300000, 0x0000000090300000| Complete 
| 260|0x0000000090400000, 0x0000000090500000, 0x0000000090500000|100%| E|CS|TAMS 0x0000000090400000, 0x0000000090400000| Complete 
| 261|0x0000000090500000, 0x0000000090600000, 0x0000000090600000|100%| E|CS|TAMS 0x0000000090500000, 0x0000000090500000| Complete 
| 262|0x0000000090600000, 0x0000000090700000, 0x0000000090700000|100%| E|CS|TAMS 0x0000000090600000, 0x0000000090600000| Complete 
| 263|0x0000000090700000, 0x0000000090800000, 0x0000000090800000|100%| E|CS|TAMS 0x0000000090700000, 0x0000000090700000| Complete 
| 264|0x0000000090800000, 0x0000000090900000, 0x0000000090900000|100%| E|CS|TAMS 0x0000000090800000, 0x0000000090800000| Complete 
| 265|0x0000000090900000, 0x0000000090a00000, 0x0000000090a00000|100%| E|CS|TAMS 0x0000000090900000, 0x0000000090900000| Complete 
| 266|0x0000000090a00000, 0x0000000090b00000, 0x0000000090b00000|100%| E|CS|TAMS 0x0000000090a00000, 0x0000000090a00000| Complete 
| 267|0x0000000090b00000, 0x0000000090c00000, 0x0000000090c00000|100%| E|CS|TAMS 0x0000000090b00000, 0x0000000090b00000| Complete 
| 268|0x0000000090c00000, 0x0000000090d00000, 0x0000000090d00000|100%| E|CS|TAMS 0x0000000090c00000, 0x0000000090c00000| Complete 
| 269|0x0000000090d00000, 0x0000000090e00000, 0x0000000090e00000|100%| E|CS|TAMS 0x0000000090d00000, 0x0000000090d00000| Complete 
| 270|0x0000000090e00000, 0x0000000090f00000, 0x0000000090f00000|100%| E|CS|TAMS 0x0000000090e00000, 0x0000000090e00000| Complete 
| 271|0x0000000090f00000, 0x0000000091000000, 0x0000000091000000|100%| E|CS|TAMS 0x0000000090f00000, 0x0000000090f00000| Complete 
| 272|0x0000000091000000, 0x0000000091100000, 0x0000000091100000|100%| E|CS|TAMS 0x0000000091000000, 0x0000000091000000| Complete 
| 273|0x0000000091100000, 0x0000000091200000, 0x0000000091200000|100%| E|CS|TAMS 0x0000000091100000, 0x0000000091100000| Complete 
| 274|0x0000000091200000, 0x0000000091300000, 0x0000000091300000|100%| E|CS|TAMS 0x0000000091200000, 0x0000000091200000| Complete 
| 275|0x0000000091300000, 0x0000000091400000, 0x0000000091400000|100%| E|CS|TAMS 0x0000000091300000, 0x0000000091300000| Complete 
| 276|0x0000000091400000, 0x0000000091500000, 0x0000000091500000|100%| E|CS|TAMS 0x0000000091400000, 0x0000000091400000| Complete 
| 277|0x0000000091500000, 0x0000000091600000, 0x0000000091600000|100%| E|CS|TAMS 0x0000000091500000, 0x0000000091500000| Complete 

Card table byte_map: [0x0000026bb7fc0000,0x0000026bb83c0000] _byte_map_base: 0x0000026bb7bc0000

Marking Bits (Prev, Next): (CMBitMap*) 0x0000026ba50ed4a0, (CMBitMap*) 0x0000026ba50ed468
 Prev Bits: [0x0000026bba7c0000, 0x0000026bbc7c0000)
 Next Bits: [0x0000026bb87c0000, 0x0000026bba7c0000)

Polling page: 0x0000026ba3080000

Metaspace:

Usage:
  Non-class:     69.66 MB capacity,    68.65 MB ( 99%) used,   844.69 KB (  1%) free+waste,   193.38 KB ( <1%) overhead. 
      Class:     10.80 MB capacity,    10.16 MB ( 94%) used,   574.46 KB (  5%) free+waste,    88.69 KB ( <1%) overhead. 
       Both:     80.46 MB capacity,    78.80 MB ( 98%) used,     1.39 MB (  2%) free+waste,   282.06 KB ( <1%) overhead. 

Virtual space:
  Non-class space:       70.00 MB reserved,      69.84 MB (>99%) committed 
      Class space:        1.00 GB reserved,      10.82 MB (  1%) committed 
             Both:        1.07 GB reserved,      80.66 MB (  7%) committed 

Chunk freelists:
   Non-Class:  52.00 KB
       Class:  10.00 KB
        Both:  62.00 KB

MaxMetaspaceSize: 17179869184.00 GB
CompressedClassSpaceSize: 1.00 GB
Initial GC threshold: 20.80 MB
Current GC threshold: 98.18 MB
CDS: off

CodeHeap 'non-profiled nmethods': size=120064Kb used=4994Kb max_used=4994Kb free=115070Kb
 bounds [0x0000026bb0680000, 0x0000026bb0b70000, 0x0000026bb7bc0000]
CodeHeap 'profiled nmethods': size=120000Kb used=18022Kb max_used=18022Kb free=101977Kb
 bounds [0x0000026ba9150000, 0x0000026baa2f0000, 0x0000026bb0680000]
CodeHeap 'non-nmethods': size=5696Kb used=2381Kb max_used=2429Kb free=3314Kb
 bounds [0x0000026ba8bc0000, 0x0000026ba8e30000, 0x0000026ba9150000]
 total_blobs=9137 nmethods=8239 adapters=810
 compilation: enabled
              stopped_count=0, restarted_count=0
 full_count=0

Compilation events (20 events):
Event: 18.368 Thread 0x0000026bc2253000 8275       4       org.gradle.tooling.internal.provider.runner.TaskOriginTracker::finished (1 bytes)
Event: 18.368 Thread 0x0000026bc2253000 nmethod 8275 0x0000026bb0b5e610 code [0x0000026bb0b5e7a0, 0x0000026bb0b5e7f8]
Event: 18.368 Thread 0x0000026bc2253000 8276       4       org.gradle.internal.operations.DefaultBuildOperationExecutor$ListenerAdapter::close (1 bytes)
Event: 18.368 Thread 0x0000026bc2253000 nmethod 8276 0x0000026bb0b5e910 code [0x0000026bb0b5eaa0, 0x0000026bb0b5eaf8]
Event: 18.368 Thread 0x0000026bc2253000 8230       4       sun.reflect.generics.tree.ClassTypeSignature::make (9 bytes)
Event: 18.370 Thread 0x0000026bc2253000 nmethod 8230 0x0000026bb0b5ec10 code [0x0000026bb0b5eda0, 0x0000026bb0b5eed8]
Event: 18.370 Thread 0x0000026bbeceb000 nmethod 8289 0x0000026baa2ddf90 code [0x0000026baa2de3a0, 0x0000026baa2e0038]
Event: 18.370 Thread 0x0000026bbeceb000 8288       3       java.lang.reflect.ProxyGenerator::getMethodDescriptor (37 bytes)
Event: 18.371 Thread 0x0000026bbeceb000 nmethod 8288 0x0000026baa2e0c90 code [0x0000026baa2e0f00, 0x0000026baa2e1708]
Event: 18.371 Thread 0x0000026bc2253000 8292 %     4       org.objectweb.asm.ByteVector::encodeUtf8 @ 12 (337 bytes)
Event: 18.371 Thread 0x0000026bbeceb000 8291       3       java.lang.reflect.ProxyGenerator$FieldInfo::write (50 bytes)
Event: 18.372 Thread 0x0000026bbeceb000 nmethod 8291 0x0000026baa2e1a10 code [0x0000026baa2e1d00, 0x0000026baa2e2c38]
Event: 18.372 Thread 0x0000026bbeceb000 8294       1       org.gradle.internal.instantiation.generator.AbstractClassGenerator$PropertyMetadata::access$2400 (5 bytes)
Event: 18.372 Thread 0x0000026bbeceb000 nmethod 8294 0x0000026bb0b5ef90 code [0x0000026bb0b5f140, 0x0000026bb0b5f1d8]
Event: 18.373 Thread 0x0000026bbeceb000 8296       3       org.gradle.api.internal.project.taskfactory.DefaultTaskClassInfoStore::createTaskAction (215 bytes)
Event: 18.378 Thread 0x0000026bbeceb000 nmethod 8296 0x0000026baa2e3190 code [0x0000026baa2e3800, 0x0000026baa2e7298]
Event: 18.382 Thread 0x0000026bbeceb000 8297       3       org.apache.commons.io.FilenameUtils::failIfNullBytePresent (37 bytes)
Event: 18.383 Thread 0x0000026bbeceb000 nmethod 8297 0x0000026baa2e8490 code [0x0000026baa2e86e0, 0x0000026baa2e8f68]
Event: 18.390 Thread 0x0000026bbeceb000 8298       3       jdk.internal.loader.URLClassPath$1::next (59 bytes)
Event: 18.390 Thread 0x0000026bbeceb000 nmethod 8298 0x0000026baa2e9390 code [0x0000026baa2e9580, 0x0000026baa2e9958]

GC Heap History (20 events):
Event: 0.940 GC heap before
{Heap before GC invocations=1 (full 0):
 garbage-first heap   total 196608K, used 20225K [0x0000000080000000, 0x0000000100000000)
  region size 1024K, 14 young (14336K), 2 survivors (2048K)
 Metaspace       used 10259K, capacity 10561K, committed 10624K, reserved 1058816K
  class space    used 1072K, capacity 1139K, committed 1152K, reserved 1048576K
}
Event: 0.943 GC heap after
{Heap after GC invocations=2 (full 0):
 garbage-first heap   total 196608K, used 9959K [0x0000000080000000, 0x0000000100000000)
  region size 1024K, 2 young (2048K), 2 survivors (2048K)
 Metaspace       used 10259K, capacity 10561K, committed 10624K, reserved 1058816K
  class space    used 1072K, capacity 1139K, committed 1152K, reserved 1048576K
}
Event: 1.433 GC heap before
{Heap before GC invocations=2 (full 0):
 garbage-first heap   total 196608K, used 40679K [0x0000000080000000, 0x0000000100000000)
  region size 1024K, 31 young (31744K), 2 survivors (2048K)
 Metaspace       used 11221K, capacity 11452K, committed 11520K, reserved 1058816K
  class space    used 1175K, capacity 1244K, committed 1280K, reserved 1048576K
}
Event: 1.436 GC heap after
{Heap after GC invocations=3 (full 0):
 garbage-first heap   total 196608K, used 12742K [0x0000000080000000, 0x0000000100000000)
  region size 1024K, 4 young (4096K), 4 survivors (4096K)
 Metaspace       used 11221K, capacity 11452K, committed 11520K, reserved 1058816K
  class space    used 1175K, capacity 1244K, committed 1280K, reserved 1048576K
}
Event: 3.103 GC heap before
{Heap before GC invocations=3 (full 0):
 garbage-first heap   total 196608K, used 55750K [0x0000000080000000, 0x0000000100000000)
  region size 1024K, 47 young (48128K), 4 survivors (4096K)
 Metaspace       used 17835K, capacity 18301K, committed 18432K, reserved 1064960K
  class space    used 2116K, capacity 2275K, committed 2304K, reserved 1048576K
}
Event: 3.113 GC heap after
{Heap after GC invocations=4 (full 0):
 garbage-first heap   total 196608K, used 16755K [0x0000000080000000, 0x0000000100000000)
  region size 1024K, 6 young (6144K), 6 survivors (6144K)
 Metaspace       used 17835K, capacity 18301K, committed 18432K, reserved 1064960K
  class space    used 2116K, capacity 2275K, committed 2304K, reserved 1048576K
}
Event: 3.544 GC heap before
{Heap before GC invocations=4 (full 0):
 garbage-first heap   total 196608K, used 42355K [0x0000000080000000, 0x0000000100000000)
  region size 1024K, 32 young (32768K), 6 survivors (6144K)
 Metaspace       used 20667K, capacity 21177K, committed 21296K, reserved 1069056K
  class space    used 2544K, capacity 2680K, committed 2688K, reserved 1048576K
}
Event: 3.553 GC heap after
{Heap after GC invocations=5 (full 0):
 garbage-first heap   total 196608K, used 17301K [0x0000000080000000, 0x0000000100000000)
  region size 1024K, 7 young (7168K), 7 survivors (7168K)
 Metaspace       used 20667K, capacity 21177K, committed 21296K, reserved 1069056K
  class space    used 2544K, capacity 2680K, committed 2688K, reserved 1048576K
}
Event: 4.509 GC heap before
{Heap before GC invocations=6 (full 0):
 garbage-first heap   total 196608K, used 77717K [0x0000000080000000, 0x0000000100000000)
  region size 1024K, 67 young (68608K), 7 survivors (7168K)
 Metaspace       used 27004K, capacity 27570K, committed 27824K, reserved 1073152K
  class space    used 3526K, capacity 3736K, committed 3840K, reserved 1048576K
}
Event: 4.520 GC heap after
{Heap after GC invocations=7 (full 0):
 garbage-first heap   total 196608K, used 19914K [0x0000000080000000, 0x0000000100000000)
  region size 1024K, 8 young (8192K), 8 survivors (8192K)
 Metaspace       used 27004K, capacity 27570K, committed 27824K, reserved 1073152K
  class space    used 3526K, capacity 3736K, committed 3840K, reserved 1048576K
}
Event: 5.568 GC heap before
{Heap before GC invocations=7 (full 0):
 garbage-first heap   total 196608K, used 73162K [0x0000000080000000, 0x0000000100000000)
  region size 1024K, 61 young (62464K), 8 survivors (8192K)
 Metaspace       used 34850K, capacity 35659K, committed 35708K, reserved 1081344K
  class space    used 4513K, capacity 4839K, committed 4864K, reserved 1048576K
}
Event: 5.587 GC heap after
{Heap after GC invocations=8 (full 0):
 garbage-first heap   total 236544K, used 22809K [0x0000000080000000, 0x0000000100000000)
  region size 1024K, 7 young (7168K), 7 survivors (7168K)
 Metaspace       used 34850K, capacity 35659K, committed 35708K, reserved 1081344K
  class space    used 4513K, capacity 4839K, committed 4864K, reserved 1048576K
}
Event: 7.815 GC heap before
{Heap before GC invocations=9 (full 0):
 garbage-first heap   total 236544K, used 136473K [0x0000000080000000, 0x0000000100000000)
  region size 1024K, 115 young (117760K), 7 survivors (7168K)
 Metaspace       used 44412K, capacity 45497K, committed 45640K, reserved 1089536K
  class space    used 5673K, capacity 6080K, committed 6092K, reserved 1048576K
}
Event: 7.853 GC heap after
{Heap after GC invocations=10 (full 0):
 garbage-first heap   total 236544K, used 30163K [0x0000000080000000, 0x0000000100000000)
  region size 1024K, 14 young (14336K), 14 survivors (14336K)
 Metaspace       used 44412K, capacity 45497K, committed 45640K, reserved 1089536K
  class space    used 5673K, capacity 6080K, committed 6092K, reserved 1048576K
}
Event: 11.135 GC heap before
{Heap before GC invocations=10 (full 0):
 garbage-first heap   total 236544K, used 156115K [0x0000000080000000, 0x0000000100000000)
  region size 1024K, 138 young (141312K), 14 survivors (14336K)
 Metaspace       used 55384K, capacity 56638K, committed 56904K, reserved 1099776K
  class space    used 7033K, capacity 7522K, committed 7628K, reserved 1048576K
}
Event: 11.165 GC heap after
{Heap after GC invocations=11 (full 0):
 garbage-first heap   total 236544K, used 37342K [0x0000000080000000, 0x0000000100000000)
  region size 1024K, 15 young (15360K), 15 survivors (15360K)
 Metaspace       used 55384K, capacity 56638K, committed 56904K, reserved 1099776K
  class space    used 7033K, capacity 7522K, committed 7628K, reserved 1048576K
}
Event: 13.152 GC heap before
{Heap before GC invocations=11 (full 0):
 garbage-first heap   total 236544K, used 114142K [0x0000000080000000, 0x0000000100000000)
  region size 1024K, 84 young (86016K), 15 survivors (15360K)
 Metaspace       used 58580K, capacity 59941K, committed 60068K, reserved 1101824K
  class space    used 7409K, capacity 7940K, committed 8012K, reserved 1048576K
}
Event: 13.190 GC heap after
{Heap after GC invocations=12 (full 0):
 garbage-first heap   total 236544K, used 54272K [0x0000000080000000, 0x0000000100000000)
  region size 1024K, 16 young (16384K), 16 survivors (16384K)
 Metaspace       used 58580K, capacity 59941K, committed 60068K, reserved 1101824K
  class space    used 7409K, capacity 7940K, committed 8012K, reserved 1048576K
}
Event: 15.524 GC heap before
{Heap before GC invocations=13 (full 0):
 garbage-first heap   total 236544K, used 175104K [0x0000000080000000, 0x0000000100000000)
  region size 1024K, 134 young (137216K), 16 survivors (16384K)
 Metaspace       used 70964K, capacity 72578K, committed 72740K, reserved 1112064K
  class space    used 8984K, capacity 9579K, committed 9676K, reserved 1048576K
}
Event: 15.552 GC heap after
{Heap after GC invocations=14 (full 0):
 garbage-first heap   total 284672K, used 61762K [0x0000000080000000, 0x0000000100000000)
  region size 1024K, 8 young (8192K), 8 survivors (8192K)
 Metaspace       used 70964K, capacity 72578K, committed 72740K, reserved 1112064K
  class space    used 8984K, capacity 9579K, committed 9676K, reserved 1048576K
}

Deoptimization events (20 events):
Event: 16.729 Thread 0x0000026bc0530800 DEOPT PACKING pc=0x0000026bb0af2628 sp=0x000000f94d1f39f0
Event: 16.729 Thread 0x0000026bc0530800 DEOPT UNPACKING pc=0x0000026ba8c0a1af sp=0x000000f94d1f3920 mode 2
Event: 16.962 Thread 0x0000026bc0530800 Uncommon trap: trap_request=0xffffff4d fr.pc=0x0000026bb0841618 relative=0x0000000000003618
Event: 16.962 Thread 0x0000026bc0530800 Uncommon trap: reason=unstable_if action=reinterpret pc=0x0000026bb0841618 method=org.codehaus.groovy.runtime.metaclass.MetaMethodIndex.isOverridden(Lgroovy/lang/MetaMethod;Lgroovy/lang/MetaMethod;)Z @ 33 c2
Event: 16.962 Thread 0x0000026bc0530800 DEOPT PACKING pc=0x0000026bb0841618 sp=0x000000f94d1f4890
Event: 16.962 Thread 0x0000026bc0530800 DEOPT UNPACKING pc=0x0000026ba8c0a1af sp=0x000000f94d1f4848 mode 2
Event: 16.969 Thread 0x0000026bc0530800 Uncommon trap: trap_request=0xfffffff4 fr.pc=0x0000026bb0afd588 relative=0x00000000000009c8
Event: 16.969 Thread 0x0000026bc0530800 Uncommon trap: reason=null_check action=make_not_entrant pc=0x0000026bb0afd588 method=com.sun.beans.introspect.MethodInfo$MethodOrder.compare(Ljava/lang/reflect/Method;Ljava/lang/reflect/Method;)I @ 145 c2
Event: 16.969 Thread 0x0000026bc0530800 DEOPT PACKING pc=0x0000026bb0afd588 sp=0x000000f94d1f26d0
Event: 16.969 Thread 0x0000026bc0530800 DEOPT UNPACKING pc=0x0000026ba8c0a1af sp=0x000000f94d1f2600 mode 2
Event: 17.993 Thread 0x0000026bc0530800 DEOPT PACKING pc=0x0000026baa059b27 sp=0x000000f94d1f8ad0
Event: 17.993 Thread 0x0000026bc0530800 DEOPT UNPACKING pc=0x0000026ba8c0a95e sp=0x000000f94d1f7f80 mode 0
Event: 18.135 Thread 0x0000026bc0530800 Uncommon trap: trap_request=0xffffffde fr.pc=0x0000026bb0a7477c relative=0x0000000000000edc
Event: 18.135 Thread 0x0000026bc0530800 Uncommon trap: reason=class_check action=maybe_recompile pc=0x0000026bb0a7477c method=org.gradle.internal.instantiation.generator.AbstractClassGenerator$InjectionAnnotationValidator.validateMethod(Ljava/lang/reflect/Method;Lorg/gradle/internal/reflect/Pro
Event: 18.135 Thread 0x0000026bc0530800 DEOPT PACKING pc=0x0000026bb0a7477c sp=0x000000f94d1f8cc0
Event: 18.135 Thread 0x0000026bc0530800 DEOPT UNPACKING pc=0x0000026ba8c0a1af sp=0x000000f94d1f8c78 mode 2
Event: 18.161 Thread 0x0000026bc0530800 Uncommon trap: trap_request=0xffffffde fr.pc=0x0000026bb0a7477c relative=0x0000000000000edc
Event: 18.161 Thread 0x0000026bc0530800 Uncommon trap: reason=class_check action=maybe_recompile pc=0x0000026bb0a7477c method=org.gradle.internal.instantiation.generator.AbstractClassGenerator$InjectionAnnotationValidator.validateMethod(Ljava/lang/reflect/Method;Lorg/gradle/internal/reflect/Pro
Event: 18.161 Thread 0x0000026bc0530800 DEOPT PACKING pc=0x0000026bb0a7477c sp=0x000000f94d1f8d30
Event: 18.161 Thread 0x0000026bc0530800 DEOPT UNPACKING pc=0x0000026ba8c0a1af sp=0x000000f94d1f8ce8 mode 2

Classes redefined (0 events):
No events

Internal exceptions (20 events):
Event: 17.001 Thread 0x0000026bc0530800 Exception <a 'java/lang/ClassNotFoundException'{0x000000008cff49d8}: com/android/build/gradle/internal/CompileOptions$AgpDecorated_DecoratedBeanInfo> (0x000000008cff49d8) thrown at [./src/hotspot/share/classfile/systemDictionary.cpp, line 231]
Event: 17.001 Thread 0x0000026bc0530800 Exception <a 'java/lang/ClassNotFoundException'{0x000000008ce154f0}: com/android/build/gradle/internal/CompileOptions$AgpDecoratedBeanInfo> (0x000000008ce154f0) thrown at [./src/hotspot/share/classfile/systemDictionary.cpp, line 231]
Event: 17.002 Thread 0x0000026bc0530800 Exception <a 'java/lang/ClassNotFoundException'{0x000000008ce338c0}: com/android/build/gradle/internal/CompileOptionsBeanInfo> (0x000000008ce338c0) thrown at [./src/hotspot/share/classfile/systemDictionary.cpp, line 231]
Event: 17.002 Thread 0x0000026bc0530800 Exception <a 'java/lang/ClassNotFoundException'{0x000000008ce51e58}: com/android/build/gradle/internal/CompileOptionsCustomizer> (0x000000008ce51e58) thrown at [./src/hotspot/share/classfile/systemDictionary.cpp, line 231]
Event: 17.003 Thread 0x0000026bc0530800 Exception <a 'java/lang/ClassNotFoundException'{0x000000008ce7dc08}: com/android/build/gradle/internal/CompileOptions$AgpDecoratedCustomizer> (0x000000008ce7dc08) thrown at [./src/hotspot/share/classfile/systemDictionary.cpp, line 231]
Event: 17.004 Thread 0x0000026bc0530800 Exception <a 'java/lang/ClassNotFoundException'{0x000000008cead540}: com/android/build/gradle/internal/CompileOptions$AgpDecorated_DecoratedCustomizer> (0x000000008cead540) thrown at [./src/hotspot/share/classfile/systemDictionary.cpp, line 231]
Event: 17.025 Thread 0x0000026bc0530800 Exception <a 'java/lang/ClassNotFoundException'{0x000000008cc21ce0}: org/jetbrains/kotlin/gradle/dsl/KotlinJvmOptionsImplBeanInfo> (0x000000008cc21ce0) thrown at [./src/hotspot/share/classfile/systemDictionary.cpp, line 231]
Event: 17.025 Thread 0x0000026bc0530800 Exception <a 'java/lang/ClassNotFoundException'{0x000000008cc3fc90}: org/jetbrains/kotlin/gradle/dsl/KotlinJvmOptionsBaseBeanInfo> (0x000000008cc3fc90) thrown at [./src/hotspot/share/classfile/systemDictionary.cpp, line 231]
Event: 17.026 Thread 0x0000026bc0530800 Exception <a 'java/lang/ClassNotFoundException'{0x000000008cc5de48}: org/jetbrains/kotlin/gradle/dsl/KotlinJvmOptionsBaseCustomizer> (0x000000008cc5de48) thrown at [./src/hotspot/share/classfile/systemDictionary.cpp, line 231]
Event: 17.028 Thread 0x0000026bc0530800 Exception <a 'java/lang/ClassNotFoundException'{0x000000008cc94900}: org/jetbrains/kotlin/gradle/dsl/KotlinJvmOptionsImplCustomizer> (0x000000008cc94900) thrown at [./src/hotspot/share/classfile/systemDictionary.cpp, line 231]
Event: 18.221 Thread 0x0000026bc0530800 Exception <a 'java/lang/ClassNotFoundException'{0x00000000897cc938}: com/android/build/gradle/internal/api/ApkVariantOutputImpl_DecoratedBeanInfo> (0x00000000897cc938) thrown at [./src/hotspot/share/classfile/systemDictionary.cpp, line 231]
Event: 18.222 Thread 0x0000026bc0530800 Exception <a 'java/lang/ClassNotFoundException'{0x00000000897e8680}: com/android/build/gradle/internal/api/ApkVariantOutputImplBeanInfo> (0x00000000897e8680) thrown at [./src/hotspot/share/classfile/systemDictionary.cpp, line 231]
Event: 18.222 Thread 0x0000026bc0530800 Exception <a 'java/lang/ClassNotFoundException'{0x00000000896051f0}: com/android/build/gradle/internal/api/BaseVariantOutputImplBeanInfo> (0x00000000896051f0) thrown at [./src/hotspot/share/classfile/systemDictionary.cpp, line 231]
Event: 18.223 Thread 0x0000026bc0530800 Exception <a 'java/lang/ClassNotFoundException'{0x00000000896218b8}: com/android/build/gradle/internal/api/BaseVariantOutputImplCustomizer> (0x00000000896218b8) thrown at [./src/hotspot/share/classfile/systemDictionary.cpp, line 231]
Event: 18.224 Thread 0x0000026bc0530800 Exception <a 'java/lang/ClassNotFoundException'{0x0000000089650618}: com/android/build/gradle/internal/api/ApkVariantOutputImplCustomizer> (0x0000000089650618) thrown at [./src/hotspot/share/classfile/systemDictionary.cpp, line 231]
Event: 18.225 Thread 0x0000026bc0530800 Exception <a 'java/lang/ClassNotFoundException'{0x000000008967ba50}: com/android/build/gradle/internal/api/ApkVariantOutputImpl_DecoratedCustomizer> (0x000000008967ba50) thrown at [./src/hotspot/share/classfile/systemDictionary.cpp, line 231]
Event: 18.263 Thread 0x0000026bc0530800 Exception <a 'java/lang/ClassNotFoundException'{0x0000000089300420}: com/android/build/gradle/internal/api/ReadOnlyBuildTypeBeanInfo> (0x0000000089300420) thrown at [./src/hotspot/share/classfile/systemDictionary.cpp, line 231]
Event: 18.264 Thread 0x0000026bc0530800 Exception <a 'java/lang/ClassNotFoundException'{0x000000008931bd30}: com/android/build/gradle/internal/api/ReadOnlyBaseConfigBeanInfo> (0x000000008931bd30) thrown at [./src/hotspot/share/classfile/systemDictionary.cpp, line 231]
Event: 18.264 Thread 0x0000026bc0530800 Exception <a 'java/lang/ClassNotFoundException'{0x0000000089337a40}: com/android/build/gradle/internal/api/ReadOnlyBaseConfigCustomizer> (0x0000000089337a40) thrown at [./src/hotspot/share/classfile/systemDictionary.cpp, line 231]
Event: 18.268 Thread 0x0000026bc0530800 Exception <a 'java/lang/ClassNotFoundException'{0x0000000089363538}: com/android/build/gradle/internal/api/ReadOnlyBuildTypeCustomizer> (0x0000000089363538) thrown at [./src/hotspot/share/classfile/systemDictionary.cpp, line 231]

Events (20 events):
Event: 18.398 loading class com/sun/org/apache/xerces/internal/xni/XMLDTDContentModelHandler
Event: 18.398 loading class com/sun/org/apache/xerces/internal/xni/XMLDTDContentModelHandler done
Event: 18.398 loading class com/sun/org/apache/xerces/internal/parsers/XMLParser
Event: 18.398 loading class com/sun/org/apache/xerces/internal/parsers/XMLParser done
Event: 18.398 loading class com/sun/org/apache/xerces/internal/parsers/AbstractXMLDocumentParser done
Event: 18.398 loading class com/sun/org/apache/xerces/internal/parsers/AbstractSAXParser done
Event: 18.398 loading class com/sun/org/apache/xerces/internal/parsers/SAXParser done
Event: 18.398 loading class com/sun/org/apache/xerces/internal/jaxp/SAXParserImpl$JAXPSAXParser done
Event: 18.398 loading class com/sun/org/apache/xerces/internal/parsers/XIncludeAwareParserConfiguration
Event: 18.399 loading class com/sun/org/apache/xerces/internal/parsers/XML11Configuration
Event: 18.399 loading class com/sun/org/apache/xerces/internal/xni/parser/XMLPullParserConfiguration
Event: 18.399 loading class com/sun/org/apache/xerces/internal/xni/parser/XMLParserConfiguration
Event: 18.399 loading class com/sun/org/apache/xerces/internal/xni/parser/XMLComponentManager
Event: 18.400 loading class com/sun/org/apache/xerces/internal/xni/parser/XMLComponentManager done
Event: 18.400 loading class com/sun/org/apache/xerces/internal/xni/parser/XMLParserConfiguration done
Event: 18.400 loading class com/sun/org/apache/xerces/internal/xni/parser/XMLPullParserConfiguration done
Event: 18.400 loading class com/sun/org/apache/xerces/internal/parsers/XML11Configurable
Event: 18.400 loading class com/sun/org/apache/xerces/internal/parsers/XML11Configurable done
Event: 18.400 loading class com/sun/org/apache/xerces/internal/util/ParserConfigurationSettings
Event: 18.401 loading class com/sun/org/apache/xerces/internal/util/ParserConfigurationSettings done


Dynamic libraries:
0x00007ff7db980000 - 0x00007ff7db98a000 	C:\Program Files\Android\Android Studio\jre\bin\java.exe
0x00007ffd80710000 - 0x00007ffd80905000 	C:\Windows\SYSTEM32\ntdll.dll
0x00007ffd80480000 - 0x00007ffd8053e000 	C:\Windows\System32\KERNEL32.DLL
0x00007ffd7e0e0000 - 0x00007ffd7e3a9000 	C:\Windows\System32\KERNELBASE.dll
0x00007ffd7ded0000 - 0x00007ffd7dfd0000 	C:\Windows\System32\ucrtbase.dll
0x00007ffd5ef10000 - 0x00007ffd5ef27000 	C:\Program Files\Android\Android Studio\jre\bin\VCRUNTIME140.dll
0x00007ffd55ad0000 - 0x00007ffd55ae9000 	C:\Program Files\Android\Android Studio\jre\bin\jli.dll
0x00007ffd80020000 - 0x00007ffd801c1000 	C:\Windows\System32\USER32.dll
0x00007ffd6a520000 - 0x00007ffd6a7ba000 	C:\Windows\WinSxS\amd64_microsoft.windows.common-controls_6595b64144ccf1df_6.0.19041.1110_none_60b5254171f9507e\COMCTL32.dll
0x00007ffd7e3b0000 - 0x00007ffd7e3d2000 	C:\Windows\System32\win32u.dll
0x00007ffd7e760000 - 0x00007ffd7e7fe000 	C:\Windows\System32\msvcrt.dll
0x00007ffd7fe10000 - 0x00007ffd7fe3b000 	C:\Windows\System32\GDI32.dll
0x00007ffd7dfd0000 - 0x00007ffd7e0db000 	C:\Windows\System32\gdi32full.dll
0x00007ffd7de30000 - 0x00007ffd7decd000 	C:\Windows\System32\msvcp_win.dll
0x00007ffd7fff0000 - 0x00007ffd80020000 	C:\Windows\System32\IMM32.DLL
0x00007ffd553a0000 - 0x00007ffd5543d000 	C:\Program Files\Android\Android Studio\jre\bin\msvcp140.dll
0x00007ffd38940000 - 0x00007ffd39425000 	C:\Program Files\Android\Android Studio\jre\bin\server\jvm.dll
0x00007ffd803d0000 - 0x00007ffd8047c000 	C:\Windows\System32\ADVAPI32.dll
0x00007ffd80250000 - 0x00007ffd802eb000 	C:\Windows\System32\sechost.dll
0x00007ffd7f630000 - 0x00007ffd7f75a000 	C:\Windows\System32\RPCRT4.dll
0x00007ffd7e800000 - 0x00007ffd7e808000 	C:\Windows\System32\PSAPI.DLL
0x00007ffd7b5d0000 - 0x00007ffd7b5d9000 	C:\Windows\SYSTEM32\WSOCK32.dll
0x00007ffd785f0000 - 0x00007ffd78617000 	C:\Windows\SYSTEM32\WINMM.dll
0x00007ffd7fbf0000 - 0x00007ffd7fc5b000 	C:\Windows\System32\WS2_32.dll
0x00007ffd773b0000 - 0x00007ffd773ba000 	C:\Windows\SYSTEM32\VERSION.dll
0x00007ffd7bd30000 - 0x00007ffd7bd42000 	C:\Windows\SYSTEM32\kernel.appcore.dll
0x00007ffd76be0000 - 0x00007ffd76bf1000 	C:\Program Files\Android\Android Studio\jre\bin\verify.dll
0x00007ffd63970000 - 0x00007ffd63b54000 	C:\Windows\SYSTEM32\DBGHELP.DLL
0x00007ffd688d0000 - 0x00007ffd688fc000 	C:\Windows\SYSTEM32\dbgcore.DLL
0x00007ffd7e410000 - 0x00007ffd7e493000 	C:\Windows\System32\bcryptPrimitives.dll
0x00007ffd76bb0000 - 0x00007ffd76bd9000 	C:\Program Files\Android\Android Studio\jre\bin\java.dll
0x00007ffd7b620000 - 0x00007ffd7b62b000 	C:\Program Files\Android\Android Studio\jre\bin\jimage.dll
0x00007ffd76b90000 - 0x00007ffd76ba8000 	C:\Program Files\Android\Android Studio\jre\bin\zip.dll
0x00007ffd7ed30000 - 0x00007ffd7f46f000 	C:\Windows\System32\SHELL32.dll
0x00007ffd7bf30000 - 0x00007ffd7c6c0000 	C:\Windows\SYSTEM32\windows.storage.dll
0x00007ffd7e810000 - 0x00007ffd7eb65000 	C:\Windows\System32\combase.dll
0x00007ffd7d880000 - 0x00007ffd7d8ac000 	C:\Windows\SYSTEM32\Wldp.dll
0x00007ffd7f520000 - 0x00007ffd7f5ce000 	C:\Windows\System32\SHCORE.dll
0x00007ffd805a0000 - 0x00007ffd805f5000 	C:\Windows\System32\shlwapi.dll
0x00007ffd7dd70000 - 0x00007ffd7dd8f000 	C:\Windows\SYSTEM32\profapi.dll
0x00007ffd76b70000 - 0x00007ffd76b8a000 	C:\Program Files\Android\Android Studio\jre\bin\net.dll
0x00007ffd6de40000 - 0x00007ffd6df48000 	C:\Windows\SYSTEM32\WINHTTP.dll
0x00007ffd7d5e0000 - 0x00007ffd7d64a000 	C:\Windows\system32\mswsock.dll
0x00007ffd76b50000 - 0x00007ffd76b64000 	C:\Program Files\Android\Android Studio\jre\bin\nio.dll
0x00007ffd5f330000 - 0x00007ffd5f357000 	C:\Users\Ekaterina\.gradle\native\e1d6ef7f7dcc3fd88c89a11ec53ec762bb8ba0a96d01ffa2cd45eb1d1d8dd5c5\windows-amd64\native-platform.dll
0x00007ffd39860000 - 0x00007ffd399a4000 	C:\Users\Ekaterina\.gradle\native\5664cfc778a61ccfe75a443a1ab52a65af34e5dc3c78e0209fed803814484fcb\windows-amd64\native-platform-file-events.dll
0x00007ffd76b40000 - 0x00007ffd76b4a000 	C:\Program Files\Android\Android Studio\jre\bin\management.dll
0x00007ffd76b30000 - 0x00007ffd76b3d000 	C:\Program Files\Android\Android Studio\jre\bin\management_ext.dll
0x00007ffd7d7d0000 - 0x00007ffd7d7e8000 	C:\Windows\SYSTEM32\CRYPTSP.dll
0x00007ffd7cef0000 - 0x00007ffd7cf24000 	C:\Windows\system32\rsaenh.dll
0x00007ffd7e3e0000 - 0x00007ffd7e407000 	C:\Windows\System32\bcrypt.dll
0x00007ffd7dd30000 - 0x00007ffd7dd5e000 	C:\Windows\SYSTEM32\USERENV.dll
0x00007ffd7d7f0000 - 0x00007ffd7d7fc000 	C:\Windows\SYSTEM32\CRYPTBASE.dll
0x00007ffd7d280000 - 0x00007ffd7d2bb000 	C:\Windows\SYSTEM32\IPHLPAPI.DLL
0x00007ffd7f760000 - 0x00007ffd7f768000 	C:\Windows\System32\NSI.dll
0x00007ffd761c0000 - 0x00007ffd761d7000 	C:\Windows\SYSTEM32\dhcpcsvc6.DLL
0x00007ffd76180000 - 0x00007ffd7619d000 	C:\Windows\SYSTEM32\dhcpcsvc.DLL
0x00007ffd7d2d0000 - 0x00007ffd7d39c000 	C:\Windows\SYSTEM32\DNSAPI.dll
0x00007ffd689b0000 - 0x00007ffd689d7000 	C:\Program Files\Android\Android Studio\jre\bin\sunec.dll
0x00007ffd6da10000 - 0x00007ffd6da1a000 	C:\Windows\System32\rasadhlp.dll
0x00007ffd6d740000 - 0x00007ffd6d7bf000 	C:\Windows\System32\fwpuclnt.dll

dbghelp: loaded successfully - version: 4.0.5 - missing functions: none
symbol engine: initialized successfully - sym options: 0x614 - pdb path: .;C:\Program Files\Android\Android Studio\jre\bin;C:\Windows\SYSTEM32;C:\Windows\WinSxS\amd64_microsoft.windows.common-controls_6595b64144ccf1df_6.0.19041.1110_none_60b5254171f9507e;C:\Program Files\Android\Android Studio\jre\bin\server;C:\Users\Ekaterina\.gradle\native\e1d6ef7f7dcc3fd88c89a11ec53ec762bb8ba0a96d01ffa2cd45eb1d1d8dd5c5\windows-amd64;C:\Users\Ekaterina\.gradle\native\5664cfc778a61ccfe75a443a1ab52a65af34e5dc3c78e0209fed803814484fcb\windows-amd64

VM Arguments:
jvm_args: --add-opens=java.base/java.util=ALL-UNNAMED --add-opens=java.base/java.lang=ALL-UNNAMED --add-opens=java.base/java.lang.invoke=ALL-UNNAMED --add-opens=java.base/java.util=ALL-UNNAMED --add-opens=java.prefs/java.util.prefs=ALL-UNNAMED --add-opens=java.prefs/java.util.prefs=ALL-UNNAMED --add-opens=java.base/java.nio.charset=ALL-UNNAMED --add-opens=java.base/java.net=ALL-UNNAMED --add-opens=java.base/java.util.concurrent.atomic=ALL-UNNAMED -Xmx2048m -Dfile.encoding=UTF-8 -Duser.country=RU -Duser.language=ru -Duser.variant 
java_command: org.gradle.launcher.daemon.bootstrap.GradleDaemon 7.3.3
java_class_path (initial): C:\Users\Ekaterina\.gradle\wrapper\dists\gradle-7.3.3-bin\6a41zxkdtcxs8rphpq6y0069z\gradle-7.3.3\lib\gradle-launcher-7.3.3.jar
Launcher Type: SUN_STANDARD

[Global flags]
     intx CICompilerCount                          = 3                                         {product} {ergonomic}
     uint ConcGCThreads                            = 1                                         {product} {ergonomic}
     uint G1ConcRefinementThreads                  = 4                                         {product} {ergonomic}
   size_t G1HeapRegionSize                         = 1048576                                   {product} {ergonomic}
    uintx GCDrainStackTargetSize                   = 64                                        {product} {ergonomic}
   size_t InitialHeapSize                          = 201326592                                 {product} {ergonomic}
   size_t MarkStackSize                            = 4194304                                   {product} {ergonomic}
   size_t MaxHeapSize                              = 2147483648                                {product} {command line}
   size_t MaxNewSize                               = 1287651328                                {product} {ergonomic}
   size_t MinHeapDeltaBytes                        = 1048576                                   {product} {ergonomic}
    uintx NonNMethodCodeHeapSize                   = 5830732                                {pd product} {ergonomic}
    uintx NonProfiledCodeHeapSize                  = 122913754                              {pd product} {ergonomic}
    uintx ProfiledCodeHeapSize                     = 122913754                              {pd product} {ergonomic}
    uintx ReservedCodeCacheSize                    = 251658240                              {pd product} {ergonomic}
     bool SegmentedCodeCache                       = true                                      {product} {ergonomic}
     bool UseCompressedClassPointers               = true                                 {lp64_product} {ergonomic}
     bool UseCompressedOops                        = true                                 {lp64_product} {ergonomic}
     bool UseG1GC                                  = true                                      {product} {ergonomic}
     bool UseLargePagesIndividualAllocation        = false                                  {pd product} {ergonomic}

Logging:
Log output configuration:
 #0: stdout all=warning uptime,level,tags
 #1: stderr all=off uptime,level,tags

Environment Variables:
PATH=C:\Windows\system32;C:\Windows;C:\Windows\System32\Wbem;C:\Windows\System32\WindowsPowerShell\v1.0\;C:\Program Files\Git\cmd;C:\Users\Ekaterina\AppData\Local\Microsoft\WindowsApps;;C:\Users\Ekaterina\AppData\Local\Programs\Microsoft VS Code\bin
USERNAME=Ekaterina
OS=Windows_NT
PROCESSOR_IDENTIFIER=Intel64 Family 6 Model 142 Stepping 9, GenuineIntel



---------------  S Y S T E M  ---------------

OS: Windows 10 , 64 bit Build 19041 (10.0.19041.1200)
OS uptime: 4 days 1:07 hours

CPU:total 4 (initial active 4) (2 cores per cpu, 2 threads per core) family 6 model 142 stepping 9 microcode 0xb4, cmov, cx8, fxsr, mmx, sse, sse2, sse3, ssse3, sse4.1, sse4.2, popcnt, avx, avx2, aes, clmul, erms, 3dnowpref, lzcnt, ht, tsc, tscinvbit, bmi1, bmi2, adx, fma

Memory: 4k page, system-wide physical 12197M (587M free)
TotalPageFile size 12197M (AvailPageFile size 5M)
current process WorkingSet (physical memory assigned to process): 486M, peak: 486M
current process commit charge ("private bytes"): 541M, peak: 541M

vm_info: OpenJDK 64-Bit Server VM (11.0.12+7-b1504.28-7817840) for windows-amd64 JRE (11.0.12+7-b1504.28-7817840), built on Oct 13 2021 22:12:33 by "builder" with MS VC++ 14.0 (VS2015)

END.
