#
# There is insufficient memory for the Java Runtime Environment to continue.
# Native memory allocation (malloc) failed to allocate 32744 bytes for ChunkPool::allocate
# Possible reasons:
#   The system is out of physical RAM or swap space
#   The process is running with CompressedOops enabled, and the Java Heap may be blocking the growth of the native heap
# Possible solutions:
#   Reduce memory load on the system
#   Increase physical memory or swap space
#   Check if swap backing store is full
#   Decrease Java heap size (-Xmx/-Xms)
#   Decrease number of Java threads
#   Decrease Java thread stack sizes (-Xss)
#   Set larger code cache with -XX:ReservedCodeCacheSize=
#   JVM is running with Unscaled Compressed Oops mode in which the Java heap is
#     placed in the first 4GB address space. The Java Heap base address is the
#     maximum limit for the native heap growth. Please use -XX:HeapBaseMinAddress
#     to set the Java Heap base and to place the Java Heap above 4GB virtual address.
# This output file may be truncated or incomplete.
#
#  Out of Memory Error (./src/hotspot/share/memory/arena.cpp:81), pid=5916, tid=5388
#
# JRE version: OpenJDK Runtime Environment (11.0.12+7) (build 11.0.12+7-b1504.28-7817840)
# Java VM: OpenJDK 64-Bit Server VM (11.0.12+7-b1504.28-7817840, mixed mode, tiered, compressed oops, g1 gc, windows-amd64)
# No core dump will be written. Minidumps are not enabled by default on client versions of Windows
#

---------------  S U M M A R Y ------------

Command Line: --add-opens=java.base/java.util=ALL-UNNAMED --add-opens=java.base/java.lang=ALL-UNNAMED --add-opens=java.base/java.lang.invoke=ALL-UNNAMED --add-opens=java.base/java.util=ALL-UNNAMED --add-opens=java.prefs/java.util.prefs=ALL-UNNAMED --add-opens=java.prefs/java.util.prefs=ALL-UNNAMED --add-opens=java.base/java.nio.charset=ALL-UNNAMED --add-opens=java.base/java.net=ALL-UNNAMED --add-opens=java.base/java.util.concurrent.atomic=ALL-UNNAMED -Xmx2048m -Dfile.encoding=UTF-8 -Duser.country=RU -Duser.language=ru -Duser.variant org.gradle.launcher.daemon.bootstrap.GradleDaemon 7.3.3

Host: Intel(R) Core(TM) i3-7020U CPU @ 2.30GHz, 4 cores, 11G,  Windows 10 , 64 bit Build 19041 (10.0.19041.1200)
Time: Sat Jul 30 16:45:22 2022 RTZ 2 (зима) elapsed time: 45.218634 seconds (0d 0h 0m 45s)

---------------  T H R E A D  ---------------

Current thread (0x000001b7280c3800):  JavaThread "RMI TCP Connection(2)-127.0.0.1" daemon [_thread_in_vm, id=5388, stack(0x0000006ce8c00000,0x0000006ce8d00000)]

Stack: [0x0000006ce8c00000,0x0000006ce8d00000]
Native frames: (J=compiled Java code, j=interpreted, Vv=VM code, C=native code)
V  [jvm.dll+0x5fbcea]
V  [jvm.dll+0x731905]
V  [jvm.dll+0x732f1d]
V  [jvm.dll+0x7335d3]
V  [jvm.dll+0x247bf8]
V  [jvm.dll+0xc041b]
V  [jvm.dll+0xc06cc]
V  [jvm.dll+0x68ccd8]
V  [jvm.dll+0x68d737]
V  [jvm.dll+0x68d8de]
V  [jvm.dll+0x3814ca]
V  [jvm.dll+0x382776]
V  [jvm.dll+0x3f869b]
C  0x000001b70ffef6d7

Java frames: (J=compiled Java code, j=interpreted, Vv=VM code)
j  java.lang.StackTraceElement.initStackTraceElements([Ljava/lang/StackTraceElement;Ljava/lang/Throwable;)V+0 java.base@11.0.12
J 13961 c1 java.lang.StackTraceElement.of(Ljava/lang/Throwable;I)[Ljava/lang/StackTraceElement; java.base@11.0.12 (68 bytes) @ 0x000001b7122d01ac [0x000001b7122cfe20+0x000000000000038c]
j  java.lang.Throwable.getOurStackTrace()[Ljava/lang/StackTraceElement;+30 java.base@11.0.12
J 13990 c1 sun.rmi.runtime.Log$LoggerLog.log(Ljava/util/logging/Level;Ljava/lang/String;)V java.rmi@11.0.12 (39 bytes) @ 0x000001b7122e099c [0x000001b7122e05a0+0x00000000000003fc]
j  sun.rmi.transport.tcp.TCPTransport.handleMessages(Lsun/rmi/transport/Connection;Z)V+92 java.rmi@11.0.12
j  sun.rmi.transport.tcp.TCPTransport$ConnectionHandler.run0()V+490 java.rmi@11.0.12
j  sun.rmi.transport.tcp.TCPTransport$ConnectionHandler.lambda$run$0()Ljava/lang/Void;+1 java.rmi@11.0.12
j  sun.rmi.transport.tcp.TCPTransport$ConnectionHandler$$Lambda$1140.run()Ljava/lang/Object;+4 java.rmi@11.0.12
v  ~StubRoutines::call_stub
J 7876  java.security.AccessController.doPrivileged(Ljava/security/PrivilegedAction;Ljava/security/AccessControlContext;)Ljava/lang/Object; java.base@11.0.12 (0 bytes) @ 0x000001b717ef1626 [0x000001b717ef15c0+0x0000000000000066]
j  sun.rmi.transport.tcp.TCPTransport$ConnectionHandler.run()V+37 java.rmi@11.0.12
j  java.util.concurrent.ThreadPoolExecutor.runWorker(Ljava/util/concurrent/ThreadPoolExecutor$Worker;)V+92 java.base@11.0.12
j  java.util.concurrent.ThreadPoolExecutor$Worker.run()V+5 java.base@11.0.12
j  java.lang.Thread.run()V+11 java.base@11.0.12
v  ~StubRoutines::call_stub

---------------  P R O C E S S  ---------------

Threads class SMR info:
_java_thread_list=0x000001b731351040, length=93, elements={
0x000001b70c4cc000, 0x000001b726895000, 0x000001b72688c800, 0x000001b7270a4800,
0x000001b7270a6800, 0x000001b7270a8000, 0x000001b7270ad000, 0x000001b7270f3800,
0x000001b7270ff000, 0x000001b727260000, 0x000001b72ae8f000, 0x000001b72732a000,
0x000001b728875800, 0x000001b728d42800, 0x000001b7289fc800, 0x000001b728d7e000,
0x000001b729497800, 0x000001b72933b000, 0x000001b72a70b000, 0x000001b72a709000,
0x000001b72a70a000, 0x000001b72a70c800, 0x000001b72a70b800, 0x000001b72a70d000,
0x000001b72a70e000, 0x000001b72a708800, 0x000001b72a70f000, 0x000001b72afa1000,
0x000001b72afa0000, 0x000001b72af9b000, 0x000001b72af9d800, 0x000001b72af9e800,
0x000001b72af9c000, 0x000001b72afa4000, 0x000001b72afa5000, 0x000001b72afa7800,
0x000001b72afa3800, 0x000001b72afa6000, 0x000001b72afa6800, 0x000001b72afa8000,
0x000001b72afa2800, 0x000001b72afa9000, 0x000001b72afaa000, 0x000001b7290cd000,
0x000001b7290cb800, 0x000001b7290ce000, 0x000001b7290ca000, 0x000001b7290d0800,
0x000001b7290cf800, 0x000001b7290cf000, 0x000001b7290ca800, 0x000001b7290cc800,
0x000001b7290d5800, 0x000001b7290d6000, 0x000001b7290d2000, 0x000001b7290d3000,
0x000001b7290d7000, 0x000001b7290d3800, 0x000001b7290d1000, 0x000001b7290d8000,
0x000001b7290d8800, 0x000001b7290d4800, 0x000001b7294c2800, 0x000001b7294c0800,
0x000001b7294bd800, 0x000001b7294be800, 0x000001b7294bc800, 0x000001b7294c4000,
0x000001b7294c0000, 0x000001b7294bf000, 0x000001b7294c3000, 0x000001b7294c5000,
0x000001b7294c6800, 0x000001b7294c7800, 0x000001b7294c1800, 0x000001b7294c9000,
0x000001b7294c9800, 0x000001b7294c8000, 0x000001b7294cb800, 0x000001b7294c5800,
0x000001b7280bd000, 0x000001b7280b8800, 0x000001b7280ba000, 0x000001b7280ba800,
0x000001b7280bb800, 0x000001b7280bc800, 0x000001b7280b7800, 0x000001b7280c1800,
0x000001b7280be000, 0x000001b72e46b000, 0x000001b7280bf000, 0x000001b7280b9000,
0x000001b7280c3800
}

Java Threads: ( => current thread )
  0x000001b70c4cc000 JavaThread "main" [_thread_blocked, id=10196, stack(0x0000006ce2300000,0x0000006ce2400000)]
  0x000001b726895000 JavaThread "Reference Handler" daemon [_thread_blocked, id=7484, stack(0x0000006ce2a00000,0x0000006ce2b00000)]
  0x000001b72688c800 JavaThread "Finalizer" daemon [_thread_blocked, id=6704, stack(0x0000006ce2b00000,0x0000006ce2c00000)]
  0x000001b7270a4800 JavaThread "Signal Dispatcher" daemon [_thread_blocked, id=7880, stack(0x0000006ce2c00000,0x0000006ce2d00000)]
  0x000001b7270a6800 JavaThread "Attach Listener" daemon [_thread_blocked, id=4192, stack(0x0000006ce2d00000,0x0000006ce2e00000)]
  0x000001b7270a8000 JavaThread "Service Thread" daemon [_thread_blocked, id=7100, stack(0x0000006ce2e00000,0x0000006ce2f00000)]
  0x000001b7270ad000 JavaThread "C2 CompilerThread0" daemon [_thread_in_native, id=8280, stack(0x0000006ce2f00000,0x0000006ce3000000)]
  0x000001b7270f3800 JavaThread "C1 CompilerThread0" daemon [_thread_blocked, id=8724, stack(0x0000006ce3000000,0x0000006ce3100000)]
  0x000001b7270ff000 JavaThread "Sweeper thread" daemon [_thread_blocked, id=2604, stack(0x0000006ce3100000,0x0000006ce3200000)]
  0x000001b727260000 JavaThread "Common-Cleaner" daemon [_thread_blocked, id=4592, stack(0x0000006ce3200000,0x0000006ce3300000)]
  0x000001b72ae8f000 JavaThread "Daemon health stats" [_thread_blocked, id=6556, stack(0x0000006ce3800000,0x0000006ce3900000)]
  0x000001b72732a000 JavaThread "Incoming local TCP Connector on port 52574" [_thread_in_native, id=6360, stack(0x0000006ce3400000,0x0000006ce3500000)]
  0x000001b728875800 JavaThread "Daemon periodic checks" [_thread_blocked, id=5848, stack(0x0000006ce3a00000,0x0000006ce3b00000)]
  0x000001b728d42800 JavaThread "Daemon" [_thread_blocked, id=868, stack(0x0000006ce3b00000,0x0000006ce3c00000)]
  0x000001b7289fc800 JavaThread "Handler for socket connection from /127.0.0.1:52574 to /127.0.0.1:52575" [_thread_in_native, id=8376, stack(0x0000006ce3c00000,0x0000006ce3d00000)]
  0x000001b728d7e000 JavaThread "Cancel handler" [_thread_blocked, id=852, stack(0x0000006ce3d00000,0x0000006ce3e00000)]
  0x000001b729497800 JavaThread "Daemon worker" [_thread_blocked, id=8472, stack(0x0000006ce3e00000,0x0000006ce3f00000)]
  0x000001b72933b000 JavaThread "Asynchronous log dispatcher for DefaultDaemonConnection: socket connection from /127.0.0.1:52574 to /127.0.0.1:52575" [_thread_blocked, id=9704, stack(0x0000006ce3f00000,0x0000006ce4000000)]
  0x000001b72a70b000 JavaThread "Stdin handler" [_thread_blocked, id=2540, stack(0x0000006ce4000000,0x0000006ce4100000)]
  0x000001b72a709000 JavaThread "Daemon client event forwarder" [_thread_blocked, id=4788, stack(0x0000006ce4100000,0x0000006ce4200000)]
  0x000001b72a70a000 JavaThread "Cache worker for journal cache (C:\Users\Ekaterina\.gradle\caches\journal-1)" [_thread_blocked, id=4672, stack(0x0000006ce4200000,0x0000006ce4300000)]
  0x000001b72a70c800 JavaThread "File lock request listener" [_thread_in_native, id=9396, stack(0x0000006ce4300000,0x0000006ce4400000)]
  0x000001b72a70b800 JavaThread "Cache worker for file hash cache (C:\Users\Ekaterina\.gradle\caches\7.3.3\fileHashes)" [_thread_blocked, id=3848, stack(0x0000006ce4400000,0x0000006ce4500000)]
  0x000001b72a70d000 JavaThread "Cache worker for file hash cache (C:\Projects\Andriod\NMedia\.gradle\7.3.3\fileHashes)" [_thread_blocked, id=4024, stack(0x0000006ce4500000,0x0000006ce4600000)]
  0x000001b72a70e000 JavaThread "File watcher server" daemon [_thread_in_native, id=5380, stack(0x0000006ce4600000,0x0000006ce4700000)]
  0x000001b72a708800 JavaThread "File watcher consumer" daemon [_thread_blocked, id=7448, stack(0x0000006ce4700000,0x0000006ce4800000)]
  0x000001b72a70f000 JavaThread "Cache worker for checksums cache (C:\Projects\Andriod\NMedia\.gradle\7.3.3\checksums)" [_thread_blocked, id=4836, stack(0x0000006ce4800000,0x0000006ce4900000)]
  0x000001b72afa1000 JavaThread "Cache worker for cache directory md-supplier (C:\Users\Ekaterina\.gradle\caches\7.3.3\md-supplier)" [_thread_blocked, id=8748, stack(0x0000006ce4900000,0x0000006ce4a00000)]
  0x000001b72afa0000 JavaThread "Cache worker for cache directory md-rule (C:\Users\Ekaterina\.gradle\caches\7.3.3\md-rule)" [_thread_blocked, id=8968, stack(0x0000006ce4a00000,0x0000006ce4b00000)]
  0x000001b72af9b000 JavaThread "Cache worker for execution history cache (C:\Users\Ekaterina\.gradle\caches\7.3.3\executionHistory)" [_thread_blocked, id=6676, stack(0x0000006ce4b00000,0x0000006ce4c00000)]
  0x000001b72af9d800 JavaThread "jar transforms" [_thread_blocked, id=9672, stack(0x0000006ce4c00000,0x0000006ce4d00000)]
  0x000001b72af9e800 JavaThread "Cache worker for file content cache (C:\Users\Ekaterina\.gradle\caches\7.3.3\fileContent)" [_thread_blocked, id=7000, stack(0x0000006ce4d00000,0x0000006ce4e00000)]
  0x000001b72af9c000 JavaThread "jar transforms Thread 2" [_thread_blocked, id=1096, stack(0x0000006ce4e00000,0x0000006ce4f00000)]
  0x000001b72afa4000 JavaThread "Cache worker for dependencies-accessors (C:\Projects\Andriod\NMedia\.gradle\7.3.3\dependencies-accessors)" [_thread_blocked, id=10124, stack(0x0000006ce4f00000,0x0000006ce5000000)]
  0x000001b72afa5000 JavaThread "jar transforms Thread 3" [_thread_blocked, id=7080, stack(0x0000006ce5000000,0x0000006ce5100000)]
  0x000001b72afa7800 JavaThread "Cache worker for Build Output Cleanup Cache (C:\Projects\Andriod\NMedia\.gradle\buildOutputCleanup)" [_thread_blocked, id=380, stack(0x0000006ce5100000,0x0000006ce5200000)]
  0x000001b72afa3800 JavaThread "Unconstrained build operations" [_thread_blocked, id=8972, stack(0x0000006ce5300000,0x0000006ce5400000)]
  0x000001b72afa6000 JavaThread "Unconstrained build operations Thread 2" [_thread_blocked, id=6948, stack(0x0000006ce5400000,0x0000006ce5500000)]
  0x000001b72afa6800 JavaThread "Unconstrained build operations Thread 3" [_thread_blocked, id=9996, stack(0x0000006ce5500000,0x0000006ce5600000)]
  0x000001b72afa8000 JavaThread "Unconstrained build operations Thread 4" [_thread_blocked, id=4208, stack(0x0000006ce5600000,0x0000006ce5700000)]
  0x000001b72afa2800 JavaThread "Unconstrained build operations Thread 5" [_thread_blocked, id=9160, stack(0x0000006ce5700000,0x0000006ce5800000)]
  0x000001b72afa9000 JavaThread "Unconstrained build operations Thread 6" [_thread_blocked, id=7744, stack(0x0000006ce5800000,0x0000006ce5900000)]
  0x000001b72afaa000 JavaThread "Unconstrained build operations Thread 7" [_thread_blocked, id=1568, stack(0x0000006ce5900000,0x0000006ce5a00000)]
  0x000001b7290cd000 JavaThread "Unconstrained build operations Thread 8" [_thread_blocked, id=8536, stack(0x0000006ce5a00000,0x0000006ce5b00000)]
  0x000001b7290cb800 JavaThread "Unconstrained build operations Thread 9" [_thread_blocked, id=7260, stack(0x0000006ce5b00000,0x0000006ce5c00000)]
  0x000001b7290ce000 JavaThread "Unconstrained build operations Thread 10" [_thread_blocked, id=5272, stack(0x0000006ce5c00000,0x0000006ce5d00000)]
  0x000001b7290ca000 JavaThread "Unconstrained build operations Thread 11" [_thread_blocked, id=8996, stack(0x0000006ce5d00000,0x0000006ce5e00000)]
  0x000001b7290d0800 JavaThread "Unconstrained build operations Thread 12" [_thread_blocked, id=1112, stack(0x0000006ce5e00000,0x0000006ce5f00000)]
  0x000001b7290cf800 JavaThread "Unconstrained build operations Thread 13" [_thread_blocked, id=7348, stack(0x0000006ce5f00000,0x0000006ce6000000)]
  0x000001b7290cf000 JavaThread "Unconstrained build operations Thread 14" [_thread_blocked, id=6920, stack(0x0000006ce6000000,0x0000006ce6100000)]
  0x000001b7290ca800 JavaThread "Unconstrained build operations Thread 15" [_thread_blocked, id=9728, stack(0x0000006ce6100000,0x0000006ce6200000)]
  0x000001b7290cc800 JavaThread "Unconstrained build operations Thread 16" [_thread_blocked, id=9408, stack(0x0000006ce6200000,0x0000006ce6300000)]
  0x000001b7290d5800 JavaThread "Unconstrained build operations Thread 17" [_thread_blocked, id=5704, stack(0x0000006ce6300000,0x0000006ce6400000)]
  0x000001b7290d6000 JavaThread "Unconstrained build operations Thread 18" [_thread_blocked, id=356, stack(0x0000006ce6400000,0x0000006ce6500000)]
  0x000001b7290d2000 JavaThread "Unconstrained build operations Thread 19" [_thread_blocked, id=444, stack(0x0000006ce6500000,0x0000006ce6600000)]
  0x000001b7290d3000 JavaThread "Unconstrained build operations Thread 20" [_thread_blocked, id=10084, stack(0x0000006ce6600000,0x0000006ce6700000)]
  0x000001b7290d7000 JavaThread "Unconstrained build operations Thread 21" [_thread_blocked, id=8800, stack(0x0000006ce6700000,0x0000006ce6800000)]
  0x000001b7290d3800 JavaThread "Unconstrained build operations Thread 22" [_thread_blocked, id=6136, stack(0x0000006ce6800000,0x0000006ce6900000)]
  0x000001b7290d1000 JavaThread "Unconstrained build operations Thread 23" [_thread_blocked, id=9012, stack(0x0000006ce6900000,0x0000006ce6a00000)]
  0x000001b7290d8000 JavaThread "Unconstrained build operations Thread 24" [_thread_blocked, id=7960, stack(0x0000006ce6a00000,0x0000006ce6b00000)]
  0x000001b7290d8800 JavaThread "Unconstrained build operations Thread 25" [_thread_blocked, id=948, stack(0x0000006ce6b00000,0x0000006ce6c00000)]
  0x000001b7290d4800 JavaThread "Unconstrained build operations Thread 26" [_thread_blocked, id=2864, stack(0x0000006ce6c00000,0x0000006ce6d00000)]
  0x000001b7294c2800 JavaThread "Unconstrained build operations Thread 27" [_thread_blocked, id=8304, stack(0x0000006ce6d00000,0x0000006ce6e00000)]
  0x000001b7294c0800 JavaThread "Unconstrained build operations Thread 28" [_thread_blocked, id=1320, stack(0x0000006ce6e00000,0x0000006ce6f00000)]
  0x000001b7294bd800 JavaThread "Unconstrained build operations Thread 29" [_thread_blocked, id=10108, stack(0x0000006ce6f00000,0x0000006ce7000000)]
  0x000001b7294be800 JavaThread "Unconstrained build operations Thread 30" [_thread_blocked, id=9132, stack(0x0000006ce7000000,0x0000006ce7100000)]
  0x000001b7294bc800 JavaThread "Unconstrained build operations Thread 31" [_thread_blocked, id=9124, stack(0x0000006ce7100000,0x0000006ce7200000)]
  0x000001b7294c4000 JavaThread "Unconstrained build operations Thread 32" [_thread_blocked, id=6108, stack(0x0000006ce7200000,0x0000006ce7300000)]
  0x000001b7294c0000 JavaThread "Unconstrained build operations Thread 33" [_thread_blocked, id=4244, stack(0x0000006ce7300000,0x0000006ce7400000)]
  0x000001b7294bf000 JavaThread "Unconstrained build operations Thread 34" [_thread_blocked, id=8224, stack(0x0000006ce7400000,0x0000006ce7500000)]
  0x000001b7294c3000 JavaThread "Unconstrained build operations Thread 35" [_thread_blocked, id=8932, stack(0x0000006ce7500000,0x0000006ce7600000)]
  0x000001b7294c5000 JavaThread "Unconstrained build operations Thread 36" [_thread_blocked, id=1004, stack(0x0000006ce7600000,0x0000006ce7700000)]
  0x000001b7294c6800 JavaThread "Unconstrained build operations Thread 37" [_thread_blocked, id=2356, stack(0x0000006ce7700000,0x0000006ce7800000)]
  0x000001b7294c7800 JavaThread "Unconstrained build operations Thread 38" [_thread_blocked, id=8144, stack(0x0000006ce7800000,0x0000006ce7900000)]
  0x000001b7294c1800 JavaThread "Unconstrained build operations Thread 39" [_thread_blocked, id=8884, stack(0x0000006ce7900000,0x0000006ce7a00000)]
  0x000001b7294c9000 JavaThread "Unconstrained build operations Thread 40" [_thread_blocked, id=5424, stack(0x0000006ce7a00000,0x0000006ce7b00000)]
  0x000001b7294c9800 JavaThread "jar transforms Thread 4" [_thread_blocked, id=10020, stack(0x0000006ce7b00000,0x0000006ce7c00000)]
  0x000001b7294c8000 JavaThread "Memory manager" [_thread_blocked, id=5480, stack(0x0000006ce7c00000,0x0000006ce7d00000)]
  0x000001b7294cb800 JavaThread "build event listener" [_thread_blocked, id=6196, stack(0x0000006ce7d00000,0x0000006ce7e00000)]
  0x000001b7294c5800 JavaThread "Execution worker for ':'" [_thread_blocked, id=9580, stack(0x0000006ce7e00000,0x0000006ce7f00000)]
  0x000001b7280bd000 JavaThread "Execution worker for ':' Thread 2" [_thread_blocked, id=6684, stack(0x0000006ce7f00000,0x0000006ce8000000)]
  0x000001b7280b8800 JavaThread "Execution worker for ':' Thread 3" [_thread_blocked, id=9548, stack(0x0000006ce8000000,0x0000006ce8100000)]
  0x000001b7280ba000 JavaThread "Cache worker for execution history cache (C:\Projects\Andriod\NMedia\.gradle\7.3.3\executionHistory)" [_thread_blocked, id=9568, stack(0x0000006ce8100000,0x0000006ce8200000)]
  0x000001b7280ba800 JavaThread "WorkerExecutor Queue" [_thread_in_native, id=9292, stack(0x0000006ce8200000,0x0000006ce8300000)]
  0x000001b7280bb800 JavaThread "RMI Scheduler(0)" daemon [_thread_blocked, id=6412, stack(0x0000006ce8300000,0x0000006ce8400000)]
  0x000001b7280bc800 JavaThread "RMI GC Daemon" daemon [_thread_blocked, id=10004, stack(0x0000006ce8700000,0x0000006ce8800000)]
  0x000001b7280b7800 JavaThread "RMI TCP Accept-0" daemon [_thread_in_native, id=4644, stack(0x0000006ce8800000,0x0000006ce8900000)]
  0x000001b7280c1800 JavaThread "RMI Reaper" [_thread_blocked, id=5252, stack(0x0000006ce8900000,0x0000006ce8a00000)]
  0x000001b7280be000 JavaThread "RMI TCP Connection(1)-127.0.0.1" daemon [_thread_in_native, id=7320, stack(0x0000006ce8a00000,0x0000006ce8b00000)]
  0x000001b72e46b000 JavaThread "C2 CompilerThread1" daemon [_thread_in_native, id=8232, stack(0x0000006ce3900000,0x0000006ce3a00000)]
  0x000001b7280bf000 JavaThread "WorkerExecutor Queue Thread 2" [_thread_blocked, id=5472, stack(0x0000006ce8600000,0x0000006ce8700000)]
  0x000001b7280b9000 JavaThread "RMI RenewClean-[127.0.0.1:17153,org.jetbrains.kotlin.daemon.common.LoopbackNetworkInterface$ClientLoopbackSocketFactory@6d80b892]" daemon [_thread_blocked, id=2516, stack(0x0000006ce8b00000,0x0000006ce8c00000)]
=>0x000001b7280c3800 JavaThread "RMI TCP Connection(2)-127.0.0.1" daemon [_thread_in_vm, id=5388, stack(0x0000006ce8c00000,0x0000006ce8d00000)]

Other Threads:
  0x000001b726881800 VMThread "VM Thread" [stack: 0x0000006ce2900000,0x0000006ce2a00000] [id=9540]
  0x000001b72726d800 WatcherThread [stack: 0x0000006ce3300000,0x0000006ce3400000] [id=3980]
  0x000001b70c4e3800 GCTaskThread "GC Thread#0" [stack: 0x0000006ce2400000,0x0000006ce2500000] [id=9876]
  0x000001b72748e800 GCTaskThread "GC Thread#1" [stack: 0x0000006ce3500000,0x0000006ce3600000] [id=8688]
  0x000001b727e8d800 GCTaskThread "GC Thread#2" [stack: 0x0000006ce3600000,0x0000006ce3700000] [id=9276]
  0x000001b727f11800 GCTaskThread "GC Thread#3" [stack: 0x0000006ce3700000,0x0000006ce3800000] [id=6296]
  0x000001b70c516000 ConcurrentGCThread "G1 Main Marker" [stack: 0x0000006ce2500000,0x0000006ce2600000] [id=7520]
  0x000001b70c517800 ConcurrentGCThread "G1 Conc#0" [stack: 0x0000006ce2600000,0x0000006ce2700000] [id=1284]
  0x000001b70c5ae000 ConcurrentGCThread "G1 Refine#0" [stack: 0x0000006ce2700000,0x0000006ce2800000] [id=9788]
  0x000001b7266ce800 ConcurrentGCThread "G1 Young RemSet Sampling" [stack: 0x0000006ce2800000,0x0000006ce2900000] [id=4080]

Threads with active compile tasks:
C2 CompilerThread0  45263 13929   !   4       org.gradle.api.tasks.util.internal.CachingPatternSpecFactory$CachingSpec::isSatisfiedBy (40 bytes)
C2 CompilerThread1  45263 13866       4       org.gradle.api.internal.artifacts.transform.TransformingAsyncArtifactListener$TransformedArtifact::startFinalization (15 bytes)

VM state:not at safepoint (normal execution)

VM Mutex/Monitor currently owned by a thread: None

Heap address: 0x0000000080000000, size: 2048 MB, Compressed Oops mode: 32-bit
Narrow klass base: 0x0000000000000000, Narrow klass shift: 3
Compressed class space size: 1073741824 Address: 0x0000000100000000

Heap:
 garbage-first heap   total 284672K, used 128890K [0x0000000080000000, 0x0000000100000000)
  region size 1024K, 33 young (33792K), 13 survivors (13312K)
 Metaspace       used 103796K, capacity 106394K, committed 106532K, reserved 1140736K
  class space    used 13481K, capacity 14503K, committed 14540K, reserved 1048576K
Heap Regions: E=young(eden), S=young(survivor), O=old, HS=humongous(starts), HC=humongous(continues), CS=collection set, F=free, A=archive, TAMS=top-at-mark-start (previous, next)
|   0|0x0000000080000000, 0x0000000080100000, 0x0000000080100000|100%| O|  |TAMS 0x0000000080100000, 0x0000000080000000| Untracked 
|   1|0x0000000080100000, 0x0000000080200000, 0x0000000080200000|100%| O|  |TAMS 0x0000000080200000, 0x0000000080100000| Untracked 
|   2|0x0000000080200000, 0x0000000080300000, 0x0000000080300000|100%| O|  |TAMS 0x0000000080300000, 0x0000000080200000| Untracked 
|   3|0x0000000080300000, 0x0000000080400000, 0x0000000080400000|100%|HS|  |TAMS 0x0000000080400000, 0x0000000080300000| Complete 
|   4|0x0000000080400000, 0x0000000080500000, 0x0000000080500000|100%|HC|  |TAMS 0x0000000080500000, 0x0000000080400000| Complete 
|   5|0x0000000080500000, 0x0000000080600000, 0x0000000080600000|100%|HC|  |TAMS 0x0000000080600000, 0x0000000080500000| Complete 
|   6|0x0000000080600000, 0x0000000080700000, 0x0000000080700000|100%| O|  |TAMS 0x0000000080700000, 0x0000000080600000| Untracked 
|   7|0x0000000080700000, 0x0000000080800000, 0x0000000080800000|100%| O|  |TAMS 0x0000000080800000, 0x0000000080700000| Untracked 
|   8|0x0000000080800000, 0x0000000080900000, 0x0000000080900000|100%| O|  |TAMS 0x0000000080900000, 0x0000000080800000| Untracked 
|   9|0x0000000080900000, 0x0000000080a00000, 0x0000000080a00000|100%| O|  |TAMS 0x0000000080a00000, 0x0000000080900000| Untracked 
|  10|0x0000000080a00000, 0x0000000080b00000, 0x0000000080b00000|100%| O|  |TAMS 0x0000000080b00000, 0x0000000080a00000| Untracked 
|  11|0x0000000080b00000, 0x0000000080c00000, 0x0000000080c00000|100%| O|  |TAMS 0x0000000080c00000, 0x0000000080b00000| Untracked 
|  12|0x0000000080c00000, 0x0000000080d00000, 0x0000000080d00000|100%| O|  |TAMS 0x0000000080d00000, 0x0000000080c00000| Untracked 
|  13|0x0000000080d00000, 0x0000000080e00000, 0x0000000080e00000|100%|HS|  |TAMS 0x0000000080e00000, 0x0000000080d00000| Complete 
|  14|0x0000000080e00000, 0x0000000080f00000, 0x0000000080f00000|100%| O|  |TAMS 0x0000000080f00000, 0x0000000080e00000| Untracked 
|  15|0x0000000080f00000, 0x0000000081000000, 0x0000000081000000|100%| O|  |TAMS 0x0000000081000000, 0x0000000080f00000| Untracked 
|  16|0x0000000081000000, 0x0000000081100000, 0x0000000081100000|100%| O|  |TAMS 0x0000000081100000, 0x0000000081000000| Untracked 
|  17|0x0000000081100000, 0x0000000081200000, 0x0000000081200000|100%| O|  |TAMS 0x0000000081200000, 0x0000000081100000| Untracked 
|  18|0x0000000081200000, 0x0000000081300000, 0x0000000081300000|100%| O|  |TAMS 0x0000000081300000, 0x0000000081200000| Untracked 
|  19|0x0000000081300000, 0x0000000081400000, 0x0000000081400000|100%| O|  |TAMS 0x0000000081400000, 0x0000000081300000| Untracked 
|  20|0x0000000081400000, 0x0000000081500000, 0x0000000081500000|100%| O|  |TAMS 0x0000000081500000, 0x0000000081400000| Untracked 
|  21|0x0000000081500000, 0x0000000081600000, 0x0000000081600000|100%| O|  |TAMS 0x0000000081600000, 0x0000000081500000| Untracked 
|  22|0x0000000081600000, 0x0000000081700000, 0x0000000081700000|100%| O|  |TAMS 0x0000000081700000, 0x0000000081600000| Untracked 
|  23|0x0000000081700000, 0x0000000081800000, 0x0000000081800000|100%|HS|  |TAMS 0x0000000081800000, 0x0000000081700000| Complete 
|  24|0x0000000081800000, 0x0000000081900000, 0x0000000081900000|100%|HS|  |TAMS 0x0000000081900000, 0x0000000081800000| Complete 
|  25|0x0000000081900000, 0x0000000081a00000, 0x0000000081a00000|100%|HS|  |TAMS 0x0000000081a00000, 0x0000000081900000| Complete 
|  26|0x0000000081a00000, 0x0000000081b00000, 0x0000000081b00000|100%|HC|  |TAMS 0x0000000081b00000, 0x0000000081a00000| Complete 
|  27|0x0000000081b00000, 0x0000000081c00000, 0x0000000081c00000|100%|HC|  |TAMS 0x0000000081c00000, 0x0000000081b00000| Complete 
|  28|0x0000000081c00000, 0x0000000081d00000, 0x0000000081d00000|100%|HS|  |TAMS 0x0000000081d00000, 0x0000000081c00000| Complete 
|  29|0x0000000081d00000, 0x0000000081e00000, 0x0000000081e00000|100%|HC|  |TAMS 0x0000000081e00000, 0x0000000081d00000| Complete 
|  30|0x0000000081e00000, 0x0000000081f00000, 0x0000000081f00000|100%| O|  |TAMS 0x0000000081f00000, 0x0000000081e00000| Untracked 
|  31|0x0000000081f00000, 0x0000000082000000, 0x0000000082000000|100%| O|  |TAMS 0x0000000082000000, 0x0000000081f00000| Untracked 
|  32|0x0000000082000000, 0x0000000082100000, 0x0000000082100000|100%| O|  |TAMS 0x0000000082100000, 0x0000000082000000| Untracked 
|  33|0x0000000082100000, 0x0000000082200000, 0x0000000082200000|100%| O|  |TAMS 0x0000000082200000, 0x0000000082100000| Untracked 
|  34|0x0000000082200000, 0x0000000082300000, 0x0000000082300000|100%| O|  |TAMS 0x0000000082300000, 0x0000000082200000| Untracked 
|  35|0x0000000082300000, 0x0000000082400000, 0x0000000082400000|100%| O|  |TAMS 0x0000000082400000, 0x0000000082300000| Untracked 
|  36|0x0000000082400000, 0x0000000082500000, 0x0000000082500000|100%| O|  |TAMS 0x0000000082500000, 0x0000000082400000| Untracked 
|  37|0x0000000082500000, 0x0000000082600000, 0x0000000082600000|100%| O|  |TAMS 0x0000000082600000, 0x0000000082500000| Untracked 
|  38|0x0000000082600000, 0x0000000082700000, 0x0000000082700000|100%| O|  |TAMS 0x0000000082700000, 0x0000000082600000| Untracked 
|  39|0x0000000082700000, 0x0000000082800000, 0x0000000082800000|100%| O|  |TAMS 0x0000000082800000, 0x0000000082700000| Untracked 
|  40|0x0000000082800000, 0x0000000082900000, 0x0000000082900000|100%| O|  |TAMS 0x0000000082900000, 0x0000000082800000| Untracked 
|  41|0x0000000082900000, 0x0000000082a00000, 0x0000000082a00000|100%| O|  |TAMS 0x0000000082a00000, 0x0000000082900000| Untracked 
|  42|0x0000000082a00000, 0x0000000082b00000, 0x0000000082b00000|100%| O|  |TAMS 0x0000000082b00000, 0x0000000082a00000| Untracked 
|  43|0x0000000082b00000, 0x0000000082c00000, 0x0000000082c00000|100%| O|  |TAMS 0x0000000082c00000, 0x0000000082b00000| Untracked 
|  44|0x0000000082c00000, 0x0000000082d00000, 0x0000000082d00000|100%| O|  |TAMS 0x0000000082d00000, 0x0000000082c00000| Untracked 
|  45|0x0000000082d00000, 0x0000000082e00000, 0x0000000082e00000|100%| O|  |TAMS 0x0000000082e00000, 0x0000000082d00000| Untracked 
|  46|0x0000000082e00000, 0x0000000082f00000, 0x0000000082f00000|100%| O|  |TAMS 0x0000000082f00000, 0x0000000082e00000| Untracked 
|  47|0x0000000082f00000, 0x0000000083000000, 0x0000000083000000|100%| O|  |TAMS 0x0000000083000000, 0x0000000082f00000| Untracked 
|  48|0x0000000083000000, 0x0000000083100000, 0x0000000083100000|100%| O|  |TAMS 0x0000000083100000, 0x0000000083000000| Untracked 
|  49|0x0000000083100000, 0x0000000083200000, 0x0000000083200000|100%| O|  |TAMS 0x0000000083200000, 0x0000000083100000| Untracked 
|  50|0x0000000083200000, 0x0000000083300000, 0x0000000083300000|100%| O|  |TAMS 0x0000000083300000, 0x0000000083200000| Untracked 
|  51|0x0000000083300000, 0x0000000083400000, 0x0000000083400000|100%| O|  |TAMS 0x0000000083400000, 0x0000000083300000| Untracked 
|  52|0x0000000083400000, 0x0000000083500000, 0x0000000083500000|100%| O|  |TAMS 0x0000000083500000, 0x0000000083400000| Untracked 
|  53|0x0000000083500000, 0x0000000083600000, 0x0000000083600000|100%| O|  |TAMS 0x0000000083600000, 0x0000000083500000| Untracked 
|  54|0x0000000083600000, 0x0000000083700000, 0x0000000083700000|100%| O|  |TAMS 0x0000000083700000, 0x0000000083600000| Untracked 
|  55|0x0000000083700000, 0x0000000083800000, 0x0000000083800000|100%| O|  |TAMS 0x0000000083800000, 0x0000000083700000| Untracked 
|  56|0x0000000083800000, 0x0000000083900000, 0x0000000083900000|100%| O|  |TAMS 0x0000000083900000, 0x0000000083800000| Untracked 
|  57|0x0000000083900000, 0x0000000083a00000, 0x0000000083a00000|100%| O|  |TAMS 0x0000000083a00000, 0x0000000083900000| Untracked 
|  58|0x0000000083a00000, 0x0000000083b00000, 0x0000000083b00000|100%| O|  |TAMS 0x0000000083b00000, 0x0000000083a00000| Untracked 
|  59|0x0000000083b00000, 0x0000000083c00000, 0x0000000083c00000|100%| O|  |TAMS 0x0000000083c00000, 0x0000000083b00000| Untracked 
|  60|0x0000000083c00000, 0x0000000083d00000, 0x0000000083d00000|100%| O|  |TAMS 0x0000000083d00000, 0x0000000083c00000| Untracked 
|  61|0x0000000083d00000, 0x0000000083e00000, 0x0000000083e00000|100%| O|  |TAMS 0x0000000083e00000, 0x0000000083d00000| Untracked 
|  62|0x0000000083e00000, 0x0000000083f00000, 0x0000000083f00000|100%| O|  |TAMS 0x0000000083f00000, 0x0000000083e00000| Untracked 
|  63|0x0000000083f00000, 0x0000000084000000, 0x0000000084000000|100%| O|  |TAMS 0x0000000084000000, 0x0000000083f00000| Untracked 
|  64|0x0000000084000000, 0x0000000084100000, 0x0000000084100000|100%| O|  |TAMS 0x0000000084100000, 0x0000000084000000| Untracked 
|  65|0x0000000084100000, 0x0000000084200000, 0x0000000084200000|100%| O|  |TAMS 0x0000000084200000, 0x0000000084100000| Untracked 
|  66|0x0000000084200000, 0x0000000084300000, 0x0000000084300000|100%| O|  |TAMS 0x0000000084300000, 0x0000000084200000| Untracked 
|  67|0x0000000084300000, 0x0000000084400000, 0x0000000084400000|100%| O|  |TAMS 0x0000000084400000, 0x0000000084300000| Untracked 
|  68|0x0000000084400000, 0x0000000084500000, 0x0000000084500000|100%| O|  |TAMS 0x0000000084500000, 0x0000000084400000| Untracked 
|  69|0x0000000084500000, 0x0000000084600000, 0x0000000084600000|100%| O|  |TAMS 0x0000000084600000, 0x0000000084500000| Untracked 
|  70|0x0000000084600000, 0x0000000084700000, 0x0000000084700000|100%| O|  |TAMS 0x0000000084700000, 0x0000000084600000| Untracked 
|  71|0x0000000084700000, 0x0000000084800000, 0x0000000084800000|100%| O|  |TAMS 0x0000000084800000, 0x0000000084700000| Untracked 
|  72|0x0000000084800000, 0x0000000084900000, 0x0000000084900000|100%| O|  |TAMS 0x0000000084900000, 0x0000000084800000| Untracked 
|  73|0x0000000084900000, 0x0000000084a00000, 0x0000000084a00000|100%| O|  |TAMS 0x0000000084a00000, 0x0000000084900000| Untracked 
|  74|0x0000000084a00000, 0x0000000084b00000, 0x0000000084b00000|100%| O|  |TAMS 0x0000000084b00000, 0x0000000084a00000| Untracked 
|  75|0x0000000084b00000, 0x0000000084c00000, 0x0000000084c00000|100%| O|  |TAMS 0x0000000084c00000, 0x0000000084b00000| Untracked 
|  76|0x0000000084c00000, 0x0000000084d00000, 0x0000000084d00000|100%| O|  |TAMS 0x0000000084d00000, 0x0000000084c00000| Untracked 
|  77|0x0000000084d00000, 0x0000000084e00000, 0x0000000084e00000|100%| O|  |TAMS 0x0000000084e00000, 0x0000000084d00000| Untracked 
|  78|0x0000000084e00000, 0x0000000084f00000, 0x0000000084f00000|100%| O|  |TAMS 0x0000000084f00000, 0x0000000084e00000| Untracked 
|  79|0x0000000084f00000, 0x0000000085000000, 0x0000000085000000|100%| O|  |TAMS 0x0000000085000000, 0x0000000084f00000| Untracked 
|  80|0x0000000085000000, 0x0000000085100000, 0x0000000085100000|100%| O|  |TAMS 0x0000000085100000, 0x0000000085000000| Untracked 
|  81|0x0000000085100000, 0x0000000085200000, 0x0000000085200000|100%| O|  |TAMS 0x0000000085200000, 0x0000000085100000| Untracked 
|  82|0x0000000085200000, 0x0000000085300000, 0x0000000085300000|100%| O|  |TAMS 0x0000000085300000, 0x0000000085200000| Untracked 
|  83|0x0000000085300000, 0x0000000085400000, 0x0000000085400000|100%| O|  |TAMS 0x0000000085400000, 0x0000000085300000| Untracked 
|  84|0x0000000085400000, 0x0000000085500000, 0x0000000085500000|100%| O|  |TAMS 0x0000000085500000, 0x0000000085400000| Untracked 
|  85|0x0000000085500000, 0x0000000085600000, 0x0000000085600000|100%| O|  |TAMS 0x0000000085600000, 0x0000000085500000| Untracked 
|  86|0x0000000085600000, 0x0000000085700000, 0x0000000085700000|100%| O|  |TAMS 0x0000000085700000, 0x0000000085600000| Untracked 
|  87|0x0000000085700000, 0x0000000085800000, 0x0000000085800000|100%| O|  |TAMS 0x0000000085800000, 0x0000000085700000| Untracked 
|  88|0x0000000085800000, 0x0000000085900000, 0x0000000085900000|100%| O|  |TAMS 0x000000008585a400, 0x0000000085800000| Untracked 
|  89|0x0000000085900000, 0x0000000085a00000, 0x0000000085a00000|100%| O|  |TAMS 0x0000000085900000, 0x0000000085900000| Untracked 
|  90|0x0000000085a00000, 0x0000000085b00000, 0x0000000085b00000|100%| O|  |TAMS 0x0000000085a00000, 0x0000000085a00000| Untracked 
|  91|0x0000000085b00000, 0x0000000085c00000, 0x0000000085c00000|100%| O|  |TAMS 0x0000000085b00000, 0x0000000085b00000| Untracked 
|  92|0x0000000085c00000, 0x0000000085d00000, 0x0000000085d00000|100%| O|  |TAMS 0x0000000085c00000, 0x0000000085c00000| Untracked 
|  93|0x0000000085d00000, 0x0000000085dde800, 0x0000000085e00000| 86%| O|  |TAMS 0x0000000085d00000, 0x0000000085d00000| Untracked 
|  94|0x0000000085e00000, 0x0000000085e00000, 0x0000000085f00000|  0%| F|  |TAMS 0x0000000085e00000, 0x0000000085e00000| Untracked 
|  95|0x0000000085f00000, 0x0000000085f00000, 0x0000000086000000|  0%| F|  |TAMS 0x0000000085f00000, 0x0000000085f00000| Untracked 
|  96|0x0000000086000000, 0x0000000086000000, 0x0000000086100000|  0%| F|  |TAMS 0x0000000086000000, 0x0000000086000000| Untracked 
|  97|0x0000000086100000, 0x0000000086100000, 0x0000000086200000|  0%| F|  |TAMS 0x0000000086100000, 0x0000000086100000| Untracked 
|  98|0x0000000086200000, 0x0000000086200000, 0x0000000086300000|  0%| F|  |TAMS 0x0000000086200000, 0x0000000086200000| Untracked 
|  99|0x0000000086300000, 0x0000000086300000, 0x0000000086400000|  0%| F|  |TAMS 0x0000000086300000, 0x0000000086300000| Untracked 
| 100|0x0000000086400000, 0x0000000086400000, 0x0000000086500000|  0%| F|  |TAMS 0x0000000086400000, 0x0000000086400000| Untracked 
| 101|0x0000000086500000, 0x0000000086500000, 0x0000000086600000|  0%| F|  |TAMS 0x0000000086500000, 0x0000000086500000| Untracked 
| 102|0x0000000086600000, 0x0000000086600000, 0x0000000086700000|  0%| F|  |TAMS 0x0000000086600000, 0x0000000086600000| Untracked 
| 103|0x0000000086700000, 0x0000000086700000, 0x0000000086800000|  0%| F|  |TAMS 0x0000000086700000, 0x0000000086700000| Untracked 
| 104|0x0000000086800000, 0x0000000086800000, 0x0000000086900000|  0%| F|  |TAMS 0x0000000086800000, 0x0000000086800000| Untracked 
| 105|0x0000000086900000, 0x0000000086900000, 0x0000000086a00000|  0%| F|  |TAMS 0x0000000086900000, 0x0000000086900000| Untracked 
| 106|0x0000000086a00000, 0x0000000086a00000, 0x0000000086b00000|  0%| F|  |TAMS 0x0000000086a00000, 0x0000000086a00000| Untracked 
| 107|0x0000000086b00000, 0x0000000086b00000, 0x0000000086c00000|  0%| F|  |TAMS 0x0000000086b00000, 0x0000000086b00000| Untracked 
| 108|0x0000000086c00000, 0x0000000086c00000, 0x0000000086d00000|  0%| F|  |TAMS 0x0000000086c00000, 0x0000000086c00000| Untracked 
| 109|0x0000000086d00000, 0x0000000086d00000, 0x0000000086e00000|  0%| F|  |TAMS 0x0000000086d00000, 0x0000000086d00000| Untracked 
| 110|0x0000000086e00000, 0x0000000086e00000, 0x0000000086f00000|  0%| F|  |TAMS 0x0000000086e00000, 0x0000000086e00000| Untracked 
| 111|0x0000000086f00000, 0x0000000086f00000, 0x0000000087000000|  0%| F|  |TAMS 0x0000000086f00000, 0x0000000086f00000| Untracked 
| 112|0x0000000087000000, 0x0000000087000000, 0x0000000087100000|  0%| F|  |TAMS 0x0000000087000000, 0x0000000087000000| Untracked 
| 113|0x0000000087100000, 0x0000000087100000, 0x0000000087200000|  0%| F|  |TAMS 0x0000000087100000, 0x0000000087100000| Untracked 
| 114|0x0000000087200000, 0x0000000087200000, 0x0000000087300000|  0%| F|  |TAMS 0x0000000087200000, 0x0000000087200000| Untracked 
| 115|0x0000000087300000, 0x0000000087300000, 0x0000000087400000|  0%| F|  |TAMS 0x0000000087300000, 0x0000000087300000| Untracked 
| 116|0x0000000087400000, 0x0000000087400000, 0x0000000087500000|  0%| F|  |TAMS 0x0000000087400000, 0x0000000087400000| Untracked 
| 117|0x0000000087500000, 0x0000000087500000, 0x0000000087600000|  0%| F|  |TAMS 0x0000000087500000, 0x0000000087500000| Untracked 
| 118|0x0000000087600000, 0x0000000087600000, 0x0000000087700000|  0%| F|  |TAMS 0x0000000087600000, 0x0000000087600000| Untracked 
| 119|0x0000000087700000, 0x0000000087700000, 0x0000000087800000|  0%| F|  |TAMS 0x0000000087700000, 0x0000000087700000| Untracked 
| 120|0x0000000087800000, 0x0000000087800000, 0x0000000087900000|  0%| F|  |TAMS 0x0000000087800000, 0x0000000087800000| Untracked 
| 121|0x0000000087900000, 0x0000000087900000, 0x0000000087a00000|  0%| F|  |TAMS 0x0000000087900000, 0x0000000087900000| Untracked 
| 122|0x0000000087a00000, 0x0000000087a00000, 0x0000000087b00000|  0%| F|  |TAMS 0x0000000087a00000, 0x0000000087a00000| Untracked 
| 123|0x0000000087b00000, 0x0000000087b00000, 0x0000000087c00000|  0%| F|  |TAMS 0x0000000087b00000, 0x0000000087b00000| Untracked 
| 124|0x0000000087c00000, 0x0000000087c00000, 0x0000000087d00000|  0%| F|  |TAMS 0x0000000087c00000, 0x0000000087c00000| Untracked 
| 125|0x0000000087d00000, 0x0000000087d00000, 0x0000000087e00000|  0%| F|  |TAMS 0x0000000087d00000, 0x0000000087d00000| Untracked 
| 126|0x0000000087e00000, 0x0000000087e00000, 0x0000000087f00000|  0%| F|  |TAMS 0x0000000087e00000, 0x0000000087e00000| Untracked 
| 127|0x0000000087f00000, 0x0000000087f00000, 0x0000000088000000|  0%| F|  |TAMS 0x0000000087f00000, 0x0000000087f00000| Untracked 
| 128|0x0000000088000000, 0x0000000088000000, 0x0000000088100000|  0%| F|  |TAMS 0x0000000088000000, 0x0000000088000000| Untracked 
| 129|0x0000000088100000, 0x0000000088100000, 0x0000000088200000|  0%| F|  |TAMS 0x0000000088100000, 0x0000000088100000| Untracked 
| 130|0x0000000088200000, 0x0000000088200000, 0x0000000088300000|  0%| F|  |TAMS 0x0000000088200000, 0x0000000088200000| Untracked 
| 131|0x0000000088300000, 0x0000000088300000, 0x0000000088400000|  0%| F|  |TAMS 0x0000000088300000, 0x0000000088300000| Untracked 
| 132|0x0000000088400000, 0x0000000088400000, 0x0000000088500000|  0%| F|  |TAMS 0x0000000088400000, 0x0000000088400000| Untracked 
| 133|0x0000000088500000, 0x0000000088500000, 0x0000000088600000|  0%| F|  |TAMS 0x0000000088500000, 0x0000000088500000| Untracked 
| 134|0x0000000088600000, 0x0000000088600000, 0x0000000088700000|  0%| F|  |TAMS 0x0000000088600000, 0x0000000088600000| Untracked 
| 135|0x0000000088700000, 0x0000000088700000, 0x0000000088800000|  0%| F|  |TAMS 0x0000000088700000, 0x0000000088700000| Untracked 
| 136|0x0000000088800000, 0x0000000088800000, 0x0000000088900000|  0%| F|  |TAMS 0x0000000088800000, 0x0000000088800000| Untracked 
| 137|0x0000000088900000, 0x0000000088900000, 0x0000000088a00000|  0%| F|  |TAMS 0x0000000088900000, 0x0000000088900000| Untracked 
| 138|0x0000000088a00000, 0x0000000088a00000, 0x0000000088b00000|  0%| F|  |TAMS 0x0000000088a00000, 0x0000000088a00000| Untracked 
| 139|0x0000000088b00000, 0x0000000088c00000, 0x0000000088c00000|100%| S|CS|TAMS 0x0000000088b00000, 0x0000000088b00000| Complete 
| 140|0x0000000088c00000, 0x0000000088d00000, 0x0000000088d00000|100%| S|CS|TAMS 0x0000000088c00000, 0x0000000088c00000| Complete 
| 141|0x0000000088d00000, 0x0000000088e00000, 0x0000000088e00000|100%| S|CS|TAMS 0x0000000088d00000, 0x0000000088d00000| Complete 
| 142|0x0000000088e00000, 0x0000000088f00000, 0x0000000088f00000|100%| S|CS|TAMS 0x0000000088e00000, 0x0000000088e00000| Complete 
| 143|0x0000000088f00000, 0x0000000089000000, 0x0000000089000000|100%| S|CS|TAMS 0x0000000088f00000, 0x0000000088f00000| Complete 
| 144|0x0000000089000000, 0x0000000089100000, 0x0000000089100000|100%| S|CS|TAMS 0x0000000089000000, 0x0000000089000000| Complete 
| 145|0x0000000089100000, 0x0000000089200000, 0x0000000089200000|100%| S|CS|TAMS 0x0000000089100000, 0x0000000089100000| Complete 
| 146|0x0000000089200000, 0x0000000089300000, 0x0000000089300000|100%| S|CS|TAMS 0x0000000089200000, 0x0000000089200000| Complete 
| 147|0x0000000089300000, 0x0000000089400000, 0x0000000089400000|100%| S|CS|TAMS 0x0000000089300000, 0x0000000089300000| Complete 
| 148|0x0000000089400000, 0x0000000089500000, 0x0000000089500000|100%| S|CS|TAMS 0x0000000089400000, 0x0000000089400000| Complete 
| 149|0x0000000089500000, 0x0000000089600000, 0x0000000089600000|100%| S|CS|TAMS 0x0000000089500000, 0x0000000089500000| Complete 
| 150|0x0000000089600000, 0x0000000089700000, 0x0000000089700000|100%| S|CS|TAMS 0x0000000089600000, 0x0000000089600000| Complete 
| 151|0x0000000089700000, 0x0000000089800000, 0x0000000089800000|100%| S|CS|TAMS 0x0000000089700000, 0x0000000089700000| Complete 
| 152|0x0000000089800000, 0x0000000089800000, 0x0000000089900000|  0%| F|  |TAMS 0x0000000089800000, 0x0000000089800000| Untracked 
| 153|0x0000000089900000, 0x0000000089900000, 0x0000000089a00000|  0%| F|  |TAMS 0x0000000089900000, 0x0000000089900000| Untracked 
| 154|0x0000000089a00000, 0x0000000089a00000, 0x0000000089b00000|  0%| F|  |TAMS 0x0000000089a00000, 0x0000000089a00000| Untracked 
| 155|0x0000000089b00000, 0x0000000089b00000, 0x0000000089c00000|  0%| F|  |TAMS 0x0000000089b00000, 0x0000000089b00000| Untracked 
| 156|0x0000000089c00000, 0x0000000089c00000, 0x0000000089d00000|  0%| F|  |TAMS 0x0000000089c00000, 0x0000000089c00000| Untracked 
| 157|0x0000000089d00000, 0x0000000089d00000, 0x0000000089e00000|  0%| F|  |TAMS 0x0000000089d00000, 0x0000000089d00000| Untracked 
| 158|0x0000000089e00000, 0x0000000089e00000, 0x0000000089f00000|  0%| F|  |TAMS 0x0000000089e00000, 0x0000000089e00000| Untracked 
| 159|0x0000000089f00000, 0x0000000089f00000, 0x000000008a000000|  0%| F|  |TAMS 0x0000000089f00000, 0x0000000089f00000| Untracked 
| 160|0x000000008a000000, 0x000000008a000000, 0x000000008a100000|  0%| F|  |TAMS 0x000000008a000000, 0x000000008a000000| Untracked 
| 161|0x000000008a100000, 0x000000008a100000, 0x000000008a200000|  0%| F|  |TAMS 0x000000008a100000, 0x000000008a100000| Untracked 
| 162|0x000000008a200000, 0x000000008a200000, 0x000000008a300000|  0%| F|  |TAMS 0x000000008a200000, 0x000000008a200000| Untracked 
| 163|0x000000008a300000, 0x000000008a300000, 0x000000008a400000|  0%| F|  |TAMS 0x000000008a300000, 0x000000008a300000| Untracked 
| 164|0x000000008a400000, 0x000000008a400000, 0x000000008a500000|  0%| F|  |TAMS 0x000000008a400000, 0x000000008a400000| Untracked 
| 165|0x000000008a500000, 0x000000008a500000, 0x000000008a600000|  0%| F|  |TAMS 0x000000008a500000, 0x000000008a500000| Untracked 
| 166|0x000000008a600000, 0x000000008a600000, 0x000000008a700000|  0%| F|  |TAMS 0x000000008a600000, 0x000000008a600000| Untracked 
| 167|0x000000008a700000, 0x000000008a700000, 0x000000008a800000|  0%| F|  |TAMS 0x000000008a700000, 0x000000008a700000| Untracked 
| 168|0x000000008a800000, 0x000000008a800000, 0x000000008a900000|  0%| F|  |TAMS 0x000000008a800000, 0x000000008a800000| Untracked 
| 169|0x000000008a900000, 0x000000008a900000, 0x000000008aa00000|  0%| F|  |TAMS 0x000000008a900000, 0x000000008a900000| Untracked 
| 170|0x000000008aa00000, 0x000000008aa00000, 0x000000008ab00000|  0%| F|  |TAMS 0x000000008aa00000, 0x000000008aa00000| Untracked 
| 171|0x000000008ab00000, 0x000000008ab00000, 0x000000008ac00000|  0%| F|  |TAMS 0x000000008ab00000, 0x000000008ab00000| Untracked 
| 172|0x000000008ac00000, 0x000000008ac00000, 0x000000008ad00000|  0%| F|  |TAMS 0x000000008ac00000, 0x000000008ac00000| Untracked 
| 173|0x000000008ad00000, 0x000000008ad00000, 0x000000008ae00000|  0%| F|  |TAMS 0x000000008ad00000, 0x000000008ad00000| Untracked 
| 174|0x000000008ae00000, 0x000000008ae00000, 0x000000008af00000|  0%| F|  |TAMS 0x000000008ae00000, 0x000000008ae00000| Untracked 
| 175|0x000000008af00000, 0x000000008af00000, 0x000000008b000000|  0%| F|  |TAMS 0x000000008af00000, 0x000000008af00000| Untracked 
| 176|0x000000008b000000, 0x000000008b000000, 0x000000008b100000|  0%| F|  |TAMS 0x000000008b000000, 0x000000008b000000| Untracked 
| 177|0x000000008b100000, 0x000000008b100000, 0x000000008b200000|  0%| F|  |TAMS 0x000000008b100000, 0x000000008b100000| Untracked 
| 178|0x000000008b200000, 0x000000008b200000, 0x000000008b300000|  0%| F|  |TAMS 0x000000008b200000, 0x000000008b200000| Untracked 
| 179|0x000000008b300000, 0x000000008b300000, 0x000000008b400000|  0%| F|  |TAMS 0x000000008b300000, 0x000000008b300000| Untracked 
| 180|0x000000008b400000, 0x000000008b400000, 0x000000008b500000|  0%| F|  |TAMS 0x000000008b400000, 0x000000008b400000| Untracked 
| 181|0x000000008b500000, 0x000000008b500000, 0x000000008b600000|  0%| F|  |TAMS 0x000000008b500000, 0x000000008b500000| Untracked 
| 182|0x000000008b600000, 0x000000008b600000, 0x000000008b700000|  0%| F|  |TAMS 0x000000008b600000, 0x000000008b600000| Untracked 
| 183|0x000000008b700000, 0x000000008b700000, 0x000000008b800000|  0%| F|  |TAMS 0x000000008b700000, 0x000000008b700000| Untracked 
| 184|0x000000008b800000, 0x000000008b800000, 0x000000008b900000|  0%| F|  |TAMS 0x000000008b800000, 0x000000008b800000| Untracked 
| 185|0x000000008b900000, 0x000000008b900000, 0x000000008ba00000|  0%| F|  |TAMS 0x000000008b900000, 0x000000008b900000| Untracked 
| 186|0x000000008ba00000, 0x000000008ba00000, 0x000000008bb00000|  0%| F|  |TAMS 0x000000008ba00000, 0x000000008ba00000| Untracked 
| 187|0x000000008bb00000, 0x000000008bb00000, 0x000000008bc00000|  0%| F|  |TAMS 0x000000008bb00000, 0x000000008bb00000| Untracked 
| 188|0x000000008bc00000, 0x000000008bc00000, 0x000000008bd00000|  0%| F|  |TAMS 0x000000008bc00000, 0x000000008bc00000| Untracked 
| 189|0x000000008bd00000, 0x000000008bd00000, 0x000000008be00000|  0%| F|  |TAMS 0x000000008bd00000, 0x000000008bd00000| Untracked 
| 190|0x000000008be00000, 0x000000008be00000, 0x000000008bf00000|  0%| F|  |TAMS 0x000000008be00000, 0x000000008be00000| Untracked 
| 191|0x000000008bf00000, 0x000000008bf00000, 0x000000008c000000|  0%| F|  |TAMS 0x000000008bf00000, 0x000000008bf00000| Untracked 
| 192|0x000000008c000000, 0x000000008c000000, 0x000000008c100000|  0%| F|  |TAMS 0x000000008c000000, 0x000000008c000000| Untracked 
| 193|0x000000008c100000, 0x000000008c100000, 0x000000008c200000|  0%| F|  |TAMS 0x000000008c100000, 0x000000008c100000| Untracked 
| 194|0x000000008c200000, 0x000000008c200000, 0x000000008c300000|  0%| F|  |TAMS 0x000000008c200000, 0x000000008c200000| Untracked 
| 195|0x000000008c300000, 0x000000008c300000, 0x000000008c400000|  0%| F|  |TAMS 0x000000008c300000, 0x000000008c300000| Untracked 
| 196|0x000000008c400000, 0x000000008c400000, 0x000000008c500000|  0%| F|  |TAMS 0x000000008c400000, 0x000000008c400000| Untracked 
| 197|0x000000008c500000, 0x000000008c500000, 0x000000008c600000|  0%| F|  |TAMS 0x000000008c500000, 0x000000008c500000| Untracked 
| 198|0x000000008c600000, 0x000000008c600000, 0x000000008c700000|  0%| F|  |TAMS 0x000000008c600000, 0x000000008c600000| Untracked 
| 199|0x000000008c700000, 0x000000008c700000, 0x000000008c800000|  0%| F|  |TAMS 0x000000008c700000, 0x000000008c700000| Untracked 
| 200|0x000000008c800000, 0x000000008c800000, 0x000000008c900000|  0%| F|  |TAMS 0x000000008c800000, 0x000000008c800000| Untracked 
| 201|0x000000008c900000, 0x000000008c900000, 0x000000008ca00000|  0%| F|  |TAMS 0x000000008c900000, 0x000000008c900000| Untracked 
| 202|0x000000008ca00000, 0x000000008ca00000, 0x000000008cb00000|  0%| F|  |TAMS 0x000000008ca00000, 0x000000008ca00000| Untracked 
| 203|0x000000008cb00000, 0x000000008cb00000, 0x000000008cc00000|  0%| F|  |TAMS 0x000000008cb00000, 0x000000008cb00000| Untracked 
| 204|0x000000008cc00000, 0x000000008cc00000, 0x000000008cd00000|  0%| F|  |TAMS 0x000000008cc00000, 0x000000008cc00000| Untracked 
| 205|0x000000008cd00000, 0x000000008cd00000, 0x000000008ce00000|  0%| F|  |TAMS 0x000000008cd00000, 0x000000008cd00000| Untracked 
| 206|0x000000008ce00000, 0x000000008ce00000, 0x000000008cf00000|  0%| F|  |TAMS 0x000000008ce00000, 0x000000008ce00000| Untracked 
| 207|0x000000008cf00000, 0x000000008cf00000, 0x000000008d000000|  0%| F|  |TAMS 0x000000008cf00000, 0x000000008cf00000| Untracked 
| 208|0x000000008d000000, 0x000000008d000000, 0x000000008d100000|  0%| F|  |TAMS 0x000000008d000000, 0x000000008d000000| Untracked 
| 209|0x000000008d100000, 0x000000008d100000, 0x000000008d200000|  0%| F|  |TAMS 0x000000008d100000, 0x000000008d100000| Untracked 
| 210|0x000000008d200000, 0x000000008d200000, 0x000000008d300000|  0%| F|  |TAMS 0x000000008d200000, 0x000000008d200000| Untracked 
| 211|0x000000008d300000, 0x000000008d300000, 0x000000008d400000|  0%| F|  |TAMS 0x000000008d300000, 0x000000008d300000| Untracked 
| 212|0x000000008d400000, 0x000000008d400000, 0x000000008d500000|  0%| F|  |TAMS 0x000000008d400000, 0x000000008d400000| Untracked 
| 213|0x000000008d500000, 0x000000008d500000, 0x000000008d600000|  0%| F|  |TAMS 0x000000008d500000, 0x000000008d500000| Untracked 
| 214|0x000000008d600000, 0x000000008d600000, 0x000000008d700000|  0%| F|  |TAMS 0x000000008d600000, 0x000000008d600000| Untracked 
| 215|0x000000008d700000, 0x000000008d700000, 0x000000008d800000|  0%| F|  |TAMS 0x000000008d700000, 0x000000008d700000| Untracked 
| 216|0x000000008d800000, 0x000000008d800000, 0x000000008d900000|  0%| F|  |TAMS 0x000000008d800000, 0x000000008d800000| Untracked 
| 217|0x000000008d900000, 0x000000008d900000, 0x000000008da00000|  0%| F|  |TAMS 0x000000008d900000, 0x000000008d900000| Untracked 
| 218|0x000000008da00000, 0x000000008da00000, 0x000000008db00000|  0%| F|  |TAMS 0x000000008da00000, 0x000000008da00000| Untracked 
| 219|0x000000008db00000, 0x000000008db00000, 0x000000008dc00000|  0%| F|  |TAMS 0x000000008db00000, 0x000000008db00000| Untracked 
| 220|0x000000008dc00000, 0x000000008dc00000, 0x000000008dd00000|  0%| F|  |TAMS 0x000000008dc00000, 0x000000008dc00000| Untracked 
| 221|0x000000008dd00000, 0x000000008dd00000, 0x000000008de00000|  0%| F|  |TAMS 0x000000008dd00000, 0x000000008dd00000| Untracked 
| 222|0x000000008de00000, 0x000000008de00000, 0x000000008df00000|  0%| F|  |TAMS 0x000000008de00000, 0x000000008de00000| Untracked 
| 223|0x000000008df00000, 0x000000008df00000, 0x000000008e000000|  0%| F|  |TAMS 0x000000008df00000, 0x000000008df00000| Untracked 
| 224|0x000000008e000000, 0x000000008e000000, 0x000000008e100000|  0%| F|  |TAMS 0x000000008e000000, 0x000000008e000000| Untracked 
| 225|0x000000008e100000, 0x000000008e100000, 0x000000008e200000|  0%| F|  |TAMS 0x000000008e100000, 0x000000008e100000| Untracked 
| 226|0x000000008e200000, 0x000000008e200000, 0x000000008e300000|  0%| F|  |TAMS 0x000000008e200000, 0x000000008e200000| Untracked 
| 227|0x000000008e300000, 0x000000008e300000, 0x000000008e400000|  0%| F|  |TAMS 0x000000008e300000, 0x000000008e300000| Untracked 
| 228|0x000000008e400000, 0x000000008e400000, 0x000000008e500000|  0%| F|  |TAMS 0x000000008e400000, 0x000000008e400000| Untracked 
| 229|0x000000008e500000, 0x000000008e500000, 0x000000008e600000|  0%| F|  |TAMS 0x000000008e500000, 0x000000008e500000| Untracked 
| 230|0x000000008e600000, 0x000000008e600000, 0x000000008e700000|  0%| F|  |TAMS 0x000000008e600000, 0x000000008e600000| Untracked 
| 231|0x000000008e700000, 0x000000008e700000, 0x000000008e800000|  0%| F|  |TAMS 0x000000008e700000, 0x000000008e700000| Untracked 
| 232|0x000000008e800000, 0x000000008e800000, 0x000000008e900000|  0%| F|  |TAMS 0x000000008e800000, 0x000000008e800000| Untracked 
| 233|0x000000008e900000, 0x000000008e900000, 0x000000008ea00000|  0%| F|  |TAMS 0x000000008e900000, 0x000000008e900000| Untracked 
| 234|0x000000008ea00000, 0x000000008ea00000, 0x000000008eb00000|  0%| F|  |TAMS 0x000000008ea00000, 0x000000008ea00000| Untracked 
| 235|0x000000008eb00000, 0x000000008eb00000, 0x000000008ec00000|  0%| F|  |TAMS 0x000000008eb00000, 0x000000008eb00000| Untracked 
| 236|0x000000008ec00000, 0x000000008ec00000, 0x000000008ed00000|  0%| F|  |TAMS 0x000000008ec00000, 0x000000008ec00000| Untracked 
| 237|0x000000008ed00000, 0x000000008ed00000, 0x000000008ee00000|  0%| F|  |TAMS 0x000000008ed00000, 0x000000008ed00000| Untracked 
| 238|0x000000008ee00000, 0x000000008ee00000, 0x000000008ef00000|  0%| F|  |TAMS 0x000000008ee00000, 0x000000008ee00000| Untracked 
| 239|0x000000008ef00000, 0x000000008ef00000, 0x000000008f000000|  0%| F|  |TAMS 0x000000008ef00000, 0x000000008ef00000| Untracked 
| 240|0x000000008f000000, 0x000000008f000000, 0x000000008f100000|  0%| F|  |TAMS 0x000000008f000000, 0x000000008f000000| Untracked 
| 241|0x000000008f100000, 0x000000008f100000, 0x000000008f200000|  0%| F|  |TAMS 0x000000008f100000, 0x000000008f100000| Untracked 
| 242|0x000000008f200000, 0x000000008f200000, 0x000000008f300000|  0%| F|  |TAMS 0x000000008f200000, 0x000000008f200000| Untracked 
| 243|0x000000008f300000, 0x000000008f300000, 0x000000008f400000|  0%| F|  |TAMS 0x000000008f300000, 0x000000008f300000| Untracked 
| 244|0x000000008f400000, 0x000000008f400000, 0x000000008f500000|  0%| F|  |TAMS 0x000000008f400000, 0x000000008f400000| Untracked 
| 245|0x000000008f500000, 0x000000008f500000, 0x000000008f600000|  0%| F|  |TAMS 0x000000008f500000, 0x000000008f500000| Untracked 
| 246|0x000000008f600000, 0x000000008f600000, 0x000000008f700000|  0%| F|  |TAMS 0x000000008f600000, 0x000000008f600000| Untracked 
| 247|0x000000008f700000, 0x000000008f700000, 0x000000008f800000|  0%| F|  |TAMS 0x000000008f700000, 0x000000008f700000| Untracked 
| 248|0x000000008f800000, 0x000000008f800000, 0x000000008f900000|  0%| F|  |TAMS 0x000000008f800000, 0x000000008f800000| Untracked 
| 249|0x000000008f900000, 0x000000008f900000, 0x000000008fa00000|  0%| F|  |TAMS 0x000000008f900000, 0x000000008f900000| Untracked 
| 250|0x000000008fa00000, 0x000000008fa00000, 0x000000008fb00000|  0%| F|  |TAMS 0x000000008fa00000, 0x000000008fa00000| Untracked 
| 251|0x000000008fb00000, 0x000000008fb00000, 0x000000008fc00000|  0%| F|  |TAMS 0x000000008fb00000, 0x000000008fb00000| Untracked 
| 252|0x000000008fc00000, 0x000000008fc00000, 0x000000008fd00000|  0%| F|  |TAMS 0x000000008fc00000, 0x000000008fc00000| Untracked 
| 253|0x000000008fd00000, 0x000000008fd00000, 0x000000008fe00000|  0%| F|  |TAMS 0x000000008fd00000, 0x000000008fd00000| Untracked 
| 254|0x000000008fe00000, 0x000000008fe00000, 0x000000008ff00000|  0%| F|  |TAMS 0x000000008fe00000, 0x000000008fe00000| Untracked 
| 255|0x000000008ff00000, 0x000000008ff00000, 0x0000000090000000|  0%| F|  |TAMS 0x000000008ff00000, 0x000000008ff00000| Untracked 
| 256|0x0000000090000000, 0x0000000090000000, 0x0000000090100000|  0%| F|  |TAMS 0x0000000090000000, 0x0000000090000000| Untracked 
| 257|0x0000000090100000, 0x0000000090100000, 0x0000000090200000|  0%| F|  |TAMS 0x0000000090100000, 0x0000000090100000| Untracked 
| 258|0x0000000090200000, 0x0000000090233280, 0x0000000090300000| 19%| E|  |TAMS 0x0000000090200000, 0x0000000090200000| Complete 
| 259|0x0000000090300000, 0x0000000090400000, 0x0000000090400000|100%| E|CS|TAMS 0x0000000090300000, 0x0000000090300000| Complete 
| 260|0x0000000090400000, 0x0000000090500000, 0x0000000090500000|100%| E|CS|TAMS 0x0000000090400000, 0x0000000090400000| Complete 
| 261|0x0000000090500000, 0x0000000090600000, 0x0000000090600000|100%| E|CS|TAMS 0x0000000090500000, 0x0000000090500000| Complete 
| 262|0x0000000090600000, 0x0000000090700000, 0x0000000090700000|100%| E|CS|TAMS 0x0000000090600000, 0x0000000090600000| Complete 
| 263|0x0000000090700000, 0x0000000090800000, 0x0000000090800000|100%| E|CS|TAMS 0x0000000090700000, 0x0000000090700000| Complete 
| 264|0x0000000090800000, 0x0000000090900000, 0x0000000090900000|100%| E|CS|TAMS 0x0000000090800000, 0x0000000090800000| Complete 
| 265|0x0000000090900000, 0x0000000090a00000, 0x0000000090a00000|100%| E|CS|TAMS 0x0000000090900000, 0x0000000090900000| Complete 
| 266|0x0000000090a00000, 0x0000000090b00000, 0x0000000090b00000|100%| E|CS|TAMS 0x0000000090a00000, 0x0000000090a00000| Complete 
| 267|0x0000000090b00000, 0x0000000090c00000, 0x0000000090c00000|100%| E|CS|TAMS 0x0000000090b00000, 0x0000000090b00000| Complete 
| 268|0x0000000090c00000, 0x0000000090d00000, 0x0000000090d00000|100%| E|CS|TAMS 0x0000000090c00000, 0x0000000090c00000| Complete 
| 269|0x0000000090d00000, 0x0000000090e00000, 0x0000000090e00000|100%| E|CS|TAMS 0x0000000090d00000, 0x0000000090d00000| Complete 
| 270|0x0000000090e00000, 0x0000000090f00000, 0x0000000090f00000|100%| E|CS|TAMS 0x0000000090e00000, 0x0000000090e00000| Complete 
| 271|0x0000000090f00000, 0x0000000091000000, 0x0000000091000000|100%| E|CS|TAMS 0x0000000090f00000, 0x0000000090f00000| Complete 
| 272|0x0000000091000000, 0x0000000091100000, 0x0000000091100000|100%| E|CS|TAMS 0x0000000091000000, 0x0000000091000000| Complete 
| 273|0x0000000091100000, 0x0000000091200000, 0x0000000091200000|100%| E|CS|TAMS 0x0000000091100000, 0x0000000091100000| Complete 
| 274|0x0000000091200000, 0x0000000091300000, 0x0000000091300000|100%| E|CS|TAMS 0x0000000091200000, 0x0000000091200000| Complete 
| 275|0x0000000091300000, 0x0000000091400000, 0x0000000091400000|100%| E|CS|TAMS 0x0000000091300000, 0x0000000091300000| Complete 
| 276|0x0000000091400000, 0x0000000091500000, 0x0000000091500000|100%| E|CS|TAMS 0x0000000091400000, 0x0000000091400000| Complete 
| 277|0x0000000091500000, 0x0000000091600000, 0x0000000091600000|100%| E|CS|TAMS 0x0000000091500000, 0x0000000091500000| Complete 

Card table byte_map: [0x000001b71fa10000,0x000001b71fe10000] _byte_map_base: 0x000001b71f610000

Marking Bits (Prev, Next): (CMBitMap*) 0x000001b70c50d360, (CMBitMap*) 0x000001b70c50d328
 Prev Bits: [0x000001b722210000, 0x000001b724210000)
 Next Bits: [0x000001b720210000, 0x000001b722210000)

Polling page: 0x000001b70acc0000

Metaspace:

Usage:
  Non-class:     89.74 MB capacity,    88.20 MB ( 98%) used,     1.24 MB (  1%) free+waste,   311.13 KB ( <1%) overhead. 
      Class:     14.16 MB capacity,    13.17 MB ( 93%) used,   881.31 KB (  6%) free+waste,   140.06 KB ( <1%) overhead. 
       Both:    103.90 MB capacity,   101.36 MB ( 98%) used,     2.10 MB (  2%) free+waste,   451.19 KB ( <1%) overhead. 

Virtual space:
  Non-class space:       90.00 MB reserved,      89.84 MB (>99%) committed 
      Class space:        1.00 GB reserved,      14.20 MB (  1%) committed 
             Both:        1.09 GB reserved,     104.04 MB (  9%) committed 

Chunk freelists:
   Non-Class:  37.00 KB
       Class:  0 bytes
        Both:  37.00 KB

MaxMetaspaceSize: 17179869184.00 GB
CompressedClassSpaceSize: 1.00 GB
Initial GC threshold: 20.80 MB
Current GC threshold: 169.85 MB
CDS: off

CodeHeap 'non-profiled nmethods': size=120064Kb used=9108Kb max_used=9108Kb free=110955Kb
 bounds [0x000001b717aa0000, 0x000001b718390000, 0x000001b71efe0000]
CodeHeap 'profiled nmethods': size=120000Kb used=30163Kb max_used=30163Kb free=89836Kb
 bounds [0x000001b710570000, 0x000001b7122f0000, 0x000001b717aa0000]
CodeHeap 'non-nmethods': size=5696Kb used=2446Kb max_used=2489Kb free=3249Kb
 bounds [0x000001b70ffe0000, 0x000001b710250000, 0x000001b710570000]
 total_blobs=14832 nmethods=13848 adapters=896
 compilation: enabled
              stopped_count=0, restarted_count=0
 full_count=0

Compilation events (20 events):
Event: 44.966 Thread 0x000001b7270f3800 13980       3       java.util.logging.Logger::log (153 bytes)
Event: 44.968 Thread 0x000001b7270f3800 nmethod 13980 0x000001b7122d7e10 code [0x000001b7122d8060, 0x000001b7122d8bb8]
Event: 44.968 Thread 0x000001b7270f3800 13981       3       org.slf4j.bridge.SLF4JBridgeHandler::publish (49 bytes)
Event: 44.968 Thread 0x000001b7270f3800 nmethod 13981 0x000001b7122d8f90 code [0x000001b7122d91c0, 0x000001b7122d98b8]
Event: 44.968 Thread 0x000001b7270f3800 13982       3       org.slf4j.bridge.SLF4JBridgeHandler::getSLF4JLogger (17 bytes)
Event: 44.969 Thread 0x000001b7270f3800 nmethod 13982 0x000001b7122d9a90 code [0x000001b7122d9c60, 0x000001b7122d9f18]
Event: 44.970 Thread 0x000001b7270f3800 13984   !   3       java.net.AbstractPlainSocketImpl::acquireFD (29 bytes)
Event: 44.970 Thread 0x000001b7270f3800 nmethod 13984 0x000001b7122da090 code [0x000001b7122da240, 0x000001b7122da4d8]
Event: 44.970 Thread 0x000001b7270f3800 13985   !   3       java.net.AbstractPlainSocketImpl::releaseFD (74 bytes)
Event: 44.971 Thread 0x000001b7270f3800 nmethod 13985 0x000001b7122da590 code [0x000001b7122da7c0, 0x000001b7122db278]
Event: 44.974 Thread 0x000001b7270f3800 13986       3       sun.rmi.server.MarshalOutputStream::replaceObject (33 bytes)
Event: 44.975 Thread 0x000001b7270f3800 nmethod 13986 0x000001b7122db610 code [0x000001b7122db880, 0x000001b7122dc588]
Event: 44.989 Thread 0x000001b7270f3800 13987       1       java.net.AbstractPlainSocketImpl::getTimeout (5 bytes)
Event: 44.989 Thread 0x000001b7270f3800 nmethod 13987 0x000001b718376190 code [0x000001b718376340, 0x000001b7183763f8]
Event: 44.990 Thread 0x000001b7270f3800 13988   !   3       java.io.ObjectInputStream::filterCheck (223 bytes)
Event: 44.993 Thread 0x000001b7270f3800 nmethod 13988 0x000001b7122dc990 code [0x000001b7122dcda0, 0x000001b7122dee48]
Event: 45.159 Thread 0x000001b7270f3800 13989       3       java.lang.invoke.DirectMethodHandle$Holder::invokeStatic (15 bytes)
Event: 45.159 Thread 0x000001b7270f3800 nmethod 13989 0x000001b7122df910 code [0x000001b7122dfae0, 0x000001b7122dfeb8]
Event: 45.161 Thread 0x000001b7270f3800 13990       3       sun.rmi.runtime.Log$LoggerLog::log (39 bytes)
Event: 45.166 Thread 0x000001b7270f3800 nmethod 13990 0x000001b7122e0010 code [0x000001b7122e05a0, 0x000001b7122e3908]

GC Heap History (20 events):
Event: 12.069 GC heap before
{Heap before GC invocations=11 (full 0):
 garbage-first heap   total 236544K, used 168116K [0x0000000080000000, 0x0000000100000000)
  region size 1024K, 136 young (139264K), 11 survivors (11264K)
 Metaspace       used 58606K, capacity 59936K, committed 60068K, reserved 1101824K
  class space    used 7401K, capacity 7939K, committed 8012K, reserved 1048576K
}
Event: 12.113 GC heap after
{Heap after GC invocations=12 (full 0):
 garbage-first heap   total 236544K, used 53689K [0x0000000080000000, 0x0000000100000000)
  region size 1024K, 17 young (17408K), 17 survivors (17408K)
 Metaspace       used 58606K, capacity 59936K, committed 60068K, reserved 1101824K
  class space    used 7401K, capacity 7939K, committed 8012K, reserved 1048576K
}
Event: 15.373 GC heap before
{Heap before GC invocations=13 (full 0):
 garbage-first heap   total 236544K, used 175545K [0x0000000080000000, 0x0000000100000000)
  region size 1024K, 136 young (139264K), 17 survivors (17408K)
 Metaspace       used 71360K, capacity 73000K, committed 73252K, reserved 1114112K
  class space    used 9005K, capacity 9611K, committed 9676K, reserved 1048576K
}
Event: 15.404 GC heap after
{Heap after GC invocations=14 (full 0):
 garbage-first heap   total 236544K, used 62323K [0x0000000080000000, 0x0000000100000000)
  region size 1024K, 8 young (8192K), 8 survivors (8192K)
 Metaspace       used 71360K, capacity 73000K, committed 73252K, reserved 1114112K
  class space    used 9005K, capacity 9611K, committed 9676K, reserved 1048576K
}
Event: 17.373 GC heap before
{Heap before GC invocations=14 (full 0):
 garbage-first heap   total 236544K, used 180083K [0x0000000080000000, 0x0000000100000000)
  region size 1024K, 123 young (125952K), 8 survivors (8192K)
 Metaspace       used 78309K, capacity 80032K, committed 80292K, reserved 1118208K
  class space    used 10066K, capacity 10730K, committed 10828K, reserved 1048576K
}
Event: 17.395 GC heap after
{Heap after GC invocations=15 (full 0):
 garbage-first heap   total 236544K, used 68467K [0x0000000080000000, 0x0000000100000000)
  region size 1024K, 14 young (14336K), 14 survivors (14336K)
 Metaspace       used 78309K, capacity 80032K, committed 80292K, reserved 1118208K
  class space    used 10066K, capacity 10730K, committed 10828K, reserved 1048576K
}
Event: 19.435 GC heap before
{Heap before GC invocations=15 (full 0):
 garbage-first heap   total 236544K, used 183155K [0x0000000080000000, 0x0000000100000000)
  region size 1024K, 126 young (129024K), 14 survivors (14336K)
 Metaspace       used 85718K, capacity 87593K, committed 87716K, reserved 1126400K
  class space    used 11094K, capacity 11798K, committed 11852K, reserved 1048576K
}
Event: 19.466 GC heap after
{Heap after GC invocations=16 (full 0):
 garbage-first heap   total 236544K, used 74801K [0x0000000080000000, 0x0000000100000000)
  region size 1024K, 14 young (14336K), 14 survivors (14336K)
 Metaspace       used 85718K, capacity 87593K, committed 87716K, reserved 1126400K
  class space    used 11094K, capacity 11798K, committed 11852K, reserved 1048576K
}
Event: 21.757 GC heap before
{Heap before GC invocations=16 (full 0):
 garbage-first heap   total 236544K, used 185393K [0x0000000080000000, 0x0000000100000000)
  region size 1024K, 122 young (124928K), 14 survivors (14336K)
 Metaspace       used 92300K, capacity 94425K, committed 94628K, reserved 1130496K
  class space    used 11986K, capacity 12788K, committed 12876K, reserved 1048576K
}
Event: 21.797 GC heap after
{Heap after GC invocations=17 (full 0):
 garbage-first heap   total 284672K, used 83255K [0x0000000080000000, 0x0000000100000000)
  region size 1024K, 15 young (15360K), 15 survivors (15360K)
 Metaspace       used 92300K, capacity 94425K, committed 94628K, reserved 1130496K
  class space    used 11986K, capacity 12788K, committed 12876K, reserved 1048576K
}
Event: 25.141 GC heap before
{Heap before GC invocations=17 (full 0):
 garbage-first heap   total 284672K, used 216375K [0x0000000080000000, 0x0000000100000000)
  region size 1024K, 145 young (148480K), 15 survivors (15360K)
 Metaspace       used 93638K, capacity 95837K, committed 96036K, reserved 1132544K
  class space    used 12129K, capacity 12979K, committed 13004K, reserved 1048576K
}
Event: 25.189 GC heap after
{Heap after GC invocations=18 (full 0):
 garbage-first heap   total 284672K, used 90259K [0x0000000080000000, 0x0000000100000000)
  region size 1024K, 15 young (15360K), 15 survivors (15360K)
 Metaspace       used 93638K, capacity 95837K, committed 96036K, reserved 1132544K
  class space    used 12129K, capacity 12979K, committed 13004K, reserved 1048576K
}
Event: 28.485 GC heap before
{Heap before GC invocations=18 (full 0):
 garbage-first heap   total 284672K, used 223379K [0x0000000080000000, 0x0000000100000000)
  region size 1024K, 146 young (149504K), 15 survivors (15360K)
 Metaspace       used 94461K, capacity 96718K, committed 96932K, reserved 1132544K
  class space    used 12226K, capacity 13101K, committed 13132K, reserved 1048576K
}
Event: 28.519 GC heap after
{Heap after GC invocations=19 (full 0):
 garbage-first heap   total 284672K, used 96372K [0x0000000080000000, 0x0000000100000000)
  region size 1024K, 13 young (13312K), 13 survivors (13312K)
 Metaspace       used 94461K, capacity 96718K, committed 96932K, reserved 1132544K
  class space    used 12226K, capacity 13101K, committed 13132K, reserved 1048576K
}
Event: 29.316 GC heap before
{Heap before GC invocations=19 (full 0):
 garbage-first heap   total 284672K, used 179316K [0x0000000080000000, 0x0000000100000000)
  region size 1024K, 95 young (97280K), 13 survivors (13312K)
 Metaspace       used 98141K, capacity 100398K, committed 100516K, reserved 1136640K
  class space    used 12704K, capacity 13581K, committed 13644K, reserved 1048576K
}
Event: 29.342 GC heap after
{Heap after GC invocations=20 (full 0):
 garbage-first heap   total 284672K, used 99177K [0x0000000080000000, 0x0000000100000000)
  region size 1024K, 9 young (9216K), 9 survivors (9216K)
 Metaspace       used 98141K, capacity 100398K, committed 100516K, reserved 1136640K
  class space    used 12704K, capacity 13581K, committed 13644K, reserved 1048576K
}
Event: 32.505 GC heap before
{Heap before GC invocations=21 (full 0):
 garbage-first heap   total 284672K, used 231273K [0x0000000080000000, 0x0000000100000000)
  region size 1024K, 139 young (142336K), 9 survivors (9216K)
 Metaspace       used 101916K, capacity 104305K, committed 104356K, reserved 1140736K
  class space    used 13194K, capacity 14111K, committed 14156K, reserved 1048576K
}
Event: 32.535 GC heap after
{Heap after GC invocations=22 (full 0):
 garbage-first heap   total 284672K, used 104809K [0x0000000080000000, 0x0000000100000000)
  region size 1024K, 14 young (14336K), 14 survivors (14336K)
 Metaspace       used 101916K, capacity 104305K, committed 104356K, reserved 1140736K
  class space    used 13194K, capacity 14111K, committed 14156K, reserved 1048576K
}
Event: 44.408 GC heap before
{Heap before GC invocations=23 (full 0):
 garbage-first heap   total 284672K, used 232809K [0x0000000080000000, 0x0000000100000000)
  region size 1024K, 140 young (143360K), 14 survivors (14336K)
 Metaspace       used 103691K, capacity 106314K, committed 106532K, reserved 1140736K
  class space    used 13479K, capacity 14500K, committed 14540K, reserved 1048576K
}
Event: 44.439 GC heap after
{Heap after GC invocations=24 (full 0):
 garbage-first heap   total 284672K, used 109434K [0x0000000080000000, 0x0000000100000000)
  region size 1024K, 13 young (13312K), 13 survivors (13312K)
 Metaspace       used 103691K, capacity 106314K, committed 106532K, reserved 1140736K
  class space    used 13479K, capacity 14500K, committed 14540K, reserved 1048576K
}

Deoptimization events (20 events):
Event: 44.937 Thread 0x000001b7280ba800 Uncommon trap: trap_request=0xffffffc6 fr.pc=0x000001b7180f6c08 relative=0x00000000000002a8
Event: 44.937 Thread 0x000001b7280ba800 Uncommon trap: reason=bimorphic_or_optimized_type_check action=maybe_recompile pc=0x000001b7180f6c08 method=java.util.stream.ReduceOps$ReduceOp.evaluateSequential(Ljava/util/stream/PipelineHelper;Ljava/util/Spliterator;)Ljava/lang/Object; @ 2 c2
Event: 44.937 Thread 0x000001b7280ba800 DEOPT PACKING pc=0x000001b7180f6c08 sp=0x0000006ce82fdd80
Event: 44.937 Thread 0x000001b7280ba800 DEOPT UNPACKING pc=0x000001b71002a1af sp=0x0000006ce82fdd00 mode 2
Event: 44.940 Thread 0x000001b7280ba800 Uncommon trap: trap_request=0xffffffc6 fr.pc=0x000001b7182e8324 relative=0x0000000000000424
Event: 44.940 Thread 0x000001b7280ba800 Uncommon trap: reason=bimorphic_or_optimized_type_check action=maybe_recompile pc=0x000001b7182e8324 method=java.util.WeakHashMap.eq(Ljava/lang/Object;Ljava/lang/Object;)Z @ 7 c2
Event: 44.940 Thread 0x000001b7280ba800 DEOPT PACKING pc=0x000001b7182e8324 sp=0x0000006ce82fd6f0
Event: 44.940 Thread 0x000001b7280ba800 DEOPT UNPACKING pc=0x000001b71002a1af sp=0x0000006ce82fd648 mode 2
Event: 44.944 Thread 0x000001b7280ba800 Uncommon trap: trap_request=0xffffffc6 fr.pc=0x000001b7182e8324 relative=0x0000000000000424
Event: 44.944 Thread 0x000001b7280ba800 Uncommon trap: reason=bimorphic_or_optimized_type_check action=maybe_recompile pc=0x000001b7182e8324 method=java.util.WeakHashMap.eq(Ljava/lang/Object;Ljava/lang/Object;)Z @ 7 c2
Event: 44.945 Thread 0x000001b7280ba800 DEOPT PACKING pc=0x000001b7182e8324 sp=0x0000006ce82fd290
Event: 44.945 Thread 0x000001b7280ba800 DEOPT UNPACKING pc=0x000001b71002a1af sp=0x0000006ce82fd1e8 mode 2
Event: 44.945 Thread 0x000001b7280ba800 Uncommon trap: trap_request=0xffffffde fr.pc=0x000001b717f5debc relative=0x00000000000009dc
Event: 44.945 Thread 0x000001b7280ba800 Uncommon trap: reason=class_check action=maybe_recompile pc=0x000001b717f5debc method=java.util.WeakHashMap.eq(Ljava/lang/Object;Ljava/lang/Object;)Z @ 7 c2
Event: 44.945 Thread 0x000001b7280ba800 DEOPT PACKING pc=0x000001b717f5debc sp=0x0000006ce82fd260
Event: 44.945 Thread 0x000001b7280ba800 DEOPT UNPACKING pc=0x000001b71002a1af sp=0x0000006ce82fd1d0 mode 2
Event: 44.989 Thread 0x000001b7280c3800 Uncommon trap: trap_request=0xffffffde fr.pc=0x000001b717ec56bc relative=0x000000000000093c
Event: 44.989 Thread 0x000001b7280c3800 Uncommon trap: reason=class_check action=maybe_recompile pc=0x000001b717ec56bc method=java.lang.ThreadLocal.set(Ljava/lang/Object;)V @ 26 c2
Event: 44.989 Thread 0x000001b7280c3800 DEOPT PACKING pc=0x000001b717ec56bc sp=0x0000006ce8cfd620
Event: 44.989 Thread 0x000001b7280c3800 DEOPT UNPACKING pc=0x000001b71002a1af sp=0x0000006ce8cfd600 mode 2

Classes redefined (0 events):
No events

Internal exceptions (20 events):
Event: 35.842 Thread 0x000001b7280ba800 Exception <a 'java/lang/NoSuchMethodError'{0x000000008c484820}: 'java.lang.Object java.lang.invoke.DirectMethodHandle$Holder.invokeStatic(java.lang.Object, java.lang.Object, java.lang.Object, java.lang.Object, java.lang.Object, java.lang.Object, java.lang.Object, java.lang.Object, int, int, java.lang.Object, java.lang.Object)'> (0x000000008c484820) thrown at [./src/hotspot/share/interpreter/linkResolver.cpp, line 773]
Event: 36.082 Thread 0x000001b7280ba800 Exception <a 'java/lang/NoSuchMethodError'{0x000000008c383648}: 'java.lang.Object java.lang.invoke.DirectMethodHandle$Holder.invokeSpecial(java.lang.Object, java.lang.Object, int, int, int, java.lang.Object, java.lang.Object, java.lang.Object)'> (0x000000008c383648) thrown at [./src/hotspot/share/interpreter/linkResolver.cpp, line 773]
Event: 36.082 Thread 0x000001b7280ba800 Exception <a 'java/lang/NoSuchMethodError'{0x000000008c386f30}: 'java.lang.Object java.lang.invoke.DelegatingMethodHandle$Holder.reinvoke_L(java.lang.Object, int, int, int, java.lang.Object, java.lang.Object, java.lang.Object)'> (0x000000008c386f30) thrown at [./src/hotspot/share/interpreter/linkResolver.cpp, line 773]
Event: 36.083 Thread 0x000001b7280ba800 Exception <a 'java/lang/NoSuchMethodError'{0x000000008c38e608}: 'java.lang.Object java.lang.invoke.DirectMethodHandle$Holder.invokeStatic(java.lang.Object, java.lang.Object, java.lang.Object, java.lang.Object, java.lang.Object, int)'> (0x000000008c38e608) thrown at [./src/hotspot/share/interpreter/linkResolver.cpp, line 773]
Event: 36.123 Thread 0x000001b7280ba800 Exception <a 'java/lang/NoSuchMethodError'{0x000000008c2d30d8}: <clinit>> (0x000000008c2d30d8) thrown at [./src/hotspot/share/prims/jni.cpp, line 1365]
Event: 36.123 Thread 0x000001b7280ba800 Exception <a 'java/lang/NoSuchMethodError'{0x000000008c2df1e8}: <clinit>> (0x000000008c2df1e8) thrown at [./src/hotspot/share/prims/jni.cpp, line 1365]
Event: 36.147 Thread 0x000001b7280ba800 Exception <a 'java/lang/NoSuchMethodError'{0x000000008c1206a8}: <clinit>> (0x000000008c1206a8) thrown at [./src/hotspot/share/prims/jni.cpp, line 1365]
Event: 36.151 Thread 0x000001b7280ba800 Exception <a 'java/lang/NoSuchMethodError'{0x000000008c18fb48}: <clinit>> (0x000000008c18fb48) thrown at [./src/hotspot/share/prims/jni.cpp, line 1365]
Event: 36.178 Thread 0x000001b7280b9000 Exception <a 'java/lang/InterruptedException'{0x000000008c1b7cf8}> (0x000000008c1b7cf8) thrown at [./src/hotspot/share/runtime/objectMonitor.cpp, line 1635]
Event: 36.180 Thread 0x000001b7280b9000 Exception <a 'java/lang/NoSuchMethodError'{0x000000008c1bfb08}: 'java.lang.Object java.lang.invoke.DirectMethodHandle$Holder.invokeStatic(java.lang.Object, java.lang.Object, int, java.lang.Object, long)'> (0x000000008c1bfb08) thrown at [./src/hotspot/share/interpreter/linkResolver.cpp, line 773]
Event: 36.207 Thread 0x000001b7280ba800 Exception <a 'java/lang/NoSuchMethodError'{0x000000008c0025a0}: <clinit>> (0x000000008c0025a0) thrown at [./src/hotspot/share/prims/jni.cpp, line 1365]
Event: 36.208 Thread 0x000001b7280ba800 Exception <a 'java/lang/NoSuchMethodError'{0x000000008c00e3f8}: <clinit>> (0x000000008c00e3f8) thrown at [./src/hotspot/share/prims/jni.cpp, line 1365]
Event: 36.210 Thread 0x000001b7280ba800 Exception <a 'java/lang/NoSuchMethodError'{0x000000008c01d910}: <clinit>> (0x000000008c01d910) thrown at [./src/hotspot/share/prims/jni.cpp, line 1365]
Event: 36.218 Thread 0x000001b7280ba800 Exception <a 'java/lang/NoSuchMethodError'{0x000000008c03ea28}: <clinit>> (0x000000008c03ea28) thrown at [./src/hotspot/share/prims/jni.cpp, line 1365]
Event: 36.260 Thread 0x000001b7280ba800 Exception <a 'java/lang/NoSuchMethodError'{0x000000008bf842d0}: 'java.lang.Object java.lang.invoke.DirectMethodHandle$Holder.invokeSpecial(java.lang.Object, java.lang.Object, int, int, int, java.lang.Object, java.lang.Object, int)'> (0x000000008bf842d0) thrown at [./src/hotspot/share/interpreter/linkResolver.cpp, line 773]
Event: 36.260 Thread 0x000001b7280ba800 Exception <a 'java/lang/NoSuchMethodError'{0x000000008bf87ab0}: 'java.lang.Object java.lang.invoke.DelegatingMethodHandle$Holder.reinvoke_L(java.lang.Object, int, int, int, java.lang.Object, java.lang.Object, int)'> (0x000000008bf87ab0) thrown at [./src/hotspot/share/interpreter/linkResolver.cpp, line 773]
Event: 36.272 Thread 0x000001b7280ba800 Exception <a 'java/lang/NoSuchMethodError'{0x000000008be213e8}: <clinit>> (0x000000008be213e8) thrown at [./src/hotspot/share/prims/jni.cpp, line 1365]
Event: 43.816 Thread 0x000001b7280b8800 Exception <a 'java/lang/NoSuchMethodError'{0x000000008baf7e20}: 'java.lang.Object java.lang.invoke.DirectMethodHandle$Holder.newInvokeSpecial(java.lang.Object, java.lang.Object, java.lang.Object, java.lang.Object)'> (0x000000008baf7e20) thrown at [./src/hotspot/share/interpreter/linkResolver.cpp, line 773]
Event: 43.847 Thread 0x000001b72a709000 Exception <a 'java/lang/NoSuchMethodError'{0x000000008b81dfa8}: <clinit>> (0x000000008b81dfa8) thrown at [./src/hotspot/share/prims/jni.cpp, line 1365]
Event: 44.951 Thread 0x000001b7280b9000 Exception <a 'java/lang/InterruptedException'{0x000000009041b180}> (0x000000009041b180) thrown at [./src/hotspot/share/runtime/objectMonitor.cpp, line 1635]

Events (20 events):
Event: 44.451 loading class sun/rmi/transport/DGCClient$EndpointEntry$CleanRequest
Event: 44.451 loading class sun/rmi/transport/DGCClient$EndpointEntry$CleanRequest done
Event: 44.451 Executing VM operation: RevokeBias
Event: 44.452 Executing VM operation: RevokeBias done
Event: 44.456 Executing VM operation: RevokeBias
Event: 44.456 Executing VM operation: RevokeBias done
Event: 44.456 Thread 0x000001b7280b9000 Thread exited: 0x000001b7280b9000
Event: 44.519 Loaded shared library C:\Program Files\Android\Android Studio\jre\bin\zip.dll
Event: 44.931 Thread 0x000001b7280bf000 Thread added: 0x000001b7280bf000
Event: 44.944 Thread 0x000001b7280b9000 Thread added: 0x000001b7280b9000
Event: 44.946 Executing VM operation: RevokeBias
Event: 44.946 Executing VM operation: RevokeBias done
Event: 44.966 Loaded shared library C:\Program Files\Android\Android Studio\jre\bin\java.dll
Event: 44.988 Thread 0x000001b7280c3800 Thread added: 0x000001b7280c3800
Event: 44.989 Executing VM operation: RevokeBias
Event: 44.989 Executing VM operation: RevokeBias done
Event: 44.989 Executing VM operation: RevokeBias
Event: 44.989 Executing VM operation: RevokeBias done
Event: 44.992 Executing VM operation: RevokeBias
Event: 44.992 Executing VM operation: RevokeBias done


Dynamic libraries:
0x00007ff673f40000 - 0x00007ff673f4a000 	C:\Program Files\Android\Android Studio\jre\bin\java.exe
0x00007ffe334f0000 - 0x00007ffe336e5000 	C:\Windows\SYSTEM32\ntdll.dll
0x00007ffe31f30000 - 0x00007ffe31fee000 	C:\Windows\System32\KERNEL32.DLL
0x00007ffe30e60000 - 0x00007ffe31129000 	C:\Windows\System32\KERNELBASE.dll
0x00007ffe30cd0000 - 0x00007ffe30dd0000 	C:\Windows\System32\ucrtbase.dll
0x00007ffe2afb0000 - 0x00007ffe2afc7000 	C:\Program Files\Android\Android Studio\jre\bin\VCRUNTIME140.dll
0x00007ffe2af90000 - 0x00007ffe2afa9000 	C:\Program Files\Android\Android Studio\jre\bin\jli.dll
0x00007ffe32b90000 - 0x00007ffe32d31000 	C:\Windows\System32\USER32.dll
0x00007ffe1db30000 - 0x00007ffe1ddca000 	C:\Windows\WinSxS\amd64_microsoft.windows.common-controls_6595b64144ccf1df_6.0.19041.1110_none_60b5254171f9507e\COMCTL32.dll
0x00007ffe30c10000 - 0x00007ffe30c32000 	C:\Windows\System32\win32u.dll
0x00007ffe31760000 - 0x00007ffe317fe000 	C:\Windows\System32\msvcrt.dll
0x00007ffe32210000 - 0x00007ffe3223b000 	C:\Windows\System32\GDI32.dll
0x00007ffe31430000 - 0x00007ffe3153b000 	C:\Windows\System32\gdi32full.dll
0x00007ffe31390000 - 0x00007ffe3142d000 	C:\Windows\System32\msvcp_win.dll
0x00007ffe32a10000 - 0x00007ffe32a40000 	C:\Windows\System32\IMM32.DLL
0x00007ffe1e320000 - 0x00007ffe1e3bd000 	C:\Program Files\Android\Android Studio\jre\bin\msvcp140.dll
0x00007ffe05650000 - 0x00007ffe06135000 	C:\Program Files\Android\Android Studio\jre\bin\server\jvm.dll
0x00007ffe31800000 - 0x00007ffe318ac000 	C:\Windows\System32\ADVAPI32.dll
0x00007ffe33410000 - 0x00007ffe334ab000 	C:\Windows\System32\sechost.dll
0x00007ffe32010000 - 0x00007ffe3213a000 	C:\Windows\System32\RPCRT4.dll
0x00007ffe33040000 - 0x00007ffe33048000 	C:\Windows\System32\PSAPI.DLL
0x00007ffe2b250000 - 0x00007ffe2b277000 	C:\Windows\SYSTEM32\WINMM.dll
0x00007ffe29ff0000 - 0x00007ffe29ffa000 	C:\Windows\SYSTEM32\VERSION.dll
0x00007ffe2e5c0000 - 0x00007ffe2e5c9000 	C:\Windows\SYSTEM32\WSOCK32.dll
0x00007ffe32b20000 - 0x00007ffe32b8b000 	C:\Windows\System32\WS2_32.dll
0x00007ffe2eb10000 - 0x00007ffe2eb22000 	C:\Windows\SYSTEM32\kernel.appcore.dll
0x00007ffe2b000000 - 0x00007ffe2b011000 	C:\Program Files\Android\Android Studio\jre\bin\verify.dll
0x00007ffe1b130000 - 0x00007ffe1b314000 	C:\Windows\SYSTEM32\DBGHELP.DLL
0x00007ffe23c50000 - 0x00007ffe23c7c000 	C:\Windows\SYSTEM32\dbgcore.DLL
0x00007ffe30dd0000 - 0x00007ffe30e53000 	C:\Windows\System32\bcryptPrimitives.dll
0x00007ffe26a90000 - 0x00007ffe26ab9000 	C:\Program Files\Android\Android Studio\jre\bin\java.dll
0x00007ffe2e5a0000 - 0x00007ffe2e5ab000 	C:\Program Files\Android\Android Studio\jre\bin\jimage.dll
0x00007ffe29f80000 - 0x00007ffe29f98000 	C:\Program Files\Android\Android Studio\jre\bin\zip.dll
0x00007ffe322d0000 - 0x00007ffe32a0f000 	C:\Windows\System32\SHELL32.dll
0x00007ffe2ed10000 - 0x00007ffe2f4a0000 	C:\Windows\SYSTEM32\windows.storage.dll
0x00007ffe33050000 - 0x00007ffe333a5000 	C:\Windows\System32\combase.dll
0x00007ffe30660000 - 0x00007ffe3068c000 	C:\Windows\SYSTEM32\Wldp.dll
0x00007ffe32f90000 - 0x00007ffe3303e000 	C:\Windows\System32\SHCORE.dll
0x00007ffe32150000 - 0x00007ffe321a5000 	C:\Windows\System32\shlwapi.dll
0x00007ffe30b50000 - 0x00007ffe30b6f000 	C:\Windows\SYSTEM32\profapi.dll
0x00007ffe295c0000 - 0x00007ffe295da000 	C:\Program Files\Android\Android Studio\jre\bin\net.dll
0x00007ffe20690000 - 0x00007ffe20798000 	C:\Windows\SYSTEM32\WINHTTP.dll
0x00007ffe303c0000 - 0x00007ffe3042a000 	C:\Windows\system32\mswsock.dll
0x00007ffe26b90000 - 0x00007ffe26ba4000 	C:\Program Files\Android\Android Studio\jre\bin\nio.dll
0x00007ffe1f5e0000 - 0x00007ffe1f607000 	C:\Users\Ekaterina\.gradle\native\e1d6ef7f7dcc3fd88c89a11ec53ec762bb8ba0a96d01ffa2cd45eb1d1d8dd5c5\windows-amd64\native-platform.dll
0x00007ffe13590000 - 0x00007ffe136d4000 	C:\Users\Ekaterina\.gradle\native\5664cfc778a61ccfe75a443a1ab52a65af34e5dc3c78e0209fed803814484fcb\windows-amd64\native-platform-file-events.dll
0x00007ffe2be60000 - 0x00007ffe2be6a000 	C:\Program Files\Android\Android Studio\jre\bin\management.dll
0x00007ffe2b1a0000 - 0x00007ffe2b1ad000 	C:\Program Files\Android\Android Studio\jre\bin\management_ext.dll
0x00007ffe305b0000 - 0x00007ffe305c8000 	C:\Windows\SYSTEM32\CRYPTSP.dll
0x00007ffe2fcd0000 - 0x00007ffe2fd04000 	C:\Windows\system32\rsaenh.dll
0x00007ffe30c40000 - 0x00007ffe30c67000 	C:\Windows\System32\bcrypt.dll
0x00007ffe30b10000 - 0x00007ffe30b3e000 	C:\Windows\SYSTEM32\USERENV.dll
0x00007ffe305d0000 - 0x00007ffe305dc000 	C:\Windows\SYSTEM32\CRYPTBASE.dll
0x00007ffe30060000 - 0x00007ffe3009b000 	C:\Windows\SYSTEM32\IPHLPAPI.DLL
0x00007ffe32140000 - 0x00007ffe32148000 	C:\Windows\System32\NSI.dll
0x00007ffe27840000 - 0x00007ffe27857000 	C:\Windows\SYSTEM32\dhcpcsvc6.DLL
0x00007ffe27820000 - 0x00007ffe2783d000 	C:\Windows\SYSTEM32\dhcpcsvc.DLL
0x00007ffe300b0000 - 0x00007ffe3017c000 	C:\Windows\SYSTEM32\DNSAPI.dll
0x00007ffe23e30000 - 0x00007ffe23e57000 	C:\Program Files\Android\Android Studio\jre\bin\sunec.dll
0x00007ffe29280000 - 0x00007ffe2928a000 	C:\Windows\System32\rasadhlp.dll
0x00007ffe1ff40000 - 0x00007ffe1ffbf000 	C:\Windows\System32\fwpuclnt.dll
0x00007ffe1ce40000 - 0x00007ffe1ce5e000 	C:\Temp\native-platform17905142252558463154dir\native-platform.dll
0x00007ffe24a70000 - 0x00007ffe24a78000 	C:\Program Files\Android\Android Studio\jre\bin\rmi.dll

dbghelp: loaded successfully - version: 4.0.5 - missing functions: none
symbol engine: initialized successfully - sym options: 0x614 - pdb path: .;C:\Program Files\Android\Android Studio\jre\bin;C:\Windows\SYSTEM32;C:\Windows\WinSxS\amd64_microsoft.windows.common-controls_6595b64144ccf1df_6.0.19041.1110_none_60b5254171f9507e;C:\Program Files\Android\Android Studio\jre\bin\server;C:\Users\Ekaterina\.gradle\native\e1d6ef7f7dcc3fd88c89a11ec53ec762bb8ba0a96d01ffa2cd45eb1d1d8dd5c5\windows-amd64;C:\Users\Ekaterina\.gradle\native\5664cfc778a61ccfe75a443a1ab52a65af34e5dc3c78e0209fed803814484fcb\windows-amd64;C:\Temp\native-platform17905142252558463154dir

VM Arguments:
jvm_args: --add-opens=java.base/java.util=ALL-UNNAMED --add-opens=java.base/java.lang=ALL-UNNAMED --add-opens=java.base/java.lang.invoke=ALL-UNNAMED --add-opens=java.base/java.util=ALL-UNNAMED --add-opens=java.prefs/java.util.prefs=ALL-UNNAMED --add-opens=java.prefs/java.util.prefs=ALL-UNNAMED --add-opens=java.base/java.nio.charset=ALL-UNNAMED --add-opens=java.base/java.net=ALL-UNNAMED --add-opens=java.base/java.util.concurrent.atomic=ALL-UNNAMED -Xmx2048m -Dfile.encoding=UTF-8 -Duser.country=RU -Duser.language=ru -Duser.variant 
java_command: org.gradle.launcher.daemon.bootstrap.GradleDaemon 7.3.3
java_class_path (initial): C:\Users\Ekaterina\.gradle\wrapper\dists\gradle-7.3.3-bin\6a41zxkdtcxs8rphpq6y0069z\gradle-7.3.3\lib\gradle-launcher-7.3.3.jar
Launcher Type: SUN_STANDARD

[Global flags]
     intx CICompilerCount                          = 3                                         {product} {ergonomic}
     uint ConcGCThreads                            = 1                                         {product} {ergonomic}
     uint G1ConcRefinementThreads                  = 4                                         {product} {ergonomic}
   size_t G1HeapRegionSize                         = 1048576                                   {product} {ergonomic}
    uintx GCDrainStackTargetSize                   = 64                                        {product} {ergonomic}
   size_t InitialHeapSize                          = 201326592                                 {product} {ergonomic}
   size_t MarkStackSize                            = 4194304                                   {product} {ergonomic}
   size_t MaxHeapSize                              = 2147483648                                {product} {command line}
   size_t MaxNewSize                               = 1287651328                                {product} {ergonomic}
   size_t MinHeapDeltaBytes                        = 1048576                                   {product} {ergonomic}
    uintx NonNMethodCodeHeapSize                   = 5830732                                {pd product} {ergonomic}
    uintx NonProfiledCodeHeapSize                  = 122913754                              {pd product} {ergonomic}
    uintx ProfiledCodeHeapSize                     = 122913754                              {pd product} {ergonomic}
    uintx ReservedCodeCacheSize                    = 251658240                              {pd product} {ergonomic}
     bool SegmentedCodeCache                       = true                                      {product} {ergonomic}
     bool UseCompressedClassPointers               = true                                 {lp64_product} {ergonomic}
     bool UseCompressedOops                        = true                                 {lp64_product} {ergonomic}
     bool UseG1GC                                  = true                                      {product} {ergonomic}
     bool UseLargePagesIndividualAllocation        = false                                  {pd product} {ergonomic}

Logging:
Log output configuration:
 #0: stdout all=warning uptime,level,tags
 #1: stderr all=off uptime,level,tags

Environment Variables:
PATH=C:\Windows\system32;C:\Windows;C:\Windows\System32\Wbem;C:\Windows\System32\WindowsPowerShell\v1.0\;C:\Program Files\Git\cmd;C:\Users\Ekaterina\AppData\Local\Microsoft\WindowsApps;;C:\Users\Ekaterina\AppData\Local\Programs\Microsoft VS Code\bin
USERNAME=Ekaterina
OS=Windows_NT
PROCESSOR_IDENTIFIER=Intel64 Family 6 Model 142 Stepping 9, GenuineIntel



---------------  S Y S T E M  ---------------

OS: Windows 10 , 64 bit Build 19041 (10.0.19041.1200)
OS uptime: 22 days 2:46 hours

CPU:total 4 (initial active 4) (2 cores per cpu, 2 threads per core) family 6 model 142 stepping 9 microcode 0xb4, cmov, cx8, fxsr, mmx, sse, sse2, sse3, ssse3, sse4.1, sse4.2, popcnt, avx, avx2, aes, clmul, erms, 3dnowpref, lzcnt, ht, tsc, tscinvbit, bmi1, bmi2, adx, fma

Memory: 4k page, system-wide physical 12197M (524M free)
TotalPageFile size 12197M (AvailPageFile size 8M)
current process WorkingSet (physical memory assigned to process): 581M, peak: 585M
current process commit charge ("private bytes"): 613M, peak: 618M

vm_info: OpenJDK 64-Bit Server VM (11.0.12+7-b1504.28-7817840) for windows-amd64 JRE (11.0.12+7-b1504.28-7817840), built on Oct 13 2021 22:12:33 by "builder" with MS VC++ 14.0 (VS2015)

END.
